99999999999999999999999
upTweet
ID 695728634275827714
In construction account id: 139 ,user id: 870240385
In construction connection id: 189
In updateTweet:
ffffffffffffffffffffff:
UserID: 105336
IN IF updateHistoricalFollowers
*********************************
99999999999999999999999
upTweet
ID 695353892272369665
In construction account id: 139 ,user id: 870240385
In construction connection id: 189
In updateTweet:
ffffffffffffffffffffff:
UserID: 105336
IN IF updateHistoricalFollowers
*********************************
99999999999999999999999
upTweet
ID 695065745332416513
In construction account id: 139 ,user id: 870240385
In construction connection id: 189
In updateTweet:
ffffffffffffffffffffff:
UserID: 105336
IN IF updateHistoricalFollowers
*********************************
99999999999999999999999
upTweet
ID 694959290189086720
In construction account id: 139 ,user id: 870240385
In construction connection id: 189
In updateTweet:
ffffffffffffffffffffff:
UserID: 105336
IN IF updateHistoricalFollowers
*********************************
99999999999999999999999
upTweet
ID 694684479919562753
In construction account id: 139 ,user id: 870240385
In construction connection id: 189
In updateTweet:
ffffffffffffffffffffff:
UserID: 105336
IN IF updateHistoricalFollowers
*********************************
99999999999999999999999
upTweet
ID 694612505440616448
In construction account id: 139 ,user id: 870240385
In construction connection id: 189
In updateTweet:
ffffffffffffffffffffff:
UserID: 105336
IN IF updateHistoricalFollowers
*********************************
99999999999999999999999
upTweet
ID 694325364961603584
In construction account id: 139 ,user id: 870240385
In construction connection id: 189
In updateTweet:
ffffffffffffffffffffff:
UserID: 105336
IN IF updateHistoricalFollowers
*********************************
99999999999999999999999
upTweet
ID 694238289318903808
In construction account id: 139 ,user id: 870240385
In construction connection id: 189
In updateTweet:
ffffffffffffffffffffff:
UserID: 105336
IN IF updateHistoricalFollowers
*********************************
99999999999999999999999
upTweet
ID 693988898486116352
In construction account id: 139 ,user id: 870240385
In construction connection id: 189
In updateTweet:
ffffffffffffffffffffff:
UserID: 105336
IN IF updateHistoricalFollowers
*********************************
99999999999999999999999
upTweet
ID 693448612034924544
In construction account id: 139 ,user id: 870240385
In construction connection id: 189
In updateTweet:
ffffffffffffffffffffff:
UserID: 105336
IN IF updateHistoricalFollowers
*********************************
99999999999999999999999
upTweet
ID 693212026814857216
In construction account id: 139 ,user id: 870240385
In construction connection id: 189
In updateTweet:
ffffffffffffffffffffff:
UserID: 105336
IN IF updateHistoricalFollowers
*********************************
99999999999999999999999
upTweet
ID 693127472775233536
In construction account id: 139 ,user id: 870240385
In construction connection id: 189
In updateTweet:
ffffffffffffffffffffff:
UserID: 105336
IN IF updateHistoricalFollowers
*********************************
99999999999999999999999
upTweet
ID 692885627382071296
In construction account id: 139 ,user id: 870240385
In construction connection id: 189
In updateTweet:
ffffffffffffffffffffff:
UserID: 105336
IN IF updateHistoricalFollowers
*********************************
99999999999999999999999
upTweet
ID 692791505929445376
In construction account id: 139 ,user id: 870240385
In construction connection id: 189
In updateTweet:
ffffffffffffffffffffff:
UserID: 105336
IN IF updateHistoricalFollowers
*********************************
99999999999999999999999
upTweet
ID 692522987992514560
In construction account id: 139 ,user id: 870240385
In construction connection id: 189
In updateTweet:
ffffffffffffffffffffff:
UserID: 105336
IN IF updateHistoricalFollowers
*********************************
99999999999999999999999
upTweet
ID 692418550271602688
In construction account id: 139 ,user id: 870240385
In construction connection id: 189
In updateTweet:
ffffffffffffffffffffff:
UserID: 105336
IN IF updateHistoricalFollowers
*********************************
99999999999999999999999
upTweet
ID 692128135635144704
In construction account id: 139 ,user id: 870240385
In construction connection id: 189
In updateTweet:
ffffffffffffffffffffff:
UserID: 105336
IN IF updateHistoricalFollowers
*********************************
99999999999999999999999
upTweet
ID 692096929321189376
In construction account id: 139 ,user id: 870240385
In construction connection id: 189
In updateTweet:
ffffffffffffffffffffff:
UserID: 105336
IN IF updateHistoricalFollowers
*********************************
99999999999999999999999
upTweet
ID 691721960707854336
In construction account id: 139 ,user id: 870240385
In construction connection id: 189
In updateTweet:
ffffffffffffffffffffff:
UserID: 105336
IN IF updateHistoricalFollowers
*********************************
99999999999999999999999
upTweet
ID 691709879946338304
In construction account id: 139 ,user id: 870240385
In construction connection id: 189
In updateTweet:
ffffffffffffffffffffff:
UserID: 105336
IN IF updateHistoricalFollowers
*********************************
99999999999999999999999
upTweet
ID 691370396176633856
In construction account id: 139 ,user id: 870240385
In construction connection id: 189
In updateTweet:
ffffffffffffffffffffff:
UserID: 105336
IN IF updateHistoricalFollowers
*********************************
99999999999999999999999
upTweet
ID 690942099324215300
In construction account id: 139 ,user id: 870240385
In construction connection id: 189
In updateTweet:
ffffffffffffffffffffff:
UserID: 105336
IN IF updateHistoricalFollowers
*********************************
99999999999999999999999
upTweet
ID 690662732740198400
In construction account id: 139 ,user id: 870240385
In construction connection id: 189
In updateTweet:
ffffffffffffffffffffff:
UserID: 105336
IN IF updateHistoricalFollowers
*********************************
99999999999999999999999
upTweet
ID 690612652360359936
In construction account id: 139 ,user id: 870240385
In construction connection id: 189
In updateTweet:
ffffffffffffffffffffff:
UserID: 105336
IN IF updateHistoricalFollowers
*********************************
99999999999999999999999
upTweet
ID 690336077085736960
In construction account id: 139 ,user id: 870240385
In construction connection id: 189
In updateTweet:
ffffffffffffffffffffff:
UserID: 105336
IN IF updateHistoricalFollowers
*********************************
99999999999999999999999
upTweet
ID 690277720870158336
In construction account id: 139 ,user id: 870240385
In construction connection id: 189
In updateTweet:
ffffffffffffffffffffff:
UserID: 105336
IN IF updateHistoricalFollowers
*********************************
99999999999999999999999
upTweet
ID 689968907600433154
In construction account id: 139 ,user id: 870240385
In construction connection id: 189
In updateTweet:
ffffffffffffffffffffff:
UserID: 105336
IN IF updateHistoricalFollowers
*********************************
99999999999999999999999
upTweet
ID 689900243341553664
In construction account id: 139 ,user id: 870240385
In construction connection id: 189
In updateTweet:
ffffffffffffffffffffff:
UserID: 105336
IN IF updateHistoricalFollowers
*********************************
99999999999999999999999
upTweet
ID 689624893160194050
In construction account id: 139 ,user id: 870240385
In construction connection id: 189
In updateTweet:
ffffffffffffffffffffff:
UserID: 105336
IN IF updateHistoricalFollowers
*********************************
99999999999999999999999
upTweet
ID 689523473513771008
In construction account id: 139 ,user id: 870240385
In construction connection id: 189
In updateTweet:
ffffffffffffffffffffff:
UserID: 105336
IN IF updateHistoricalFollowers
*********************************
99999999999999999999999
upTweet
ID 689250935692869632
In construction account id: 139 ,user id: 870240385
In construction connection id: 189
In updateTweet:
ffffffffffffffffffffff:
UserID: 105336
IN IF updateHistoricalFollowers
*********************************
99999999999999999999999
upTweet
ID 689221483353116672
In construction account id: 139 ,user id: 870240385
In construction connection id: 189
In updateTweet:
ffffffffffffffffffffff:
UserID: 105336
IN IF updateHistoricalFollowers
*********************************
99999999999999999999999
upTweet
ID 689161840400531457
In construction account id: 139 ,user id: 870240385
In construction connection id: 189
In updateTweet:
ffffffffffffffffffffff:
UserID: 105336
IN IF updateHistoricalFollowers
*********************************
99999999999999999999999
upTweet
ID 688722707479789569
In construction account id: 139 ,user id: 870240385
In construction connection id: 189
In updateTweet:
ffffffffffffffffffffff:
UserID: 105336
IN IF updateHistoricalFollowers
*********************************
99999999999999999999999
upTweet
ID 688375445666959360
In construction account id: 139 ,user id: 870240385
In construction connection id: 189
In updateTweet:
ffffffffffffffffffffff:
UserID: 105336
IN IF updateHistoricalFollowers
*********************************
99999999999999999999999
upTweet
ID 688165525021577216
In construction account id: 139 ,user id: 870240385
In construction connection id: 189
In updateTweet:
ffffffffffffffffffffff:
UserID: 105336
IN IF updateHistoricalFollowers
*********************************
99999999999999999999999
upTweet
ID 688103451897679872
In construction account id: 139 ,user id: 870240385
In construction connection id: 189
In updateTweet:
ffffffffffffffffffffff:
UserID: 105336
IN IF updateHistoricalFollowers
*********************************
99999999999999999999999
upTweet
ID 687781997268185088
In construction account id: 139 ,user id: 870240385
In construction connection id: 189
In updateTweet:
ffffffffffffffffffffff:
UserID: 105336
IN IF updateHistoricalFollowers
*********************************
99999999999999999999999
upTweet
ID 687743747644239872
In construction account id: 139 ,user id: 870240385
In construction connection id: 189
In updateTweet:
ffffffffffffffffffffff:
UserID: 105336
IN IF updateHistoricalFollowers
*********************************
99999999999999999999999
upTweet
ID 687437729492107264
In construction account id: 139 ,user id: 870240385
In construction connection id: 189
In updateTweet:
ffffffffffffffffffffff:
UserID: 105336
IN IF updateHistoricalFollowers
*********************************
99999999999999999999999
upTweet
ID 687381359883452417
In construction account id: 139 ,user id: 870240385
In construction connection id: 189
In updateTweet:
ffffffffffffffffffffff:
UserID: 105336
IN IF updateHistoricalFollowers
*********************************
99999999999999999999999
upTweet
ID 687083897692160001
In construction account id: 139 ,user id: 870240385
In construction connection id: 189
In updateTweet:
ffffffffffffffffffffff:
UserID: 105336
IN IF updateHistoricalFollowers
*********************************
99999999999999999999999
upTweet
ID 687018971426521088
In construction account id: 139 ,user id: 870240385
In construction connection id: 189
In updateTweet:
ffffffffffffffffffffff:
UserID: 105336
IN IF updateHistoricalFollowers
*********************************
99999999999999999999999
upTweet
ID 686729326088200197
In construction account id: 139 ,user id: 870240385
In construction connection id: 189
In updateTweet:
ffffffffffffffffffffff:
UserID: 105336
IN IF updateHistoricalFollowers
*********************************
99999999999999999999999
upTweet
ID 686630913816395776
In construction account id: 139 ,user id: 870240385
In construction connection id: 189
In updateTweet:
ffffffffffffffffffffff:
UserID: 105336
IN IF updateHistoricalFollowers
*********************************
99999999999999999999999
upTweet
ID 686207378308464640
In construction account id: 139 ,user id: 870240385
In construction connection id: 189
In updateTweet:
ffffffffffffffffffffff:
UserID: 105336
IN IF updateHistoricalFollowers
*********************************
99999999999999999999999
upTweet
ID 685874933151354881
In construction account id: 139 ,user id: 870240385
In construction connection id: 189
In updateTweet:
ffffffffffffffffffffff:
UserID: 105336
IN IF updateHistoricalFollowers
*********************************
99999999999999999999999
upTweet
ID 685542494558273536
In construction account id: 139 ,user id: 870240385
In construction connection id: 189
In updateTweet:
ffffffffffffffffffffff:
UserID: 105336
IN IF updateHistoricalFollowers
*********************************
99999999999999999999999
upTweet
ID 685260640844304385
In construction account id: 139 ,user id: 870240385
In construction connection id: 189
In updateTweet:
ffffffffffffffffffffff:
UserID: 105336
IN IF updateHistoricalFollowers
*********************************
99999999999999999999999
upTweet
ID 684905040587264000
In construction account id: 139 ,user id: 870240385
In construction connection id: 189
In updateTweet:
ffffffffffffffffffffff:
UserID: 105336
IN IF updateHistoricalFollowers
*********************************
99999999999999999999999
upTweet
ID 684805132865830912
In construction account id: 139 ,user id: 870240385
In construction connection id: 189
In updateTweet:
ffffffffffffffffffffff:
UserID: 105336
IN IF updateHistoricalFollowers
*********************************
99999999999999999999999
upTweet
ID 684513712019910656
In construction account id: 139 ,user id: 870240385
In construction connection id: 189
In updateTweet:
ffffffffffffffffffffff:
UserID: 105336
IN IF updateHistoricalFollowers
*********************************
99999999999999999999999
upTweet
ID 684484775889915905
In construction account id: 139 ,user id: 870240385
In construction connection id: 189
In updateTweet:
ffffffffffffffffffffff:
UserID: 105336
IN IF updateHistoricalFollowers
*********************************
99999999999999999999999
upTweet
ID 684162436266512384
In construction account id: 139 ,user id: 870240385
In construction connection id: 189
In updateTweet:
ffffffffffffffffffffff:
UserID: 105336
IN IF updateHistoricalFollowers
*********************************
99999999999999999999999
upTweet
ID 684079359351623680
In construction account id: 139 ,user id: 870240385
In construction connection id: 189
In updateTweet:
ffffffffffffffffffffff:
UserID: 105336
IN IF updateHistoricalFollowers
*********************************
99999999999999999999999
upTweet
ID 683838011860123649
In construction account id: 139 ,user id: 870240385
In construction connection id: 189
In updateTweet:
ffffffffffffffffffffff:
UserID: 105336
IN IF updateHistoricalFollowers
*********************************
99999999999999999999999
upTweet
ID 683324381955661824
In construction account id: 139 ,user id: 870240385
In construction connection id: 189
In updateTweet:
ffffffffffffffffffffff:
UserID: 105336
IN IF updateHistoricalFollowers
*********************************
99999999999999999999999
upTweet
ID 682946386942230529
In construction account id: 139 ,user id: 870240385
In construction connection id: 189
In updateTweet:
ffffffffffffffffffffff:
UserID: 105336
IN IF updateHistoricalFollowers
*********************************
99999999999999999999999
upTweet
ID 682659249302847488
In construction account id: 139 ,user id: 870240385
In construction connection id: 189
In updateTweet:
ffffffffffffffffffffff:
UserID: 105336
IN IF updateHistoricalFollowers
*********************************
99999999999999999999999
upTweet
ID 682326553838010368
In construction account id: 139 ,user id: 870240385
In construction connection id: 189
In updateTweet:
ffffffffffffffffffffff:
UserID: 105336
IN IF updateHistoricalFollowers
*********************************
99999999999999999999999
upTweet
ID 682246272191840256
In construction account id: 139 ,user id: 870240385
In construction connection id: 189
In updateTweet:
ffffffffffffffffffffff:
UserID: 105336
IN IF updateHistoricalFollowers
*********************************
99999999999999999999999
upTweet
ID 681887914238672896
In construction account id: 139 ,user id: 870240385
In construction connection id: 189
In updateTweet:
ffffffffffffffffffffff:
UserID: 105336
IN IF updateHistoricalFollowers
*********************************
99999999999999999999999
upTweet
ID 681601523294453761
In construction account id: 139 ,user id: 870240385
In construction connection id: 189
In updateTweet:
ffffffffffffffffffffff:
UserID: 105336
IN IF updateHistoricalFollowers
*********************************
99999999999999999999999
upTweet
ID 681530311021203456
In construction account id: 139 ,user id: 870240385
In construction connection id: 189
In updateTweet:
ffffffffffffffffffffff:
UserID: 105336
IN IF updateHistoricalFollowers
*********************************
99999999999999999999999
upTweet
ID 681303062237974528
In construction account id: 139 ,user id: 870240385
In construction connection id: 189
In updateTweet:
ffffffffffffffffffffff:
UserID: 105336
IN IF updateHistoricalFollowers
*********************************
99999999999999999999999
upTweet
ID 680795264454557696
In construction account id: 139 ,user id: 870240385
In construction connection id: 189
In updateTweet:
ffffffffffffffffffffff:
UserID: 105336
IN IF updateHistoricalFollowers
*********************************
99999999999999999999999
upTweet
ID 680417852449402880
In construction account id: 139 ,user id: 870240385
In construction connection id: 189
In updateTweet:
ffffffffffffffffffffff:
UserID: 105336
IN IF updateHistoricalFollowers
*********************************
99999999999999999999999
upTweet
ID 680191276868743168
In construction account id: 139 ,user id: 870240385
In construction connection id: 189
In updateTweet:
ffffffffffffffffffffff:
UserID: 105336
IN IF updateHistoricalFollowers
*********************************
99999999999999999999999
upTweet
ID 679746557026025472
In construction account id: 139 ,user id: 870240385
In construction connection id: 189
In updateTweet:
ffffffffffffffffffffff:
UserID: 105336
IN IF updateHistoricalFollowers
*********************************
99999999999999999999999
upTweet
ID 679429211585536000
In construction account id: 139 ,user id: 870240385
In construction connection id: 189
In updateTweet:
ffffffffffffffffffffff:
UserID: 105336
IN IF updateHistoricalFollowers
*********************************
99999999999999999999999
upTweet
ID 679366295385563136
In construction account id: 139 ,user id: 870240385
In construction connection id: 189
In updateTweet:
ffffffffffffffffffffff:
UserID: 105336
IN IF updateHistoricalFollowers
*********************************
99999999999999999999999
upTweet
ID 679100040040701954
In construction account id: 139 ,user id: 870240385
In construction connection id: 189
In updateTweet:
ffffffffffffffffffffff:
UserID: 105336
IN IF updateHistoricalFollowers
*********************************
99999999999999999999999
upTweet
ID 679007430500466688
In construction account id: 139 ,user id: 870240385
In construction connection id: 189
In updateTweet:
ffffffffffffffffffffff:
UserID: 105336
IN IF updateHistoricalFollowers
*********************************
99999999999999999999999
upTweet
ID 678771884230488067
In construction account id: 139 ,user id: 870240385
In construction connection id: 189
In updateTweet:
ffffffffffffffffffffff:
UserID: 105336
IN IF updateHistoricalFollowers
*********************************
99999999999999999999999
upTweet
ID 678228302734090240
In construction account id: 139 ,user id: 870240385
In construction connection id: 189
In updateTweet:
ffffffffffffffffffffff:
UserID: 105336
IN IF updateHistoricalFollowers
*********************************
99999999999999999999999
upTweet
ID 677911263255465984
In construction account id: 139 ,user id: 870240385
In construction connection id: 189
In updateTweet:
ffffffffffffffffffffff:
UserID: 105336
IN IF updateHistoricalFollowers
*********************************
99999999999999999999999
upTweet
ID 677594145553158144
In construction account id: 139 ,user id: 870240385
In construction connection id: 189
In updateTweet:
ffffffffffffffffffffff:
UserID: 105336
IN IF updateHistoricalFollowers
*********************************
99999999999999999999999
upTweet
ID 677556385303756800
In construction account id: 139 ,user id: 870240385
In construction connection id: 189
In updateTweet:
ffffffffffffffffffffff:
UserID: 105336
IN IF updateHistoricalFollowers
*********************************
99999999999999999999999
upTweet
ID 677265452398043137
In construction account id: 139 ,user id: 870240385
