99999999999999999999999
upTweet
ID 709184776524050432
In construction account id: 141 ,user id: 1546082346
In construction connection id: 191
In updateTweet:
ffffffffffffffffffffff:
UserID: 80943
IN IF updateHistoricalFollowers
*********************************
99999999999999999999999
upTweet
ID 709118839431106560
In construction account id: 141 ,user id: 1546082346
In construction connection id: 191
In updateTweet:
ffffffffffffffffffffff:
UserID: 80943
IN IF updateHistoricalFollowers
*********************************
99999999999999999999999
upTweet
ID 708782627415691268
In construction account id: 141 ,user id: 1546082346
In construction connection id: 191
In updateTweet:
ffffffffffffffffffffff:
UserID: 80943
IN IF updateHistoricalFollowers
*********************************
99999999999999999999999
upTweet
ID 708694544506707968
In construction account id: 141 ,user id: 1546082346
In construction connection id: 191
In updateTweet:
ffffffffffffffffffffff:
UserID: 80943
IN IF updateHistoricalFollowers
*********************************
99999999999999999999999
upTweet
ID 708403626713022464
In construction account id: 141 ,user id: 1546082346
In construction connection id: 191
In updateTweet:
ffffffffffffffffffffff:
UserID: 80943
IN IF updateHistoricalFollowers
*********************************
99999999999999999999999
upTweet
ID 708355442674630656
In construction account id: 141 ,user id: 1546082346
In construction connection id: 191
In updateTweet:
ffffffffffffffffffffff:
UserID: 80943
IN IF updateHistoricalFollowers
*********************************
99999999999999999999999
upTweet
ID 708355385925566464
In construction account id: 141 ,user id: 1546082346
In construction connection id: 191
In updateTweet:
ffffffffffffffffffffff:
UserID: 80943
IN IF updateHistoricalFollowers
*********************************
99999999999999999999999
upTweet
ID 708327882154573824
In construction account id: 141 ,user id: 1546082346
In construction connection id: 191
In updateTweet:
ffffffffffffffffffffff:
UserID: 80943
IN IF updateHistoricalFollowers
*********************************
99999999999999999999999
upTweet
ID 708112415129411584
In construction account id: 141 ,user id: 1546082346
In construction connection id: 191
In updateTweet:
ffffffffffffffffffffff:
UserID: 80943
IN IF updateHistoricalFollowers
*********************************
99999999999999999999999
upTweet
ID 708104404897964032
In construction account id: 141 ,user id: 1546082346
In construction connection id: 191
In updateTweet:
ffffffffffffffffffffff:
UserID: 80943
IN IF updateHistoricalFollowers
*********************************
99999999999999999999999
upTweet
ID 708024239266213888
In construction account id: 141 ,user id: 1546082346
In construction connection id: 191
In updateTweet:
ffffffffffffffffffffff:
UserID: 80943
IN IF updateHistoricalFollowers
*********************************
99999999999999999999999
upTweet
ID 708024104012517376
In construction account id: 141 ,user id: 1546082346
In construction connection id: 191
In updateTweet:
ffffffffffffffffffffff:
UserID: 80943
IN IF updateHistoricalFollowers
*********************************
99999999999999999999999
upTweet
ID 707997203789324289
In construction account id: 141 ,user id: 1546082346
In construction connection id: 191
In updateTweet:
ffffffffffffffffffffff:
UserID: 80943
IN IF updateHistoricalFollowers
*********************************
99999999999999999999999
upTweet
ID 707742775723229185
In construction account id: 141 ,user id: 1546082346
In construction connection id: 191
In updateTweet:
ffffffffffffffffffffff:
UserID: 80943
IN IF updateHistoricalFollowers
*********************************
99999999999999999999999
upTweet
ID 707726688868696065
In construction account id: 141 ,user id: 1546082346
In construction connection id: 191
In updateTweet:
ffffffffffffffffffffff:
UserID: 80943
IN IF updateHistoricalFollowers
*********************************
99999999999999999999999
upTweet
ID 707723001450487808
In construction account id: 141 ,user id: 1546082346
In construction connection id: 191
In updateTweet:
ffffffffffffffffffffff:
UserID: 80943
IN IF updateHistoricalFollowers
*********************************
99999999999999999999999
upTweet
ID 707704652536504320
In construction account id: 141 ,user id: 1546082346
In construction connection id: 191
In updateTweet:
ffffffffffffffffffffff:
UserID: 80943
IN IF updateHistoricalFollowers
*********************************
99999999999999999999999
upTweet
ID 707704257848410113
In construction account id: 141 ,user id: 1546082346
In construction connection id: 191
In updateTweet:
ffffffffffffffffffffff:
UserID: 80943
IN IF updateHistoricalFollowers
*********************************
99999999999999999999999
upTweet
ID 707704138935705600
In construction account id: 141 ,user id: 1546082346
In construction connection id: 191
In updateTweet:
ffffffffffffffffffffff:
UserID: 80943
IN IF updateHistoricalFollowers
*********************************
99999999999999999999999
upTweet
ID 707659476828958722
In construction account id: 141 ,user id: 1546082346
In construction connection id: 191
In updateTweet:
ffffffffffffffffffffff:
UserID: 80943
IN IF updateHistoricalFollowers
*********************************
99999999999999999999999
upTweet
ID 707360503413145601
In construction account id: 141 ,user id: 1546082346
In construction connection id: 191
In updateTweet:
ffffffffffffffffffffff:
UserID: 80943
IN IF updateHistoricalFollowers
*********************************
99999999999999999999999
upTweet
ID 707251033228111874
In construction account id: 141 ,user id: 1546082346
In construction connection id: 191
In updateTweet:
ffffffffffffffffffffff:
UserID: 80943
IN IF updateHistoricalFollowers
*********************************
99999999999999999999999
upTweet
ID 706950522595463168
In construction account id: 141 ,user id: 1546082346
In construction connection id: 191
In updateTweet:
ffffffffffffffffffffff:
UserID: 80943
IN IF updateHistoricalFollowers
*********************************
99999999999999999999999
upTweet
ID 706950331398115328
In construction account id: 141 ,user id: 1546082346
In construction connection id: 191
In updateTweet:
ffffffffffffffffffffff:
UserID: 80943
IN IF updateHistoricalFollowers
*********************************
99999999999999999999999
upTweet
ID 706942501899251712
In construction account id: 141 ,user id: 1546082346
In construction connection id: 191
In updateTweet:
ffffffffffffffffffffff:
UserID: 80943
IN IF updateHistoricalFollowers
*********************************
99999999999999999999999
upTweet
ID 706905917116133378
In construction account id: 141 ,user id: 1546082346
In construction connection id: 191
In updateTweet:
ffffffffffffffffffffff:
UserID: 80943
IN IF updateHistoricalFollowers
*********************************
99999999999999999999999
upTweet
ID 706888441200390144
In construction account id: 141 ,user id: 1546082346
In construction connection id: 191
In updateTweet:
ffffffffffffffffffffff:
UserID: 80943
IN IF updateHistoricalFollowers
*********************************
99999999999999999999999
upTweet
ID 706625413993275392
In construction account id: 141 ,user id: 1546082346
In construction connection id: 191
In updateTweet:
ffffffffffffffffffffff:
UserID: 80943
IN IF updateHistoricalFollowers
*********************************
99999999999999999999999
upTweet
ID 706560737775214593
In construction account id: 141 ,user id: 1546082346
In construction connection id: 191
In updateTweet:
ffffffffffffffffffffff:
UserID: 80943
IN IF updateHistoricalFollowers
*********************************
99999999999999999999999
upTweet
ID 706249183687086082
In construction account id: 141 ,user id: 1546082346
In construction connection id: 191
In updateTweet:
ffffffffffffffffffffff:
UserID: 80943
IN IF updateHistoricalFollowers
*********************************
99999999999999999999999
upTweet
ID 706177493720395777
In construction account id: 141 ,user id: 1546082346
In construction connection id: 191
In updateTweet:
ffffffffffffffffffffff:
UserID: 80943
IN IF updateHistoricalFollowers
*********************************
99999999999999999999999
upTweet
ID 705905672370520064
In construction account id: 141 ,user id: 1546082346
In construction connection id: 191
In updateTweet:
ffffffffffffffffffffff:
UserID: 80943
IN IF updateHistoricalFollowers
*********************************
99999999999999999999999
upTweet
ID 705847788848812032
In construction account id: 141 ,user id: 1546082346
In construction connection id: 191
In updateTweet:
ffffffffffffffffffffff:
UserID: 80943
IN IF updateHistoricalFollowers
*********************************
99999999999999999999999
upTweet
ID 705836819011629056
In construction account id: 141 ,user id: 1546082346
In construction connection id: 191
In updateTweet:
ffffffffffffffffffffff:
UserID: 80943
IN IF updateHistoricalFollowers
*********************************
99999999999999999999999
upTweet
ID 705818401269112832
In construction account id: 141 ,user id: 1546082346
In construction connection id: 191
In updateTweet:
ffffffffffffffffffffff:
UserID: 80943
IN IF updateHistoricalFollowers
*********************************
99999999999999999999999
upTweet
ID 705818218267439104
In construction account id: 141 ,user id: 1546082346
In construction connection id: 191
In updateTweet:
ffffffffffffffffffffff:
UserID: 80943
IN IF updateHistoricalFollowers
*********************************
99999999999999999999999
upTweet
ID 705818112826822657
In construction account id: 141 ,user id: 1546082346
In construction connection id: 191
In updateTweet:
ffffffffffffffffffffff:
UserID: 80943
IN IF updateHistoricalFollowers
*********************************
99999999999999999999999
upTweet
ID 705506797373685760
In construction account id: 141 ,user id: 1546082346
In construction connection id: 191
In updateTweet:
ffffffffffffffffffffff:
UserID: 80943
IN IF updateHistoricalFollowers
*********************************
99999999999999999999999
upTweet
ID 705427797968183296
In construction account id: 141 ,user id: 1546082346
In construction connection id: 191
In updateTweet:
ffffffffffffffffffffff:
UserID: 80943
IN IF updateHistoricalFollowers
*********************************
99999999999999999999999
upTweet
ID 705209081036828672
In construction account id: 141 ,user id: 1546082346
In construction connection id: 191
In updateTweet:
ffffffffffffffffffffff:
UserID: 80943
IN IF updateHistoricalFollowers
*********************************
99999999999999999999999
upTweet
ID 705200352727969792
In construction account id: 141 ,user id: 1546082346
In construction connection id: 191
In updateTweet:
ffffffffffffffffffffff:
UserID: 80943
IN IF updateHistoricalFollowers
*********************************
99999999999999999999999
upTweet
ID 705153500028637184
In construction account id: 141 ,user id: 1546082346
In construction connection id: 191
In updateTweet:
ffffffffffffffffffffff:
UserID: 80943
IN IF updateHistoricalFollowers
*********************************
99999999999999999999999
upTweet
ID 705153422241177600
In construction account id: 141 ,user id: 1546082346
In construction connection id: 191
In updateTweet:
ffffffffffffffffffffff:
UserID: 80943
IN IF updateHistoricalFollowers
*********************************
99999999999999999999999
upTweet
ID 705153277894094848
In construction account id: 141 ,user id: 1546082346
In construction connection id: 191
In updateTweet:
ffffffffffffffffffffff:
UserID: 80943
IN IF updateHistoricalFollowers
*********************************
99999999999999999999999
upTweet
ID 705061358539132929
In construction account id: 141 ,user id: 1546082346
In construction connection id: 191
In updateTweet:
ffffffffffffffffffffff:
UserID: 80943
IN IF updateHistoricalFollowers
*********************************
99999999999999999999999
upTweet
ID 704846585658605568
In construction account id: 141 ,user id: 1546082346
In construction connection id: 191
In updateTweet:
ffffffffffffffffffffff:
UserID: 80943
IN IF updateHistoricalFollowers
*********************************
99999999999999999999999
upTweet
ID 704833010227617792
In construction account id: 141 ,user id: 1546082346
In construction connection id: 191
In updateTweet:
ffffffffffffffffffffff:
UserID: 80943
IN IF updateHistoricalFollowers
*********************************
99999999999999999999999
upTweet
ID 704832935908642816
In construction account id: 141 ,user id: 1546082346
In construction connection id: 191
In updateTweet:
ffffffffffffffffffffff:
UserID: 80943
IN IF updateHistoricalFollowers
*********************************
99999999999999999999999
upTweet
ID 704832874671812609
In construction account id: 141 ,user id: 1546082346
In construction connection id: 191
In updateTweet:
ffffffffffffffffffffff:
UserID: 80943
IN IF updateHistoricalFollowers
*********************************
99999999999999999999999
upTweet
ID 704800638006272001
In construction account id: 141 ,user id: 1546082346
In construction connection id: 191
In updateTweet:
ffffffffffffffffffffff:
UserID: 80943
IN IF updateHistoricalFollowers
*********************************
99999999999999999999999
upTweet
ID 704751817914245125
In construction account id: 141 ,user id: 1546082346
In construction connection id: 191
In updateTweet:
ffffffffffffffffffffff:
UserID: 80943
IN IF updateHistoricalFollowers
*********************************
99999999999999999999999
upTweet
ID 704451348025249792
In construction account id: 141 ,user id: 1546082346
In construction connection id: 191
In updateTweet:
ffffffffffffffffffffff:
UserID: 80943
IN IF updateHistoricalFollowers
*********************************
99999999999999999999999
upTweet
ID 704449621464997888
In construction account id: 141 ,user id: 1546082346
In construction connection id: 191
In updateTweet:
ffffffffffffffffffffff:
UserID: 80943
IN IF updateHistoricalFollowers
*********************************
99999999999999999999999
upTweet
ID 704449527185608705
In construction account id: 141 ,user id: 1546082346
In construction connection id: 191
In updateTweet:
ffffffffffffffffffffff:
UserID: 80943
IN IF updateHistoricalFollowers
*********************************
99999999999999999999999
upTweet
ID 704441271771750404
In construction account id: 141 ,user id: 1546082346
In construction connection id: 191
In updateTweet:
ffffffffffffffffffffff:
UserID: 80943
IN IF updateHistoricalFollowers
*********************************
99999999999999999999999
upTweet
ID 704366780966240256
In construction account id: 141 ,user id: 1546082346
In construction connection id: 191
In updateTweet:
ffffffffffffffffffffff:
UserID: 80943
IN IF updateHistoricalFollowers
*********************************
99999999999999999999999
upTweet
ID 704121158128398336
In construction account id: 141 ,user id: 1546082346
In construction connection id: 191
In updateTweet:
ffffffffffffffffffffff:
UserID: 80943
IN IF updateHistoricalFollowers
*********************************
99999999999999999999999
upTweet
ID 704044406429470720
In construction account id: 141 ,user id: 1546082346
In construction connection id: 191
In updateTweet:
ffffffffffffffffffffff:
UserID: 80943
IN IF updateHistoricalFollowers
*********************************
99999999999999999999999
upTweet
ID 703712472545390593
In construction account id: 141 ,user id: 1546082346
In construction connection id: 191
In updateTweet:
ffffffffffffffffffffff:
UserID: 80943
IN IF updateHistoricalFollowers
*********************************
99999999999999999999999
upTweet
ID 703639235513815041
In construction account id: 141 ,user id: 1546082346
In construction connection id: 191
In updateTweet:
ffffffffffffffffffffff:
UserID: 80943
IN IF updateHistoricalFollowers
*********************************
99999999999999999999999
upTweet
ID 703380942669230081
In construction account id: 141 ,user id: 1546082346
In construction connection id: 191
In updateTweet:
ffffffffffffffffffffff:
UserID: 80943
IN IF updateHistoricalFollowers
*********************************
99999999999999999999999
upTweet
ID 703380838843445248
In construction account id: 141 ,user id: 1546082346
In construction connection id: 191
In updateTweet:
ffffffffffffffffffffff:
UserID: 80943
IN IF updateHistoricalFollowers
*********************************
99999999999999999999999
upTweet
ID 703380771684352004
In construction account id: 141 ,user id: 1546082346
In construction connection id: 191
In updateTweet:
ffffffffffffffffffffff:
UserID: 80943
IN IF updateHistoricalFollowers
*********************************
99999999999999999999999
upTweet
ID 703371723500957696
In construction account id: 141 ,user id: 1546082346
In construction connection id: 191
In updateTweet:
ffffffffffffffffffffff:
UserID: 80943
IN IF updateHistoricalFollowers
*********************************
99999999999999999999999
upTweet
ID 703324922194456576
In construction account id: 141 ,user id: 1546082346
In construction connection id: 191
In updateTweet:
ffffffffffffffffffffff:
UserID: 80943
IN IF updateHistoricalFollowers
*********************************
99999999999999999999999
upTweet
ID 703022925079642112
In construction account id: 141 ,user id: 1546082346
In construction connection id: 191
In updateTweet:
ffffffffffffffffffffff:
UserID: 80943
IN IF updateHistoricalFollowers
*********************************
99999999999999999999999
upTweet
ID 702889797384216576
In construction account id: 141 ,user id: 1546082346
In construction connection id: 191
In updateTweet:
ffffffffffffffffffffff:
UserID: 80943
IN IF updateHistoricalFollowers
*********************************
99999999999999999999999
upTweet
ID 702608444080021504
In construction account id: 141 ,user id: 1546082346
In construction connection id: 191
In updateTweet:
ffffffffffffffffffffff:
UserID: 80943
IN IF updateHistoricalFollowers
*********************************
99999999999999999999999
upTweet
ID 702538517272854528
In construction account id: 141 ,user id: 1546082346
In construction connection id: 191
In updateTweet:
ffffffffffffffffffffff:
UserID: 80943
IN IF updateHistoricalFollowers
*********************************
99999999999999999999999
upTweet
ID 702279823155048448
In construction account id: 141 ,user id: 1546082346
In construction connection id: 191
In updateTweet:
ffffffffffffffffffffff:
UserID: 80943
IN IF updateHistoricalFollowers
*********************************
99999999999999999999999
upTweet
ID 702279387404591105
In construction account id: 141 ,user id: 1546082346
In construction connection id: 191
