99999999999999999999999
upTweet
ID 709108524735791104
In construction account id: 120 ,user id: 809515452
In construction connection id: 173
In updateTweet:
ffffffffffffffffffffff:
UserID: 105328
IN IF updateHistoricalFollowers
*********************************
99999999999999999999999
upTweet
ID 709047372173553664
In construction account id: 120 ,user id: 809515452
In construction connection id: 173
In updateTweet:
ffffffffffffffffffffff:
UserID: 105328
IN IF updateHistoricalFollowers
*********************************
99999999999999999999999
upTweet
ID 708744122870333440
In construction account id: 120 ,user id: 809515452
In construction connection id: 173
In updateTweet:
ffffffffffffffffffffff:
UserID: 105328
IN IF updateHistoricalFollowers
*********************************
99999999999999999999999
upTweet
ID 708698323117428736
In construction account id: 120 ,user id: 809515452
In construction connection id: 173
In updateTweet:
ffffffffffffffffffffff:
UserID: 105328
IN IF updateHistoricalFollowers
*********************************
99999999999999999999999
upTweet
ID 708469210855264256
In construction account id: 120 ,user id: 809515452
In construction connection id: 173
In updateTweet:
ffffffffffffffffffffff:
UserID: 105328
IN IF updateHistoricalFollowers
*********************************
99999999999999999999999
upTweet
ID 708469103644712960
In construction account id: 120 ,user id: 809515452
In construction connection id: 173
In updateTweet:
ffffffffffffffffffffff:
UserID: 105328
IN IF updateHistoricalFollowers
*********************************
99999999999999999999999
upTweet
ID 708469049630392320
In construction account id: 120 ,user id: 809515452
In construction connection id: 173
In updateTweet:
ffffffffffffffffffffff:
UserID: 105328
IN IF updateHistoricalFollowers
*********************************
99999999999999999999999
upTweet
ID 708468835624464384
In construction account id: 120 ,user id: 809515452
In construction connection id: 173
In updateTweet:
ffffffffffffffffffffff:
UserID: 105328
IN IF updateHistoricalFollowers
*********************************
99999999999999999999999
upTweet
ID 708365878102896641
In construction account id: 120 ,user id: 809515452
In construction connection id: 173
In updateTweet:
ffffffffffffffffffffff:
UserID: 105328
IN IF updateHistoricalFollowers
*********************************
99999999999999999999999
upTweet
ID 708334928484642816
In construction account id: 120 ,user id: 809515452
In construction connection id: 173
In updateTweet:
ffffffffffffffffffffff:
UserID: 105328
IN IF updateHistoricalFollowers
*********************************
99999999999999999999999
upTweet
ID 708034448260870144
In construction account id: 120 ,user id: 809515452
In construction connection id: 173
In updateTweet:
ffffffffffffffffffffff:
UserID: 105328
IN IF updateHistoricalFollowers
*********************************
99999999999999999999999
upTweet
ID 707610906092384257
In construction account id: 120 ,user id: 809515452
In construction connection id: 173
In updateTweet:
ffffffffffffffffffffff:
UserID: 105328
IN IF updateHistoricalFollowers
*********************************
99999999999999999999999
upTweet
ID 707448463752036352
In construction account id: 120 ,user id: 809515452
In construction connection id: 173
In updateTweet:
ffffffffffffffffffffff:
UserID: 105328
IN IF updateHistoricalFollowers
*********************************
99999999999999999999999
upTweet
ID 707418520296906752
In construction account id: 120 ,user id: 809515452
In construction connection id: 173
In updateTweet:
ffffffffffffffffffffff:
UserID: 105328
IN IF updateHistoricalFollowers
*********************************
99999999999999999999999
upTweet
ID 707418414755618817
In construction account id: 120 ,user id: 809515452
In construction connection id: 173
In updateTweet:
ffffffffffffffffffffff:
UserID: 105328
IN IF updateHistoricalFollowers
*********************************
99999999999999999999999
upTweet
ID 707403977428570112
In construction account id: 120 ,user id: 809515452
In construction connection id: 173
In updateTweet:
ffffffffffffffffffffff:
UserID: 105328
IN IF updateHistoricalFollowers
*********************************
99999999999999999999999
upTweet
ID 707403582782328832
In construction account id: 120 ,user id: 809515452
In construction connection id: 173
In updateTweet:
ffffffffffffffffffffff:
UserID: 105328
IN IF updateHistoricalFollowers
*********************************
99999999999999999999999
upTweet
ID 707401564529405952
In construction account id: 120 ,user id: 809515452
In construction connection id: 173
In updateTweet:
ffffffffffffffffffffff:
UserID: 105328
IN IF updateHistoricalFollowers
*********************************
99999999999999999999999
upTweet
ID 707396772566446080
In construction account id: 120 ,user id: 809515452
In construction connection id: 173
In updateTweet:
ffffffffffffffffffffff:
UserID: 105328
IN IF updateHistoricalFollowers
*********************************
99999999999999999999999
upTweet
ID 707358932650471426
In construction account id: 120 ,user id: 809515452
In construction connection id: 173
In updateTweet:
ffffffffffffffffffffff:
UserID: 105328
IN IF updateHistoricalFollowers
*********************************
99999999999999999999999
upTweet
ID 707358901772005377
In construction account id: 120 ,user id: 809515452
In construction connection id: 173
In updateTweet:
ffffffffffffffffffffff:
UserID: 105328
IN IF updateHistoricalFollowers
*********************************
99999999999999999999999
upTweet
ID 707308413718376449
In construction account id: 120 ,user id: 809515452
In construction connection id: 173
In updateTweet:
ffffffffffffffffffffff:
UserID: 105328
IN IF updateHistoricalFollowers
*********************************
99999999999999999999999
upTweet
ID 707278409274011648
In construction account id: 120 ,user id: 809515452
In construction connection id: 173
In updateTweet:
ffffffffffffffffffffff:
UserID: 105328
IN IF updateHistoricalFollowers
*********************************
99999999999999999999999
upTweet
ID 707278216835170304
In construction account id: 120 ,user id: 809515452
In construction connection id: 173
In updateTweet:
ffffffffffffffffffffff:
UserID: 105328
IN IF updateHistoricalFollowers
*********************************
99999999999999999999999
upTweet
ID 707247510436319232
In construction account id: 120 ,user id: 809515452
In construction connection id: 173
In updateTweet:
ffffffffffffffffffffff:
UserID: 105328
IN IF updateHistoricalFollowers
*********************************
99999999999999999999999
upTweet
ID 706931188007510016
In construction account id: 120 ,user id: 809515452
In construction connection id: 173
In updateTweet:
ffffffffffffffffffffff:
UserID: 105328
IN IF updateHistoricalFollowers
*********************************
99999999999999999999999
upTweet
ID 706930935506149376
In construction account id: 120 ,user id: 809515452
In construction connection id: 173
In updateTweet:
ffffffffffffffffffffff:
UserID: 105328
IN IF updateHistoricalFollowers
*********************************
99999999999999999999999
upTweet
ID 706930475529428992
In construction account id: 120 ,user id: 809515452
In construction connection id: 173
In updateTweet:
ffffffffffffffffffffff:
UserID: 105328
IN IF updateHistoricalFollowers
*********************************
99999999999999999999999
upTweet
ID 706930171056508928
In construction account id: 120 ,user id: 809515452
In construction connection id: 173
In updateTweet:
ffffffffffffffffffffff:
UserID: 105328
IN IF updateHistoricalFollowers
*********************************
99999999999999999999999
upTweet
ID 706884371173679104
In construction account id: 120 ,user id: 809515452
In construction connection id: 173
In updateTweet:
ffffffffffffffffffffff:
UserID: 105328
IN IF updateHistoricalFollowers
*********************************
99999999999999999999999
upTweet
ID 706663510747455488
In construction account id: 120 ,user id: 809515452
In construction connection id: 173
In updateTweet:
ffffffffffffffffffffff:
UserID: 105328
IN IF updateHistoricalFollowers
*********************************
99999999999999999999999
upTweet
ID 706662501744644096
In construction account id: 120 ,user id: 809515452
In construction connection id: 173
In updateTweet:
ffffffffffffffffffffff:
UserID: 105328
IN IF updateHistoricalFollowers
*********************************
99999999999999999999999
upTweet
ID 706660237239910400
In construction account id: 120 ,user id: 809515452
In construction connection id: 173
In updateTweet:
ffffffffffffffffffffff:
UserID: 105328
IN IF updateHistoricalFollowers
*********************************
99999999999999999999999
upTweet
ID 706658049704919040
In construction account id: 120 ,user id: 809515452
In construction connection id: 173
In updateTweet:
ffffffffffffffffffffff:
UserID: 105328
IN IF updateHistoricalFollowers
*********************************
99999999999999999999999
upTweet
ID 706657135170457600
In construction account id: 120 ,user id: 809515452
In construction connection id: 173
In updateTweet:
ffffffffffffffffffffff:
UserID: 105328
IN IF updateHistoricalFollowers
*********************************
99999999999999999999999
upTweet
ID 706656974104997888
In construction account id: 120 ,user id: 809515452
In construction connection id: 173
In updateTweet:
ffffffffffffffffffffff:
UserID: 105328
IN IF updateHistoricalFollowers
*********************************
99999999999999999999999
upTweet
ID 706656948855308288
In construction account id: 120 ,user id: 809515452
In construction connection id: 173
In updateTweet:
ffffffffffffffffffffff:
UserID: 105328
IN IF updateHistoricalFollowers
*********************************
99999999999999999999999
upTweet
ID 706581875192516608
In construction account id: 120 ,user id: 809515452
In construction connection id: 173
In updateTweet:
ffffffffffffffffffffff:
UserID: 105328
IN IF updateHistoricalFollowers
*********************************
99999999999999999999999
upTweet
ID 706551428039335940
In construction account id: 120 ,user id: 809515452
In construction connection id: 173
In updateTweet:
ffffffffffffffffffffff:
UserID: 105328
IN IF updateHistoricalFollowers
*********************************
99999999999999999999999
upTweet
ID 705963379098144769
In construction account id: 120 ,user id: 809515452
In construction connection id: 173
In updateTweet:
ffffffffffffffffffffff:
UserID: 105328
IN IF updateHistoricalFollowers
*********************************
99999999999999999999999
upTweet
ID 705962576694239234
In construction account id: 120 ,user id: 809515452
In construction connection id: 173
In updateTweet:
ffffffffffffffffffffff:
UserID: 105328
IN IF updateHistoricalFollowers
*********************************
99999999999999999999999
upTweet
ID 705956409561624576
In construction account id: 120 ,user id: 809515452
In construction connection id: 173
In updateTweet:
ffffffffffffffffffffff:
UserID: 105328
IN IF updateHistoricalFollowers
*********************************
99999999999999999999999
upTweet
ID 705954550335696896
In construction account id: 120 ,user id: 809515452
In construction connection id: 173
In updateTweet:
ffffffffffffffffffffff:
UserID: 105328
IN IF updateHistoricalFollowers
*********************************
99999999999999999999999
upTweet
ID 705953345177915392
In construction account id: 120 ,user id: 809515452
In construction connection id: 173
In updateTweet:
ffffffffffffffffffffff:
UserID: 105328
IN IF updateHistoricalFollowers
*********************************
99999999999999999999999
upTweet
ID 705952784927985665
In construction account id: 120 ,user id: 809515452
In construction connection id: 173
In updateTweet:
ffffffffffffffffffffff:
UserID: 105328
IN IF updateHistoricalFollowers
*********************************
99999999999999999999999
upTweet
ID 705841498005204992
In construction account id: 120 ,user id: 809515452
In construction connection id: 173
In updateTweet:
ffffffffffffffffffffff:
UserID: 105328
IN IF updateHistoricalFollowers
*********************************
99999999999999999999999
upTweet
ID 705811045982416896
In construction account id: 120 ,user id: 809515452
In construction connection id: 173
In updateTweet:
ffffffffffffffffffffff:
UserID: 105328
IN IF updateHistoricalFollowers
*********************************
99999999999999999999999
upTweet
ID 705528199371837442
In construction account id: 120 ,user id: 809515452
In construction connection id: 173
In updateTweet:
ffffffffffffffffffffff:
UserID: 105328
IN IF updateHistoricalFollowers
*********************************
99999999999999999999999
upTweet
ID 705482925169455105
In construction account id: 120 ,user id: 809515452
In construction connection id: 173
In updateTweet:
ffffffffffffffffffffff:
UserID: 105328
IN IF updateHistoricalFollowers
*********************************
99999999999999999999999
upTweet
ID 705178939006648320
In construction account id: 120 ,user id: 809515452
In construction connection id: 173
In updateTweet:
ffffffffffffffffffffff:
UserID: 105328
IN IF updateHistoricalFollowers
*********************************
99999999999999999999999
upTweet
ID 705177613229109248
In construction account id: 120 ,user id: 809515452
In construction connection id: 173
In updateTweet:
ffffffffffffffffffffff:
UserID: 105328
IN IF updateHistoricalFollowers
*********************************
99999999999999999999999
upTweet
ID 705175803454058496
In construction account id: 120 ,user id: 809515452
In construction connection id: 173
In updateTweet:
ffffffffffffffffffffff:
UserID: 105328
IN IF updateHistoricalFollowers
*********************************
99999999999999999999999
upTweet
ID 705175760026230784
In construction account id: 120 ,user id: 809515452
In construction connection id: 173
In updateTweet:
ffffffffffffffffffffff:
UserID: 105328
IN IF updateHistoricalFollowers
*********************************
99999999999999999999999
upTweet
ID 704795857401585664
In construction account id: 120 ,user id: 809515452
In construction connection id: 173
In updateTweet:
ffffffffffffffffffffff:
UserID: 105328
IN IF updateHistoricalFollowers
*********************************
99999999999999999999999
upTweet
ID 704758115116453889
In construction account id: 120 ,user id: 809515452
In construction connection id: 173
In updateTweet:
ffffffffffffffffffffff:
UserID: 105328
IN IF updateHistoricalFollowers
*********************************
99999999999999999999999
upTweet
ID 704433216325746692
In construction account id: 120 ,user id: 809515452
In construction connection id: 173
In updateTweet:
ffffffffffffffffffffff:
UserID: 105328
IN IF updateHistoricalFollowers
*********************************
99999999999999999999999
upTweet
ID 704395737770004480
In construction account id: 120 ,user id: 809515452
In construction connection id: 173
In updateTweet:
ffffffffffffffffffffff:
UserID: 105328
IN IF updateHistoricalFollowers
*********************************
99999999999999999999999
upTweet
ID 704114222536355840
In construction account id: 120 ,user id: 809515452
In construction connection id: 173
In updateTweet:
ffffffffffffffffffffff:
UserID: 105328
IN IF updateHistoricalFollowers
*********************************
99999999999999999999999
upTweet
ID 704114115174748160
In construction account id: 120 ,user id: 809515452
In construction connection id: 173
In updateTweet:
ffffffffffffffffffffff:
UserID: 105328
IN IF updateHistoricalFollowers
*********************************
99999999999999999999999
upTweet
ID 704112109811068928
In construction account id: 120 ,user id: 809515452
In construction connection id: 173
In updateTweet:
ffffffffffffffffffffff:
UserID: 105328
IN IF updateHistoricalFollowers
*********************************
99999999999999999999999
upTweet
ID 704111995755180033
In construction account id: 120 ,user id: 809515452
In construction connection id: 173
In updateTweet:
ffffffffffffffffffffff:
UserID: 105328
IN IF updateHistoricalFollowers
*********************************
99999999999999999999999
upTweet
ID 704111888691376128
In construction account id: 120 ,user id: 809515452
In construction connection id: 173
In updateTweet:
ffffffffffffffffffffff:
UserID: 105328
IN IF updateHistoricalFollowers
*********************************
99999999999999999999999
upTweet
ID 704111691814973440
In construction account id: 120 ,user id: 809515452
In construction connection id: 173
In updateTweet:
ffffffffffffffffffffff:
UserID: 105328
IN IF updateHistoricalFollowers
*********************************
99999999999999999999999
upTweet
ID 704111651499323392
In construction account id: 120 ,user id: 809515452
In construction connection id: 173
In updateTweet:
ffffffffffffffffffffff:
UserID: 105328
IN IF updateHistoricalFollowers
*********************************
99999999999999999999999
upTweet
ID 704110858494828545
In construction account id: 120 ,user id: 809515452
In construction connection id: 173
In updateTweet:
ffffffffffffffffffffff:
UserID: 105328
IN IF updateHistoricalFollowers
*********************************
99999999999999999999999
upTweet
ID 704093665325506560
In construction account id: 120 ,user id: 809515452
In construction connection id: 173
In updateTweet:
ffffffffffffffffffffff:
UserID: 105328
IN IF updateHistoricalFollowers
*********************************
99999999999999999999999
upTweet
ID 704092928600244224
In construction account id: 120 ,user id: 809515452
In construction connection id: 173
In updateTweet:
ffffffffffffffffffffff:
UserID: 105328
IN IF updateHistoricalFollowers
*********************************
99999999999999999999999
upTweet
ID 704063535861493762
In construction account id: 120 ,user id: 809515452
In construction connection id: 173
In updateTweet:
ffffffffffffffffffffff:
UserID: 105328
IN IF updateHistoricalFollowers
*********************************
99999999999999999999999
upTweet
ID 704018235016871936
In construction account id: 120 ,user id: 809515452
In construction connection id: 173
In updateTweet:
ffffffffffffffffffffff:
UserID: 105328
IN IF updateHistoricalFollowers
*********************************
99999999999999999999999
upTweet
ID 703788655903580160
In construction account id: 120 ,user id: 809515452
In construction connection id: 173
In updateTweet:
ffffffffffffffffffffff:
UserID: 105328
IN IF updateHistoricalFollowers
*********************************
99999999999999999999999
upTweet
ID 703787668182802433
In construction account id: 120 ,user id: 809515452
In construction connection id: 173
In updateTweet:
ffffffffffffffffffffff:
UserID: 105328
IN IF updateHistoricalFollowers
*********************************
99999999999999999999999
upTweet
ID 703787387235627009
In construction account id: 120 ,user id: 809515452
In construction connection id: 173
In updateTweet:
ffffffffffffffffffffff:
UserID: 105328
IN IF updateHistoricalFollowers
*********************************
99999999999999999999999
upTweet
ID 703786862171664387
In construction account id: 120 ,user id: 809515452
In construction connection id: 173
In updateTweet:
ffffffffffffffffffffff:
UserID: 105328
IN IF updateHistoricalFollowers
*********************************
99999999999999999999999
upTweet
ID 703786334528221184
In construction account id: 120 ,user id: 809515452
In construction connection id: 173
In updateTweet:
ffffffffffffffffffffff:
UserID: 105328
IN IF updateHistoricalFollowers
*********************************
99999999999999999999999
upTweet
ID 703786307982471168
In construction account id: 120 ,user id: 809515452
In construction connection id: 173
In updateTweet:
ffffffffffffffffffffff:
UserID: 105328
IN IF updateHistoricalFollowers
*********************************
99999999999999999999999
upTweet
ID 703785997834686464
In construction account id: 120 ,user id: 809515452
In construction connection id: 173
In updateTweet:
ffffffffffffffffffffff:
UserID: 105328
IN IF updateHistoricalFollowers
*********************************
99999999999999999999999
upTweet
ID 703785944910987264
In construction account id: 120 ,user id: 809515452
In construction connection id: 173
In updateTweet:
ffffffffffffffffffffff:
UserID: 105328
IN IF updateHistoricalFollowers
*********************************
99999999999999999999999
upTweet
ID 703770060452564992
In construction account id: 120 ,user id: 809515452
In construction connection id: 173
In updateTweet:
ffffffffffffffffffffff:
UserID: 105328
IN IF updateHistoricalFollowers
*********************************
99999999999999999999999
upTweet
ID 703769976759414785
In construction account id: 120 ,user id: 809515452
In construction connection id: 173
In updateTweet:
ffffffffffffffffffffff:
UserID: 105328
IN IF updateHistoricalFollowers
*********************************
99999999999999999999999
upTweet
ID 703769185512325120
In construction account id: 120 ,user id: 809515452
In construction connection id: 173
In updateTweet:
ffffffffffffffffffffff:
UserID: 105328
IN IF updateHistoricalFollowers
*********************************
99999999999999999999999
upTweet
ID 703768887410593792
In construction account id: 120 ,user id: 809515452
In construction connection id: 173
In updateTweet:
ffffffffffffffffffffff:
UserID: 105328
IN IF updateHistoricalFollowers
*********************************
99999999999999999999999
upTweet
ID 703762880206745600
In construction account id: 120 ,user id: 809515452
In construction connection id: 173
In updateTweet:
ffffffffffffffffffffff:
UserID: 105328
IN IF updateHistoricalFollowers
*********************************
99999999999999999999999
upTweet
ID 703759597362814977
In construction account id: 120 ,user id: 809515452
In construction connection id: 173
In updateTweet:
ffffffffffffffffffffff:
UserID: 105328
IN IF updateHistoricalFollowers
*********************************
99999999999999999999999
upTweet
ID 703758906086961152
In construction account id: 120 ,user id: 809515452
In construction connection id: 173
In updateTweet:
ffffffffffffffffffffff:
UserID: 105328
IN IF updateHistoricalFollowers
*********************************
99999999999999999999999
upTweet
ID 703758745591910400
In construction account id: 120 ,user id: 809515452
In construction connection id: 173
In updateTweet:
ffffffffffffffffffffff:
UserID: 105328
IN IF updateHistoricalFollowers
*********************************
99999999999999999999999
upTweet
ID 703701160893370368
In construction account id: 120 ,user id: 809515452
In construction connection id: 173
In updateTweet:
ffffffffffffffffffffff:
UserID: 105328
IN IF updateHistoricalFollowers
*********************************
99999999999999999999999
upTweet
ID 703655880466632704
In construction account id: 120 ,user id: 809515452
In construction connection id: 173
In updateTweet:
ffffffffffffffffffffff:
UserID: 105328
IN IF updateHistoricalFollowers
*********************************
99999999999999999999999
upTweet
ID 703654660360417280
In construction account id: 120 ,user id: 809515452
In construction connection id: 173
In updateTweet:
ffffffffffffffffffffff:
UserID: 105328
IN IF updateHistoricalFollowers
*********************************
99999999999999999999999
upTweet
ID 703654521054978048
In construction account id: 120 ,user id: 809515452
In construction connection id: 173
In updateTweet:
ffffffffffffffffffffff:
UserID: 105328
IN IF updateHistoricalFollowers
*********************************
99999999999999999999999
upTweet
ID 703348609878663168
In construction account id: 120 ,user id: 809515452
In construction connection id: 173
In updateTweet:
ffffffffffffffffffffff:
UserID: 105328
IN IF updateHistoricalFollowers
*********************************
99999999999999999999999
upTweet
ID 703348397856587776
In construction account id: 120 ,user id: 809515452
In construction connection id: 173
In updateTweet:
ffffffffffffffffffffff:
UserID: 105328
IN IF updateHistoricalFollowers
*********************************
99999999999999999999999
upTweet
ID 703348210572533760
In construction account id: 120 ,user id: 809515452
In construction connection id: 173
In updateTweet:
ffffffffffffffffffffff:
UserID: 105328
IN IF updateHistoricalFollowers
*********************************
99999999999999999999999
upTweet
ID 703347935635972100
In construction account id: 120 ,user id: 809515452
In construction connection id: 173
In updateTweet:
ffffffffffffffffffffff:
UserID: 105328
IN IF updateHistoricalFollowers
*********************************
99999999999999999999999
upTweet
ID 703347543472640000
In construction account id: 120 ,user id: 809515452
In construction connection id: 173
In updateTweet:
ffffffffffffffffffffff:
UserID: 105328
IN IF updateHistoricalFollowers
*********************************
99999999999999999999999
upTweet
ID 703338766308474880
In construction account id: 120 ,user id: 809515452
In construction connection id: 173
In updateTweet:
ffffffffffffffffffffff:
UserID: 105328
IN IF updateHistoricalFollowers
*********************************
99999999999999999999999
upTweet
ID 703293482970906624
In construction account id: 120 ,user id: 809515452
In construction connection id: 173
In updateTweet:
ffffffffffffffffffffff:
UserID: 105328
IN IF updateHistoricalFollowers
*********************************
99999999999999999999999
upTweet
ID 702966531014045696
In construction account id: 120 ,user id: 809515452
In construction connection id: 173
In updateTweet:
ffffffffffffffffffffff:
UserID: 105328
IN IF updateHistoricalFollowers
*********************************
99999999999999999999999
upTweet
ID 702946174802784257
In construction account id: 120 ,user id: 809515452
In construction connection id: 173
In updateTweet:
ffffffffffffffffffffff:
UserID: 105328
IN IF updateHistoricalFollowers
*********************************
99999999999999999999999
upTweet
ID 702810292355346432
In construction account id: 120 ,user id: 809515452
In construction connection id: 173
In updateTweet:
ffffffffffffffffffffff:
UserID: 105328
IN IF updateHistoricalFollowers
*********************************
99999999999999999999999
upTweet
ID 702644185287909376
In construction account id: 120 ,user id: 809515452
In construction connection id: 173
In updateTweet:
ffffffffffffffffffffff:
UserID: 105328
IN IF updateHistoricalFollowers
*********************************
99999999999999999999999
upTweet
ID 702583796063825920
In construction account id: 120 ,user id: 809515452
In construction connection id: 173
In updateTweet:
ffffffffffffffffffffff:
UserID: 105328
IN IF updateHistoricalFollowers
*********************************
99999999999999999999999
upTweet
ID 702251597212979200
In construction account id: 120 ,user id: 809515452
In construction connection id: 173
In updateTweet:
ffffffffffffffffffffff:
UserID: 105328
IN IF updateHistoricalFollowers
*********************************
99999999999999999999999
upTweet
ID 702161020148535296
In construction account id: 120 ,user id: 809515452
In construction connection id: 173
In updateTweet:
ffffffffffffffffffffff:
UserID: 105328
IN IF updateHistoricalFollowers
*********************************
99999999999999999999999
upTweet
ID 701904305633120256
In construction account id: 120 ,user id: 809515452
In construction connection id: 173
In updateTweet:
ffffffffffffffffffffff:
UserID: 105328
IN IF updateHistoricalFollowers
*********************************
99999999999999999999999
upTweet
ID 701896328603799552
In construction account id: 120 ,user id: 809515452
In construction connection id: 173
In updateTweet:
ffffffffffffffffffffff:
UserID: 105328
IN IF updateHistoricalFollowers
*********************************
99999999999999999999999
upTweet
ID 701859040209432576
In construction account id: 120 ,user id: 809515452
In construction connection id: 173
In updateTweet:
ffffffffffffffffffffff:
UserID: 105328
IN IF updateHistoricalFollowers
*********************************
99999999999999999999999
upTweet
ID 701626710316285952
In construction account id: 120 ,user id: 809515452
In construction connection id: 173
In updateTweet:
ffffffffffffffffffffff:
UserID: 105328
IN IF updateHistoricalFollowers
*********************************
99999999999999999999999
upTweet
ID 701624323170136065
In construction account id: 120 ,user id: 809515452
In construction connection id: 173
In updateTweet:
ffffffffffffffffffffff:
UserID: 105328
IN IF updateHistoricalFollowers
*********************************
99999999999999999999999
upTweet
ID 701624260050051072
In construction account id: 120 ,user id: 809515452
In construction connection id: 173
In updateTweet:
ffffffffffffffffffffff:
UserID: 105328
IN IF updateHistoricalFollowers
*********************************
99999999999999999999999
upTweet
ID 701603680122834944
In construction account id: 120 ,user id: 809515452
In construction connection id: 173
In updateTweet:
ffffffffffffffffffffff:
UserID: 105328
IN IF updateHistoricalFollowers
