99999999999999999999999
upTweet
ID 705172382093287424
In construction account id: 135 ,user id: 16131171
In construction connection id: 183
In updateTweet:
ffffffffffffffffffffff:
UserID: 105333
IN IF updateHistoricalFollowers
*********************************
99999999999999999999999
upTweet
ID 703387525197504512
In construction account id: 135 ,user id: 16131171
In construction connection id: 183
In updateTweet:
ffffffffffffffffffffff:
UserID: 105333
IN IF updateHistoricalFollowers
*********************************
99999999999999999999999
upTweet
ID 703261132396433412
In construction account id: 135 ,user id: 16131171
In construction connection id: 183
In updateTweet:
ffffffffffffffffffffff:
UserID: 105333
IN IF updateHistoricalFollowers
*********************************
99999999999999999999999
upTweet
ID 701936501723103237
In construction account id: 135 ,user id: 16131171
In construction connection id: 183
In updateTweet:
ffffffffffffffffffffff:
UserID: 105333
IN IF updateHistoricalFollowers
*********************************
99999999999999999999999
upTweet
ID 699656641113882624
In construction account id: 135 ,user id: 16131171
In construction connection id: 183
In updateTweet:
ffffffffffffffffffffff:
UserID: 105333
IN IF updateHistoricalFollowers
*********************************
99999999999999999999999
upTweet
ID 698239934067380224
In construction account id: 135 ,user id: 16131171
In construction connection id: 183
In updateTweet:
ffffffffffffffffffffff:
UserID: 105333
IN IF updateHistoricalFollowers
*********************************
99999999999999999999999
upTweet
ID 698204046419742721
In construction account id: 135 ,user id: 16131171
In construction connection id: 183
In updateTweet:
ffffffffffffffffffffff:
UserID: 105333
IN IF updateHistoricalFollowers
*********************************
99999999999999999999999
upTweet
ID 697226293201469440
In construction account id: 135 ,user id: 16131171
In construction connection id: 183
In updateTweet:
ffffffffffffffffffffff:
UserID: 105333
IN IF updateHistoricalFollowers
*********************************
99999999999999999999999
upTweet
ID 693228735810531328
In construction account id: 135 ,user id: 16131171
In construction connection id: 183
In updateTweet:
ffffffffffffffffffffff:
UserID: 105333
IN IF updateHistoricalFollowers
*********************************
99999999999999999999999
upTweet
ID 684494597268070401
In construction account id: 135 ,user id: 16131171
In construction connection id: 183
In updateTweet:
ffffffffffffffffffffff:
UserID: 105333
IN IF updateHistoricalFollowers
*********************************
99999999999999999999999
upTweet
ID 682665228530651136
In construction account id: 135 ,user id: 16131171
In construction connection id: 183
In updateTweet:
ffffffffffffffffffffff:
UserID: 105333
IN IF updateHistoricalFollowers
*********************************
99999999999999999999999
upTweet
ID 681949711792738305
In construction account id: 135 ,user id: 16131171
In construction connection id: 183
In updateTweet:
ffffffffffffffffffffff:
UserID: 105333
IN IF updateHistoricalFollowers
*********************************
99999999999999999999999
upTweet
ID 678025570651914240
In construction account id: 135 ,user id: 16131171
In construction connection id: 183
In updateTweet:
ffffffffffffffffffffff:
UserID: 105333
IN IF updateHistoricalFollowers
*********************************
99999999999999999999999
upTweet
ID 677928269493223425
In construction account id: 135 ,user id: 16131171
In construction connection id: 183
In updateTweet:
ffffffffffffffffffffff:
UserID: 105333
IN IF updateHistoricalFollowers
*********************************
99999999999999999999999
upTweet
ID 676170757567811584
In construction account id: 135 ,user id: 16131171
In construction connection id: 183
In updateTweet:
ffffffffffffffffffffff:
UserID: 105333
IN IF updateHistoricalFollowers
*********************************
99999999999999999999999
upTweet
ID 674282163110588417
In construction account id: 135 ,user id: 16131171
In construction connection id: 183
In updateTweet:
ffffffffffffffffffffff:
UserID: 105333
IN IF updateHistoricalFollowers
*********************************
99999999999999999999999
upTweet
ID 673942870764621825
In construction account id: 135 ,user id: 16131171
In construction connection id: 183
In updateTweet:
ffffffffffffffffffffff:
UserID: 105333
IN IF updateHistoricalFollowers
*********************************
99999999999999999999999
upTweet
ID 673941558350102528
In construction account id: 135 ,user id: 16131171
In construction connection id: 183
In updateTweet:
ffffffffffffffffffffff:
UserID: 105333
IN IF updateHistoricalFollowers
*********************************
99999999999999999999999
upTweet
ID 672915926086524932
In construction account id: 135 ,user id: 16131171
In construction connection id: 183
In updateTweet:
ffffffffffffffffffffff:
UserID: 105333
IN IF updateHistoricalFollowers
*********************************
99999999999999999999999
upTweet
ID 672901566718963712
In construction account id: 135 ,user id: 16131171
In construction connection id: 183
In updateTweet:
ffffffffffffffffffffff:
UserID: 105333
IN IF updateHistoricalFollowers
*********************************
99999999999999999999999
upTweet
ID 670674463478910976
In construction account id: 135 ,user id: 16131171
In construction connection id: 183
In updateTweet:
ffffffffffffffffffffff:
UserID: 105333
IN IF updateHistoricalFollowers
*********************************
99999999999999999999999
upTweet
ID 669573363287900160
In construction account id: 135 ,user id: 16131171
In construction connection id: 183
In updateTweet:
ffffffffffffffffffffff:
UserID: 105333
IN IF updateHistoricalFollowers
*********************************
99999999999999999999999
upTweet
ID 669231659074658304
In construction account id: 135 ,user id: 16131171
In construction connection id: 183
In updateTweet:
ffffffffffffffffffffff:
UserID: 105333
IN IF updateHistoricalFollowers
*********************************
99999999999999999999999
upTweet
ID 667859277797679105
In construction account id: 135 ,user id: 16131171
In construction connection id: 183
In updateTweet:
ffffffffffffffffffffff:
UserID: 105333
IN IF updateHistoricalFollowers
*********************************
99999999999999999999999
upTweet
ID 667489281200517120
In construction account id: 135 ,user id: 16131171
In construction connection id: 183
In updateTweet:
ffffffffffffffffffffff:
UserID: 105333
IN IF updateHistoricalFollowers
*********************************
99999999999999999999999
upTweet
ID 666712864049274880
In construction account id: 135 ,user id: 16131171
In construction connection id: 183
In updateTweet:
ffffffffffffffffffffff:
UserID: 105333
IN IF updateHistoricalFollowers
*********************************
99999999999999999999999
upTweet
ID 664908829067448321
In construction account id: 135 ,user id: 16131171
In construction connection id: 183
In updateTweet:
ffffffffffffffffffffff:
UserID: 105333
IN IF updateHistoricalFollowers
*********************************
99999999999999999999999
upTweet
ID 664845212657713153
In construction account id: 135 ,user id: 16131171
In construction connection id: 183
In updateTweet:
ffffffffffffffffffffff:
UserID: 105333
IN IF updateHistoricalFollowers
*********************************
99999999999999999999999
upTweet
ID 664598578090909697
In construction account id: 135 ,user id: 16131171
In construction connection id: 183
In updateTweet:
ffffffffffffffffffffff:
UserID: 105333
IN IF updateHistoricalFollowers
*********************************
99999999999999999999999
upTweet
ID 664496677869359104
In construction account id: 135 ,user id: 16131171
In construction connection id: 183
In updateTweet:
ffffffffffffffffffffff:
UserID: 105333
IN IF updateHistoricalFollowers
*********************************
99999999999999999999999
upTweet
ID 664216304186990593
In construction account id: 135 ,user id: 16131171
In construction connection id: 183
In updateTweet:
ffffffffffffffffffffff:
UserID: 105333
IN IF updateHistoricalFollowers
*********************************
99999999999999999999999
upTweet
ID 660166373646032897
In construction account id: 135 ,user id: 16131171
In construction connection id: 183
In updateTweet:
ffffffffffffffffffffff:
UserID: 105333
IN IF updateHistoricalFollowers
*********************************
99999999999999999999999
upTweet
ID 660165364551188480
In construction account id: 135 ,user id: 16131171
In construction connection id: 183
In updateTweet:
ffffffffffffffffffffff:
UserID: 105333
IN IF updateHistoricalFollowers
*********************************
99999999999999999999999
upTweet
ID 659494800182353920
In construction account id: 135 ,user id: 16131171
In construction connection id: 183
In updateTweet:
ffffffffffffffffffffff:
UserID: 105333
IN IF updateHistoricalFollowers
*********************************
99999999999999999999999
upTweet
ID 658698531256082433
In construction account id: 135 ,user id: 16131171
In construction connection id: 183
In updateTweet:
ffffffffffffffffffffff:
UserID: 105333
IN IF updateHistoricalFollowers
*********************************
99999999999999999999999
upTweet
ID 657309238017028096
In construction account id: 135 ,user id: 16131171
In construction connection id: 183
In updateTweet:
ffffffffffffffffffffff:
UserID: 105333
IN IF updateHistoricalFollowers
*********************************
99999999999999999999999
upTweet
ID 654002103958921216
In construction account id: 135 ,user id: 16131171
In construction connection id: 183
In updateTweet:
ffffffffffffffffffffff:
UserID: 105333
IN IF updateHistoricalFollowers
*********************************
99999999999999999999999
upTweet
ID 652605007632670720
In construction account id: 135 ,user id: 16131171
In construction connection id: 183
In updateTweet:
ffffffffffffffffffffff:
UserID: 105333
IN IF updateHistoricalFollowers
*********************************
99999999999999999999999
upTweet
ID 652520643569696768
In construction account id: 135 ,user id: 16131171
In construction connection id: 183
In updateTweet:
ffffffffffffffffffffff:
UserID: 105333
IN IF updateHistoricalFollowers
*********************************
99999999999999999999999
upTweet
ID 652238558904909824
In construction account id: 135 ,user id: 16131171
In construction connection id: 183
In updateTweet:
ffffffffffffffffffffff:
UserID: 105333
IN IF updateHistoricalFollowers
*********************************
99999999999999999999999
upTweet
ID 652167849117548544
In construction account id: 135 ,user id: 16131171
In construction connection id: 183
In updateTweet:
ffffffffffffffffffffff:
UserID: 105333
IN IF updateHistoricalFollowers
*********************************
99999999999999999999999
upTweet
ID 651123286235963396
In construction account id: 135 ,user id: 16131171
In construction connection id: 183
In updateTweet:
ffffffffffffffffffffff:
UserID: 105333
IN IF updateHistoricalFollowers
*********************************
99999999999999999999999
upTweet
ID 649620650211020800
In construction account id: 135 ,user id: 16131171
In construction connection id: 183
In updateTweet:
ffffffffffffffffffffff:
UserID: 105333
IN IF updateHistoricalFollowers
*********************************
99999999999999999999999
upTweet
ID 648631956196982785
In construction account id: 135 ,user id: 16131171
In construction connection id: 183
In updateTweet:
ffffffffffffffffffffff:
UserID: 105333
IN IF updateHistoricalFollowers
*********************************
99999999999999999999999
upTweet
ID 648630356942282756
In construction account id: 135 ,user id: 16131171
In construction connection id: 183
In updateTweet:
ffffffffffffffffffffff:
UserID: 105333
IN IF updateHistoricalFollowers
*********************************
99999999999999999999999
upTweet
ID 648629678224216064
In construction account id: 135 ,user id: 16131171
In construction connection id: 183
In updateTweet:
ffffffffffffffffffffff:
UserID: 105333
IN IF updateHistoricalFollowers
*********************************
99999999999999999999999
upTweet
ID 647500342704271360
In construction account id: 135 ,user id: 16131171
In construction connection id: 183
In updateTweet:
ffffffffffffffffffffff:
UserID: 105333
IN IF updateHistoricalFollowers
*********************************
99999999999999999999999
upTweet
ID 647189515984089088
In construction account id: 135 ,user id: 16131171
In construction connection id: 183
In updateTweet:
ffffffffffffffffffffff:
UserID: 105333
IN IF updateHistoricalFollowers
*********************************
99999999999999999999999
upTweet
ID 646835318834892800
In construction account id: 135 ,user id: 16131171
In construction connection id: 183
In updateTweet:
ffffffffffffffffffffff:
UserID: 105333
IN IF updateHistoricalFollowers
*********************************
99999999999999999999999
upTweet
ID 646826377673633792
In construction account id: 135 ,user id: 16131171
In construction connection id: 183
In updateTweet:
ffffffffffffffffffffff:
UserID: 105333
IN IF updateHistoricalFollowers
*********************************
99999999999999999999999
upTweet
ID 644950782098300928
In construction account id: 135 ,user id: 16131171
In construction connection id: 183
In updateTweet:
ffffffffffffffffffffff:
UserID: 105333
IN IF updateHistoricalFollowers
*********************************
99999999999999999999999
upTweet
ID 642080307978629121
In construction account id: 135 ,user id: 16131171
In construction connection id: 183
In updateTweet:
ffffffffffffffffffffff:
UserID: 105333
IN IF updateHistoricalFollowers
*********************************
99999999999999999999999
upTweet
ID 639872175533629440
In construction account id: 135 ,user id: 16131171
In construction connection id: 183
In updateTweet:
ffffffffffffffffffffff:
UserID: 105333
IN IF updateHistoricalFollowers
*********************************
99999999999999999999999
upTweet
ID 639214927757053952
In construction account id: 135 ,user id: 16131171
In construction connection id: 183
In updateTweet:
ffffffffffffffffffffff:
UserID: 105333
IN IF updateHistoricalFollowers
*********************************
99999999999999999999999
upTweet
ID 638140029441675264
In construction account id: 135 ,user id: 16131171
In construction connection id: 183
In updateTweet:
ffffffffffffffffffffff:
UserID: 105333
IN IF updateHistoricalFollowers
*********************************
99999999999999999999999
upTweet
ID 635917264173277184
In construction account id: 135 ,user id: 16131171
In construction connection id: 183
In updateTweet:
ffffffffffffffffffffff:
UserID: 105333
IN IF updateHistoricalFollowers
*********************************
99999999999999999999999
upTweet
ID 634414377723166720
In construction account id: 135 ,user id: 16131171
In construction connection id: 183
In updateTweet:
ffffffffffffffffffffff:
UserID: 105333
IN IF updateHistoricalFollowers
*********************************
99999999999999999999999
upTweet
ID 634409471226200064
In construction account id: 135 ,user id: 16131171
In construction connection id: 183
In updateTweet:
ffffffffffffffffffffff:
UserID: 105333
IN IF updateHistoricalFollowers
*********************************
99999999999999999999999
upTweet
ID 632223833097916416
In construction account id: 135 ,user id: 16131171
In construction connection id: 183
In updateTweet:
ffffffffffffffffffffff:
UserID: 105333
IN IF updateHistoricalFollowers
*********************************
99999999999999999999999
upTweet
ID 631223885539770372
In construction account id: 135 ,user id: 16131171
In construction connection id: 183
In updateTweet:
ffffffffffffffffffffff:
UserID: 105333
IN IF updateHistoricalFollowers
*********************************
99999999999999999999999
upTweet
ID 629432198853099521
In construction account id: 135 ,user id: 16131171
In construction connection id: 183
In updateTweet:
ffffffffffffffffffffff:
UserID: 105333
IN IF updateHistoricalFollowers
*********************************
99999999999999999999999
upTweet
ID 629411443402776576
In construction account id: 135 ,user id: 16131171
In construction connection id: 183
In updateTweet:
ffffffffffffffffffffff:
UserID: 105333
IN IF updateHistoricalFollowers
*********************************
99999999999999999999999
upTweet
ID 628665167396663297
In construction account id: 135 ,user id: 16131171
In construction connection id: 183
In updateTweet:
ffffffffffffffffffffff:
UserID: 105333
IN IF updateHistoricalFollowers
*********************************
99999999999999999999999
upTweet
ID 627246908684242944
In construction account id: 135 ,user id: 16131171
In construction connection id: 183
In updateTweet:
ffffffffffffffffffffff:
UserID: 105333
IN IF updateHistoricalFollowers
*********************************
99999999999999999999999
upTweet
ID 626862284019789825
In construction account id: 135 ,user id: 16131171
In construction connection id: 183
In updateTweet:
ffffffffffffffffffffff:
UserID: 105333
IN IF updateHistoricalFollowers
*********************************
99999999999999999999999
upTweet
ID 621445174707814401
In construction account id: 135 ,user id: 16131171
In construction connection id: 183
In updateTweet:
ffffffffffffffffffffff:
UserID: 105333
IN IF updateHistoricalFollowers
*********************************
99999999999999999999999
upTweet
ID 619936260728201216
In construction account id: 135 ,user id: 16131171
In construction connection id: 183
In updateTweet:
ffffffffffffffffffffff:
UserID: 105333
IN IF updateHistoricalFollowers
*********************************
99999999999999999999999
upTweet
ID 619934638040068096
In construction account id: 135 ,user id: 16131171
In construction connection id: 183
In updateTweet:
ffffffffffffffffffffff:
UserID: 105333
IN IF updateHistoricalFollowers
*********************************
99999999999999999999999
upTweet
ID 619924445214453761
In construction account id: 135 ,user id: 16131171
In construction connection id: 183
In updateTweet:
ffffffffffffffffffffff:
UserID: 105333
IN IF updateHistoricalFollowers
*********************************
99999999999999999999999
upTweet
ID 619288564749045760
In construction account id: 135 ,user id: 16131171
In construction connection id: 183
In updateTweet:
ffffffffffffffffffffff:
UserID: 105333
IN IF updateHistoricalFollowers
*********************************
99999999999999999999999
upTweet
ID 618184561734889472
In construction account id: 135 ,user id: 16131171
In construction connection id: 183
In updateTweet:
ffffffffffffffffffffff:
UserID: 105333
IN IF updateHistoricalFollowers
*********************************
99999999999999999999999
upTweet
ID 617871827965054977
In construction account id: 135 ,user id: 16131171
In construction connection id: 183
In updateTweet:
ffffffffffffffffffffff:
UserID: 105333
IN IF updateHistoricalFollowers
*********************************
99999999999999999999999
upTweet
ID 617033442564419584
In construction account id: 135 ,user id: 16131171
In construction connection id: 183
In updateTweet:
ffffffffffffffffffffff:
UserID: 105333
IN IF updateHistoricalFollowers
*********************************
99999999999999999999999
upTweet
ID 616023479872286724
In construction account id: 135 ,user id: 16131171
In construction connection id: 183
In updateTweet:
ffffffffffffffffffffff:
UserID: 105333
IN IF updateHistoricalFollowers
*********************************
99999999999999999999999
upTweet
ID 615581801436676097
In construction account id: 135 ,user id: 16131171
In construction connection id: 183
In updateTweet:
ffffffffffffffffffffff:
UserID: 105333
IN IF updateHistoricalFollowers
*********************************
99999999999999999999999
upTweet
ID 615580866853650432
In construction account id: 135 ,user id: 16131171
In construction connection id: 183
In updateTweet:
ffffffffffffffffffffff:
UserID: 105333
IN IF updateHistoricalFollowers
*********************************
99999999999999999999999
upTweet
ID 615580271665135616
In construction account id: 135 ,user id: 16131171
In construction connection id: 183
In updateTweet:
ffffffffffffffffffffff:
UserID: 105333
IN IF updateHistoricalFollowers
*********************************
99999999999999999999999
upTweet
ID 613068412663791617
In construction account id: 135 ,user id: 16131171
In construction connection id: 183
In updateTweet:
ffffffffffffffffffffff:
UserID: 105333
IN IF updateHistoricalFollowers
*********************************
99999999999999999999999
upTweet
ID 611327250953187328
In construction account id: 135 ,user id: 16131171
In construction connection id: 183
In updateTweet:
ffffffffffffffffffffff:
UserID: 105333
IN IF updateHistoricalFollowers
*********************************
99999999999999999999999
upTweet
ID 608354536944771073
In construction account id: 135 ,user id: 16131171
In construction connection id: 183
In updateTweet:
ffffffffffffffffffffff:
UserID: 105333
IN IF updateHistoricalFollowers
*********************************
99999999999999999999999
upTweet
ID 608298005817638912
In construction account id: 135 ,user id: 16131171
In construction connection id: 183
In updateTweet:
ffffffffffffffffffffff:
UserID: 105333
IN IF updateHistoricalFollowers
*********************************
99999999999999999999999
upTweet
ID 607932962718552065
In construction account id: 135 ,user id: 16131171
In construction connection id: 183
In updateTweet:
ffffffffffffffffffffff:
UserID: 105333
IN IF updateHistoricalFollowers
*********************************
99999999999999999999999
upTweet
ID 606944388191801345
In construction account id: 135 ,user id: 16131171
In construction connection id: 183
In updateTweet:
ffffffffffffffffffffff:
UserID: 105333
IN IF updateHistoricalFollowers
*********************************
99999999999999999999999
upTweet
ID 605795548516347904
In construction account id: 135 ,user id: 16131171
In construction connection id: 183
In updateTweet:
ffffffffffffffffffffff:
UserID: 105333
IN IF updateHistoricalFollowers
*********************************
99999999999999999999999
upTweet
ID 604313212226551808
In construction account id: 135 ,user id: 16131171
In construction connection id: 183
In updateTweet:
ffffffffffffffffffffff:
UserID: 105333
IN IF updateHistoricalFollowers
*********************************
99999999999999999999999
upTweet
ID 603947772799262722
In construction account id: 135 ,user id: 16131171
In construction connection id: 183
In updateTweet:
ffffffffffffffffffffff:
UserID: 105333
IN IF updateHistoricalFollowers
*********************************
99999999999999999999999
upTweet
ID 596757722021949440
In construction account id: 135 ,user id: 16131171
In construction connection id: 183
In updateTweet:
ffffffffffffffffffffff:
UserID: 105333
IN IF updateHistoricalFollowers
*********************************
99999999999999999999999
upTweet
ID 591655234679623680
In construction account id: 135 ,user id: 16131171
In construction connection id: 183
In updateTweet:
ffffffffffffffffffffff:
UserID: 105333
IN IF updateHistoricalFollowers
*********************************
99999999999999999999999
upTweet
ID 585505816662401024
In construction account id: 135 ,user id: 16131171
In construction connection id: 183
In updateTweet:
ffffffffffffffffffffff:
UserID: 105333
IN IF updateHistoricalFollowers
*********************************
99999999999999999999999
upTweet
ID 585454646845661185
In construction account id: 135 ,user id: 16131171
In construction connection id: 183
In updateTweet:
ffffffffffffffffffffff:
UserID: 105333
IN IF updateHistoricalFollowers
*********************************
99999999999999999999999
upTweet
ID 585201839001337856
In construction account id: 135 ,user id: 16131171
In construction connection id: 183
In updateTweet:
ffffffffffffffffffffff:
UserID: 105333
IN IF updateHistoricalFollowers
*********************************
99999999999999999999999
upTweet
ID 580495497347112960
In construction account id: 135 ,user id: 16131171
In construction connection id: 183
In updateTweet:
ffffffffffffffffffffff:
UserID: 105333
IN IF updateHistoricalFollowers
*********************************
99999999999999999999999
upTweet
ID 578585258955841536
In construction account id: 135 ,user id: 16131171
In construction connection id: 183
In updateTweet:
ffffffffffffffffffffff:
UserID: 105333
IN IF updateHistoricalFollowers
*********************************
99999999999999999999999
upTweet
ID 578585082388045824
In construction account id: 135 ,user id: 16131171
In construction connection id: 183
In updateTweet:
ffffffffffffffffffffff:
UserID: 105333
IN IF updateHistoricalFollowers
*********************************
99999999999999999999999
upTweet
ID 578584921972715520
In construction account id: 135 ,user id: 16131171
In construction connection id: 183
In updateTweet:
ffffffffffffffffffffff:
UserID: 105333
IN IF updateHistoricalFollowers
*********************************
99999999999999999999999
upTweet
ID 578584698592448512
In construction account id: 135 ,user id: 16131171
In construction connection id: 183
In updateTweet:
ffffffffffffffffffffff:
UserID: 105333
IN IF updateHistoricalFollowers
*********************************
99999999999999999999999
upTweet
ID 578584350905778176
In construction account id: 135 ,user id: 16131171
In construction connection id: 183
In updateTweet:
ffffffffffffffffffffff:
UserID: 105333
IN IF updateHistoricalFollowers
*********************************
99999999999999999999999
upTweet
ID 578582066360537088
In construction account id: 135 ,user id: 16131171
In construction connection id: 183
In updateTweet:
ffffffffffffffffffffff:
UserID: 105333
IN IF updateHistoricalFollowers
*********************************
99999999999999999999999
upTweet
ID 577849331069415425
In construction account id: 135 ,user id: 16131171
In construction connection id: 183
In updateTweet:
ffffffffffffffffffffff:
UserID: 105333
IN IF updateHistoricalFollowers
*********************************
99999999999999999999999
upTweet
ID 577521700721594369
In construction account id: 135 ,user id: 16131171
In construction connection id: 183
In updateTweet:
ffffffffffffffffffffff:
UserID: 105333
IN IF updateHistoricalFollowers
*********************************
99999999999999999999999
upTweet
ID 576163910656507904
In construction account id: 135 ,user id: 16131171
In construction connection id: 183
In updateTweet:
ffffffffffffffffffffff:
UserID: 105333
IN IF updateHistoricalFollowers
*********************************
99999999999999999999999
upTweet
ID 575770108548661248
In construction account id: 135 ,user id: 16131171
In construction connection id: 183
In updateTweet:
ffffffffffffffffffffff:
UserID: 105333
IN IF updateHistoricalFollowers
*********************************
99999999999999999999999
upTweet
ID 573975926041673730
In construction account id: 135 ,user id: 16131171
In construction connection id: 183
In updateTweet:
ffffffffffffffffffffff:
UserID: 105333
