99999999999999999999999
upTweet
ID 709077571049103361
In construction account id: 125 ,user id: 95681541
In construction connection id: 175
In updateTweet:
ffffffffffffffffffffff:
UserID: 12570
IN IF updateHistoricalFollowers
*********************************
99999999999999999999999
upTweet
ID 708762999679365120
In construction account id: 125 ,user id: 95681541
In construction connection id: 175
In updateTweet:
ffffffffffffffffffffff:
UserID: 12570
IN IF updateHistoricalFollowers
*********************************
99999999999999999999999
upTweet
ID 708449176313470977
In construction account id: 125 ,user id: 95681541
In construction connection id: 175
In updateTweet:
ffffffffffffffffffffff:
UserID: 12570
IN IF updateHistoricalFollowers
*********************************
99999999999999999999999
upTweet
ID 708435846274293760
In construction account id: 125 ,user id: 95681541
In construction connection id: 175
In updateTweet:
ffffffffffffffffffffff:
UserID: 12570
IN IF updateHistoricalFollowers
*********************************
99999999999999999999999
upTweet
ID 708035959682564096
In construction account id: 125 ,user id: 95681541
In construction connection id: 175
In updateTweet:
ffffffffffffffffffffff:
UserID: 12570
IN IF updateHistoricalFollowers
*********************************
99999999999999999999999
upTweet
ID 707995437714771969
In construction account id: 125 ,user id: 95681541
In construction connection id: 175
In updateTweet:
ffffffffffffffffffffff:
UserID: 12570
IN IF updateHistoricalFollowers
*********************************
99999999999999999999999
upTweet
ID 707772216163708928
In construction account id: 125 ,user id: 95681541
In construction connection id: 175
In updateTweet:
ffffffffffffffffffffff:
UserID: 12570
IN IF updateHistoricalFollowers
*********************************
99999999999999999999999
upTweet
ID 707747807101210624
In construction account id: 125 ,user id: 95681541
In construction connection id: 175
In updateTweet:
ffffffffffffffffffffff:
UserID: 12570
IN IF updateHistoricalFollowers
*********************************
99999999999999999999999
upTweet
ID 707703804162998272
In construction account id: 125 ,user id: 95681541
In construction connection id: 175
In updateTweet:
ffffffffffffffffffffff:
UserID: 12570
IN IF updateHistoricalFollowers
*********************************
99999999999999999999999
upTweet
ID 707686829164605440
In construction account id: 125 ,user id: 95681541
In construction connection id: 175
In updateTweet:
ffffffffffffffffffffff:
UserID: 12570
IN IF updateHistoricalFollowers
*********************************
99999999999999999999999
upTweet
ID 707353225696047104
In construction account id: 125 ,user id: 95681541
In construction connection id: 175
In updateTweet:
ffffffffffffffffffffff:
UserID: 12570
IN IF updateHistoricalFollowers
*********************************
99999999999999999999999
upTweet
ID 707345155221622784
In construction account id: 125 ,user id: 95681541
In construction connection id: 175
In updateTweet:
ffffffffffffffffffffff:
UserID: 12570
IN IF updateHistoricalFollowers
*********************************
99999999999999999999999
upTweet
ID 707279735475167232
In construction account id: 125 ,user id: 95681541
In construction connection id: 175
In updateTweet:
ffffffffffffffffffffff:
UserID: 12570
IN IF updateHistoricalFollowers
*********************************
99999999999999999999999
upTweet
ID 707014222983471104
In construction account id: 125 ,user id: 95681541
In construction connection id: 175
In updateTweet:
ffffffffffffffffffffff:
UserID: 12570
IN IF updateHistoricalFollowers
*********************************
99999999999999999999999
upTweet
ID 706939730185728000
In construction account id: 125 ,user id: 95681541
In construction connection id: 175
In updateTweet:
ffffffffffffffffffffff:
UserID: 12570
IN IF updateHistoricalFollowers
*********************************
99999999999999999999999
upTweet
ID 706901450119483393
In construction account id: 125 ,user id: 95681541
In construction connection id: 175
In updateTweet:
ffffffffffffffffffffff:
UserID: 12570
IN IF updateHistoricalFollowers
*********************************
99999999999999999999999
upTweet
ID 706894939150487554
In construction account id: 125 ,user id: 95681541
In construction connection id: 175
In updateTweet:
ffffffffffffffffffffff:
UserID: 12570
IN IF updateHistoricalFollowers
*********************************
99999999999999999999999
upTweet
ID 706643031013785600
In construction account id: 125 ,user id: 95681541
In construction connection id: 175
In updateTweet:
ffffffffffffffffffffff:
UserID: 12570
IN IF updateHistoricalFollowers
*********************************
99999999999999999999999
upTweet
ID 706268970685325313
In construction account id: 125 ,user id: 95681541
In construction connection id: 175
In updateTweet:
ffffffffffffffffffffff:
UserID: 12570
IN IF updateHistoricalFollowers
*********************************
99999999999999999999999
upTweet
ID 706196334861135872
In construction account id: 125 ,user id: 95681541
In construction connection id: 175
In updateTweet:
ffffffffffffffffffffff:
UserID: 12570
IN IF updateHistoricalFollowers
*********************************
99999999999999999999999
upTweet
ID 706180835762810881
In construction account id: 125 ,user id: 95681541
In construction connection id: 175
In updateTweet:
ffffffffffffffffffffff:
UserID: 12570
IN IF updateHistoricalFollowers
*********************************
99999999999999999999999
upTweet
ID 705914978658680832
In construction account id: 125 ,user id: 95681541
In construction connection id: 175
In updateTweet:
ffffffffffffffffffffff:
UserID: 12570
IN IF updateHistoricalFollowers
*********************************
99999999999999999999999
upTweet
ID 705872952584069121
In construction account id: 125 ,user id: 95681541
In construction connection id: 175
In updateTweet:
ffffffffffffffffffffff:
UserID: 12570
IN IF updateHistoricalFollowers
*********************************
99999999999999999999999
upTweet
ID 705845327803260933
In construction account id: 125 ,user id: 95681541
In construction connection id: 175
In updateTweet:
ffffffffffffffffffffff:
UserID: 12570
IN IF updateHistoricalFollowers
*********************************
99999999999999999999999
upTweet
ID 705816336748797953
In construction account id: 125 ,user id: 95681541
In construction connection id: 175
In updateTweet:
ffffffffffffffffffffff:
UserID: 12570
IN IF updateHistoricalFollowers
*********************************
99999999999999999999999
upTweet
ID 705809718720106496
In construction account id: 125 ,user id: 95681541
In construction connection id: 175
In updateTweet:
ffffffffffffffffffffff:
UserID: 12570
IN IF updateHistoricalFollowers
*********************************
99999999999999999999999
upTweet
ID 705809639972032512
In construction account id: 125 ,user id: 95681541
In construction connection id: 175
In updateTweet:
ffffffffffffffffffffff:
UserID: 12570
IN IF updateHistoricalFollowers
*********************************
99999999999999999999999
upTweet
ID 705809404013117440
In construction account id: 125 ,user id: 95681541
In construction connection id: 175
In updateTweet:
ffffffffffffffffffffff:
UserID: 12570
IN IF updateHistoricalFollowers
*********************************
99999999999999999999999
upTweet
ID 705808568222527489
In construction account id: 125 ,user id: 95681541
In construction connection id: 175
In updateTweet:
ffffffffffffffffffffff:
UserID: 12570
IN IF updateHistoricalFollowers
*********************************
99999999999999999999999
upTweet
ID 705808462584807424
In construction account id: 125 ,user id: 95681541
In construction connection id: 175
In updateTweet:
ffffffffffffffffffffff:
UserID: 12570
IN IF updateHistoricalFollowers
*********************************
99999999999999999999999
upTweet
ID 705808289804627969
In construction account id: 125 ,user id: 95681541
In construction connection id: 175
In updateTweet:
ffffffffffffffffffffff:
UserID: 12570
IN IF updateHistoricalFollowers
*********************************
99999999999999999999999
upTweet
ID 705808223614451712
In construction account id: 125 ,user id: 95681541
In construction connection id: 175
In updateTweet:
ffffffffffffffffffffff:
UserID: 12570
IN IF updateHistoricalFollowers
*********************************
99999999999999999999999
upTweet
ID 705552338061279232
In construction account id: 125 ,user id: 95681541
In construction connection id: 175
In updateTweet:
ffffffffffffffffffffff:
UserID: 12570
IN IF updateHistoricalFollowers
*********************************
99999999999999999999999
upTweet
ID 705514340670054400
In construction account id: 125 ,user id: 95681541
In construction connection id: 175
In updateTweet:
ffffffffffffffffffffff:
UserID: 12570
IN IF updateHistoricalFollowers
*********************************
99999999999999999999999
upTweet
ID 705488940166418432
In construction account id: 125 ,user id: 95681541
In construction connection id: 175
In updateTweet:
ffffffffffffffffffffff:
UserID: 12570
IN IF updateHistoricalFollowers
*********************************
99999999999999999999999
upTweet
ID 705469797119688706
In construction account id: 125 ,user id: 95681541
In construction connection id: 175
In updateTweet:
ffffffffffffffffffffff:
UserID: 12570
IN IF updateHistoricalFollowers
*********************************
99999999999999999999999
upTweet
ID 705455541095686144
In construction account id: 125 ,user id: 95681541
In construction connection id: 175
In updateTweet:
ffffffffffffffffffffff:
UserID: 12570
IN IF updateHistoricalFollowers
*********************************
99999999999999999999999
upTweet
ID 705450603879624705
In construction account id: 125 ,user id: 95681541
In construction connection id: 175
In updateTweet:
ffffffffffffffffffffff:
UserID: 12570
IN IF updateHistoricalFollowers
*********************************
99999999999999999999999
upTweet
ID 705449341750611968
In construction account id: 125 ,user id: 95681541
In construction connection id: 175
In updateTweet:
ffffffffffffffffffffff:
UserID: 12570
IN IF updateHistoricalFollowers
*********************************
99999999999999999999999
upTweet
ID 705448904012136448
In construction account id: 125 ,user id: 95681541
In construction connection id: 175
In updateTweet:
ffffffffffffffffffffff:
UserID: 12570
IN IF updateHistoricalFollowers
*********************************
99999999999999999999999
upTweet
ID 705446392202969088
In construction account id: 125 ,user id: 95681541
In construction connection id: 175
In updateTweet:
ffffffffffffffffffffff:
UserID: 12570
IN IF updateHistoricalFollowers
*********************************
99999999999999999999999
upTweet
ID 705229469053644801
In construction account id: 125 ,user id: 95681541
In construction connection id: 175
In updateTweet:
ffffffffffffffffffffff:
UserID: 12570
IN IF updateHistoricalFollowers
*********************************
99999999999999999999999
upTweet
ID 705200257395662849
In construction account id: 125 ,user id: 95681541
In construction connection id: 175
In updateTweet:
ffffffffffffffffffffff:
UserID: 12570
IN IF updateHistoricalFollowers
*********************************
99999999999999999999999
upTweet
ID 705170321477730306
In construction account id: 125 ,user id: 95681541
In construction connection id: 175
In updateTweet:
ffffffffffffffffffffff:
UserID: 12570
IN IF updateHistoricalFollowers
*********************************
99999999999999999999999
upTweet
ID 705154825613258752
In construction account id: 125 ,user id: 95681541
In construction connection id: 175
In updateTweet:
ffffffffffffffffffffff:
UserID: 12570
IN IF updateHistoricalFollowers
*********************************
99999999999999999999999
upTweet
ID 705154487397306368
In construction account id: 125 ,user id: 95681541
In construction connection id: 175
In updateTweet:
ffffffffffffffffffffff:
UserID: 12570
IN IF updateHistoricalFollowers
*********************************
99999999999999999999999
upTweet
ID 705154364357259264
In construction account id: 125 ,user id: 95681541
In construction connection id: 175
In updateTweet:
ffffffffffffffffffffff:
UserID: 12570
IN IF updateHistoricalFollowers
*********************************
99999999999999999999999
upTweet
ID 705122004400144384
In construction account id: 125 ,user id: 95681541
In construction connection id: 175
In updateTweet:
ffffffffffffffffffffff:
UserID: 12570
IN IF updateHistoricalFollowers
*********************************
99999999999999999999999
upTweet
ID 705111861948243968
In construction account id: 125 ,user id: 95681541
In construction connection id: 175
In updateTweet:
ffffffffffffffffffffff:
UserID: 12570
IN IF updateHistoricalFollowers
*********************************
99999999999999999999999
upTweet
ID 704839894196031488
In construction account id: 125 ,user id: 95681541
In construction connection id: 175
In updateTweet:
ffffffffffffffffffffff:
UserID: 12570
IN IF updateHistoricalFollowers
*********************************
99999999999999999999999
upTweet
ID 704800887617757184
In construction account id: 125 ,user id: 95681541
In construction connection id: 175
In updateTweet:
ffffffffffffffffffffff:
UserID: 12570
IN IF updateHistoricalFollowers
*********************************
99999999999999999999999
upTweet
ID 704720860687405056
In construction account id: 125 ,user id: 95681541
In construction connection id: 175
In updateTweet:
ffffffffffffffffffffff:
UserID: 12570
IN IF updateHistoricalFollowers
*********************************
99999999999999999999999
upTweet
ID 704466937368043521
In construction account id: 125 ,user id: 95681541
In construction connection id: 175
In updateTweet:
ffffffffffffffffffffff:
UserID: 12570
IN IF updateHistoricalFollowers
*********************************
99999999999999999999999
upTweet
ID 704459168657203200
In construction account id: 125 ,user id: 95681541
In construction connection id: 175
In updateTweet:
ffffffffffffffffffffff:
UserID: 12570
IN IF updateHistoricalFollowers
*********************************
99999999999999999999999
upTweet
ID 704459033672028160
In construction account id: 125 ,user id: 95681541
In construction connection id: 175
In updateTweet:
ffffffffffffffffffffff:
UserID: 12570
IN IF updateHistoricalFollowers
*********************************
99999999999999999999999
upTweet
ID 704458239803428864
In construction account id: 125 ,user id: 95681541
In construction connection id: 175
In updateTweet:
ffffffffffffffffffffff:
UserID: 12570
IN IF updateHistoricalFollowers
*********************************
99999999999999999999999
upTweet
ID 704402104761192448
In construction account id: 125 ,user id: 95681541
In construction connection id: 175
In updateTweet:
ffffffffffffffffffffff:
UserID: 12570
IN IF updateHistoricalFollowers
*********************************
99999999999999999999999
upTweet
ID 704355707995430912
In construction account id: 125 ,user id: 95681541
In construction connection id: 175
In updateTweet:
ffffffffffffffffffffff:
UserID: 12570
IN IF updateHistoricalFollowers
*********************************
99999999999999999999999
upTweet
ID 704138527244587008
In construction account id: 125 ,user id: 95681541
In construction connection id: 175
In updateTweet:
ffffffffffffffffffffff:
UserID: 12570
IN IF updateHistoricalFollowers
*********************************
99999999999999999999999
upTweet
ID 703674471001903105
In construction account id: 125 ,user id: 95681541
In construction connection id: 175
In updateTweet:
ffffffffffffffffffffff:
UserID: 12570
IN IF updateHistoricalFollowers
*********************************
99999999999999999999999
upTweet
ID 703387829951332352
In construction account id: 125 ,user id: 95681541
In construction connection id: 175
In updateTweet:
ffffffffffffffffffffff:
UserID: 12570
IN IF updateHistoricalFollowers
*********************************
99999999999999999999999
upTweet
ID 703380259488436224
In construction account id: 125 ,user id: 95681541
In construction connection id: 175
In updateTweet:
ffffffffffffffffffffff:
UserID: 12570
IN IF updateHistoricalFollowers
*********************************
99999999999999999999999
upTweet
ID 703380153208934400
In construction account id: 125 ,user id: 95681541
In construction connection id: 175
In updateTweet:
ffffffffffffffffffffff:
UserID: 12570
IN IF updateHistoricalFollowers
*********************************
99999999999999999999999
upTweet
ID 703358887253057536
In construction account id: 125 ,user id: 95681541
In construction connection id: 175
In updateTweet:
ffffffffffffffffffffff:
UserID: 12570
IN IF updateHistoricalFollowers
*********************************
99999999999999999999999
upTweet
ID 703279894654914560
In construction account id: 125 ,user id: 95681541
In construction connection id: 175
In updateTweet:
ffffffffffffffffffffff:
UserID: 12570
IN IF updateHistoricalFollowers
*********************************
99999999999999999999999
upTweet
ID 703043306142326784
In construction account id: 125 ,user id: 95681541
In construction connection id: 175
In updateTweet:
ffffffffffffffffffffff:
UserID: 12570
IN IF updateHistoricalFollowers
*********************************
99999999999999999999999
upTweet
ID 702954981511417856
In construction account id: 125 ,user id: 95681541
In construction connection id: 175
In updateTweet:
ffffffffffffffffffffff:
UserID: 12570
IN IF updateHistoricalFollowers
*********************************
99999999999999999999999
upTweet
ID 702928620294172672
In construction account id: 125 ,user id: 95681541
In construction connection id: 175
In updateTweet:
ffffffffffffffffffffff:
UserID: 12570
IN IF updateHistoricalFollowers
*********************************
99999999999999999999999
upTweet
ID 702911764179066880
In construction account id: 125 ,user id: 95681541
In construction connection id: 175
In updateTweet:
ffffffffffffffffffffff:
UserID: 12570
IN IF updateHistoricalFollowers
*********************************
99999999999999999999999
upTweet
ID 702702312704380928
In construction account id: 125 ,user id: 95681541
In construction connection id: 175
In updateTweet:
ffffffffffffffffffffff:
UserID: 12570
IN IF updateHistoricalFollowers
*********************************
99999999999999999999999
upTweet
ID 702633502454337536
In construction account id: 125 ,user id: 95681541
In construction connection id: 175
In updateTweet:
ffffffffffffffffffffff:
UserID: 12570
IN IF updateHistoricalFollowers
*********************************
99999999999999999999999
upTweet
ID 702598921848107009
In construction account id: 125 ,user id: 95681541
In construction connection id: 175
In updateTweet:
ffffffffffffffffffffff:
UserID: 12570
IN IF updateHistoricalFollowers
*********************************
99999999999999999999999
upTweet
ID 702297271312867328
In construction account id: 125 ,user id: 95681541
In construction connection id: 175
In updateTweet:
ffffffffffffffffffffff:
UserID: 12570
IN IF updateHistoricalFollowers
*********************************
99999999999999999999999
upTweet
ID 702268570378461184
In construction account id: 125 ,user id: 95681541
In construction connection id: 175
In updateTweet:
ffffffffffffffffffffff:
UserID: 12570
IN IF updateHistoricalFollowers
*********************************
99999999999999999999999
upTweet
ID 702268433304424450
In construction account id: 125 ,user id: 95681541
In construction connection id: 175
In updateTweet:
ffffffffffffffffffffff:
UserID: 12570
IN IF updateHistoricalFollowers
*********************************
99999999999999999999999
upTweet
ID 702226927176646656
In construction account id: 125 ,user id: 95681541
In construction connection id: 175
In updateTweet:
ffffffffffffffffffffff:
UserID: 12570
IN IF updateHistoricalFollowers
*********************************
99999999999999999999999
upTweet
ID 702199245856571392
In construction account id: 125 ,user id: 95681541
In construction connection id: 175
In updateTweet:
ffffffffffffffffffffff:
UserID: 12570
IN IF updateHistoricalFollowers
*********************************
99999999999999999999999
upTweet
ID 702190425721798656
In construction account id: 125 ,user id: 95681541
In construction connection id: 175
In updateTweet:
ffffffffffffffffffffff:
UserID: 12570
IN IF updateHistoricalFollowers
*********************************
99999999999999999999999
upTweet
ID 702190071441596416
In construction account id: 125 ,user id: 95681541
In construction connection id: 175
In updateTweet:
ffffffffffffffffffffff:
UserID: 12570
IN IF updateHistoricalFollowers
*********************************
99999999999999999999999
upTweet
ID 701966209458184192
In construction account id: 125 ,user id: 95681541
In construction connection id: 175
In updateTweet:
ffffffffffffffffffffff:
UserID: 12570
IN IF updateHistoricalFollowers
*********************************
99999999999999999999999
upTweet
ID 701946077121892352
In construction account id: 125 ,user id: 95681541
In construction connection id: 175
In updateTweet:
ffffffffffffffffffffff:
UserID: 12570
IN IF updateHistoricalFollowers
*********************************
99999999999999999999999
upTweet
ID 701943579095117824
In construction account id: 125 ,user id: 95681541
In construction connection id: 175
In updateTweet:
ffffffffffffffffffffff:
UserID: 12570
IN IF updateHistoricalFollowers
*********************************
99999999999999999999999
upTweet
ID 701943462518591490
In construction account id: 125 ,user id: 95681541
In construction connection id: 175
In updateTweet:
ffffffffffffffffffffff:
UserID: 12570
IN IF updateHistoricalFollowers
*********************************
99999999999999999999999
upTweet
ID 701943276643876864
In construction account id: 125 ,user id: 95681541
In construction connection id: 175
In updateTweet:
ffffffffffffffffffffff:
UserID: 12570
IN IF updateHistoricalFollowers
*********************************
99999999999999999999999
upTweet
ID 701874129767571456
In construction account id: 125 ,user id: 95681541
In construction connection id: 175
In updateTweet:
ffffffffffffffffffffff:
UserID: 12570
IN IF updateHistoricalFollowers
*********************************
99999999999999999999999
upTweet
ID 701857514283859968
In construction account id: 125 ,user id: 95681541
In construction connection id: 175
In updateTweet:
ffffffffffffffffffffff:
UserID: 12570
IN IF updateHistoricalFollowers
*********************************
99999999999999999999999
upTweet
ID 701616099519913984
In construction account id: 125 ,user id: 95681541
In construction connection id: 175
In updateTweet:
ffffffffffffffffffffff:
UserID: 12570
IN IF updateHistoricalFollowers
*********************************
99999999999999999999999
upTweet
ID 701559530132369408
In construction account id: 125 ,user id: 95681541
In construction connection id: 175
In updateTweet:
ffffffffffffffffffffff:
UserID: 12570
IN IF updateHistoricalFollowers
*********************************
99999999999999999999999
upTweet
ID 701193368949227520
In construction account id: 125 ,user id: 95681541
In construction connection id: 175
In updateTweet:
ffffffffffffffffffffff:
UserID: 12570
IN IF updateHistoricalFollowers
*********************************
99999999999999999999999
upTweet
ID 701117869728239617
In construction account id: 125 ,user id: 95681541
In construction connection id: 175
In updateTweet:
ffffffffffffffffffffff:
UserID: 12570
IN IF updateHistoricalFollowers
*********************************
99999999999999999999999
upTweet
ID 700813353367670784
In construction account id: 125 ,user id: 95681541
In construction connection id: 175
In updateTweet:
ffffffffffffffffffffff:
UserID: 12570
IN IF updateHistoricalFollowers
*********************************
99999999999999999999999
upTweet
ID 700813192813936640
In construction account id: 125 ,user id: 95681541
In construction connection id: 175
In updateTweet:
ffffffffffffffffffffff:
UserID: 12570
IN IF updateHistoricalFollowers
*********************************
99999999999999999999999
upTweet
ID 700752969394860032
In construction account id: 125 ,user id: 95681541
In construction connection id: 175
In updateTweet:
ffffffffffffffffffffff:
UserID: 12570
IN IF updateHistoricalFollowers
*********************************
99999999999999999999999
upTweet
ID 700731071940300800
In construction account id: 125 ,user id: 95681541
In construction connection id: 175
In updateTweet:
ffffffffffffffffffffff:
UserID: 12570
IN IF updateHistoricalFollowers
*********************************
99999999999999999999999
upTweet
ID 700505336138981376
In construction account id: 125 ,user id: 95681541
In construction connection id: 175
In updateTweet:
ffffffffffffffffffffff:
UserID: 12570
IN IF updateHistoricalFollowers
*********************************
99999999999999999999999
upTweet
ID 700420274433339393
In construction account id: 125 ,user id: 95681541
In construction connection id: 175
In updateTweet:
ffffffffffffffffffffff:
UserID: 12570
IN IF updateHistoricalFollowers
*********************************
99999999999999999999999
upTweet
ID 700384034082279424
In construction account id: 125 ,user id: 95681541
In construction connection id: 175
In updateTweet:
ffffffffffffffffffffff:
UserID: 12570
IN IF updateHistoricalFollowers
*********************************
99999999999999999999999
upTweet
ID 700381427922153472
In construction account id: 125 ,user id: 95681541
In construction connection id: 175
In updateTweet:
ffffffffffffffffffffff:
UserID: 12570
IN IF updateHistoricalFollowers
*********************************
99999999999999999999999
upTweet
ID 700113709771808769
In construction account id: 125 ,user id: 95681541
In construction connection id: 175
In updateTweet:
ffffffffffffffffffffff:
UserID: 12570
IN IF updateHistoricalFollowers
*********************************
99999999999999999999999
upTweet
ID 700113348398964736
In construction account id: 125 ,user id: 95681541
In construction connection id: 175
In updateTweet:
ffffffffffffffffffffff:
UserID: 12570
IN IF updateHistoricalFollowers
*********************************
99999999999999999999999
upTweet
ID 700113218195197952
In construction account id: 125 ,user id: 95681541
In construction connection id: 175
In updateTweet:
ffffffffffffffffffffff:
UserID: 12570
IN IF updateHistoricalFollowers
*********************************
99999999999999999999999
upTweet
ID 700092078064185344
In construction account id: 125 ,user id: 95681541
In construction connection id: 175
In updateTweet:
ffffffffffffffffffffff:
UserID: 12570
IN IF updateHistoricalFollowers
*********************************
99999999999999999999999
upTweet
ID 700066945689780224
In construction account id: 125 ,user id: 95681541
In construction connection id: 175
In updateTweet:
ffffffffffffffffffffff:
UserID: 12570
IN IF updateHistoricalFollowers
*********************************
99999999999999999999999
upTweet
ID 700022113491521536
In construction account id: 125 ,user id: 95681541
In construction connection id: 175
In updateTweet:
ffffffffffffffffffffff:
UserID: 12570
IN IF updateHistoricalFollowers
*********************************
99999999999999999999999
upTweet
ID 699742812976230400
In construction account id: 125 ,user id: 95681541
In construction connection id: 175
In updateTweet:
ffffffffffffffffffffff:
UserID: 12570
IN IF updateHistoricalFollowers
*********************************
99999999999999999999999
upTweet
ID 699737423652081665
In construction account id: 125 ,user id: 95681541
In construction connection id: 175
In updateTweet:
ffffffffffffffffffffff:
UserID: 12570
IN IF updateHistoricalFollowers
*********************************
99999999999999999999999
upTweet
ID 699733275829366784
In construction account id: 125 ,user id: 95681541
In construction connection id: 175
In updateTweet:
ffffffffffffffffffffff:
UserID: 12570
IN IF updateHistoricalFollowers
*********************************
99999999999999999999999
upTweet
ID 699732877903163392
In construction account id: 125 ,user id: 95681541
In construction connection id: 175
In updateTweet:
ffffffffffffffffffffff:
UserID: 12570
IN IF updateHistoricalFollowers
*********************************
99999999999999999999999
upTweet
ID 699731770149699584
In construction account id: 125 ,user id: 95681541
In construction connection id: 175
In updateTweet:
ffffffffffffffffffffff:
UserID: 12570
IN IF updateHistoricalFollowers
*********************************
99999999999999999999999
upTweet
ID 699731576863608833
In construction account id: 125 ,user id: 95681541
In construction connection id: 175
In updateTweet:
ffffffffffffffffffffff:
UserID: 12570
IN IF updateHistoricalFollowers
*********************************
99999999999999999999999
upTweet
ID 699731051539623936
In construction account id: 125 ,user id: 95681541
In construction connection id: 175
In updateTweet:
ffffffffffffffffffffff:
UserID: 12570
IN IF updateHistoricalFollowers
*********************************
99999999999999999999999
upTweet
ID 699695525948313600
In construction account id: 125 ,user id: 95681541
In construction connection id: 175
