99999999999999999999999
upTweet
ID 708721735655231488
In construction account id: 12 ,user id: 64453378
In construction connection id: 73
In updateTweet:
ffffffffffffffffffffff:
UserID: 20
IN IF updateHistoricalFollowers
*********************************
99999999999999999999999
upTweet
ID 708426047004532738
In construction account id: 12 ,user id: 64453378
In construction connection id: 73
In updateTweet:
ffffffffffffffffffffff:
UserID: 20
IN IF updateHistoricalFollowers
*********************************
99999999999999999999999
upTweet
ID 708410593259073536
In construction account id: 12 ,user id: 64453378
In construction connection id: 73
In updateTweet:
ffffffffffffffffffffff:
UserID: 20
IN IF updateHistoricalFollowers
*********************************
99999999999999999999999
upTweet
ID 708410492843204608
In construction account id: 12 ,user id: 64453378
In construction connection id: 73
In updateTweet:
ffffffffffffffffffffff:
UserID: 20
IN IF updateHistoricalFollowers
*********************************
99999999999999999999999
upTweet
ID 708331255285178369
In construction account id: 12 ,user id: 64453378
In construction connection id: 73
In updateTweet:
ffffffffffffffffffffff:
UserID: 20
IN IF updateHistoricalFollowers
*********************************
99999999999999999999999
upTweet
ID 708331140155748354
In construction account id: 12 ,user id: 64453378
In construction connection id: 73
In updateTweet:
ffffffffffffffffffffff:
UserID: 20
IN IF updateHistoricalFollowers
*********************************
99999999999999999999999
upTweet
ID 708065097944592384
In construction account id: 12 ,user id: 64453378
In construction connection id: 73
In updateTweet:
ffffffffffffffffffffff:
UserID: 20
IN IF updateHistoricalFollowers
*********************************
99999999999999999999999
upTweet
ID 708034858547806208
In construction account id: 12 ,user id: 64453378
In construction connection id: 73
In updateTweet:
ffffffffffffffffffffff:
UserID: 20
IN IF updateHistoricalFollowers
*********************************
99999999999999999999999
upTweet
ID 708019767744073731
In construction account id: 12 ,user id: 64453378
In construction connection id: 73
In updateTweet:
ffffffffffffffffffffff:
UserID: 20
IN IF updateHistoricalFollowers
*********************************
99999999999999999999999
upTweet
ID 707981889898807297
In construction account id: 12 ,user id: 64453378
In construction connection id: 73
In updateTweet:
ffffffffffffffffffffff:
UserID: 20
IN IF updateHistoricalFollowers
*********************************
99999999999999999999999
upTweet
ID 707775782177779712
In construction account id: 12 ,user id: 64453378
In construction connection id: 73
In updateTweet:
ffffffffffffffffffffff:
UserID: 20
IN IF updateHistoricalFollowers
*********************************
99999999999999999999999
upTweet
ID 707775757020344320
In construction account id: 12 ,user id: 64453378
In construction connection id: 73
In updateTweet:
ffffffffffffffffffffff:
UserID: 20
IN IF updateHistoricalFollowers
*********************************
99999999999999999999999
upTweet
ID 707740278375849986
In construction account id: 12 ,user id: 64453378
In construction connection id: 73
In updateTweet:
ffffffffffffffffffffff:
UserID: 20
IN IF updateHistoricalFollowers
*********************************
99999999999999999999999
upTweet
ID 707694346250784768
In construction account id: 12 ,user id: 64453378
In construction connection id: 73
In updateTweet:
ffffffffffffffffffffff:
UserID: 20
IN IF updateHistoricalFollowers
*********************************
99999999999999999999999
upTweet
ID 707669338283581440
In construction account id: 12 ,user id: 64453378
In construction connection id: 73
In updateTweet:
ffffffffffffffffffffff:
UserID: 20
IN IF updateHistoricalFollowers
*********************************
99999999999999999999999
upTweet
ID 707666618004807680
In construction account id: 12 ,user id: 64453378
In construction connection id: 73
In updateTweet:
ffffffffffffffffffffff:
UserID: 20
IN IF updateHistoricalFollowers
*********************************
99999999999999999999999
upTweet
ID 707352684693573632
In construction account id: 12 ,user id: 64453378
In construction connection id: 73
In updateTweet:
ffffffffffffffffffffff:
UserID: 20
IN IF updateHistoricalFollowers
*********************************
99999999999999999999999
upTweet
ID 707342692733329409
In construction account id: 12 ,user id: 64453378
In construction connection id: 73
In updateTweet:
ffffffffffffffffffffff:
UserID: 20
IN IF updateHistoricalFollowers
*********************************
99999999999999999999999
upTweet
ID 707308821929140225
In construction account id: 12 ,user id: 64453378
In construction connection id: 73
In updateTweet:
ffffffffffffffffffffff:
UserID: 20
IN IF updateHistoricalFollowers
*********************************
99999999999999999999999
upTweet
ID 707254727856275457
In construction account id: 12 ,user id: 64453378
In construction connection id: 73
In updateTweet:
ffffffffffffffffffffff:
UserID: 20
IN IF updateHistoricalFollowers
*********************************
99999999999999999999999
upTweet
ID 707236982208876544
In construction account id: 12 ,user id: 64453378
In construction connection id: 73
In updateTweet:
ffffffffffffffffffffff:
UserID: 20
IN IF updateHistoricalFollowers
*********************************
99999999999999999999999
upTweet
ID 707236935064891392
In construction account id: 12 ,user id: 64453378
In construction connection id: 73
In updateTweet:
ffffffffffffffffffffff:
UserID: 20
IN IF updateHistoricalFollowers
*********************************
99999999999999999999999
upTweet
ID 706991069431345152
In construction account id: 12 ,user id: 64453378
In construction connection id: 73
In updateTweet:
ffffffffffffffffffffff:
UserID: 20
IN IF updateHistoricalFollowers
*********************************
99999999999999999999999
upTweet
ID 706990986077949952
In construction account id: 12 ,user id: 64453378
In construction connection id: 73
In updateTweet:
ffffffffffffffffffffff:
UserID: 20
IN IF updateHistoricalFollowers
*********************************
99999999999999999999999
upTweet
ID 706885934395080704
In construction account id: 12 ,user id: 64453378
In construction connection id: 73
In updateTweet:
ffffffffffffffffffffff:
UserID: 20
IN IF updateHistoricalFollowers
*********************************
99999999999999999999999
upTweet
ID 706871534086828032
In construction account id: 12 ,user id: 64453378
In construction connection id: 73
In updateTweet:
ffffffffffffffffffffff:
UserID: 20
IN IF updateHistoricalFollowers
*********************************
99999999999999999999999
upTweet
ID 706182438393765888
In construction account id: 12 ,user id: 64453378
In construction connection id: 73
In updateTweet:
ffffffffffffffffffffff:
UserID: 20
IN IF updateHistoricalFollowers
*********************************
99999999999999999999999
upTweet
ID 705813436395945985
In construction account id: 12 ,user id: 64453378
In construction connection id: 73
In updateTweet:
ffffffffffffffffffffff:
UserID: 20
IN IF updateHistoricalFollowers
*********************************
99999999999999999999999
upTweet
ID 705810190759763968
In construction account id: 12 ,user id: 64453378
In construction connection id: 73
In updateTweet:
ffffffffffffffffffffff:
UserID: 20
IN IF updateHistoricalFollowers
*********************************
99999999999999999999999
upTweet
ID 705798650312544256
In construction account id: 12 ,user id: 64453378
In construction connection id: 73
In updateTweet:
ffffffffffffffffffffff:
UserID: 20
IN IF updateHistoricalFollowers
*********************************
99999999999999999999999
upTweet
ID 705520146924728320
In construction account id: 12 ,user id: 64453378
In construction connection id: 73
In updateTweet:
ffffffffffffffffffffff:
UserID: 20
IN IF updateHistoricalFollowers
*********************************
99999999999999999999999
upTweet
ID 705449075995447296
In construction account id: 12 ,user id: 64453378
In construction connection id: 73
In updateTweet:
ffffffffffffffffffffff:
UserID: 20
IN IF updateHistoricalFollowers
*********************************
99999999999999999999999
upTweet
ID 705436836907200512
In construction account id: 12 ,user id: 64453378
In construction connection id: 73
In updateTweet:
ffffffffffffffffffffff:
UserID: 20
IN IF updateHistoricalFollowers
*********************************
99999999999999999999999
upTweet
ID 705167127569899520
In construction account id: 12 ,user id: 64453378
In construction connection id: 73
In updateTweet:
ffffffffffffffffffffff:
UserID: 20
IN IF updateHistoricalFollowers
*********************************
99999999999999999999999
upTweet
ID 705153280570232832
In construction account id: 12 ,user id: 64453378
In construction connection id: 73
In updateTweet:
ffffffffffffffffffffff:
UserID: 20
IN IF updateHistoricalFollowers
*********************************
99999999999999999999999
upTweet
ID 705125300099678208
In construction account id: 12 ,user id: 64453378
In construction connection id: 73
In updateTweet:
ffffffffffffffffffffff:
UserID: 20
IN IF updateHistoricalFollowers
*********************************
99999999999999999999999
upTweet
ID 705118063004413952
In construction account id: 12 ,user id: 64453378
In construction connection id: 73
In updateTweet:
ffffffffffffffffffffff:
UserID: 20
IN IF updateHistoricalFollowers
*********************************
99999999999999999999999
upTweet
ID 705079469925478400
In construction account id: 12 ,user id: 64453378
In construction connection id: 73
In updateTweet:
ffffffffffffffffffffff:
UserID: 20
IN IF updateHistoricalFollowers
*********************************
99999999999999999999999
upTweet
ID 705060073362460672
In construction account id: 12 ,user id: 64453378
In construction connection id: 73
In updateTweet:
ffffffffffffffffffffff:
UserID: 20
IN IF updateHistoricalFollowers
*********************************
99999999999999999999999
upTweet
ID 704850007896281088
In construction account id: 12 ,user id: 64453378
In construction connection id: 73
In updateTweet:
ffffffffffffffffffffff:
UserID: 20
IN IF updateHistoricalFollowers
*********************************
99999999999999999999999
upTweet
ID 704801023798472705
In construction account id: 12 ,user id: 64453378
In construction connection id: 73
In updateTweet:
ffffffffffffffffffffff:
UserID: 20
IN IF updateHistoricalFollowers
*********************************
99999999999999999999999
upTweet
ID 704760201593769984
In construction account id: 12 ,user id: 64453378
In construction connection id: 73
In updateTweet:
ffffffffffffffffffffff:
UserID: 20
IN IF updateHistoricalFollowers
*********************************
99999999999999999999999
upTweet
ID 704759454944907264
In construction account id: 12 ,user id: 64453378
In construction connection id: 73
In updateTweet:
ffffffffffffffffffffff:
UserID: 20
IN IF updateHistoricalFollowers
*********************************
99999999999999999999999
upTweet
ID 704714075700404224
In construction account id: 12 ,user id: 64453378
In construction connection id: 73
In updateTweet:
ffffffffffffffffffffff:
UserID: 20
IN IF updateHistoricalFollowers
*********************************
99999999999999999999999
upTweet
ID 704710751773073412
In construction account id: 12 ,user id: 64453378
In construction connection id: 73
In updateTweet:
ffffffffffffffffffffff:
UserID: 20
IN IF updateHistoricalFollowers
*********************************
99999999999999999999999
upTweet
ID 704710678741815296
In construction account id: 12 ,user id: 64453378
In construction connection id: 73
In updateTweet:
ffffffffffffffffffffff:
UserID: 20
IN IF updateHistoricalFollowers
*********************************
99999999999999999999999
upTweet
ID 704413932790788096
In construction account id: 12 ,user id: 64453378
In construction connection id: 73
In updateTweet:
ffffffffffffffffffffff:
UserID: 20
IN IF updateHistoricalFollowers
*********************************
99999999999999999999999
upTweet
ID 703347663215960064
In construction account id: 12 ,user id: 64453378
In construction connection id: 73
In updateTweet:
ffffffffffffffffffffff:
UserID: 20
IN IF updateHistoricalFollowers
*********************************
99999999999999999999999
upTweet
ID 703018061738151937
In construction account id: 12 ,user id: 64453378
In construction connection id: 73
In updateTweet:
ffffffffffffffffffffff:
UserID: 20
IN IF updateHistoricalFollowers
*********************************
99999999999999999999999
upTweet
ID 702890066994040832
In construction account id: 12 ,user id: 64453378
In construction connection id: 73
In updateTweet:
ffffffffffffffffffffff:
UserID: 20
IN IF updateHistoricalFollowers
*********************************
99999999999999999999999
upTweet
ID 702889999763542016
In construction account id: 12 ,user id: 64453378
In construction connection id: 73
In updateTweet:
ffffffffffffffffffffff:
UserID: 20
IN IF updateHistoricalFollowers
*********************************
99999999999999999999999
upTweet
ID 702543676044668929
In construction account id: 12 ,user id: 64453378
In construction connection id: 73
In updateTweet:
ffffffffffffffffffffff:
UserID: 20
IN IF updateHistoricalFollowers
*********************************
99999999999999999999999
upTweet
ID 702538407147229184
In construction account id: 12 ,user id: 64453378
In construction connection id: 73
In updateTweet:
ffffffffffffffffffffff:
UserID: 20
IN IF updateHistoricalFollowers
*********************************
99999999999999999999999
upTweet
ID 702538070390734849
In construction account id: 12 ,user id: 64453378
In construction connection id: 73
In updateTweet:
ffffffffffffffffffffff:
UserID: 20
IN IF updateHistoricalFollowers
*********************************
99999999999999999999999
upTweet
ID 702520100469940226
In construction account id: 12 ,user id: 64453378
In construction connection id: 73
In updateTweet:
ffffffffffffffffffffff:
UserID: 20
IN IF updateHistoricalFollowers
*********************************
99999999999999999999999
upTweet
ID 702290144116617216
In construction account id: 12 ,user id: 64453378
In construction connection id: 73
In updateTweet:
ffffffffffffffffffffff:
UserID: 20
IN IF updateHistoricalFollowers
*********************************
99999999999999999999999
upTweet
ID 702281857069510656
In construction account id: 12 ,user id: 64453378
In construction connection id: 73
In updateTweet:
ffffffffffffffffffffff:
UserID: 20
IN IF updateHistoricalFollowers
*********************************
99999999999999999999999
upTweet
ID 702247467526434817
In construction account id: 12 ,user id: 64453378
In construction connection id: 73
In updateTweet:
ffffffffffffffffffffff:
UserID: 20
IN IF updateHistoricalFollowers
*********************************
99999999999999999999999
upTweet
ID 702220215032143872
In construction account id: 12 ,user id: 64453378
In construction connection id: 73
In updateTweet:
ffffffffffffffffffffff:
UserID: 20
IN IF updateHistoricalFollowers
*********************************
99999999999999999999999
upTweet
ID 702190848805511168
In construction account id: 12 ,user id: 64453378
In construction connection id: 73
In updateTweet:
ffffffffffffffffffffff:
UserID: 20
IN IF updateHistoricalFollowers
*********************************
99999999999999999999999
upTweet
ID 701897133805453312
In construction account id: 12 ,user id: 64453378
In construction connection id: 73
In updateTweet:
ffffffffffffffffffffff:
UserID: 20
IN IF updateHistoricalFollowers
*********************************
99999999999999999999999
upTweet
ID 701880012861886464
In construction account id: 12 ,user id: 64453378
In construction connection id: 73
In updateTweet:
ffffffffffffffffffffff:
UserID: 20
IN IF updateHistoricalFollowers
*********************************
99999999999999999999999
upTweet
ID 701857582281920512
In construction account id: 12 ,user id: 64453378
In construction connection id: 73
In updateTweet:
ffffffffffffffffffffff:
UserID: 20
IN IF updateHistoricalFollowers
*********************************
99999999999999999999999
upTweet
ID 701790387954802688
In construction account id: 12 ,user id: 64453378
In construction connection id: 73
In updateTweet:
ffffffffffffffffffffff:
UserID: 20
IN IF updateHistoricalFollowers
*********************************
99999999999999999999999
upTweet
ID 701143100727676928
In construction account id: 12 ,user id: 64453378
In construction connection id: 73
In updateTweet:
ffffffffffffffffffffff:
UserID: 20
IN IF updateHistoricalFollowers
*********************************
99999999999999999999999
upTweet
ID 700735458825863168
In construction account id: 12 ,user id: 64453378
In construction connection id: 73
In updateTweet:
ffffffffffffffffffffff:
UserID: 20
IN IF updateHistoricalFollowers
*********************************
99999999999999999999999
upTweet
ID 700726408281075715
In construction account id: 12 ,user id: 64453378
In construction connection id: 73
In updateTweet:
ffffffffffffffffffffff:
UserID: 20
IN IF updateHistoricalFollowers
*********************************
99999999999999999999999
upTweet
ID 700719395148926976
In construction account id: 12 ,user id: 64453378
In construction connection id: 73
In updateTweet:
ffffffffffffffffffffff:
UserID: 20
IN IF updateHistoricalFollowers
*********************************
99999999999999999999999
upTweet
ID 700552085184520192
In construction account id: 12 ,user id: 64453378
In construction connection id: 73
In updateTweet:
ffffffffffffffffffffff:
UserID: 20
IN IF updateHistoricalFollowers
*********************************
99999999999999999999999
upTweet
ID 700383259578994689
In construction account id: 12 ,user id: 64453378
In construction connection id: 73
In updateTweet:
ffffffffffffffffffffff:
UserID: 20
IN IF updateHistoricalFollowers
*********************************
99999999999999999999999
upTweet
ID 700361691167592448
In construction account id: 12 ,user id: 64453378
In construction connection id: 73
In updateTweet:
ffffffffffffffffffffff:
UserID: 20
IN IF updateHistoricalFollowers
*********************************
99999999999999999999999
upTweet
ID 700339822704123904
In construction account id: 12 ,user id: 64453378
In construction connection id: 73
In updateTweet:
ffffffffffffffffffffff:
UserID: 20
IN IF updateHistoricalFollowers
*********************************
99999999999999999999999
upTweet
ID 700091266999123968
In construction account id: 12 ,user id: 64453378
In construction connection id: 73
In updateTweet:
ffffffffffffffffffffff:
UserID: 20
IN IF updateHistoricalFollowers
*********************************
99999999999999999999999
upTweet
ID 700045878359420928
In construction account id: 12 ,user id: 64453378
In construction connection id: 73
In updateTweet:
ffffffffffffffffffffff:
UserID: 20
IN IF updateHistoricalFollowers
*********************************
99999999999999999999999
upTweet
ID 700032554792042496
In construction account id: 12 ,user id: 64453378
In construction connection id: 73
In updateTweet:
ffffffffffffffffffffff:
UserID: 20
IN IF updateHistoricalFollowers
*********************************
99999999999999999999999
upTweet
ID 700012028996534276
In construction account id: 12 ,user id: 64453378
In construction connection id: 73
In updateTweet:
ffffffffffffffffffffff:
UserID: 20
IN IF updateHistoricalFollowers
*********************************
99999999999999999999999
upTweet
ID 700009993450291200
In construction account id: 12 ,user id: 64453378
In construction connection id: 73
In updateTweet:
ffffffffffffffffffffff:
UserID: 20
IN IF updateHistoricalFollowers
*********************************
99999999999999999999999
upTweet
ID 699970925362479105
In construction account id: 12 ,user id: 64453378
In construction connection id: 73
In updateTweet:
ffffffffffffffffffffff:
UserID: 20
IN IF updateHistoricalFollowers
*********************************
99999999999999999999999
upTweet
ID 699753994483298306
In construction account id: 12 ,user id: 64453378
In construction connection id: 73
In updateTweet:
ffffffffffffffffffffff:
UserID: 20
IN IF updateHistoricalFollowers
*********************************
99999999999999999999999
upTweet
ID 699753386808205312
In construction account id: 12 ,user id: 64453378
In construction connection id: 73
In updateTweet:
ffffffffffffffffffffff:
UserID: 20
IN IF updateHistoricalFollowers
*********************************
99999999999999999999999
upTweet
ID 699678794760597504
In construction account id: 12 ,user id: 64453378
In construction connection id: 73
In updateTweet:
ffffffffffffffffffffff:
UserID: 20
IN IF updateHistoricalFollowers
*********************************
99999999999999999999999
upTweet
ID 699670165307265025
In construction account id: 12 ,user id: 64453378
In construction connection id: 73
In updateTweet:
ffffffffffffffffffffff:
UserID: 20
IN IF updateHistoricalFollowers
*********************************
99999999999999999999999
upTweet
ID 699277178559574017
In construction account id: 12 ,user id: 64453378
In construction connection id: 73
In updateTweet:
ffffffffffffffffffffff:
UserID: 20
IN IF updateHistoricalFollowers
*********************************
99999999999999999999999
upTweet
ID 698583216811327489
In construction account id: 12 ,user id: 64453378
In construction connection id: 73
In updateTweet:
ffffffffffffffffffffff:
UserID: 20
IN IF updateHistoricalFollowers
*********************************
99999999999999999999999
upTweet
ID 698564944900530176
In construction account id: 12 ,user id: 64453378
In construction connection id: 73
In updateTweet:
ffffffffffffffffffffff:
UserID: 20
IN IF updateHistoricalFollowers
*********************************
99999999999999999999999
upTweet
ID 698539958684880896
In construction account id: 12 ,user id: 64453378
In construction connection id: 73
In updateTweet:
ffffffffffffffffffffff:
UserID: 20
IN IF updateHistoricalFollowers
*********************************
99999999999999999999999
upTweet
ID 698284268859105284
In construction account id: 12 ,user id: 64453378
In construction connection id: 73
In updateTweet:
ffffffffffffffffffffff:
UserID: 20
IN IF updateHistoricalFollowers
*********************************
99999999999999999999999
upTweet
ID 698240955464306688
In construction account id: 12 ,user id: 64453378
In construction connection id: 73
In updateTweet:
ffffffffffffffffffffff:
UserID: 20
IN IF updateHistoricalFollowers
*********************************
99999999999999999999999
upTweet
ID 698191228605747200
In construction account id: 12 ,user id: 64453378
In construction connection id: 73
In updateTweet:
ffffffffffffffffffffff:
UserID: 20
IN IF updateHistoricalFollowers
*********************************
99999999999999999999999
upTweet
ID 698187204992958464
In construction account id: 12 ,user id: 64453378
In construction connection id: 73
In updateTweet:
ffffffffffffffffffffff:
UserID: 20
IN IF updateHistoricalFollowers
*********************************
99999999999999999999999
upTweet
ID 698187079574904832
In construction account id: 12 ,user id: 64453378
In construction connection id: 73
In updateTweet:
ffffffffffffffffffffff:
UserID: 20
IN IF updateHistoricalFollowers
*********************************
99999999999999999999999
upTweet
ID 698187058905395201
In construction account id: 12 ,user id: 64453378
In construction connection id: 73
In updateTweet:
ffffffffffffffffffffff:
UserID: 20
IN IF updateHistoricalFollowers
*********************************
99999999999999999999999
upTweet
ID 698176642204565504
In construction account id: 12 ,user id: 64453378
In construction connection id: 73
In updateTweet:
ffffffffffffffffffffff:
UserID: 20
IN IF updateHistoricalFollowers
*********************************
99999999999999999999999
upTweet
ID 697942518781050880
In construction account id: 12 ,user id: 64453378
In construction connection id: 73
In updateTweet:
ffffffffffffffffffffff:
UserID: 20
IN IF updateHistoricalFollowers
*********************************
99999999999999999999999
upTweet
ID 697933735128363009
In construction account id: 12 ,user id: 64453378
In construction connection id: 73
In updateTweet:
ffffffffffffffffffffff:
UserID: 20
IN IF updateHistoricalFollowers
*********************************
99999999999999999999999
upTweet
ID 697916839255527424
In construction account id: 12 ,user id: 64453378
In construction connection id: 73
In updateTweet:
ffffffffffffffffffffff:
UserID: 20
IN IF updateHistoricalFollowers
*********************************
99999999999999999999999
upTweet
ID 697907660700553216
In construction account id: 12 ,user id: 64453378
In construction connection id: 73
In updateTweet:
ffffffffffffffffffffff:
UserID: 20
IN IF updateHistoricalFollowers
*********************************
99999999999999999999999
upTweet
ID 697905088623325185
In construction account id: 12 ,user id: 64453378
In construction connection id: 73
In updateTweet:
ffffffffffffffffffffff:
UserID: 20
IN IF updateHistoricalFollowers
*********************************
99999999999999999999999
upTweet
ID 697873025807601664
In construction account id: 12 ,user id: 64453378
In construction connection id: 73
In updateTweet:
ffffffffffffffffffffff:
UserID: 20
IN IF updateHistoricalFollowers
*********************************
99999999999999999999999
upTweet
ID 697844900109242368
In construction account id: 12 ,user id: 64453378
In construction connection id: 73
In updateTweet:
ffffffffffffffffffffff:
UserID: 20
IN IF updateHistoricalFollowers
*********************************
99999999999999999999999
upTweet
ID 697836265224318976
In construction account id: 12 ,user id: 64453378
In construction connection id: 73
In updateTweet:
ffffffffffffffffffffff:
UserID: 20
IN IF updateHistoricalFollowers
*********************************
99999999999999999999999
upTweet
ID 697567137444052992
In construction account id: 12 ,user id: 64453378
In construction connection id: 73
In updateTweet:
ffffffffffffffffffffff:
UserID: 20
IN IF updateHistoricalFollowers
*********************************
99999999999999999999999
upTweet
ID 697512971753385984
In construction account id: 12 ,user id: 64453378
In construction connection id: 73
In updateTweet:
ffffffffffffffffffffff:
UserID: 20
IN IF updateHistoricalFollowers
*********************************
99999999999999999999999
upTweet
ID 697505346022146048
In construction account id: 12 ,user id: 64453378
In construction connection id: 73
In updateTweet:
ffffffffffffffffffffff:
UserID: 20
IN IF updateHistoricalFollowers
*********************************
99999999999999999999999
upTweet
ID 697479089876299776
In construction account id: 12 ,user id: 64453378
In construction connection id: 73
In updateTweet:
ffffffffffffffffffffff:
UserID: 20
IN IF updateHistoricalFollowers
*********************************
99999999999999999999999
upTweet
ID 697467613518163970
In construction account id: 12 ,user id: 64453378
In construction connection id: 73
In updateTweet:
ffffffffffffffffffffff:
UserID: 20
IN IF updateHistoricalFollowers
*********************************
99999999999999999999999
upTweet
ID 697464639139876865
In construction account id: 12 ,user id: 64453378
In construction connection id: 73
In updateTweet:
ffffffffffffffffffffff:
UserID: 20
IN IF updateHistoricalFollowers
*********************************
99999999999999999999999
upTweet
ID 697193757326835712
In construction account id: 12 ,user id: 64453378
In construction connection id: 73
In updateTweet:
ffffffffffffffffffffff:
UserID: 20
IN IF updateHistoricalFollowers
*********************************
99999999999999999999999
upTweet
ID 697138240671756288
In construction account id: 12 ,user id: 64453378
In construction connection id: 73
In updateTweet:
ffffffffffffffffffffff:
UserID: 20
IN IF updateHistoricalFollowers
*********************************
99999999999999999999999
upTweet
ID 697130549731659777
In construction account id: 12 ,user id: 64453378
In construction connection id: 73
In updateTweet:
ffffffffffffffffffffff:
UserID: 20
IN IF updateHistoricalFollowers
*********************************
99999999999999999999999
upTweet
ID 696789402937376769
In construction account id: 12 ,user id: 64453378
In construction connection id: 73
In updateTweet:
ffffffffffffffffffffff:
UserID: 20
IN IF updateHistoricalFollowers
*********************************
99999999999999999999999
upTweet
ID 695711154711166976
In construction account id: 12 ,user id: 64453378
In construction connection id: 73
In updateTweet:
ffffffffffffffffffffff:
UserID: 20
IN IF updateHistoricalFollowers
*********************************
99999999999999999999999
upTweet
ID 695697224303570944
In construction account id: 12 ,user id: 64453378
In construction connection id: 73
In updateTweet:
ffffffffffffffffffffff:
UserID: 20
IN IF updateHistoricalFollowers
*********************************
99999999999999999999999
upTweet
ID 695295920267739136
In construction account id: 12 ,user id: 64453378
In construction connection id: 73
In updateTweet:
ffffffffffffffffffffff:
UserID: 20
IN IF updateHistoricalFollowers
*********************************
99999999999999999999999
upTweet
ID 695287993049812993
In construction account id: 12 ,user id: 64453378
In construction connection id: 73
In updateTweet:
ffffffffffffffffffffff:
UserID: 20
IN IF updateHistoricalFollowers
*********************************
99999999999999999999999
upTweet
ID 695287974863310849
In construction account id: 12 ,user id: 64453378
In construction connection id: 73
In updateTweet:
ffffffffffffffffffffff:
UserID: 20
IN IF updateHistoricalFollowers
*********************************
99999999999999999999999
upTweet
ID 694977506936516608
In construction account id: 12 ,user id: 64453378
In construction connection id: 73
In updateTweet:
ffffffffffffffffffffff:
UserID: 20
IN IF updateHistoricalFollowers
*********************************
99999999999999999999999
upTweet
ID 694975625317122049
In construction account id: 12 ,user id: 64453378
In construction connection id: 73
In updateTweet:
ffffffffffffffffffffff:
UserID: 20
IN IF updateHistoricalFollowers
