99999999999999999999999
upTweet
ID 709079079190835200
In construction account id: 25 ,user id: 64609353
In construction connection id: 78
In updateTweet:
ffffffffffffffffffffff:
UserID: 11717
IN IF updateHistoricalFollowers
*********************************
99999999999999999999999
upTweet
ID 708881777843044352
In construction account id: 25 ,user id: 64609353
In construction connection id: 78
In updateTweet:
ffffffffffffffffffffff:
UserID: 11717
IN IF updateHistoricalFollowers
*********************************
99999999999999999999999
upTweet
ID 708879660512354304
In construction account id: 25 ,user id: 64609353
In construction connection id: 78
In updateTweet:
ffffffffffffffffffffff:
UserID: 11717
IN IF updateHistoricalFollowers
*********************************
99999999999999999999999
upTweet
ID 708455642449596416
In construction account id: 25 ,user id: 64609353
In construction connection id: 78
In updateTweet:
ffffffffffffffffffffff:
UserID: 11717
IN IF updateHistoricalFollowers
*********************************
99999999999999999999999
upTweet
ID 708439002643234816
In construction account id: 25 ,user id: 64609353
In construction connection id: 78
In updateTweet:
ffffffffffffffffffffff:
UserID: 11717
IN IF updateHistoricalFollowers
*********************************
99999999999999999999999
upTweet
ID 708418886140448768
In construction account id: 25 ,user id: 64609353
In construction connection id: 78
In updateTweet:
ffffffffffffffffffffff:
UserID: 11717
IN IF updateHistoricalFollowers
*********************************
99999999999999999999999
upTweet
ID 708415725992611840
In construction account id: 25 ,user id: 64609353
In construction connection id: 78
In updateTweet:
ffffffffffffffffffffff:
UserID: 11717
IN IF updateHistoricalFollowers
*********************************
99999999999999999999999
upTweet
ID 708412051132063744
In construction account id: 25 ,user id: 64609353
In construction connection id: 78
In updateTweet:
ffffffffffffffffffffff:
UserID: 11717
IN IF updateHistoricalFollowers
*********************************
99999999999999999999999
upTweet
ID 708403965290016768
In construction account id: 25 ,user id: 64609353
In construction connection id: 78
In updateTweet:
ffffffffffffffffffffff:
UserID: 11717
IN IF updateHistoricalFollowers
*********************************
99999999999999999999999
upTweet
ID 708401961549303809
In construction account id: 25 ,user id: 64609353
In construction connection id: 78
In updateTweet:
ffffffffffffffffffffff:
UserID: 11717
IN IF updateHistoricalFollowers
*********************************
99999999999999999999999
upTweet
ID 708400854273884160
In construction account id: 25 ,user id: 64609353
In construction connection id: 78
In updateTweet:
ffffffffffffffffffffff:
UserID: 11717
IN IF updateHistoricalFollowers
*********************************
99999999999999999999999
upTweet
ID 708399064308559872
In construction account id: 25 ,user id: 64609353
In construction connection id: 78
In updateTweet:
ffffffffffffffffffffff:
UserID: 11717
IN IF updateHistoricalFollowers
*********************************
99999999999999999999999
upTweet
ID 708398917554212864
In construction account id: 25 ,user id: 64609353
In construction connection id: 78
In updateTweet:
ffffffffffffffffffffff:
UserID: 11717
IN IF updateHistoricalFollowers
*********************************
99999999999999999999999
upTweet
ID 708392443725479937
In construction account id: 25 ,user id: 64609353
In construction connection id: 78
In updateTweet:
ffffffffffffffffffffff:
UserID: 11717
IN IF updateHistoricalFollowers
*********************************
99999999999999999999999
upTweet
ID 708383245860122624
In construction account id: 25 ,user id: 64609353
In construction connection id: 78
In updateTweet:
ffffffffffffffffffffff:
UserID: 11717
IN IF updateHistoricalFollowers
*********************************
99999999999999999999999
upTweet
ID 708358078211694592
In construction account id: 25 ,user id: 64609353
In construction connection id: 78
In updateTweet:
ffffffffffffffffffffff:
UserID: 11717
IN IF updateHistoricalFollowers
*********************************
99999999999999999999999
upTweet
ID 708349898920341504
In construction account id: 25 ,user id: 64609353
In construction connection id: 78
In updateTweet:
ffffffffffffffffffffff:
UserID: 11717
IN IF updateHistoricalFollowers
*********************************
99999999999999999999999
upTweet
ID 708349226187681794
In construction account id: 25 ,user id: 64609353
In construction connection id: 78
In updateTweet:
ffffffffffffffffffffff:
UserID: 11717
IN IF updateHistoricalFollowers
*********************************
99999999999999999999999
upTweet
ID 708337414989811712
In construction account id: 25 ,user id: 64609353
In construction connection id: 78
In updateTweet:
ffffffffffffffffffffff:
UserID: 11717
IN IF updateHistoricalFollowers
*********************************
99999999999999999999999
upTweet
ID 708140401719291904
In construction account id: 25 ,user id: 64609353
In construction connection id: 78
In updateTweet:
ffffffffffffffffffffff:
UserID: 11717
IN IF updateHistoricalFollowers
*********************************
99999999999999999999999
upTweet
ID 708069075595845632
In construction account id: 25 ,user id: 64609353
In construction connection id: 78
In updateTweet:
ffffffffffffffffffffff:
UserID: 11717
IN IF updateHistoricalFollowers
*********************************
99999999999999999999999
upTweet
ID 708018588980895744
In construction account id: 25 ,user id: 64609353
In construction connection id: 78
In updateTweet:
ffffffffffffffffffffff:
UserID: 11717
IN IF updateHistoricalFollowers
*********************************
99999999999999999999999
upTweet
ID 707986327485042689
In construction account id: 25 ,user id: 64609353
In construction connection id: 78
In updateTweet:
ffffffffffffffffffffff:
UserID: 11717
IN IF updateHistoricalFollowers
*********************************
99999999999999999999999
upTweet
ID 707984239619276800
In construction account id: 25 ,user id: 64609353
In construction connection id: 78
In updateTweet:
ffffffffffffffffffffff:
UserID: 11717
IN IF updateHistoricalFollowers
*********************************
99999999999999999999999
upTweet
ID 707788824970039296
In construction account id: 25 ,user id: 64609353
In construction connection id: 78
In updateTweet:
ffffffffffffffffffffff:
UserID: 11717
IN IF updateHistoricalFollowers
*********************************
99999999999999999999999
upTweet
ID 707685897781641218
In construction account id: 25 ,user id: 64609353
In construction connection id: 78
In updateTweet:
ffffffffffffffffffffff:
UserID: 11717
IN IF updateHistoricalFollowers
*********************************
99999999999999999999999
upTweet
ID 707651365330288640
In construction account id: 25 ,user id: 64609353
In construction connection id: 78
In updateTweet:
ffffffffffffffffffffff:
UserID: 11717
IN IF updateHistoricalFollowers
*********************************
99999999999999999999999
upTweet
ID 707615006699945984
In construction account id: 25 ,user id: 64609353
In construction connection id: 78
In updateTweet:
ffffffffffffffffffffff:
UserID: 11717
IN IF updateHistoricalFollowers
*********************************
99999999999999999999999
upTweet
ID 707614864156397569
In construction account id: 25 ,user id: 64609353
In construction connection id: 78
In updateTweet:
ffffffffffffffffffffff:
UserID: 11717
IN IF updateHistoricalFollowers
*********************************
99999999999999999999999
upTweet
ID 707613015244349441
In construction account id: 25 ,user id: 64609353
In construction connection id: 78
In updateTweet:
ffffffffffffffffffffff:
UserID: 11717
IN IF updateHistoricalFollowers
*********************************
99999999999999999999999
upTweet
ID 707611424709677058
In construction account id: 25 ,user id: 64609353
In construction connection id: 78
In updateTweet:
ffffffffffffffffffffff:
UserID: 11717
IN IF updateHistoricalFollowers
*********************************
99999999999999999999999
upTweet
ID 707602241289527296
In construction account id: 25 ,user id: 64609353
In construction connection id: 78
In updateTweet:
ffffffffffffffffffffff:
UserID: 11717
IN IF updateHistoricalFollowers
*********************************
99999999999999999999999
upTweet
ID 707600116555710464
In construction account id: 25 ,user id: 64609353
In construction connection id: 78
In updateTweet:
ffffffffffffffffffffff:
UserID: 11717
IN IF updateHistoricalFollowers
*********************************
99999999999999999999999
upTweet
ID 707600028261621764
In construction account id: 25 ,user id: 64609353
In construction connection id: 78
In updateTweet:
ffffffffffffffffffffff:
UserID: 11717
IN IF updateHistoricalFollowers
*********************************
99999999999999999999999
upTweet
ID 707377616731254785
In construction account id: 25 ,user id: 64609353
In construction connection id: 78
In updateTweet:
ffffffffffffffffffffff:
UserID: 11717
IN IF updateHistoricalFollowers
*********************************
99999999999999999999999
upTweet
ID 707352840558256129
In construction account id: 25 ,user id: 64609353
In construction connection id: 78
In updateTweet:
ffffffffffffffffffffff:
UserID: 11717
IN IF updateHistoricalFollowers
*********************************
99999999999999999999999
upTweet
ID 707351766359101440
In construction account id: 25 ,user id: 64609353
In construction connection id: 78
In updateTweet:
ffffffffffffffffffffff:
UserID: 11717
IN IF updateHistoricalFollowers
*********************************
99999999999999999999999
upTweet
ID 707339608330280962
In construction account id: 25 ,user id: 64609353
In construction connection id: 78
In updateTweet:
ffffffffffffffffffffff:
UserID: 11717
IN IF updateHistoricalFollowers
*********************************
99999999999999999999999
upTweet
ID 707338488715169792
In construction account id: 25 ,user id: 64609353
In construction connection id: 78
In updateTweet:
ffffffffffffffffffffff:
UserID: 11717
IN IF updateHistoricalFollowers
*********************************
99999999999999999999999
upTweet
ID 707335087747039233
In construction account id: 25 ,user id: 64609353
In construction connection id: 78
In updateTweet:
ffffffffffffffffffffff:
UserID: 11717
IN IF updateHistoricalFollowers
*********************************
99999999999999999999999
upTweet
ID 707318587036471301
In construction account id: 25 ,user id: 64609353
In construction connection id: 78
In updateTweet:
ffffffffffffffffffffff:
UserID: 11717
IN IF updateHistoricalFollowers
*********************************
99999999999999999999999
upTweet
ID 707313610142318592
In construction account id: 25 ,user id: 64609353
In construction connection id: 78
In updateTweet:
ffffffffffffffffffffff:
UserID: 11717
IN IF updateHistoricalFollowers
*********************************
99999999999999999999999
upTweet
ID 707311920856965120
In construction account id: 25 ,user id: 64609353
In construction connection id: 78
In updateTweet:
ffffffffffffffffffffff:
UserID: 11717
IN IF updateHistoricalFollowers
*********************************
99999999999999999999999
upTweet
ID 707302937270181888
In construction account id: 25 ,user id: 64609353
In construction connection id: 78
In updateTweet:
ffffffffffffffffffffff:
UserID: 11717
IN IF updateHistoricalFollowers
*********************************
99999999999999999999999
upTweet
ID 707287755609387008
In construction account id: 25 ,user id: 64609353
In construction connection id: 78
In updateTweet:
ffffffffffffffffffffff:
UserID: 11717
IN IF updateHistoricalFollowers
*********************************
99999999999999999999999
upTweet
ID 707285455000117248
In construction account id: 25 ,user id: 64609353
In construction connection id: 78
In updateTweet:
ffffffffffffffffffffff:
UserID: 11717
IN IF updateHistoricalFollowers
*********************************
99999999999999999999999
upTweet
ID 707250822225260544
In construction account id: 25 ,user id: 64609353
In construction connection id: 78
In updateTweet:
ffffffffffffffffffffff:
UserID: 11717
IN IF updateHistoricalFollowers
*********************************
99999999999999999999999
upTweet
ID 707249861297610753
In construction account id: 25 ,user id: 64609353
In construction connection id: 78
In updateTweet:
ffffffffffffffffffffff:
UserID: 11717
IN IF updateHistoricalFollowers
*********************************
99999999999999999999999
upTweet
ID 707043917737234433
In construction account id: 25 ,user id: 64609353
In construction connection id: 78
In updateTweet:
ffffffffffffffffffffff:
UserID: 11717
IN IF updateHistoricalFollowers
*********************************
99999999999999999999999
upTweet
ID 707014920198615040
In construction account id: 25 ,user id: 64609353
In construction connection id: 78
In updateTweet:
ffffffffffffffffffffff:
UserID: 11717
IN IF updateHistoricalFollowers
*********************************
99999999999999999999999
upTweet
ID 707006651052601344
In construction account id: 25 ,user id: 64609353
In construction connection id: 78
In updateTweet:
ffffffffffffffffffffff:
UserID: 11717
IN IF updateHistoricalFollowers
*********************************
99999999999999999999999
upTweet
ID 707001318758420480
In construction account id: 25 ,user id: 64609353
In construction connection id: 78
In updateTweet:
ffffffffffffffffffffff:
UserID: 11717
IN IF updateHistoricalFollowers
*********************************
99999999999999999999999
upTweet
ID 706991790381871104
In construction account id: 25 ,user id: 64609353
In construction connection id: 78
In updateTweet:
ffffffffffffffffffffff:
UserID: 11717
IN IF updateHistoricalFollowers
*********************************
99999999999999999999999
upTweet
ID 706981868202229761
In construction account id: 25 ,user id: 64609353
In construction connection id: 78
In updateTweet:
ffffffffffffffffffffff:
UserID: 11717
IN IF updateHistoricalFollowers
*********************************
99999999999999999999999
upTweet
ID 706979926180810752
In construction account id: 25 ,user id: 64609353
In construction connection id: 78
In updateTweet:
ffffffffffffffffffffff:
UserID: 11717
IN IF updateHistoricalFollowers
*********************************
99999999999999999999999
upTweet
ID 706970131902046211
In construction account id: 25 ,user id: 64609353
In construction connection id: 78
In updateTweet:
ffffffffffffffffffffff:
UserID: 11717
IN IF updateHistoricalFollowers
*********************************
99999999999999999999999
upTweet
ID 706952584964214788
In construction account id: 25 ,user id: 64609353
In construction connection id: 78
In updateTweet:
ffffffffffffffffffffff:
UserID: 11717
IN IF updateHistoricalFollowers
*********************************
99999999999999999999999
upTweet
ID 706907366969704448
In construction account id: 25 ,user id: 64609353
In construction connection id: 78
In updateTweet:
ffffffffffffffffffffff:
UserID: 11717
IN IF updateHistoricalFollowers
*********************************
99999999999999999999999
upTweet
ID 706906100038144000
In construction account id: 25 ,user id: 64609353
In construction connection id: 78
In updateTweet:
ffffffffffffffffffffff:
UserID: 11717
IN IF updateHistoricalFollowers
*********************************
99999999999999999999999
upTweet
ID 706905923432947712
In construction account id: 25 ,user id: 64609353
In construction connection id: 78
In updateTweet:
ffffffffffffffffffffff:
UserID: 11717
IN IF updateHistoricalFollowers
*********************************
99999999999999999999999
upTweet
ID 706899526833942528
In construction account id: 25 ,user id: 64609353
In construction connection id: 78
In updateTweet:
ffffffffffffffffffffff:
UserID: 11717
IN IF updateHistoricalFollowers
*********************************
99999999999999999999999
upTweet
ID 706898600664510464
In construction account id: 25 ,user id: 64609353
In construction connection id: 78
In updateTweet:
ffffffffffffffffffffff:
UserID: 11717
IN IF updateHistoricalFollowers
*********************************
99999999999999999999999
upTweet
ID 706885893383004161
In construction account id: 25 ,user id: 64609353
In construction connection id: 78
In updateTweet:
ffffffffffffffffffffff:
UserID: 11717
IN IF updateHistoricalFollowers
*********************************
99999999999999999999999
upTweet
ID 706877971454234625
In construction account id: 25 ,user id: 64609353
In construction connection id: 78
In updateTweet:
ffffffffffffffffffffff:
UserID: 11717
IN IF updateHistoricalFollowers
*********************************
99999999999999999999999
upTweet
ID 706631849372729344
In construction account id: 25 ,user id: 64609353
In construction connection id: 78
In updateTweet:
ffffffffffffffffffffff:
UserID: 11717
IN IF updateHistoricalFollowers
*********************************
99999999999999999999999
upTweet
ID 706631169224286209
In construction account id: 25 ,user id: 64609353
In construction connection id: 78
In updateTweet:
ffffffffffffffffffffff:
UserID: 11717
IN IF updateHistoricalFollowers
*********************************
99999999999999999999999
upTweet
ID 706578834942857216
In construction account id: 25 ,user id: 64609353
In construction connection id: 78
In updateTweet:
ffffffffffffffffffffff:
UserID: 11717
IN IF updateHistoricalFollowers
*********************************
99999999999999999999999
upTweet
ID 706577036052209668
In construction account id: 25 ,user id: 64609353
In construction connection id: 78
In updateTweet:
ffffffffffffffffffffff:
UserID: 11717
IN IF updateHistoricalFollowers
*********************************
99999999999999999999999
upTweet
ID 706576784142286849
In construction account id: 25 ,user id: 64609353
In construction connection id: 78
In updateTweet:
ffffffffffffffffffffff:
UserID: 11717
IN IF updateHistoricalFollowers
*********************************
99999999999999999999999
upTweet
ID 706576673731260416
In construction account id: 25 ,user id: 64609353
In construction connection id: 78
In updateTweet:
ffffffffffffffffffffff:
UserID: 11717
IN IF updateHistoricalFollowers
*********************************
99999999999999999999999
upTweet
ID 706504060229197824
In construction account id: 25 ,user id: 64609353
In construction connection id: 78
In updateTweet:
ffffffffffffffffffffff:
UserID: 11717
IN IF updateHistoricalFollowers
*********************************
99999999999999999999999
upTweet
ID 706269595389169664
In construction account id: 25 ,user id: 64609353
In construction connection id: 78
In updateTweet:
ffffffffffffffffffffff:
UserID: 11717
IN IF updateHistoricalFollowers
*********************************
99999999999999999999999
upTweet
ID 706266490564022272
In construction account id: 25 ,user id: 64609353
In construction connection id: 78
In updateTweet:
ffffffffffffffffffffff:
UserID: 11717
IN IF updateHistoricalFollowers
*********************************
99999999999999999999999
upTweet
ID 706195328622415872
In construction account id: 25 ,user id: 64609353
In construction connection id: 78
In updateTweet:
ffffffffffffffffffffff:
UserID: 11717
IN IF updateHistoricalFollowers
*********************************
99999999999999999999999
upTweet
ID 706182600474234880
In construction account id: 25 ,user id: 64609353
In construction connection id: 78
In updateTweet:
ffffffffffffffffffffff:
UserID: 11717
IN IF updateHistoricalFollowers
*********************************
99999999999999999999999
upTweet
ID 705983682562011136
In construction account id: 25 ,user id: 64609353
In construction connection id: 78
In updateTweet:
ffffffffffffffffffffff:
UserID: 11717
IN IF updateHistoricalFollowers
*********************************
99999999999999999999999
upTweet
ID 705881169447899136
In construction account id: 25 ,user id: 64609353
In construction connection id: 78
In updateTweet:
ffffffffffffffffffffff:
UserID: 11717
IN IF updateHistoricalFollowers
*********************************
99999999999999999999999
upTweet
ID 705846026469400576
In construction account id: 25 ,user id: 64609353
In construction connection id: 78
In updateTweet:
ffffffffffffffffffffff:
UserID: 11717
IN IF updateHistoricalFollowers
*********************************
99999999999999999999999
upTweet
ID 705843879761674240
In construction account id: 25 ,user id: 64609353
In construction connection id: 78
In updateTweet:
ffffffffffffffffffffff:
UserID: 11717
IN IF updateHistoricalFollowers
*********************************
99999999999999999999999
upTweet
ID 705843406342266881
In construction account id: 25 ,user id: 64609353
In construction connection id: 78
In updateTweet:
ffffffffffffffffffffff:
UserID: 11717
IN IF updateHistoricalFollowers
*********************************
99999999999999999999999
upTweet
ID 705796512945737728
In construction account id: 25 ,user id: 64609353
In construction connection id: 78
In updateTweet:
ffffffffffffffffffffff:
UserID: 11717
IN IF updateHistoricalFollowers
*********************************
99999999999999999999999
upTweet
ID 705796424852615168
In construction account id: 25 ,user id: 64609353
In construction connection id: 78
In updateTweet:
ffffffffffffffffffffff:
UserID: 11717
IN IF updateHistoricalFollowers
*********************************
99999999999999999999999
upTweet
ID 705790820977397760
In construction account id: 25 ,user id: 64609353
In construction connection id: 78
In updateTweet:
ffffffffffffffffffffff:
UserID: 11717
IN IF updateHistoricalFollowers
*********************************
99999999999999999999999
upTweet
ID 705787405354168320
In construction account id: 25 ,user id: 64609353
In construction connection id: 78
In updateTweet:
ffffffffffffffffffffff:
UserID: 11717
IN IF updateHistoricalFollowers
*********************************
99999999999999999999999
upTweet
ID 705606949077852160
In construction account id: 25 ,user id: 64609353
In construction connection id: 78
In updateTweet:
ffffffffffffffffffffff:
UserID: 11717
IN IF updateHistoricalFollowers
*********************************
99999999999999999999999
upTweet
ID 705540108267589632
In construction account id: 25 ,user id: 64609353
In construction connection id: 78
In updateTweet:
ffffffffffffffffffffff:
UserID: 11717
IN IF updateHistoricalFollowers
*********************************
99999999999999999999999
upTweet
ID 705538407523549184
In construction account id: 25 ,user id: 64609353
In construction connection id: 78
In updateTweet:
ffffffffffffffffffffff:
UserID: 11717
IN IF updateHistoricalFollowers
*********************************
99999999999999999999999
upTweet
ID 705533680693817345
In construction account id: 25 ,user id: 64609353
In construction connection id: 78
In updateTweet:
ffffffffffffffffffffff:
UserID: 11717
IN IF updateHistoricalFollowers
*********************************
99999999999999999999999
upTweet
ID 705522138002796544
In construction account id: 25 ,user id: 64609353
In construction connection id: 78
In updateTweet:
ffffffffffffffffffffff:
UserID: 11717
IN IF updateHistoricalFollowers
*********************************
99999999999999999999999
upTweet
ID 705518175274700800
In construction account id: 25 ,user id: 64609353
In construction connection id: 78
In updateTweet:
ffffffffffffffffffffff:
UserID: 11717
IN IF updateHistoricalFollowers
*********************************
99999999999999999999999
upTweet
ID 705512896940236804
In construction account id: 25 ,user id: 64609353
In construction connection id: 78
In updateTweet:
ffffffffffffffffffffff:
UserID: 11717
IN IF updateHistoricalFollowers
*********************************
99999999999999999999999
upTweet
ID 705512568538836993
In construction account id: 25 ,user id: 64609353
In construction connection id: 78
In updateTweet:
ffffffffffffffffffffff:
UserID: 11717
IN IF updateHistoricalFollowers
*********************************
99999999999999999999999
upTweet
ID 705498587090653184
In construction account id: 25 ,user id: 64609353
In construction connection id: 78
In updateTweet:
ffffffffffffffffffffff:
UserID: 11717
IN IF updateHistoricalFollowers
*********************************
99999999999999999999999
upTweet
ID 705487561725087748
In construction account id: 25 ,user id: 64609353
In construction connection id: 78
In updateTweet:
ffffffffffffffffffffff:
UserID: 11717
IN IF updateHistoricalFollowers
*********************************
99999999999999999999999
upTweet
ID 705487279637180416
In construction account id: 25 ,user id: 64609353
In construction connection id: 78
In updateTweet:
ffffffffffffffffffffff:
UserID: 11717
IN IF updateHistoricalFollowers
*********************************
99999999999999999999999
upTweet
ID 705479556157698049
In construction account id: 25 ,user id: 64609353
In construction connection id: 78
In updateTweet:
ffffffffffffffffffffff:
UserID: 11717
IN IF updateHistoricalFollowers
*********************************
99999999999999999999999
upTweet
ID 705478741078577153
In construction account id: 25 ,user id: 64609353
In construction connection id: 78
In updateTweet:
ffffffffffffffffffffff:
UserID: 11717
IN IF updateHistoricalFollowers
*********************************
99999999999999999999999
upTweet
ID 705478703439060992
In construction account id: 25 ,user id: 64609353
In construction connection id: 78
In updateTweet:
ffffffffffffffffffffff:
UserID: 11717
IN IF updateHistoricalFollowers
*********************************
99999999999999999999999
upTweet
ID 705476196956512257
In construction account id: 25 ,user id: 64609353
In construction connection id: 78
In updateTweet:
ffffffffffffffffffffff:
UserID: 11717
IN IF updateHistoricalFollowers
*********************************
99999999999999999999999
upTweet
ID 705476103532576769
In construction account id: 25 ,user id: 64609353
In construction connection id: 78
In updateTweet:
ffffffffffffffffffffff:
UserID: 11717
IN IF updateHistoricalFollowers
*********************************
99999999999999999999999
upTweet
ID 705475947919618050
In construction account id: 25 ,user id: 64609353
In construction connection id: 78
In updateTweet:
ffffffffffffffffffffff:
UserID: 11717
IN IF updateHistoricalFollowers
*********************************
99999999999999999999999
upTweet
ID 705475829946556416
In construction account id: 25 ,user id: 64609353
In construction connection id: 78
In updateTweet:
ffffffffffffffffffffff:
UserID: 11717
IN IF updateHistoricalFollowers
*********************************
99999999999999999999999
upTweet
ID 705473318711758849
In construction account id: 25 ,user id: 64609353
In construction connection id: 78
In updateTweet:
ffffffffffffffffffffff:
UserID: 11717
IN IF updateHistoricalFollowers
*********************************
99999999999999999999999
upTweet
ID 705152202583592960
In construction account id: 25 ,user id: 64609353
In construction connection id: 78
In updateTweet:
ffffffffffffffffffffff:
UserID: 11717
IN IF updateHistoricalFollowers
*********************************
99999999999999999999999
upTweet
ID 705150141838270466
In construction account id: 25 ,user id: 64609353
In construction connection id: 78
In updateTweet:
ffffffffffffffffffffff:
UserID: 11717
IN IF updateHistoricalFollowers
*********************************
99999999999999999999999
upTweet
ID 705137495055290368
In construction account id: 25 ,user id: 64609353
In construction connection id: 78
In updateTweet:
ffffffffffffffffffffff:
UserID: 11717
IN IF updateHistoricalFollowers
*********************************
99999999999999999999999
upTweet
ID 705094718334480385
In construction account id: 25 ,user id: 64609353
In construction connection id: 78
In updateTweet:
ffffffffffffffffffffff:
UserID: 11717
IN IF updateHistoricalFollowers
*********************************
99999999999999999999999
upTweet
ID 705094468177887232
In construction account id: 25 ,user id: 64609353
In construction connection id: 78
In updateTweet:
ffffffffffffffffffffff:
UserID: 11717
IN IF updateHistoricalFollowers
*********************************
99999999999999999999999
upTweet
ID 705092811847135232
In construction account id: 25 ,user id: 64609353
In construction connection id: 78
In updateTweet:
ffffffffffffffffffffff:
UserID: 11717
IN IF updateHistoricalFollowers
*********************************
99999999999999999999999
upTweet
ID 704859020910161920
In construction account id: 25 ,user id: 64609353
In construction connection id: 78
In updateTweet:
ffffffffffffffffffffff:
UserID: 11717
IN IF updateHistoricalFollowers
*********************************
99999999999999999999999
upTweet
ID 704778758146756608
In construction account id: 25 ,user id: 64609353
In construction connection id: 78
In updateTweet:
ffffffffffffffffffffff:
UserID: 11717
IN IF updateHistoricalFollowers
*********************************
99999999999999999999999
upTweet
ID 704728919493079040
In construction account id: 25 ,user id: 64609353
In construction connection id: 78
In updateTweet:
ffffffffffffffffffffff:
UserID: 11717
IN IF updateHistoricalFollowers
*********************************
99999999999999999999999
upTweet
ID 704468765107470336
In construction account id: 25 ,user id: 64609353
In construction connection id: 78
In updateTweet:
ffffffffffffffffffffff:
UserID: 11717
IN IF updateHistoricalFollowers
*********************************
99999999999999999999999
upTweet
ID 704468588904718337
In construction account id: 25 ,user id: 64609353
In construction connection id: 78
In updateTweet:
ffffffffffffffffffffff:
UserID: 11717
IN IF updateHistoricalFollowers
*********************************
99999999999999999999999
upTweet
ID 704468478103662592
In construction account id: 25 ,user id: 64609353
In construction connection id: 78
In updateTweet:
ffffffffffffffffffffff:
UserID: 11717
IN IF updateHistoricalFollowers
*********************************
99999999999999999999999
upTweet
ID 704448570049458177
In construction account id: 25 ,user id: 64609353
In construction connection id: 78
In updateTweet:
ffffffffffffffffffffff:
UserID: 11717
IN IF updateHistoricalFollowers
*********************************
99999999999999999999999
upTweet
ID 704447807353032704
In construction account id: 25 ,user id: 64609353
In construction connection id: 78
In updateTweet:
ffffffffffffffffffffff:
UserID: 11717
IN IF updateHistoricalFollowers
*********************************
99999999999999999999999
upTweet
ID 704447762381692928
In construction account id: 25 ,user id: 64609353
In construction connection id: 78
In updateTweet:
ffffffffffffffffffffff:
UserID: 11717
IN IF updateHistoricalFollowers
*********************************
99999999999999999999999
upTweet
ID 704447619175591936
In construction account id: 25 ,user id: 64609353
In construction connection id: 78
In updateTweet:
ffffffffffffffffffffff:
UserID: 11717
IN IF updateHistoricalFollowers
*********************************
99999999999999999999999
upTweet
ID 704369479246090241
In construction account id: 25 ,user id: 64609353
In construction connection id: 78
In updateTweet:
ffffffffffffffffffffff:
UserID: 11717
IN IF updateHistoricalFollowers
*********************************
99999999999999999999999
upTweet
ID 704167908423774208
In construction account id: 25 ,user id: 64609353
In construction connection id: 78
In updateTweet:
ffffffffffffffffffffff:
UserID: 11717
IN IF updateHistoricalFollowers
*********************************
99999999999999999999999
upTweet
ID 704093743989657600
In construction account id: 25 ,user id: 64609353
In construction connection id: 78
In updateTweet:
ffffffffffffffffffffff:
UserID: 11717
IN IF updateHistoricalFollowers
*********************************
99999999999999999999999
upTweet
ID 704070815558447104
In construction account id: 25 ,user id: 64609353
In construction connection id: 78
In updateTweet:
ffffffffffffffffffffff:
UserID: 11717
IN IF updateHistoricalFollowers
*********************************
99999999999999999999999
upTweet
ID 704002027018440704
In construction account id: 25 ,user id: 64609353
In construction connection id: 78
In updateTweet:
ffffffffffffffffffffff:
UserID: 11717
IN IF updateHistoricalFollowers
*********************************
99999999999999999999999
upTweet
ID 704001842166890496
In construction account id: 25 ,user id: 64609353
In construction connection id: 78
In updateTweet:
ffffffffffffffffffffff:
UserID: 11717
IN IF updateHistoricalFollowers
*********************************
99999999999999999999999
upTweet
ID 703753178060361728
In construction account id: 25 ,user id: 64609353
In construction connection id: 78
In updateTweet:
ffffffffffffffffffffff:
UserID: 11717
IN IF updateHistoricalFollowers
*********************************
99999999999999999999999
upTweet
ID 703669180940222464
In construction account id: 25 ,user id: 64609353
In construction connection id: 78
In updateTweet:
ffffffffffffffffffffff:
UserID: 11717
IN IF updateHistoricalFollowers
*********************************
99999999999999999999999
upTweet
ID 703651705271898112
In construction account id: 25 ,user id: 64609353
In construction connection id: 78
In updateTweet:
ffffffffffffffffffffff:
UserID: 11717
IN IF updateHistoricalFollowers
*********************************
99999999999999999999999
upTweet
ID 703639791938740225
In construction account id: 25 ,user id: 64609353
In construction connection id: 78
In updateTweet:
ffffffffffffffffffffff:
UserID: 11717
IN IF updateHistoricalFollowers
*********************************
99999999999999999999999
upTweet
ID 703636590862544897
In construction account id: 25 ,user id: 64609353
In construction connection id: 78
In updateTweet:
ffffffffffffffffffffff:
UserID: 11717
IN IF updateHistoricalFollowers
*********************************
99999999999999999999999
upTweet
ID 703417522117193728
In construction account id: 25 ,user id: 64609353
In construction connection id: 78
In updateTweet:
ffffffffffffffffffffff:
UserID: 11717
IN IF updateHistoricalFollowers
*********************************
99999999999999999999999
upTweet
ID 703319688604991488
In construction account id: 25 ,user id: 64609353
In construction connection id: 78
In updateTweet:
ffffffffffffffffffffff:
UserID: 11717
IN IF updateHistoricalFollowers
*********************************
