99999999999999999999999
upTweet
ID 411553039653568512
In construction account id: 133 ,user id: 82203990
In construction connection id: 180
In updateTweet:
ffffffffffffffffffffff:
UserID: 105332
IN IF updateHistoricalFollowers
*********************************
99999999999999999999999
upTweet
ID 411221705617850368
In construction account id: 133 ,user id: 82203990
In construction connection id: 180
In updateTweet:
ffffffffffffffffffffff:
UserID: 105332
IN IF updateHistoricalFollowers
*********************************
99999999999999999999999
upTweet
ID 385541452467798016
In construction account id: 133 ,user id: 82203990
In construction connection id: 180
In updateTweet:
ffffffffffffffffffffff:
UserID: 105332
IN IF updateHistoricalFollowers
*********************************
99999999999999999999999
upTweet
ID 385173980652781568
In construction account id: 133 ,user id: 82203990
In construction connection id: 180
In updateTweet:
ffffffffffffffffffffff:
UserID: 105332
IN IF updateHistoricalFollowers
*********************************
99999999999999999999999
upTweet
ID 383702646768828416
In construction account id: 133 ,user id: 82203990
In construction connection id: 180
In updateTweet:
ffffffffffffffffffffff:
UserID: 105332
IN IF updateHistoricalFollowers
*********************************
99999999999999999999999
upTweet
ID 383623884358307840
In construction account id: 133 ,user id: 82203990
In construction connection id: 180
In updateTweet:
ffffffffffffffffffffff:
UserID: 105332
IN IF updateHistoricalFollowers
*********************************
99999999999999999999999
upTweet
ID 376093147564351488
In construction account id: 133 ,user id: 82203990
In construction connection id: 180
In updateTweet:
ffffffffffffffffffffff:
UserID: 105332
IN IF updateHistoricalFollowers
*********************************
99999999999999999999999
upTweet
ID 374976261275516928
In construction account id: 133 ,user id: 82203990
In construction connection id: 180
In updateTweet:
ffffffffffffffffffffff:
UserID: 105332
IN IF updateHistoricalFollowers
*********************************
99999999999999999999999
upTweet
ID 374540156231254017
In construction account id: 133 ,user id: 82203990
In construction connection id: 180
In updateTweet:
ffffffffffffffffffffff:
UserID: 105332
IN IF updateHistoricalFollowers
*********************************
99999999999999999999999
upTweet
ID 373578476395454465
In construction account id: 133 ,user id: 82203990
In construction connection id: 180
In updateTweet:
ffffffffffffffffffffff:
UserID: 105332
IN IF updateHistoricalFollowers
*********************************
99999999999999999999999
upTweet
ID 373554740472606720
In construction account id: 133 ,user id: 82203990
In construction connection id: 180
In updateTweet:
ffffffffffffffffffffff:
UserID: 105332
IN IF updateHistoricalFollowers
*********************************
99999999999999999999999
upTweet
ID 373513277789446145
In construction account id: 133 ,user id: 82203990
In construction connection id: 180
In updateTweet:
ffffffffffffffffffffff:
UserID: 105332
IN IF updateHistoricalFollowers
*********************************
99999999999999999999999
upTweet
ID 373213749618171905
In construction account id: 133 ,user id: 82203990
In construction connection id: 180
In updateTweet:
ffffffffffffffffffffff:
UserID: 105332
IN IF updateHistoricalFollowers
*********************************
99999999999999999999999
upTweet
ID 373174622872961024
In construction account id: 133 ,user id: 82203990
In construction connection id: 180
In updateTweet:
ffffffffffffffffffffff:
UserID: 105332
IN IF updateHistoricalFollowers
*********************************
99999999999999999999999
upTweet
ID 373136931154313216
In construction account id: 133 ,user id: 82203990
In construction connection id: 180
In updateTweet:
ffffffffffffffffffffff:
UserID: 105332
IN IF updateHistoricalFollowers
*********************************
99999999999999999999999
upTweet
ID 372853719643455488
In construction account id: 133 ,user id: 82203990
In construction connection id: 180
In updateTweet:
ffffffffffffffffffffff:
UserID: 105332
IN IF updateHistoricalFollowers
*********************************
99999999999999999999999
upTweet
ID 372819745114165248
In construction account id: 133 ,user id: 82203990
In construction connection id: 180
In updateTweet:
ffffffffffffffffffffff:
UserID: 105332
IN IF updateHistoricalFollowers
*********************************
99999999999999999999999
upTweet
ID 372768238222209024
In construction account id: 133 ,user id: 82203990
In construction connection id: 180
In updateTweet:
ffffffffffffffffffffff:
UserID: 105332
IN IF updateHistoricalFollowers
*********************************
99999999999999999999999
upTweet
ID 372508754878939136
In construction account id: 133 ,user id: 82203990
In construction connection id: 180
In updateTweet:
ffffffffffffffffffffff:
UserID: 105332
IN IF updateHistoricalFollowers
*********************************
99999999999999999999999
upTweet
ID 372465014470606848
In construction account id: 133 ,user id: 82203990
In construction connection id: 180
In updateTweet:
ffffffffffffffffffffff:
UserID: 105332
IN IF updateHistoricalFollowers
*********************************
99999999999999999999999
upTweet
ID 372405898301693952
In construction account id: 133 ,user id: 82203990
In construction connection id: 180
In updateTweet:
ffffffffffffffffffffff:
UserID: 105332
IN IF updateHistoricalFollowers
*********************************
99999999999999999999999
upTweet
ID 372140346446450689
In construction account id: 133 ,user id: 82203990
In construction connection id: 180
In updateTweet:
ffffffffffffffffffffff:
UserID: 105332
IN IF updateHistoricalFollowers
*********************************
99999999999999999999999
upTweet
ID 372067561716060161
In construction account id: 133 ,user id: 82203990
In construction connection id: 180
In updateTweet:
ffffffffffffffffffffff:
UserID: 105332
IN IF updateHistoricalFollowers
*********************************
99999999999999999999999
upTweet
ID 372027349321388032
In construction account id: 133 ,user id: 82203990
In construction connection id: 180
In updateTweet:
ffffffffffffffffffffff:
UserID: 105332
IN IF updateHistoricalFollowers
*********************************
99999999999999999999999
upTweet
ID 371058109114236928
In construction account id: 133 ,user id: 82203990
In construction connection id: 180
In updateTweet:
ffffffffffffffffffffff:
UserID: 105332
IN IF updateHistoricalFollowers
*********************************
99999999999999999999999
upTweet
ID 371014382303846401
In construction account id: 133 ,user id: 82203990
In construction connection id: 180
In updateTweet:
ffffffffffffffffffffff:
UserID: 105332
IN IF updateHistoricalFollowers
*********************************
99999999999999999999999
upTweet
ID 370982912994586624
In construction account id: 133 ,user id: 82203990
In construction connection id: 180
In updateTweet:
ffffffffffffffffffffff:
UserID: 105332
IN IF updateHistoricalFollowers
*********************************
99999999999999999999999
upTweet
ID 370963334289702914
In construction account id: 133 ,user id: 82203990
In construction connection id: 180
In updateTweet:
ffffffffffffffffffffff:
UserID: 105332
IN IF updateHistoricalFollowers
*********************************
99999999999999999999999
upTweet
ID 370698086483771392
In construction account id: 133 ,user id: 82203990
In construction connection id: 180
In updateTweet:
ffffffffffffffffffffff:
UserID: 105332
IN IF updateHistoricalFollowers
*********************************
99999999999999999999999
upTweet
ID 370654381391507456
In construction account id: 133 ,user id: 82203990
In construction connection id: 180
In updateTweet:
ffffffffffffffffffffff:
UserID: 105332
IN IF updateHistoricalFollowers
*********************************
99999999999999999999999
upTweet
ID 370598600176582656
In construction account id: 133 ,user id: 82203990
In construction connection id: 180
In updateTweet:
ffffffffffffffffffffff:
UserID: 105332
IN IF updateHistoricalFollowers
*********************************
99999999999999999999999
upTweet
ID 370333651198029824
In construction account id: 133 ,user id: 82203990
In construction connection id: 180
In updateTweet:
ffffffffffffffffffffff:
UserID: 105332
IN IF updateHistoricalFollowers
*********************************
99999999999999999999999
upTweet
ID 370263267576664064
In construction account id: 133 ,user id: 82203990
In construction connection id: 180
In updateTweet:
ffffffffffffffffffffff:
UserID: 105332
IN IF updateHistoricalFollowers
*********************************
99999999999999999999999
upTweet
ID 370221967099842560
In construction account id: 133 ,user id: 82203990
In construction connection id: 180
In updateTweet:
ffffffffffffffffffffff:
UserID: 105332
IN IF updateHistoricalFollowers
*********************************
99999999999999999999999
upTweet
ID 369902052732071936
In construction account id: 133 ,user id: 82203990
In construction connection id: 180
In updateTweet:
ffffffffffffffffffffff:
UserID: 105332
IN IF updateHistoricalFollowers
*********************************
99999999999999999999999
upTweet
ID 369868209643864066
In construction account id: 133 ,user id: 82203990
In construction connection id: 180
In updateTweet:
ffffffffffffffffffffff:
UserID: 105332
IN IF updateHistoricalFollowers
*********************************
99999999999999999999999
upTweet
ID 369551805346115584
In construction account id: 133 ,user id: 82203990
In construction connection id: 180
In updateTweet:
ffffffffffffffffffffff:
UserID: 105332
IN IF updateHistoricalFollowers
*********************************
99999999999999999999999
upTweet
ID 369542571254493185
In construction account id: 133 ,user id: 82203990
In construction connection id: 180
In updateTweet:
ffffffffffffffffffffff:
UserID: 105332
IN IF updateHistoricalFollowers
*********************************
99999999999999999999999
upTweet
ID 369506022257205249
In construction account id: 133 ,user id: 82203990
In construction connection id: 180
In updateTweet:
ffffffffffffffffffffff:
UserID: 105332
IN IF updateHistoricalFollowers
*********************************
99999999999999999999999
upTweet
ID 369505389546450944
In construction account id: 133 ,user id: 82203990
In construction connection id: 180
In updateTweet:
ffffffffffffffffffffff:
UserID: 105332
IN IF updateHistoricalFollowers
*********************************
99999999999999999999999
upTweet
ID 368508958731804672
In construction account id: 133 ,user id: 82203990
In construction connection id: 180
In updateTweet:
ffffffffffffffffffffff:
UserID: 105332
IN IF updateHistoricalFollowers
*********************************
99999999999999999999999
upTweet
ID 368495667292811266
In construction account id: 133 ,user id: 82203990
In construction connection id: 180
In updateTweet:
ffffffffffffffffffffff:
UserID: 105332
IN IF updateHistoricalFollowers
*********************************
99999999999999999999999
upTweet
ID 368442293667524608
In construction account id: 133 ,user id: 82203990
In construction connection id: 180
In updateTweet:
ffffffffffffffffffffff:
UserID: 105332
IN IF updateHistoricalFollowers
*********************************
99999999999999999999999
upTweet
ID 368156580141080576
In construction account id: 133 ,user id: 82203990
In construction connection id: 180
In updateTweet:
ffffffffffffffffffffff:
UserID: 105332
IN IF updateHistoricalFollowers
*********************************
99999999999999999999999
upTweet
ID 368115636385624064
In construction account id: 133 ,user id: 82203990
In construction connection id: 180
In updateTweet:
ffffffffffffffffffffff:
UserID: 105332
IN IF updateHistoricalFollowers
*********************************
99999999999999999999999
upTweet
ID 368072347603202048
In construction account id: 133 ,user id: 82203990
In construction connection id: 180
In updateTweet:
ffffffffffffffffffffff:
UserID: 105332
IN IF updateHistoricalFollowers
*********************************
99999999999999999999999
upTweet
ID 367805450554974208
In construction account id: 133 ,user id: 82203990
In construction connection id: 180
In updateTweet:
ffffffffffffffffffffff:
UserID: 105332
IN IF updateHistoricalFollowers
*********************************
99999999999999999999999
upTweet
ID 367794216636010496
In construction account id: 133 ,user id: 82203990
In construction connection id: 180
In updateTweet:
ffffffffffffffffffffff:
UserID: 105332
IN IF updateHistoricalFollowers
*********************************
99999999999999999999999
upTweet
ID 367760449779298304
In construction account id: 133 ,user id: 82203990
In construction connection id: 180
In updateTweet:
ffffffffffffffffffffff:
UserID: 105332
IN IF updateHistoricalFollowers
*********************************
99999999999999999999999
upTweet
ID 367696003987943424
In construction account id: 133 ,user id: 82203990
In construction connection id: 180
In updateTweet:
ffffffffffffffffffffff:
UserID: 105332
IN IF updateHistoricalFollowers
*********************************
99999999999999999999999
upTweet
ID 367437198683283456
In construction account id: 133 ,user id: 82203990
In construction connection id: 180
In updateTweet:
ffffffffffffffffffffff:
UserID: 105332
IN IF updateHistoricalFollowers
*********************************
99999999999999999999999
upTweet
ID 367379065101352960
In construction account id: 133 ,user id: 82203990
In construction connection id: 180
In updateTweet:
ffffffffffffffffffffff:
UserID: 105332
IN IF updateHistoricalFollowers
*********************************
99999999999999999999999
upTweet
ID 367324841294458880
In construction account id: 133 ,user id: 82203990
In construction connection id: 180
In updateTweet:
ffffffffffffffffffffff:
UserID: 105332
IN IF updateHistoricalFollowers
*********************************
99999999999999999999999
upTweet
ID 367074417937248257
In construction account id: 133 ,user id: 82203990
In construction connection id: 180
In updateTweet:
ffffffffffffffffffffff:
UserID: 105332
IN IF updateHistoricalFollowers
*********************************
99999999999999999999999
upTweet
ID 367036616805994496
In construction account id: 133 ,user id: 82203990
In construction connection id: 180
In updateTweet:
ffffffffffffffffffffff:
UserID: 105332
IN IF updateHistoricalFollowers
*********************************
99999999999999999999999
upTweet
ID 366976323060629505
In construction account id: 133 ,user id: 82203990
In construction connection id: 180
In updateTweet:
ffffffffffffffffffffff:
UserID: 105332
IN IF updateHistoricalFollowers
*********************************
99999999999999999999999
upTweet
ID 365991010548977666
In construction account id: 133 ,user id: 82203990
In construction connection id: 180
In updateTweet:
ffffffffffffffffffffff:
UserID: 105332
IN IF updateHistoricalFollowers
*********************************
99999999999999999999999
upTweet
ID 365958323129942016
In construction account id: 133 ,user id: 82203990
In construction connection id: 180
In updateTweet:
ffffffffffffffffffffff:
UserID: 105332
IN IF updateHistoricalFollowers
*********************************
99999999999999999999999
upTweet
ID 365878996652670976
In construction account id: 133 ,user id: 82203990
In construction connection id: 180
In updateTweet:
ffffffffffffffffffffff:
UserID: 105332
IN IF updateHistoricalFollowers
*********************************
99999999999999999999999
upTweet
ID 365626136127995904
In construction account id: 133 ,user id: 82203990
In construction connection id: 180
In updateTweet:
ffffffffffffffffffffff:
UserID: 105332
IN IF updateHistoricalFollowers
*********************************
99999999999999999999999
upTweet
ID 365577018542272514
In construction account id: 133 ,user id: 82203990
In construction connection id: 180
In updateTweet:
ffffffffffffffffffffff:
UserID: 105332
IN IF updateHistoricalFollowers
*********************************
99999999999999999999999
upTweet
ID 365538063448944640
In construction account id: 133 ,user id: 82203990
In construction connection id: 180
In updateTweet:
ffffffffffffffffffffff:
UserID: 105332
IN IF updateHistoricalFollowers
*********************************
99999999999999999999999
upTweet
ID 365265110765289473
In construction account id: 133 ,user id: 82203990
In construction connection id: 180
In updateTweet:
ffffffffffffffffffffff:
UserID: 105332
IN IF updateHistoricalFollowers
*********************************
99999999999999999999999
upTweet
ID 365241087666823169
In construction account id: 133 ,user id: 82203990
In construction connection id: 180
In updateTweet:
ffffffffffffffffffffff:
UserID: 105332
IN IF updateHistoricalFollowers
*********************************
99999999999999999999999
upTweet
ID 365164376963031041
In construction account id: 133 ,user id: 82203990
In construction connection id: 180
In updateTweet:
ffffffffffffffffffffff:
UserID: 105332
IN IF updateHistoricalFollowers
*********************************
99999999999999999999999
upTweet
ID 364897618557534210
In construction account id: 133 ,user id: 82203990
In construction connection id: 180
In updateTweet:
ffffffffffffffffffffff:
UserID: 105332
IN IF updateHistoricalFollowers
*********************************
99999999999999999999999
upTweet
ID 364893142694117376
In construction account id: 133 ,user id: 82203990
In construction connection id: 180
In updateTweet:
ffffffffffffffffffffff:
UserID: 105332
IN IF updateHistoricalFollowers
*********************************
99999999999999999999999
upTweet
ID 364847282752995331
In construction account id: 133 ,user id: 82203990
In construction connection id: 180
In updateTweet:
ffffffffffffffffffffff:
UserID: 105332
IN IF updateHistoricalFollowers
*********************************
99999999999999999999999
upTweet
ID 364810791695810560
In construction account id: 133 ,user id: 82203990
In construction connection id: 180
In updateTweet:
ffffffffffffffffffffff:
UserID: 105332
IN IF updateHistoricalFollowers
*********************************
99999999999999999999999
upTweet
ID 364805321736192002
In construction account id: 133 ,user id: 82203990
In construction connection id: 180
In updateTweet:
ffffffffffffffffffffff:
UserID: 105332
IN IF updateHistoricalFollowers
*********************************
99999999999999999999999
upTweet
ID 364537678525898752
In construction account id: 133 ,user id: 82203990
In construction connection id: 180
In updateTweet:
ffffffffffffffffffffff:
UserID: 105332
IN IF updateHistoricalFollowers
*********************************
99999999999999999999999
upTweet
ID 364503692776845312
In construction account id: 133 ,user id: 82203990
In construction connection id: 180
In updateTweet:
ffffffffffffffffffffff:
UserID: 105332
IN IF updateHistoricalFollowers
*********************************
99999999999999999999999
upTweet
ID 364438504173871105
In construction account id: 133 ,user id: 82203990
In construction connection id: 180
In updateTweet:
ffffffffffffffffffffff:
UserID: 105332
IN IF updateHistoricalFollowers
*********************************
99999999999999999999999
upTweet
ID 364436479499845632
In construction account id: 133 ,user id: 82203990
In construction connection id: 180
In updateTweet:
ffffffffffffffffffffff:
UserID: 105332
IN IF updateHistoricalFollowers
*********************************
99999999999999999999999
upTweet
ID 363461840879099904
In construction account id: 133 ,user id: 82203990
In construction connection id: 180
In updateTweet:
ffffffffffffffffffffff:
UserID: 105332
IN IF updateHistoricalFollowers
*********************************
99999999999999999999999
upTweet
ID 363425790626496512
In construction account id: 133 ,user id: 82203990
In construction connection id: 180
In updateTweet:
ffffffffffffffffffffff:
UserID: 105332
IN IF updateHistoricalFollowers
*********************************
99999999999999999999999
upTweet
ID 363425368344387584
In construction account id: 133 ,user id: 82203990
In construction connection id: 180
In updateTweet:
ffffffffffffffffffffff:
UserID: 105332
IN IF updateHistoricalFollowers
*********************************
99999999999999999999999
upTweet
ID 363361264355250176
In construction account id: 133 ,user id: 82203990
In construction connection id: 180
In updateTweet:
ffffffffffffffffffffff:
UserID: 105332
IN IF updateHistoricalFollowers
*********************************
99999999999999999999999
upTweet
ID 363113333324795904
In construction account id: 133 ,user id: 82203990
In construction connection id: 180
In updateTweet:
ffffffffffffffffffffff:
UserID: 105332
IN IF updateHistoricalFollowers
*********************************
99999999999999999999999
upTweet
ID 363093162216001537
In construction account id: 133 ,user id: 82203990
In construction connection id: 180
In updateTweet:
ffffffffffffffffffffff:
UserID: 105332
IN IF updateHistoricalFollowers
*********************************
99999999999999999999999
upTweet
ID 363090370311110658
In construction account id: 133 ,user id: 82203990
In construction connection id: 180
In updateTweet:
ffffffffffffffffffffff:
UserID: 105332
IN IF updateHistoricalFollowers
*********************************
99999999999999999999999
upTweet
ID 363090198185672705
In construction account id: 133 ,user id: 82203990
In construction connection id: 180
In updateTweet:
ffffffffffffffffffffff:
UserID: 105332
IN IF updateHistoricalFollowers
*********************************
99999999999999999999999
upTweet
ID 363005192314167296
In construction account id: 133 ,user id: 82203990
In construction connection id: 180
In updateTweet:
ffffffffffffffffffffff:
UserID: 105332
IN IF updateHistoricalFollowers
*********************************
99999999999999999999999
upTweet
ID 362733292765724672
In construction account id: 133 ,user id: 82203990
In construction connection id: 180
In updateTweet:
ffffffffffffffffffffff:
UserID: 105332
IN IF updateHistoricalFollowers
*********************************
99999999999999999999999
upTweet
ID 362728562282872833
In construction account id: 133 ,user id: 82203990
In construction connection id: 180
In updateTweet:
ffffffffffffffffffffff:
UserID: 105332
IN IF updateHistoricalFollowers
*********************************
99999999999999999999999
upTweet
ID 362688038733742080
In construction account id: 133 ,user id: 82203990
In construction connection id: 180
In updateTweet:
ffffffffffffffffffffff:
UserID: 105332
IN IF updateHistoricalFollowers
*********************************
99999999999999999999999
upTweet
ID 362644175952420864
In construction account id: 133 ,user id: 82203990
In construction connection id: 180
In updateTweet:
ffffffffffffffffffffff:
UserID: 105332
IN IF updateHistoricalFollowers
*********************************
99999999999999999999999
upTweet
ID 362348364857229312
In construction account id: 133 ,user id: 82203990
In construction connection id: 180
In updateTweet:
ffffffffffffffffffffff:
UserID: 105332
IN IF updateHistoricalFollowers
*********************************
99999999999999999999999
upTweet
ID 362338246094626816
In construction account id: 133 ,user id: 82203990
In construction connection id: 180
In updateTweet:
ffffffffffffffffffffff:
UserID: 105332
IN IF updateHistoricalFollowers
*********************************
99999999999999999999999
upTweet
ID 362274106420367360
In construction account id: 133 ,user id: 82203990
In construction connection id: 180
In updateTweet:
ffffffffffffffffffffff:
UserID: 105332
IN IF updateHistoricalFollowers
*********************************
99999999999999999999999
upTweet
ID 362026393112031232
In construction account id: 133 ,user id: 82203990
In construction connection id: 180
In updateTweet:
ffffffffffffffffffffff:
UserID: 105332
IN IF updateHistoricalFollowers
*********************************
99999999999999999999999
upTweet
ID 361998393154871296
In construction account id: 133 ,user id: 82203990
In construction connection id: 180
In updateTweet:
ffffffffffffffffffffff:
UserID: 105332
IN IF updateHistoricalFollowers
*********************************
99999999999999999999999
upTweet
ID 361975898225901568
In construction account id: 133 ,user id: 82203990
In construction connection id: 180
In updateTweet:
ffffffffffffffffffffff:
UserID: 105332
IN IF updateHistoricalFollowers
*********************************
99999999999999999999999
upTweet
ID 361949548526043139
In construction account id: 133 ,user id: 82203990
In construction connection id: 180
In updateTweet:
ffffffffffffffffffffff:
UserID: 105332
IN IF updateHistoricalFollowers
*********************************
99999999999999999999999
upTweet
ID 361798378058809345
In construction account id: 133 ,user id: 82203990
In construction connection id: 180
In updateTweet:
ffffffffffffffffffffff:
UserID: 105332
IN IF updateHistoricalFollowers
*********************************
99999999999999999999999
upTweet
ID 360891191803383809
In construction account id: 133 ,user id: 82203990
In construction connection id: 180
In updateTweet:
ffffffffffffffffffffff:
UserID: 105332
IN IF updateHistoricalFollowers
*********************************
99999999999999999999999
upTweet
ID 360877384649555968
In construction account id: 133 ,user id: 82203990
In construction connection id: 180
In updateTweet:
ffffffffffffffffffffff:
UserID: 105332
IN IF updateHistoricalFollowers
*********************************
99999999999999999999999
upTweet
ID 360827185864519683
In construction account id: 133 ,user id: 82203990
In construction connection id: 180
In updateTweet:
ffffffffffffffffffffff:
UserID: 105332
IN IF updateHistoricalFollowers
*********************************
99999999999999999999999
upTweet
ID 360566644227059712
In construction account id: 133 ,user id: 82203990
In construction connection id: 180
In updateTweet:
ffffffffffffffffffffff:
UserID: 105332
IN IF updateHistoricalFollowers
*********************************
99999999999999999999999
upTweet
ID 360550491207372801
In construction account id: 133 ,user id: 82203990
In construction connection id: 180
In updateTweet:
ffffffffffffffffffffff:
UserID: 105332
IN IF updateHistoricalFollowers
*********************************
99999999999999999999999
upTweet
ID 360505250047733761
In construction account id: 133 ,user id: 82203990
In construction connection id: 180
In updateTweet:
ffffffffffffffffffffff:
UserID: 105332
IN IF updateHistoricalFollowers
*********************************
99999999999999999999999
upTweet
ID 360462214798376960
In construction account id: 133 ,user id: 82203990
In construction connection id: 180
In updateTweet:
ffffffffffffffffffffff:
UserID: 105332
IN IF updateHistoricalFollowers
*********************************
99999999999999999999999
upTweet
ID 360196568676179968
In construction account id: 133 ,user id: 82203990
In construction connection id: 180
In updateTweet:
ffffffffffffffffffffff:
UserID: 105332
IN IF updateHistoricalFollowers
*********************************
99999999999999999999999
upTweet
ID 360152602001936384
In construction account id: 133 ,user id: 82203990
In construction connection id: 180
In updateTweet:
ffffffffffffffffffffff:
UserID: 105332
IN IF updateHistoricalFollowers
*********************************
99999999999999999999999
upTweet
ID 360083381108752384
In construction account id: 133 ,user id: 82203990
In construction connection id: 180
In updateTweet:
ffffffffffffffffffffff:
UserID: 105332
IN IF updateHistoricalFollowers
*********************************
99999999999999999999999
upTweet
ID 359827938209837057
In construction account id: 133 ,user id: 82203990
In construction connection id: 180
In updateTweet:
ffffffffffffffffffffff:
UserID: 105332
IN IF updateHistoricalFollowers
*********************************
99999999999999999999999
upTweet
ID 359821270537355267
In construction account id: 133 ,user id: 82203990
In construction connection id: 180
In updateTweet:
ffffffffffffffffffffff:
UserID: 105332
IN IF updateHistoricalFollowers
*********************************
99999999999999999999999
upTweet
ID 359796088171020288
In construction account id: 133 ,user id: 82203990
In construction connection id: 180
In updateTweet:
ffffffffffffffffffffff:
UserID: 105332
IN IF updateHistoricalFollowers
*********************************
99999999999999999999999
upTweet
ID 359795607889657856
In construction account id: 133 ,user id: 82203990
In construction connection id: 180
In updateTweet:
ffffffffffffffffffffff:
UserID: 105332
IN IF updateHistoricalFollowers
*********************************
99999999999999999999999
upTweet
ID 359763918354259968
In construction account id: 133 ,user id: 82203990
In construction connection id: 180
In updateTweet:
ffffffffffffffffffffff:
UserID: 105332
IN IF updateHistoricalFollowers
*********************************
99999999999999999999999
upTweet
ID 359745252334116864
In construction account id: 133 ,user id: 82203990
In construction connection id: 180
In updateTweet:
ffffffffffffffffffffff:
UserID: 105332
IN IF updateHistoricalFollowers
*********************************
99999999999999999999999
upTweet
ID 359741586713739264
In construction account id: 133 ,user id: 82203990
In construction connection id: 180
