99999999999999999999999
upTweet
ID 707959033718681601
In construction account id: 136 ,user id: 21414771
In construction connection id: 186
In updateTweet:
ffffffffffffffffffffff:
UserID: 105334
IN IF updateHistoricalFollowers
*********************************
99999999999999999999999
upTweet
ID 707646368416976896
In construction account id: 136 ,user id: 21414771
In construction connection id: 186
In updateTweet:
ffffffffffffffffffffff:
UserID: 105334
IN IF updateHistoricalFollowers
*********************************
99999999999999999999999
upTweet
ID 707646276037320706
In construction account id: 136 ,user id: 21414771
In construction connection id: 186
In updateTweet:
ffffffffffffffffffffff:
UserID: 105334
IN IF updateHistoricalFollowers
*********************************
99999999999999999999999
upTweet
ID 705504089086435330
In construction account id: 136 ,user id: 21414771
In construction connection id: 186
In updateTweet:
ffffffffffffffffffffff:
UserID: 105334
IN IF updateHistoricalFollowers
*********************************
99999999999999999999999
upTweet
ID 705124662519287808
In construction account id: 136 ,user id: 21414771
In construction connection id: 186
In updateTweet:
ffffffffffffffffffffff:
UserID: 105334
IN IF updateHistoricalFollowers
*********************************
99999999999999999999999
upTweet
ID 704771522913677312
In construction account id: 136 ,user id: 21414771
In construction connection id: 186
In updateTweet:
ffffffffffffffffffffff:
UserID: 105334
IN IF updateHistoricalFollowers
*********************************
99999999999999999999999
upTweet
ID 702963679763910656
In construction account id: 136 ,user id: 21414771
In construction connection id: 186
In updateTweet:
ffffffffffffffffffffff:
UserID: 105334
IN IF updateHistoricalFollowers
*********************************
99999999999999999999999
upTweet
ID 702509379447234561
In construction account id: 136 ,user id: 21414771
In construction connection id: 186
In updateTweet:
ffffffffffffffffffffff:
UserID: 105334
IN IF updateHistoricalFollowers
*********************************
99999999999999999999999
upTweet
ID 702240471456862209
In construction account id: 136 ,user id: 21414771
In construction connection id: 186
In updateTweet:
ffffffffffffffffffffff:
UserID: 105334
IN IF updateHistoricalFollowers
*********************************
99999999999999999999999
upTweet
ID 700756487526723584
In construction account id: 136 ,user id: 21414771
In construction connection id: 186
In updateTweet:
ffffffffffffffffffffff:
UserID: 105334
IN IF updateHistoricalFollowers
*********************************
99999999999999999999999
upTweet
ID 700306756090597376
In construction account id: 136 ,user id: 21414771
In construction connection id: 186
In updateTweet:
ffffffffffffffffffffff:
UserID: 105334
IN IF updateHistoricalFollowers
*********************************
99999999999999999999999
upTweet
ID 698246412102860804
In construction account id: 136 ,user id: 21414771
In construction connection id: 186
In updateTweet:
ffffffffffffffffffffff:
UserID: 105334
IN IF updateHistoricalFollowers
*********************************
99999999999999999999999
upTweet
ID 695643611984064512
In construction account id: 136 ,user id: 21414771
In construction connection id: 186
In updateTweet:
ffffffffffffffffffffff:
UserID: 105334
IN IF updateHistoricalFollowers
*********************************
99999999999999999999999
upTweet
ID 695631957837746176
In construction account id: 136 ,user id: 21414771
In construction connection id: 186
In updateTweet:
ffffffffffffffffffffff:
UserID: 105334
IN IF updateHistoricalFollowers
*********************************
99999999999999999999999
upTweet
ID 695266616808968192
In construction account id: 136 ,user id: 21414771
In construction connection id: 186
In updateTweet:
ffffffffffffffffffffff:
UserID: 105334
IN IF updateHistoricalFollowers
*********************************
99999999999999999999999
upTweet
ID 692013120328376320
In construction account id: 136 ,user id: 21414771
In construction connection id: 186
In updateTweet:
ffffffffffffffffffffff:
UserID: 105334
IN IF updateHistoricalFollowers
*********************************
99999999999999999999999
upTweet
ID 690211849464246272
In construction account id: 136 ,user id: 21414771
In construction connection id: 186
In updateTweet:
ffffffffffffffffffffff:
UserID: 105334
IN IF updateHistoricalFollowers
*********************************
99999999999999999999999
upTweet
ID 689090990578253824
In construction account id: 136 ,user id: 21414771
In construction connection id: 186
In updateTweet:
ffffffffffffffffffffff:
UserID: 105334
IN IF updateHistoricalFollowers
*********************************
99999999999999999999999
upTweet
ID 687985999608020993
In construction account id: 136 ,user id: 21414771
In construction connection id: 186
In updateTweet:
ffffffffffffffffffffff:
UserID: 105334
IN IF updateHistoricalFollowers
*********************************
99999999999999999999999
upTweet
ID 686914696998293504
In construction account id: 136 ,user id: 21414771
In construction connection id: 186
In updateTweet:
ffffffffffffffffffffff:
UserID: 105334
IN IF updateHistoricalFollowers
*********************************
99999999999999999999999
upTweet
ID 686548021337718784
In construction account id: 136 ,user id: 21414771
In construction connection id: 186
In updateTweet:
ffffffffffffffffffffff:
UserID: 105334
IN IF updateHistoricalFollowers
*********************************
99999999999999999999999
upTweet
ID 685543164325699585
In construction account id: 136 ,user id: 21414771
In construction connection id: 186
In updateTweet:
ffffffffffffffffffffff:
UserID: 105334
IN IF updateHistoricalFollowers
*********************************
99999999999999999999999
upTweet
ID 685523794002182144
In construction account id: 136 ,user id: 21414771
In construction connection id: 186
In updateTweet:
ffffffffffffffffffffff:
UserID: 105334
IN IF updateHistoricalFollowers
*********************************
99999999999999999999999
upTweet
ID 684745391028342784
In construction account id: 136 ,user id: 21414771
In construction connection id: 186
In updateTweet:
ffffffffffffffffffffff:
UserID: 105334
IN IF updateHistoricalFollowers
*********************************
99999999999999999999999
upTweet
ID 684392875065397249
In construction account id: 136 ,user id: 21414771
In construction connection id: 186
In updateTweet:
ffffffffffffffffffffff:
UserID: 105334
IN IF updateHistoricalFollowers
*********************************
99999999999999999999999
upTweet
ID 684385731582664704
In construction account id: 136 ,user id: 21414771
In construction connection id: 186
In updateTweet:
ffffffffffffffffffffff:
UserID: 105334
IN IF updateHistoricalFollowers
*********************************
99999999999999999999999
upTweet
ID 684075611485110272
In construction account id: 136 ,user id: 21414771
In construction connection id: 186
In updateTweet:
ffffffffffffffffffffff:
UserID: 105334
IN IF updateHistoricalFollowers
*********************************
99999999999999999999999
upTweet
ID 684073698253377537
In construction account id: 136 ,user id: 21414771
In construction connection id: 186
In updateTweet:
ffffffffffffffffffffff:
UserID: 105334
IN IF updateHistoricalFollowers
*********************************
99999999999999999999999
upTweet
ID 682976103649034242
In construction account id: 136 ,user id: 21414771
In construction connection id: 186
In updateTweet:
ffffffffffffffffffffff:
UserID: 105334
IN IF updateHistoricalFollowers
*********************************
99999999999999999999999
upTweet
ID 682652650492542976
In construction account id: 136 ,user id: 21414771
In construction connection id: 186
In updateTweet:
ffffffffffffffffffffff:
UserID: 105334
IN IF updateHistoricalFollowers
*********************************
99999999999999999999999
upTweet
ID 682641699559063552
In construction account id: 136 ,user id: 21414771
In construction connection id: 186
In updateTweet:
ffffffffffffffffffffff:
UserID: 105334
IN IF updateHistoricalFollowers
*********************************
99999999999999999999999
upTweet
ID 682612548445712384
In construction account id: 136 ,user id: 21414771
In construction connection id: 186
In updateTweet:
ffffffffffffffffffffff:
UserID: 105334
IN IF updateHistoricalFollowers
*********************************
99999999999999999999999
upTweet
ID 682609437631209473
In construction account id: 136 ,user id: 21414771
In construction connection id: 186
In updateTweet:
ffffffffffffffffffffff:
UserID: 105334
IN IF updateHistoricalFollowers
*********************************
99999999999999999999999
upTweet
ID 682601426065997824
In construction account id: 136 ,user id: 21414771
In construction connection id: 186
In updateTweet:
ffffffffffffffffffffff:
UserID: 105334
IN IF updateHistoricalFollowers
*********************************
99999999999999999999999
upTweet
ID 682601086058917888
In construction account id: 136 ,user id: 21414771
In construction connection id: 186
In updateTweet:
ffffffffffffffffffffff:
UserID: 105334
IN IF updateHistoricalFollowers
*********************************
99999999999999999999999
upTweet
ID 682275559691300869
In construction account id: 136 ,user id: 21414771
In construction connection id: 186
In updateTweet:
ffffffffffffffffffffff:
UserID: 105334
IN IF updateHistoricalFollowers
*********************************
99999999999999999999999
upTweet
ID 682240653649039362
In construction account id: 136 ,user id: 21414771
In construction connection id: 186
In updateTweet:
ffffffffffffffffffffff:
UserID: 105334
IN IF updateHistoricalFollowers
*********************************
99999999999999999999999
upTweet
ID 681845162079727616
In construction account id: 136 ,user id: 21414771
In construction connection id: 186
In updateTweet:
ffffffffffffffffffffff:
UserID: 105334
IN IF updateHistoricalFollowers
*********************************
99999999999999999999999
upTweet
ID 681840090088251392
In construction account id: 136 ,user id: 21414771
In construction connection id: 186
In updateTweet:
ffffffffffffffffffffff:
UserID: 105334
IN IF updateHistoricalFollowers
*********************************
99999999999999999999999
upTweet
ID 681839478139310080
In construction account id: 136 ,user id: 21414771
In construction connection id: 186
In updateTweet:
ffffffffffffffffffffff:
UserID: 105334
IN IF updateHistoricalFollowers
*********************************
99999999999999999999999
upTweet
ID 678942228698415104
In construction account id: 136 ,user id: 21414771
In construction connection id: 186
In updateTweet:
ffffffffffffffffffffff:
UserID: 105334
IN IF updateHistoricalFollowers
*********************************
99999999999999999999999
upTweet
ID 677192720352325633
In construction account id: 136 ,user id: 21414771
In construction connection id: 186
In updateTweet:
ffffffffffffffffffffff:
UserID: 105334
IN IF updateHistoricalFollowers
*********************************
99999999999999999999999
upTweet
ID 676862088329822208
In construction account id: 136 ,user id: 21414771
In construction connection id: 186
In updateTweet:
ffffffffffffffffffffff:
UserID: 105334
IN IF updateHistoricalFollowers
*********************************
99999999999999999999999
upTweet
ID 672435474024128512
In construction account id: 136 ,user id: 21414771
In construction connection id: 186
In updateTweet:
ffffffffffffffffffffff:
UserID: 105334
IN IF updateHistoricalFollowers
*********************************
99999999999999999999999
upTweet
ID 672434842747822080
In construction account id: 136 ,user id: 21414771
In construction connection id: 186
In updateTweet:
ffffffffffffffffffffff:
UserID: 105334
IN IF updateHistoricalFollowers
*********************************
99999999999999999999999
upTweet
ID 672137890944540672
In construction account id: 136 ,user id: 21414771
In construction connection id: 186
In updateTweet:
ffffffffffffffffffffff:
UserID: 105334
IN IF updateHistoricalFollowers
*********************************
99999999999999999999999
upTweet
ID 669525489992663041
In construction account id: 136 ,user id: 21414771
In construction connection id: 186
In updateTweet:
ffffffffffffffffffffff:
UserID: 105334
IN IF updateHistoricalFollowers
*********************************
99999999999999999999999
upTweet
ID 669172401528139777
In construction account id: 136 ,user id: 21414771
In construction connection id: 186
In updateTweet:
ffffffffffffffffffffff:
UserID: 105334
IN IF updateHistoricalFollowers
*********************************
99999999999999999999999
upTweet
ID 669133371847520257
In construction account id: 136 ,user id: 21414771
In construction connection id: 186
In updateTweet:
ffffffffffffffffffffff:
UserID: 105334
IN IF updateHistoricalFollowers
*********************************
99999999999999999999999
upTweet
ID 668890690852524032
In construction account id: 136 ,user id: 21414771
In construction connection id: 186
In updateTweet:
ffffffffffffffffffffff:
UserID: 105334
IN IF updateHistoricalFollowers
*********************************
99999999999999999999999
upTweet
ID 668885706543001600
In construction account id: 136 ,user id: 21414771
In construction connection id: 186
In updateTweet:
ffffffffffffffffffffff:
UserID: 105334
IN IF updateHistoricalFollowers
*********************************
99999999999999999999999
upTweet
ID 668882068739239936
In construction account id: 136 ,user id: 21414771
In construction connection id: 186
In updateTweet:
ffffffffffffffffffffff:
UserID: 105334
IN IF updateHistoricalFollowers
*********************************
99999999999999999999999
upTweet
ID 668865133465071616
In construction account id: 136 ,user id: 21414771
In construction connection id: 186
In updateTweet:
ffffffffffffffffffffff:
UserID: 105334
IN IF updateHistoricalFollowers
*********************************
99999999999999999999999
upTweet
ID 667839312914812929
In construction account id: 136 ,user id: 21414771
In construction connection id: 186
In updateTweet:
ffffffffffffffffffffff:
UserID: 105334
IN IF updateHistoricalFollowers
*********************************
99999999999999999999999
upTweet
ID 667798304361742336
In construction account id: 136 ,user id: 21414771
In construction connection id: 186
In updateTweet:
ffffffffffffffffffffff:
UserID: 105334
IN IF updateHistoricalFollowers
*********************************
99999999999999999999999
upTweet
ID 667798075646210048
In construction account id: 136 ,user id: 21414771
In construction connection id: 186
In updateTweet:
ffffffffffffffffffffff:
UserID: 105334
IN IF updateHistoricalFollowers
*********************************
99999999999999999999999
upTweet
ID 667797312693997568
In construction account id: 136 ,user id: 21414771
In construction connection id: 186
In updateTweet:
ffffffffffffffffffffff:
UserID: 105334
IN IF updateHistoricalFollowers
*********************************
99999999999999999999999
upTweet
ID 667784085264162816
In construction account id: 136 ,user id: 21414771
In construction connection id: 186
In updateTweet:
ffffffffffffffffffffff:
UserID: 105334
IN IF updateHistoricalFollowers
*********************************
99999999999999999999999
upTweet
ID 667783474724605955
In construction account id: 136 ,user id: 21414771
In construction connection id: 186
In updateTweet:
ffffffffffffffffffffff:
UserID: 105334
IN IF updateHistoricalFollowers
*********************************
99999999999999999999999
upTweet
ID 667783085958766592
In construction account id: 136 ,user id: 21414771
In construction connection id: 186
In updateTweet:
ffffffffffffffffffffff:
UserID: 105334
IN IF updateHistoricalFollowers
*********************************
99999999999999999999999
upTweet
ID 667754408319414272
In construction account id: 136 ,user id: 21414771
In construction connection id: 186
In updateTweet:
ffffffffffffffffffffff:
UserID: 105334
IN IF updateHistoricalFollowers
*********************************
99999999999999999999999
upTweet
ID 667753662660395008
In construction account id: 136 ,user id: 21414771
In construction connection id: 186
In updateTweet:
ffffffffffffffffffffff:
UserID: 105334
IN IF updateHistoricalFollowers
*********************************
99999999999999999999999
upTweet
ID 667753362293657600
In construction account id: 136 ,user id: 21414771
In construction connection id: 186
In updateTweet:
ffffffffffffffffffffff:
UserID: 105334
IN IF updateHistoricalFollowers
*********************************
99999999999999999999999
upTweet
ID 667730043582423040
In construction account id: 136 ,user id: 21414771
In construction connection id: 186
In updateTweet:
ffffffffffffffffffffff:
UserID: 105334
IN IF updateHistoricalFollowers
*********************************
99999999999999999999999
upTweet
ID 667382532439220225
In construction account id: 136 ,user id: 21414771
In construction connection id: 186
In updateTweet:
ffffffffffffffffffffff:
UserID: 105334
IN IF updateHistoricalFollowers
*********************************
99999999999999999999999
upTweet
ID 667381284994482176
In construction account id: 136 ,user id: 21414771
In construction connection id: 186
In updateTweet:
ffffffffffffffffffffff:
UserID: 105334
IN IF updateHistoricalFollowers
*********************************
99999999999999999999999
upTweet
ID 667376959387627520
In construction account id: 136 ,user id: 21414771
In construction connection id: 186
In updateTweet:
ffffffffffffffffffffff:
UserID: 105334
IN IF updateHistoricalFollowers
*********************************
99999999999999999999999
upTweet
ID 667376703921090560
In construction account id: 136 ,user id: 21414771
In construction connection id: 186
In updateTweet:
ffffffffffffffffffffff:
UserID: 105334
IN IF updateHistoricalFollowers
*********************************
99999999999999999999999
upTweet
ID 667367538766934017
In construction account id: 136 ,user id: 21414771
In construction connection id: 186
In updateTweet:
ffffffffffffffffffffff:
UserID: 105334
IN IF updateHistoricalFollowers
*********************************
99999999999999999999999
upTweet
ID 667366792755585024
In construction account id: 136 ,user id: 21414771
In construction connection id: 186
In updateTweet:
ffffffffffffffffffffff:
UserID: 105334
IN IF updateHistoricalFollowers
*********************************
99999999999999999999999
upTweet
ID 667366737617268737
In construction account id: 136 ,user id: 21414771
In construction connection id: 186
In updateTweet:
ffffffffffffffffffffff:
UserID: 105334
IN IF updateHistoricalFollowers
*********************************
99999999999999999999999
upTweet
ID 667360811854118916
In construction account id: 136 ,user id: 21414771
In construction connection id: 186
In updateTweet:
ffffffffffffffffffffff:
UserID: 105334
IN IF updateHistoricalFollowers
*********************************
99999999999999999999999
upTweet
ID 667359773566857216
In construction account id: 136 ,user id: 21414771
In construction connection id: 186
In updateTweet:
ffffffffffffffffffffff:
UserID: 105334
IN IF updateHistoricalFollowers
*********************************
99999999999999999999999
upTweet
ID 667359519572402176
In construction account id: 136 ,user id: 21414771
In construction connection id: 186
In updateTweet:
ffffffffffffffffffffff:
UserID: 105334
IN IF updateHistoricalFollowers
*********************************
99999999999999999999999
upTweet
ID 667106419209076737
In construction account id: 136 ,user id: 21414771
In construction connection id: 186
In updateTweet:
ffffffffffffffffffffff:
UserID: 105334
IN IF updateHistoricalFollowers
*********************************
99999999999999999999999
upTweet
ID 667104985742778368
In construction account id: 136 ,user id: 21414771
In construction connection id: 186
In updateTweet:
ffffffffffffffffffffff:
UserID: 105334
IN IF updateHistoricalFollowers
*********************************
99999999999999999999999
upTweet
ID 667104876770541569
In construction account id: 136 ,user id: 21414771
In construction connection id: 186
In updateTweet:
ffffffffffffffffffffff:
UserID: 105334
IN IF updateHistoricalFollowers
*********************************
99999999999999999999999
upTweet
ID 667084013174173696
In construction account id: 136 ,user id: 21414771
In construction connection id: 186
In updateTweet:
ffffffffffffffffffffff:
UserID: 105334
IN IF updateHistoricalFollowers
*********************************
99999999999999999999999
upTweet
ID 665962814486409216
In construction account id: 136 ,user id: 21414771
In construction connection id: 186
In updateTweet:
ffffffffffffffffffffff:
UserID: 105334
IN IF updateHistoricalFollowers
*********************************
99999999999999999999999
upTweet
ID 665917176314904576
In construction account id: 136 ,user id: 21414771
In construction connection id: 186
In updateTweet:
ffffffffffffffffffffff:
UserID: 105334
IN IF updateHistoricalFollowers
*********************************
99999999999999999999999
upTweet
ID 665667782009204738
In construction account id: 136 ,user id: 21414771
In construction connection id: 186
In updateTweet:
ffffffffffffffffffffff:
UserID: 105334
IN IF updateHistoricalFollowers
*********************************
99999999999999999999999
upTweet
ID 665296251571671040
In construction account id: 136 ,user id: 21414771
In construction connection id: 186
