99999999999999999999999
upTweet
ID 708453460581089281
In construction account id: 142 ,user id: 43977597
In construction connection id: 192
In updateTweet:
ffffffffffffffffffffff:
UserID: 12073
IN IF updateHistoricalFollowers
*********************************
99999999999999999999999
upTweet
ID 708426781603147776
In construction account id: 142 ,user id: 43977597
In construction connection id: 192
In updateTweet:
ffffffffffffffffffffff:
UserID: 12073
IN IF updateHistoricalFollowers
*********************************
99999999999999999999999
upTweet
ID 708365878983659520
In construction account id: 142 ,user id: 43977597
In construction connection id: 192
In updateTweet:
ffffffffffffffffffffff:
UserID: 12073
IN IF updateHistoricalFollowers
*********************************
99999999999999999999999
upTweet
ID 708049837405528064
In construction account id: 142 ,user id: 43977597
In construction connection id: 192
In updateTweet:
ffffffffffffffffffffff:
UserID: 12073
IN IF updateHistoricalFollowers
*********************************
99999999999999999999999
upTweet
ID 708002483256188928
In construction account id: 142 ,user id: 43977597
In construction connection id: 192
In updateTweet:
ffffffffffffffffffffff:
UserID: 12073
IN IF updateHistoricalFollowers
*********************************
99999999999999999999999
upTweet
ID 707714083408056320
In construction account id: 142 ,user id: 43977597
In construction connection id: 192
In updateTweet:
ffffffffffffffffffffff:
UserID: 12073
IN IF updateHistoricalFollowers
*********************************
99999999999999999999999
upTweet
ID 707637580087500800
In construction account id: 142 ,user id: 43977597
In construction connection id: 192
In updateTweet:
ffffffffffffffffffffff:
UserID: 12073
IN IF updateHistoricalFollowers
*********************************
99999999999999999999999
upTweet
ID 707368304420069376
In construction account id: 142 ,user id: 43977597
In construction connection id: 192
In updateTweet:
ffffffffffffffffffffff:
UserID: 12073
IN IF updateHistoricalFollowers
*********************************
99999999999999999999999
upTweet
ID 707307405147635712
In construction account id: 142 ,user id: 43977597
In construction connection id: 192
In updateTweet:
ffffffffffffffffffffff:
UserID: 12073
IN IF updateHistoricalFollowers
*********************************
99999999999999999999999
upTweet
ID 707261605403168768
In construction account id: 142 ,user id: 43977597
In construction connection id: 192
In updateTweet:
ffffffffffffffffffffff:
UserID: 12073
IN IF updateHistoricalFollowers
*********************************
99999999999999999999999
upTweet
ID 706993336381341702
In construction account id: 142 ,user id: 43977597
In construction connection id: 192
In updateTweet:
ffffffffffffffffffffff:
UserID: 12073
IN IF updateHistoricalFollowers
*********************************
99999999999999999999999
upTweet
ID 706917360746147840
In construction account id: 142 ,user id: 43977597
In construction connection id: 192
In updateTweet:
ffffffffffffffffffffff:
UserID: 12073
IN IF updateHistoricalFollowers
*********************************
99999999999999999999999
upTweet
ID 705913227255742464
In construction account id: 142 ,user id: 43977597
In construction connection id: 192
In updateTweet:
ffffffffffffffffffffff:
UserID: 12073
IN IF updateHistoricalFollowers
*********************************
99999999999999999999999
upTweet
ID 705897364741971968
In construction account id: 142 ,user id: 43977597
In construction connection id: 192
In updateTweet:
ffffffffffffffffffffff:
UserID: 12073
IN IF updateHistoricalFollowers
*********************************
99999999999999999999999
upTweet
ID 705890593419845632
In construction account id: 142 ,user id: 43977597
In construction connection id: 192
In updateTweet:
ffffffffffffffffffffff:
UserID: 12073
IN IF updateHistoricalFollowers
*********************************
99999999999999999999999
upTweet
ID 705821111162785792
In construction account id: 142 ,user id: 43977597
In construction connection id: 192
In updateTweet:
ffffffffffffffffffffff:
UserID: 12073
IN IF updateHistoricalFollowers
*********************************
99999999999999999999999
upTweet
ID 705791753891287041
In construction account id: 142 ,user id: 43977597
In construction connection id: 192
In updateTweet:
ffffffffffffffffffffff:
UserID: 12073
IN IF updateHistoricalFollowers
*********************************
99999999999999999999999
upTweet
ID 705531702689423360
In construction account id: 142 ,user id: 43977597
In construction connection id: 192
In updateTweet:
ffffffffffffffffffffff:
UserID: 12073
IN IF updateHistoricalFollowers
*********************************
99999999999999999999999
upTweet
ID 705470807510794244
In construction account id: 142 ,user id: 43977597
In construction connection id: 192
In updateTweet:
ffffffffffffffffffffff:
UserID: 12073
IN IF updateHistoricalFollowers
*********************************
99999999999999999999999
upTweet
ID 705155474421731328
In construction account id: 142 ,user id: 43977597
In construction connection id: 192
In updateTweet:
ffffffffffffffffffffff:
UserID: 12073
IN IF updateHistoricalFollowers
*********************************
99999999999999999999999
upTweet
ID 705109421085499392
In construction account id: 142 ,user id: 43977597
In construction connection id: 192
In updateTweet:
ffffffffffffffffffffff:
UserID: 12073
IN IF updateHistoricalFollowers
*********************************
99999999999999999999999
upTweet
ID 703348332362530816
In construction account id: 142 ,user id: 43977597
In construction connection id: 192
In updateTweet:
ffffffffffffffffffffff:
UserID: 12073
IN IF updateHistoricalFollowers
*********************************
99999999999999999999999
upTweet
ID 703287416157638656
In construction account id: 142 ,user id: 43977597
In construction connection id: 192
In updateTweet:
ffffffffffffffffffffff:
UserID: 12073
IN IF updateHistoricalFollowers
*********************************
99999999999999999999999
upTweet
ID 702960008154193920
In construction account id: 142 ,user id: 43977597
In construction connection id: 192
In updateTweet:
ffffffffffffffffffffff:
UserID: 12073
IN IF updateHistoricalFollowers
*********************************
99999999999999999999999
upTweet
ID 702907221039058944
In construction account id: 142 ,user id: 43977597
In construction connection id: 192
In updateTweet:
ffffffffffffffffffffff:
UserID: 12073
IN IF updateHistoricalFollowers
*********************************
99999999999999999999999
upTweet
ID 702899359793307648
In construction account id: 142 ,user id: 43977597
In construction connection id: 192
In updateTweet:
ffffffffffffffffffffff:
UserID: 12073
IN IF updateHistoricalFollowers
*********************************
99999999999999999999999
upTweet
ID 702659788107190272
In construction account id: 142 ,user id: 43977597
In construction connection id: 192
In updateTweet:
ffffffffffffffffffffff:
UserID: 12073
IN IF updateHistoricalFollowers
*********************************
99999999999999999999999
upTweet
ID 702613997430767616
In construction account id: 142 ,user id: 43977597
In construction connection id: 192
In updateTweet:
ffffffffffffffffffffff:
UserID: 12073
IN IF updateHistoricalFollowers
*********************************
99999999999999999999999
upTweet
ID 702567672605638656
In construction account id: 142 ,user id: 43977597
In construction connection id: 192
In updateTweet:
ffffffffffffffffffffff:
UserID: 12073
IN IF updateHistoricalFollowers
*********************************
99999999999999999999999
upTweet
ID 702276001544278016
In construction account id: 142 ,user id: 43977597
In construction connection id: 192
In updateTweet:
ffffffffffffffffffffff:
UserID: 12073
IN IF updateHistoricalFollowers
*********************************
99999999999999999999999
upTweet
ID 702200259892523008
In construction account id: 142 ,user id: 43977597
In construction connection id: 192
In updateTweet:
ffffffffffffffffffffff:
UserID: 12073
IN IF updateHistoricalFollowers
*********************************
99999999999999999999999
upTweet
ID 701923178205949952
In construction account id: 142 ,user id: 43977597
In construction connection id: 192
In updateTweet:
ffffffffffffffffffffff:
UserID: 12073
IN IF updateHistoricalFollowers
*********************************
99999999999999999999999
upTweet
ID 701847426504617984
In construction account id: 142 ,user id: 43977597
In construction connection id: 192
In updateTweet:
ffffffffffffffffffffff:
UserID: 12073
IN IF updateHistoricalFollowers
*********************************
99999999999999999999999
upTweet
ID 700848850177695747
In construction account id: 142 ,user id: 43977597
In construction connection id: 192
In updateTweet:
ffffffffffffffffffffff:
UserID: 12073
IN IF updateHistoricalFollowers
*********************************
99999999999999999999999
upTweet
ID 700772345200275460
In construction account id: 142 ,user id: 43977597
In construction connection id: 192
In updateTweet:
ffffffffffffffffffffff:
UserID: 12073
IN IF updateHistoricalFollowers
*********************************
99999999999999999999999
upTweet
ID 700756236883525632
In construction account id: 142 ,user id: 43977597
In construction connection id: 192
In updateTweet:
ffffffffffffffffffffff:
UserID: 12073
IN IF updateHistoricalFollowers
*********************************
99999999999999999999999
upTweet
ID 700507096484196352
In construction account id: 142 ,user id: 43977597
In construction connection id: 192
In updateTweet:
ffffffffffffffffffffff:
UserID: 12073
IN IF updateHistoricalFollowers
*********************************
99999999999999999999999
upTweet
ID 700454780158631937
In construction account id: 142 ,user id: 43977597
In construction connection id: 192
In updateTweet:
ffffffffffffffffffffff:
UserID: 12073
IN IF updateHistoricalFollowers
*********************************
99999999999999999999999
upTweet
ID 700385546250510337
In construction account id: 142 ,user id: 43977597
In construction connection id: 192
In updateTweet:
ffffffffffffffffffffff:
UserID: 12073
IN IF updateHistoricalFollowers
*********************************
99999999999999999999999
upTweet
ID 700178430499753985
In construction account id: 142 ,user id: 43977597
In construction connection id: 192
In updateTweet:
ffffffffffffffffffffff:
UserID: 12073
IN IF updateHistoricalFollowers
*********************************
99999999999999999999999
upTweet
ID 700132878663835648
In construction account id: 142 ,user id: 43977597
In construction connection id: 192
In updateTweet:
ffffffffffffffffffffff:
UserID: 12073
IN IF updateHistoricalFollowers
*********************************
99999999999999999999999
upTweet
ID 700087328438558720
In construction account id: 142 ,user id: 43977597
In construction connection id: 192
In updateTweet:
ffffffffffffffffffffff:
UserID: 12073
IN IF updateHistoricalFollowers
*********************************
99999999999999999999999
upTweet
ID 699789116121026560
In construction account id: 142 ,user id: 43977597
In construction connection id: 192
In updateTweet:
ffffffffffffffffffffff:
UserID: 12073
IN IF updateHistoricalFollowers
*********************************
99999999999999999999999
upTweet
ID 699728214613078016
In construction account id: 142 ,user id: 43977597
In construction connection id: 192
In updateTweet:
ffffffffffffffffffffff:
UserID: 12073
IN IF updateHistoricalFollowers
*********************************
99999999999999999999999
upTweet
ID 699667063090970624
In construction account id: 142 ,user id: 43977597
In construction connection id: 192
In updateTweet:
ffffffffffffffffffffff:
UserID: 12073
IN IF updateHistoricalFollowers
*********************************
99999999999999999999999
upTweet
ID 699376647779147776
In construction account id: 142 ,user id: 43977597
In construction connection id: 192
In updateTweet:
ffffffffffffffffffffff:
UserID: 12073
IN IF updateHistoricalFollowers
*********************************
99999999999999999999999
upTweet
ID 699301660057686016
In construction account id: 142 ,user id: 43977597
In construction connection id: 192
In updateTweet:
ffffffffffffffffffffff:
UserID: 12073
IN IF updateHistoricalFollowers
*********************************
99999999999999999999999
upTweet
ID 698310636728487937
In construction account id: 142 ,user id: 43977597
In construction connection id: 192
In updateTweet:
ffffffffffffffffffffff:
UserID: 12073
IN IF updateHistoricalFollowers
*********************************
99999999999999999999999
upTweet
ID 697933162567979009
In construction account id: 142 ,user id: 43977597
In construction connection id: 192
In updateTweet:
ffffffffffffffffffffff:
UserID: 12073
IN IF updateHistoricalFollowers
*********************************
99999999999999999999999
upTweet
ID 697872778779688960
In construction account id: 142 ,user id: 43977597
In construction connection id: 192
In updateTweet:
ffffffffffffffffffffff:
UserID: 12073
IN IF updateHistoricalFollowers
*********************************
99999999999999999999999
upTweet
ID 697852102408687616
In construction account id: 142 ,user id: 43977597
In construction connection id: 192
In updateTweet:
ffffffffffffffffffffff:
UserID: 12073
IN IF updateHistoricalFollowers
*********************************
99999999999999999999999
upTweet
ID 697561946514558976
In construction account id: 142 ,user id: 43977597
In construction connection id: 192
In updateTweet:
ffffffffffffffffffffff:
UserID: 12073
IN IF updateHistoricalFollowers
*********************************
99999999999999999999999
upTweet
ID 697499779945762816
In construction account id: 142 ,user id: 43977597
In construction connection id: 192
In updateTweet:
ffffffffffffffffffffff:
UserID: 12073
IN IF updateHistoricalFollowers
*********************************
99999999999999999999999
upTweet
ID 697131351481319424
In construction account id: 142 ,user id: 43977597
In construction connection id: 192
In updateTweet:
ffffffffffffffffffffff:
UserID: 12073
IN IF updateHistoricalFollowers
*********************************
99999999999999999999999
upTweet
ID 696906383833174016
In construction account id: 142 ,user id: 43977597
In construction connection id: 192
In updateTweet:
ffffffffffffffffffffff:
UserID: 12073
IN IF updateHistoricalFollowers
*********************************
99999999999999999999999
upTweet
ID 696857800350171137
In construction account id: 142 ,user id: 43977597
In construction connection id: 192
In updateTweet:
ffffffffffffffffffffff:
UserID: 12073
IN IF updateHistoricalFollowers
*********************************
99999999999999999999999
upTweet
ID 696766952463675392
In construction account id: 142 ,user id: 43977597
In construction connection id: 192
In updateTweet:
ffffffffffffffffffffff:
UserID: 12073
IN IF updateHistoricalFollowers
*********************************
99999999999999999999999
upTweet
ID 695749750356705280
In construction account id: 142 ,user id: 43977597
In construction connection id: 192
In updateTweet:
ffffffffffffffffffffff:
UserID: 12073
IN IF updateHistoricalFollowers
*********************************
99999999999999999999999
upTweet
ID 695673999737516032
In construction account id: 142 ,user id: 43977597
In construction connection id: 192
In updateTweet:
ffffffffffffffffffffff:
UserID: 12073
IN IF updateHistoricalFollowers
*********************************
99999999999999999999999
upTweet
ID 695419072553455616
In construction account id: 142 ,user id: 43977597
In construction connection id: 192
In updateTweet:
ffffffffffffffffffffff:
UserID: 12073
IN IF updateHistoricalFollowers
*********************************
99999999999999999999999
upTweet
ID 695328223085744128
In construction account id: 142 ,user id: 43977597
In construction connection id: 192
In updateTweet:
ffffffffffffffffffffff:
UserID: 12073
IN IF updateHistoricalFollowers
*********************************
99999999999999999999999
upTweet
ID 695020695336583168
In construction account id: 142 ,user id: 43977597
In construction connection id: 192
In updateTweet:
ffffffffffffffffffffff:
UserID: 12073
IN IF updateHistoricalFollowers
*********************************
99999999999999999999999
upTweet
ID 694959795216863232
In construction account id: 142 ,user id: 43977597
In construction connection id: 192
In updateTweet:
ffffffffffffffffffffff:
UserID: 12073
IN IF updateHistoricalFollowers
*********************************
99999999999999999999999
upTweet
ID 694685736495247361
In construction account id: 142 ,user id: 43977597
In construction connection id: 192
In updateTweet:
ffffffffffffffffffffff:
UserID: 12073
IN IF updateHistoricalFollowers
*********************************
99999999999999999999999
upTweet
ID 694609485101273092
In construction account id: 142 ,user id: 43977597
In construction connection id: 192
In updateTweet:
ffffffffffffffffffffff:
UserID: 12073
IN IF updateHistoricalFollowers
*********************************
99999999999999999999999
upTweet
ID 694315549082320897
In construction account id: 142 ,user id: 43977597
In construction connection id: 192
In updateTweet:
ffffffffffffffffffffff:
UserID: 12073
IN IF updateHistoricalFollowers
*********************************
99999999999999999999999
upTweet
ID 694239805568192512
In construction account id: 142 ,user id: 43977597
In construction connection id: 192
In updateTweet:
ffffffffffffffffffffff:
UserID: 12073
IN IF updateHistoricalFollowers
*********************************
99999999999999999999999
upTweet
ID 694217730103255040
In construction account id: 142 ,user id: 43977597
In construction connection id: 192
In updateTweet:
ffffffffffffffffffffff:
UserID: 12073
IN IF updateHistoricalFollowers
*********************************
99999999999999999999999
upTweet
ID 693213537619963904
In construction account id: 142 ,user id: 43977597
In construction connection id: 192
In updateTweet:
ffffffffffffffffffffff:
UserID: 12073
IN IF updateHistoricalFollowers
*********************************
99999999999999999999999
upTweet
ID 693161412693131265
In construction account id: 142 ,user id: 43977597
In construction connection id: 192
In updateTweet:
ffffffffffffffffffffff:
UserID: 12073
IN IF updateHistoricalFollowers
