99999999999999999999999
upTweet
ID 708339875850756096
In construction account id: 127 ,user id: 19041163
In construction connection id: 176
In updateTweet:
ffffffffffffffffffffff:
UserID: 38454
IN IF updateHistoricalFollowers
*********************************
99999999999999999999999
upTweet
ID 707618569337618433
In construction account id: 127 ,user id: 19041163
In construction connection id: 176
In updateTweet:
ffffffffffffffffffffff:
UserID: 38454
IN IF updateHistoricalFollowers
*********************************
99999999999999999999999
upTweet
ID 699278011346989056
In construction account id: 127 ,user id: 19041163
In construction connection id: 176
In updateTweet:
ffffffffffffffffffffff:
UserID: 38454
IN IF updateHistoricalFollowers
*********************************
99999999999999999999999
upTweet
ID 694944521012977665
In construction account id: 127 ,user id: 19041163
In construction connection id: 176
In updateTweet:
ffffffffffffffffffffff:
UserID: 38454
IN IF updateHistoricalFollowers
*********************************
99999999999999999999999
upTweet
ID 689504619064483843
In construction account id: 127 ,user id: 19041163
In construction connection id: 176
In updateTweet:
ffffffffffffffffffffff:
UserID: 38454
IN IF updateHistoricalFollowers
*********************************
99999999999999999999999
upTweet
ID 689263149762019332
In construction account id: 127 ,user id: 19041163
In construction connection id: 176
In updateTweet:
ffffffffffffffffffffff:
UserID: 38454
IN IF updateHistoricalFollowers
*********************************
99999999999999999999999
upTweet
ID 684542369803407360
In construction account id: 127 ,user id: 19041163
In construction connection id: 176
In updateTweet:
ffffffffffffffffffffff:
UserID: 38454
IN IF updateHistoricalFollowers
*********************************
99999999999999999999999
upTweet
ID 684434750296031233
In construction account id: 127 ,user id: 19041163
In construction connection id: 176
In updateTweet:
ffffffffffffffffffffff:
UserID: 38454
IN IF updateHistoricalFollowers
*********************************
99999999999999999999999
upTweet
ID 679739386716553216
In construction account id: 127 ,user id: 19041163
In construction connection id: 176
In updateTweet:
ffffffffffffffffffffff:
UserID: 38454
IN IF updateHistoricalFollowers
*********************************
99999999999999999999999
upTweet
ID 679739355758346240
In construction account id: 127 ,user id: 19041163
In construction connection id: 176
In updateTweet:
ffffffffffffffffffffff:
UserID: 38454
IN IF updateHistoricalFollowers
*********************************
99999999999999999999999
upTweet
ID 678991702497955840
In construction account id: 127 ,user id: 19041163
In construction connection id: 176
In updateTweet:
ffffffffffffffffffffff:
UserID: 38454
IN IF updateHistoricalFollowers
*********************************
99999999999999999999999
upTweet
ID 677194412431032321
In construction account id: 127 ,user id: 19041163
In construction connection id: 176
In updateTweet:
ffffffffffffffffffffff:
UserID: 38454
IN IF updateHistoricalFollowers
*********************************
99999999999999999999999
upTweet
ID 676930674650177536
In construction account id: 127 ,user id: 19041163
In construction connection id: 176
In updateTweet:
ffffffffffffffffffffff:
UserID: 38454
IN IF updateHistoricalFollowers
*********************************
99999999999999999999999
upTweet
ID 672844643881488384
In construction account id: 127 ,user id: 19041163
In construction connection id: 176
In updateTweet:
ffffffffffffffffffffff:
UserID: 38454
IN IF updateHistoricalFollowers
*********************************
99999999999999999999999
upTweet
ID 671866920048525312
In construction account id: 127 ,user id: 19041163
In construction connection id: 176
In updateTweet:
ffffffffffffffffffffff:
UserID: 38454
IN IF updateHistoricalFollowers
*********************************
99999999999999999999999
upTweet
ID 671865632439164928
In construction account id: 127 ,user id: 19041163
In construction connection id: 176
In updateTweet:
ffffffffffffffffffffff:
UserID: 38454
IN IF updateHistoricalFollowers
*********************************
99999999999999999999999
upTweet
ID 671865534162403329
In construction account id: 127 ,user id: 19041163
In construction connection id: 176
In updateTweet:
ffffffffffffffffffffff:
UserID: 38454
IN IF updateHistoricalFollowers
*********************************
99999999999999999999999
upTweet
ID 669639862165749760
In construction account id: 127 ,user id: 19041163
In construction connection id: 176
In updateTweet:
ffffffffffffffffffffff:
UserID: 38454
IN IF updateHistoricalFollowers
*********************************
99999999999999999999999
upTweet
ID 664500248509747200
In construction account id: 127 ,user id: 19041163
In construction connection id: 176
In updateTweet:
ffffffffffffffffffffff:
UserID: 38454
IN IF updateHistoricalFollowers
*********************************
99999999999999999999999
upTweet
ID 662029819618549760
In construction account id: 127 ,user id: 19041163
In construction connection id: 176
In updateTweet:
ffffffffffffffffffffff:
UserID: 38454
IN IF updateHistoricalFollowers
*********************************
99999999999999999999999
upTweet
ID 659861459267010560
In construction account id: 127 ,user id: 19041163
In construction connection id: 176
In updateTweet:
ffffffffffffffffffffff:
UserID: 38454
IN IF updateHistoricalFollowers
*********************************
99999999999999999999999
upTweet
ID 655777403277471744
In construction account id: 127 ,user id: 19041163
In construction connection id: 176
In updateTweet:
ffffffffffffffffffffff:
UserID: 38454
IN IF updateHistoricalFollowers
*********************************
99999999999999999999999
upTweet
ID 654811558120321025
In construction account id: 127 ,user id: 19041163
In construction connection id: 176
In updateTweet:
ffffffffffffffffffffff:
UserID: 38454
IN IF updateHistoricalFollowers
*********************************
99999999999999999999999
upTweet
ID 653738747259785216
In construction account id: 127 ,user id: 19041163
In construction connection id: 176
In updateTweet:
ffffffffffffffffffffff:
UserID: 38454
IN IF updateHistoricalFollowers
*********************************
99999999999999999999999
upTweet
ID 652639033139466244
In construction account id: 127 ,user id: 19041163
In construction connection id: 176
In updateTweet:
ffffffffffffffffffffff:
UserID: 38454
IN IF updateHistoricalFollowers
*********************************
99999999999999999999999
upTweet
ID 652529091451621376
In construction account id: 127 ,user id: 19041163
In construction connection id: 176
In updateTweet:
ffffffffffffffffffffff:
UserID: 38454
IN IF updateHistoricalFollowers
*********************************
99999999999999999999999
upTweet
ID 649994180979093505
In construction account id: 127 ,user id: 19041163
In construction connection id: 176
In updateTweet:
ffffffffffffffffffffff:
UserID: 38454
IN IF updateHistoricalFollowers
*********************************
99999999999999999999999
upTweet
ID 649994153829380096
In construction account id: 127 ,user id: 19041163
In construction connection id: 176
In updateTweet:
ffffffffffffffffffffff:
UserID: 38454
IN IF updateHistoricalFollowers
*********************************
99999999999999999999999
upTweet
ID 649638837048635393
In construction account id: 127 ,user id: 19041163
In construction connection id: 176
In updateTweet:
ffffffffffffffffffffff:
UserID: 38454
IN IF updateHistoricalFollowers
*********************************
99999999999999999999999
upTweet
ID 647193411808686081
In construction account id: 127 ,user id: 19041163
In construction connection id: 176
In updateTweet:
ffffffffffffffffffffff:
UserID: 38454
IN IF updateHistoricalFollowers
*********************************
99999999999999999999999
upTweet
ID 647192875629842436
In construction account id: 127 ,user id: 19041163
In construction connection id: 176
In updateTweet:
ffffffffffffffffffffff:
UserID: 38454
IN IF updateHistoricalFollowers
*********************************
99999999999999999999999
upTweet
ID 647086940362178560
In construction account id: 127 ,user id: 19041163
In construction connection id: 176
In updateTweet:
ffffffffffffffffffffff:
UserID: 38454
IN IF updateHistoricalFollowers
*********************************
99999999999999999999999
upTweet
ID 646037783111315456
In construction account id: 127 ,user id: 19041163
In construction connection id: 176
In updateTweet:
ffffffffffffffffffffff:
UserID: 38454
IN IF updateHistoricalFollowers
*********************************
99999999999999999999999
upTweet
ID 644962219055169536
In construction account id: 127 ,user id: 19041163
In construction connection id: 176
In updateTweet:
ffffffffffffffffffffff:
UserID: 38454
IN IF updateHistoricalFollowers
*********************************
99999999999999999999999
upTweet
ID 644192024032243713
In construction account id: 127 ,user id: 19041163
In construction connection id: 176
In updateTweet:
ffffffffffffffffffffff:
UserID: 38454
IN IF updateHistoricalFollowers
*********************************
99999999999999999999999
upTweet
ID 643903540981731328
In construction account id: 127 ,user id: 19041163
In construction connection id: 176
In updateTweet:
ffffffffffffffffffffff:
UserID: 38454
IN IF updateHistoricalFollowers
*********************************
99999999999999999999999
upTweet
ID 643898406146961408
In construction account id: 127 ,user id: 19041163
In construction connection id: 176
In updateTweet:
ffffffffffffffffffffff:
UserID: 38454
IN IF updateHistoricalFollowers
*********************************
99999999999999999999999
upTweet
ID 643451391692791809
In construction account id: 127 ,user id: 19041163
In construction connection id: 176
In updateTweet:
ffffffffffffffffffffff:
UserID: 38454
IN IF updateHistoricalFollowers
*********************************
99999999999999999999999
upTweet
ID 642413560463646722
In construction account id: 127 ,user id: 19041163
In construction connection id: 176
In updateTweet:
ffffffffffffffffffffff:
UserID: 38454
IN IF updateHistoricalFollowers
*********************************
99999999999999999999999
upTweet
ID 642121627975577600
In construction account id: 127 ,user id: 19041163
In construction connection id: 176
In updateTweet:
ffffffffffffffffffffff:
UserID: 38454
IN IF updateHistoricalFollowers
*********************************
99999999999999999999999
upTweet
ID 642024369959530496
In construction account id: 127 ,user id: 19041163
In construction connection id: 176
In updateTweet:
ffffffffffffffffffffff:
UserID: 38454
IN IF updateHistoricalFollowers
*********************************
99999999999999999999999
upTweet
ID 642024165315219456
In construction account id: 127 ,user id: 19041163
In construction connection id: 176
In updateTweet:
ffffffffffffffffffffff:
UserID: 38454
IN IF updateHistoricalFollowers
*********************************
99999999999999999999999
upTweet
ID 641677070137880576
In construction account id: 127 ,user id: 19041163
In construction connection id: 176
In updateTweet:
ffffffffffffffffffffff:
UserID: 38454
IN IF updateHistoricalFollowers
*********************************
99999999999999999999999
upTweet
ID 641666273626030080
In construction account id: 127 ,user id: 19041163
In construction connection id: 176
In updateTweet:
ffffffffffffffffffffff:
UserID: 38454
IN IF updateHistoricalFollowers
*********************************
99999999999999999999999
upTweet
ID 641395595345694720
In construction account id: 127 ,user id: 19041163
In construction connection id: 176
In updateTweet:
ffffffffffffffffffffff:
UserID: 38454
IN IF updateHistoricalFollowers
*********************************
99999999999999999999999
upTweet
ID 641308520873394176
In construction account id: 127 ,user id: 19041163
In construction connection id: 176
In updateTweet:
ffffffffffffffffffffff:
UserID: 38454
IN IF updateHistoricalFollowers
*********************************
99999999999999999999999
upTweet
ID 641292386329497601
In construction account id: 127 ,user id: 19041163
In construction connection id: 176
In updateTweet:
ffffffffffffffffffffff:
UserID: 38454
IN IF updateHistoricalFollowers
*********************************
99999999999999999999999
upTweet
ID 641072497148846080
In construction account id: 127 ,user id: 19041163
In construction connection id: 176
In updateTweet:
ffffffffffffffffffffff:
UserID: 38454
IN IF updateHistoricalFollowers
*********************************
99999999999999999999999
upTweet
ID 641072392152858624
In construction account id: 127 ,user id: 19041163
In construction connection id: 176
In updateTweet:
ffffffffffffffffffffff:
UserID: 38454
IN IF updateHistoricalFollowers
*********************************
99999999999999999999999
upTweet
ID 640997474383958016
In construction account id: 127 ,user id: 19041163
In construction connection id: 176
In updateTweet:
ffffffffffffffffffffff:
UserID: 38454
IN IF updateHistoricalFollowers
*********************************
99999999999999999999999
upTweet
ID 640688437125734400
In construction account id: 127 ,user id: 19041163
In construction connection id: 176
In updateTweet:
ffffffffffffffffffffff:
UserID: 38454
IN IF updateHistoricalFollowers
*********************************
99999999999999999999999
upTweet
ID 640308681452556288
In construction account id: 127 ,user id: 19041163
In construction connection id: 176
In updateTweet:
ffffffffffffffffffffff:
UserID: 38454
IN IF updateHistoricalFollowers
*********************************
99999999999999999999999
upTweet
ID 640201225103736833
In construction account id: 127 ,user id: 19041163
In construction connection id: 176
In updateTweet:
ffffffffffffffffffffff:
UserID: 38454
IN IF updateHistoricalFollowers
*********************************
99999999999999999999999
upTweet
ID 639959353953382400
In construction account id: 127 ,user id: 19041163
In construction connection id: 176
In updateTweet:
ffffffffffffffffffffff:
UserID: 38454
IN IF updateHistoricalFollowers
*********************************
99999999999999999999999
upTweet
ID 639956866093584384
In construction account id: 127 ,user id: 19041163
In construction connection id: 176
In updateTweet:
ffffffffffffffffffffff:
UserID: 38454
IN IF updateHistoricalFollowers
*********************************
99999999999999999999999
upTweet
ID 639927170744254464
In construction account id: 127 ,user id: 19041163
In construction connection id: 176
In updateTweet:
ffffffffffffffffffffff:
UserID: 38454
IN IF updateHistoricalFollowers
*********************************
99999999999999999999999
upTweet
ID 639598504218791936
In construction account id: 127 ,user id: 19041163
In construction connection id: 176
In updateTweet:
ffffffffffffffffffffff:
UserID: 38454
IN IF updateHistoricalFollowers
*********************************
99999999999999999999999
upTweet
ID 639519987183390720
In construction account id: 127 ,user id: 19041163
In construction connection id: 176
In updateTweet:
ffffffffffffffffffffff:
UserID: 38454
IN IF updateHistoricalFollowers
*********************************
99999999999999999999999
upTweet
ID 639174521371496448
In construction account id: 127 ,user id: 19041163
In construction connection id: 176
In updateTweet:
ffffffffffffffffffffff:
UserID: 38454
IN IF updateHistoricalFollowers
*********************************
99999999999999999999999
upTweet
ID 639155783561691144
In construction account id: 127 ,user id: 19041163
In construction connection id: 176
In updateTweet:
ffffffffffffffffffffff:
UserID: 38454
IN IF updateHistoricalFollowers
*********************************
99999999999999999999999
upTweet
ID 639152065189539840
In construction account id: 127 ,user id: 19041163
In construction connection id: 176
In updateTweet:
ffffffffffffffffffffff:
UserID: 38454
IN IF updateHistoricalFollowers
*********************************
99999999999999999999999
upTweet
ID 639122932183142400
In construction account id: 127 ,user id: 19041163
In construction connection id: 176
In updateTweet:
ffffffffffffffffffffff:
UserID: 38454
IN IF updateHistoricalFollowers
*********************************
99999999999999999999999
upTweet
ID 638893103693172737
In construction account id: 127 ,user id: 19041163
In construction connection id: 176
In updateTweet:
ffffffffffffffffffffff:
UserID: 38454
IN IF updateHistoricalFollowers
*********************************
99999999999999999999999
upTweet
ID 638854391152295936
In construction account id: 127 ,user id: 19041163
In construction connection id: 176
In updateTweet:
ffffffffffffffffffffff:
UserID: 38454
IN IF updateHistoricalFollowers
*********************************
99999999999999999999999
upTweet
ID 638854243563106304
In construction account id: 127 ,user id: 19041163
In construction connection id: 176
In updateTweet:
ffffffffffffffffffffff:
UserID: 38454
IN IF updateHistoricalFollowers
*********************************
99999999999999999999999
upTweet
ID 638854121647243264
In construction account id: 127 ,user id: 19041163
In construction connection id: 176
In updateTweet:
ffffffffffffffffffffff:
UserID: 38454
IN IF updateHistoricalFollowers
*********************************
99999999999999999999999
upTweet
ID 638854050117586945
In construction account id: 127 ,user id: 19041163
In construction connection id: 176
In updateTweet:
ffffffffffffffffffffff:
UserID: 38454
IN IF updateHistoricalFollowers
*********************************
99999999999999999999999
upTweet
ID 638853894211112960
In construction account id: 127 ,user id: 19041163
In construction connection id: 176
In updateTweet:
ffffffffffffffffffffff:
UserID: 38454
IN IF updateHistoricalFollowers
*********************************
99999999999999999999999
upTweet
ID 638816521976844288
In construction account id: 127 ,user id: 19041163
In construction connection id: 176
In updateTweet:
ffffffffffffffffffffff:
UserID: 38454
IN IF updateHistoricalFollowers
*********************************
99999999999999999999999
upTweet
ID 638777849080639489
In construction account id: 127 ,user id: 19041163
In construction connection id: 176
In updateTweet:
ffffffffffffffffffffff:
UserID: 38454
IN IF updateHistoricalFollowers
*********************************
99999999999999999999999
upTweet
ID 638485171675656192
In construction account id: 127 ,user id: 19041163
In construction connection id: 176
In updateTweet:
ffffffffffffffffffffff:
UserID: 38454
IN IF updateHistoricalFollowers
*********************************
99999999999999999999999
upTweet
ID 638471729271074816
In construction account id: 127 ,user id: 19041163
In construction connection id: 176
In updateTweet:
ffffffffffffffffffffff:
UserID: 38454
IN IF updateHistoricalFollowers
*********************************
99999999999999999999999
upTweet
ID 638397494427172865
In construction account id: 127 ,user id: 19041163
In construction connection id: 176
In updateTweet:
ffffffffffffffffffffff:
UserID: 38454
IN IF updateHistoricalFollowers
*********************************
99999999999999999999999
upTweet
ID 638397157863657472
In construction account id: 127 ,user id: 19041163
In construction connection id: 176
In updateTweet:
ffffffffffffffffffffff:
UserID: 38454
IN IF updateHistoricalFollowers
*********************************
99999999999999999999999
upTweet
ID 638379973686857728
In construction account id: 127 ,user id: 19041163
In construction connection id: 176
In updateTweet:
ffffffffffffffffffffff:
UserID: 38454
IN IF updateHistoricalFollowers
*********************************
99999999999999999999999
upTweet
ID 638156755466240000
In construction account id: 127 ,user id: 19041163
In construction connection id: 176
In updateTweet:
ffffffffffffffffffffff:
UserID: 38454
IN IF updateHistoricalFollowers
*********************************
99999999999999999999999
upTweet
ID 638125297422893056
In construction account id: 127 ,user id: 19041163
In construction connection id: 176
In updateTweet:
ffffffffffffffffffffff:
UserID: 38454
IN IF updateHistoricalFollowers
*********************************
99999999999999999999999
upTweet
ID 637719623463374848
In construction account id: 127 ,user id: 19041163
In construction connection id: 176
In updateTweet:
ffffffffffffffffffffff:
UserID: 38454
IN IF updateHistoricalFollowers
*********************************
99999999999999999999999
upTweet
ID 637685150780796929
In construction account id: 127 ,user id: 19041163
In construction connection id: 176
In updateTweet:
ffffffffffffffffffffff:
UserID: 38454
IN IF updateHistoricalFollowers
*********************************
99999999999999999999999
upTweet
ID 637394230260817920
In construction account id: 127 ,user id: 19041163
In construction connection id: 176
In updateTweet:
ffffffffffffffffffffff:
UserID: 38454
IN IF updateHistoricalFollowers
*********************************
99999999999999999999999
upTweet
ID 637385564187004928
In construction account id: 127 ,user id: 19041163
In construction connection id: 176
In updateTweet:
ffffffffffffffffffffff:
UserID: 38454
IN IF updateHistoricalFollowers
*********************************
99999999999999999999999
upTweet
ID 637385217456541696
In construction account id: 127 ,user id: 19041163
In construction connection id: 176
In updateTweet:
ffffffffffffffffffffff:
UserID: 38454
IN IF updateHistoricalFollowers
*********************************
99999999999999999999999
upTweet
ID 637384770398257152
In construction account id: 127 ,user id: 19041163
In construction connection id: 176
In updateTweet:
ffffffffffffffffffffff:
UserID: 38454
IN IF updateHistoricalFollowers
*********************************
99999999999999999999999
upTweet
ID 637384406999523328
In construction account id: 127 ,user id: 19041163
In construction connection id: 176
In updateTweet:
ffffffffffffffffffffff:
UserID: 38454
IN IF updateHistoricalFollowers
*********************************
99999999999999999999999
upTweet
ID 637355223833448449
In construction account id: 127 ,user id: 19041163
In construction connection id: 176
In updateTweet:
ffffffffffffffffffffff:
UserID: 38454
IN IF updateHistoricalFollowers
*********************************
99999999999999999999999
upTweet
ID 637338947878686720
In construction account id: 127 ,user id: 19041163
In construction connection id: 176
In updateTweet:
ffffffffffffffffffffff:
UserID: 38454
IN IF updateHistoricalFollowers
*********************************
99999999999999999999999
upTweet
ID 637312267411853312
In construction account id: 127 ,user id: 19041163
In construction connection id: 176
In updateTweet:
ffffffffffffffffffffff:
UserID: 38454
IN IF updateHistoricalFollowers
*********************************
99999999999999999999999
upTweet
ID 637312026528776192
In construction account id: 127 ,user id: 19041163
In construction connection id: 176
In updateTweet:
ffffffffffffffffffffff:
UserID: 38454
IN IF updateHistoricalFollowers
*********************************
99999999999999999999999
upTweet
ID 637081165984194560
In construction account id: 127 ,user id: 19041163
In construction connection id: 176
In updateTweet:
ffffffffffffffffffffff:
UserID: 38454
IN IF updateHistoricalFollowers
*********************************
99999999999999999999999
upTweet
ID 637047442454654977
In construction account id: 127 ,user id: 19041163
In construction connection id: 176
In updateTweet:
ffffffffffffffffffffff:
UserID: 38454
IN IF updateHistoricalFollowers
*********************************
99999999999999999999999
upTweet
ID 637032770879950849
In construction account id: 127 ,user id: 19041163
In construction connection id: 176
In updateTweet:
ffffffffffffffffffffff:
UserID: 38454
IN IF updateHistoricalFollowers
*********************************
99999999999999999999999
upTweet
ID 637032502981361664
In construction account id: 127 ,user id: 19041163
In construction connection id: 176
In updateTweet:
ffffffffffffffffffffff:
UserID: 38454
IN IF updateHistoricalFollowers
*********************************
99999999999999999999999
upTweet
ID 637003402711461888
In construction account id: 127 ,user id: 19041163
In construction connection id: 176
In updateTweet:
ffffffffffffffffffffff:
UserID: 38454
IN IF updateHistoricalFollowers
*********************************
99999999999999999999999
upTweet
ID 636946783596244992
In construction account id: 127 ,user id: 19041163
In construction connection id: 176
In updateTweet:
ffffffffffffffffffffff:
UserID: 38454
IN IF updateHistoricalFollowers
*********************************
99999999999999999999999
upTweet
ID 636633723518083076
In construction account id: 127 ,user id: 19041163
In construction connection id: 176
In updateTweet:
ffffffffffffffffffffff:
UserID: 38454
IN IF updateHistoricalFollowers
*********************************
99999999999999999999999
upTweet
ID 636605034906566656
In construction account id: 127 ,user id: 19041163
In construction connection id: 176
In updateTweet:
ffffffffffffffffffffff:
UserID: 38454
IN IF updateHistoricalFollowers
*********************************
99999999999999999999999
upTweet
ID 636581533604679680
In construction account id: 127 ,user id: 19041163
In construction connection id: 176
In updateTweet:
ffffffffffffffffffffff:
UserID: 38454
IN IF updateHistoricalFollowers
*********************************
99999999999999999999999
upTweet
ID 636336257635737604
In construction account id: 127 ,user id: 19041163
In construction connection id: 176
In updateTweet:
ffffffffffffffffffffff:
UserID: 38454
IN IF updateHistoricalFollowers
*********************************
99999999999999999999999
upTweet
ID 636311439431462912
In construction account id: 127 ,user id: 19041163
In construction connection id: 176
In updateTweet:
ffffffffffffffffffffff:
UserID: 38454
IN IF updateHistoricalFollowers
*********************************
99999999999999999999999
upTweet
ID 636307318687203329
In construction account id: 127 ,user id: 19041163
In construction connection id: 176
In updateTweet:
ffffffffffffffffffffff:
UserID: 38454
IN IF updateHistoricalFollowers
*********************************
99999999999999999999999
upTweet
ID 636307082942132225
In construction account id: 127 ,user id: 19041163
In construction connection id: 176
In updateTweet:
ffffffffffffffffffffff:
UserID: 38454
IN IF updateHistoricalFollowers
*********************************
99999999999999999999999
upTweet
ID 636305973439778816
In construction account id: 127 ,user id: 19041163
In construction connection id: 176
In updateTweet:
ffffffffffffffffffffff:
UserID: 38454
IN IF updateHistoricalFollowers
*********************************
99999999999999999999999
upTweet
ID 636305643234693120
In construction account id: 127 ,user id: 19041163
In construction connection id: 176
In updateTweet:
ffffffffffffffffffffff:
UserID: 38454
IN IF updateHistoricalFollowers
*********************************
99999999999999999999999
upTweet
ID 636301958106644480
In construction account id: 127 ,user id: 19041163
In construction connection id: 176
In updateTweet:
ffffffffffffffffffffff:
UserID: 38454
IN IF updateHistoricalFollowers
*********************************
99999999999999999999999
upTweet
ID 636301424863784961
In construction account id: 127 ,user id: 19041163
In construction connection id: 176
In updateTweet:
ffffffffffffffffffffff:
UserID: 38454
IN IF updateHistoricalFollowers
*********************************
99999999999999999999999
upTweet
ID 636301186350452736
In construction account id: 127 ,user id: 19041163
In construction connection id: 176
In updateTweet:
ffffffffffffffffffffff:
UserID: 38454
IN IF updateHistoricalFollowers
*********************************
99999999999999999999999
upTweet
ID 636293474430484481
In construction account id: 127 ,user id: 19041163
In construction connection id: 176
In updateTweet:
ffffffffffffffffffffff:
UserID: 38454
IN IF updateHistoricalFollowers
*********************************
99999999999999999999999
upTweet
ID 636251745337774080
In construction account id: 127 ,user id: 19041163
In construction connection id: 176
In updateTweet:
ffffffffffffffffffffff:
UserID: 38454
IN IF updateHistoricalFollowers
*********************************
99999999999999999999999
upTweet
ID 636222103415468032
In construction account id: 127 ,user id: 19041163
In construction connection id: 176
In updateTweet:
ffffffffffffffffffffff:
UserID: 38454
IN IF updateHistoricalFollowers
*********************************
99999999999999999999999
upTweet
ID 636000040842989568
In construction account id: 127 ,user id: 19041163
In construction connection id: 176
In updateTweet:
ffffffffffffffffffffff:
UserID: 38454
IN IF updateHistoricalFollowers
*********************************
99999999999999999999999
upTweet
ID 635952231477460992
In construction account id: 127 ,user id: 19041163
In construction connection id: 176
In updateTweet:
ffffffffffffffffffffff:
UserID: 38454
IN IF updateHistoricalFollowers
*********************************
99999999999999999999999
upTweet
ID 635940047116603392
In construction account id: 127 ,user id: 19041163
In construction connection id: 176
In updateTweet:
ffffffffffffffffffffff:
UserID: 38454
IN IF updateHistoricalFollowers
*********************************
99999999999999999999999
upTweet
ID 635937588654682112
In construction account id: 127 ,user id: 19041163
In construction connection id: 176
In updateTweet:
ffffffffffffffffffffff:
UserID: 38454
IN IF updateHistoricalFollowers
*********************************
99999999999999999999999
upTweet
ID 635933835364995073
In construction account id: 127 ,user id: 19041163
In construction connection id: 176
In updateTweet:
ffffffffffffffffffffff:
UserID: 38454
IN IF updateHistoricalFollowers
