99999999999999999999999
upTweet
ID 709169676232871938
In construction account id: 118 ,user id: 54800751
In construction connection id: 170
In updateTweet:
ffffffffffffffffffffff:
UserID: 12446
IN IF updateHistoricalFollowers
*********************************
99999999999999999999999
upTweet
ID 708826420466819073
In construction account id: 118 ,user id: 54800751
In construction connection id: 170
In updateTweet:
ffffffffffffffffffffff:
UserID: 12446
IN IF updateHistoricalFollowers
*********************************
99999999999999999999999
upTweet
ID 708775667370844160
In construction account id: 118 ,user id: 54800751
In construction connection id: 170
In updateTweet:
ffffffffffffffffffffff:
UserID: 12446
IN IF updateHistoricalFollowers
*********************************
99999999999999999999999
upTweet
ID 708717196961144832
In construction account id: 118 ,user id: 54800751
In construction connection id: 170
In updateTweet:
ffffffffffffffffffffff:
UserID: 12446
IN IF updateHistoricalFollowers
*********************************
99999999999999999999999
upTweet
ID 708429298844229632
In construction account id: 118 ,user id: 54800751
In construction connection id: 170
In updateTweet:
ffffffffffffffffffffff:
UserID: 12446
IN IF updateHistoricalFollowers
*********************************
99999999999999999999999
upTweet
ID 708398344771506176
In construction account id: 118 ,user id: 54800751
In construction connection id: 170
In updateTweet:
ffffffffffffffffffffff:
UserID: 12446
IN IF updateHistoricalFollowers
*********************************
99999999999999999999999
upTweet
ID 708354838975746048
In construction account id: 118 ,user id: 54800751
In construction connection id: 170
In updateTweet:
ffffffffffffffffffffff:
UserID: 12446
IN IF updateHistoricalFollowers
*********************************
99999999999999999999999
upTweet
ID 708354495101546496
In construction account id: 118 ,user id: 54800751
In construction connection id: 170
In updateTweet:
ffffffffffffffffffffff:
UserID: 12446
IN IF updateHistoricalFollowers
*********************************
99999999999999999999999
upTweet
ID 708354340356886528
In construction account id: 118 ,user id: 54800751
In construction connection id: 170
In updateTweet:
ffffffffffffffffffffff:
UserID: 12446
IN IF updateHistoricalFollowers
*********************************
99999999999999999999999
upTweet
ID 708042246688526337
In construction account id: 118 ,user id: 54800751
In construction connection id: 170
In updateTweet:
ffffffffffffffffffffff:
UserID: 12446
IN IF updateHistoricalFollowers
*********************************
99999999999999999999999
upTweet
ID 708021346580627458
In construction account id: 118 ,user id: 54800751
In construction connection id: 170
In updateTweet:
ffffffffffffffffffffff:
UserID: 12446
IN IF updateHistoricalFollowers
*********************************
99999999999999999999999
upTweet
ID 708020813606223872
In construction account id: 118 ,user id: 54800751
In construction connection id: 170
In updateTweet:
ffffffffffffffffffffff:
UserID: 12446
IN IF updateHistoricalFollowers
*********************************
99999999999999999999999
upTweet
ID 708000472238436353
In construction account id: 118 ,user id: 54800751
In construction connection id: 170
In updateTweet:
ffffffffffffffffffffff:
UserID: 12446
IN IF updateHistoricalFollowers
*********************************
99999999999999999999999
upTweet
ID 707703354974015488
In construction account id: 118 ,user id: 54800751
In construction connection id: 170
In updateTweet:
ffffffffffffffffffffff:
UserID: 12446
IN IF updateHistoricalFollowers
*********************************
99999999999999999999999
upTweet
ID 707702682736316416
In construction account id: 118 ,user id: 54800751
In construction connection id: 170
In updateTweet:
ffffffffffffffffffffff:
UserID: 12446
IN IF updateHistoricalFollowers
*********************************
99999999999999999999999
upTweet
ID 707702577320701953
In construction account id: 118 ,user id: 54800751
In construction connection id: 170
In updateTweet:
ffffffffffffffffffffff:
UserID: 12446
IN IF updateHistoricalFollowers
*********************************
99999999999999999999999
upTweet
ID 707695714499821569
In construction account id: 118 ,user id: 54800751
In construction connection id: 170
In updateTweet:
ffffffffffffffffffffff:
UserID: 12446
IN IF updateHistoricalFollowers
*********************************
99999999999999999999999
upTweet
ID 707666019083390976
In construction account id: 118 ,user id: 54800751
In construction connection id: 170
In updateTweet:
ffffffffffffffffffffff:
UserID: 12446
IN IF updateHistoricalFollowers
*********************************
99999999999999999999999
upTweet
ID 707629779168591872
In construction account id: 118 ,user id: 54800751
In construction connection id: 170
In updateTweet:
ffffffffffffffffffffff:
UserID: 12446
IN IF updateHistoricalFollowers
*********************************
99999999999999999999999
upTweet
ID 707403285238394881
In construction account id: 118 ,user id: 54800751
In construction connection id: 170
In updateTweet:
ffffffffffffffffffffff:
UserID: 12446
IN IF updateHistoricalFollowers
*********************************
99999999999999999999999
upTweet
ID 707352802394316800
In construction account id: 118 ,user id: 54800751
In construction connection id: 170
In updateTweet:
ffffffffffffffffffffff:
UserID: 12446
IN IF updateHistoricalFollowers
*********************************
99999999999999999999999
upTweet
ID 707351424938545153
In construction account id: 118 ,user id: 54800751
In construction connection id: 170
In updateTweet:
ffffffffffffffffffffff:
UserID: 12446
IN IF updateHistoricalFollowers
*********************************
99999999999999999999999
upTweet
ID 707332822051074048
In construction account id: 118 ,user id: 54800751
In construction connection id: 170
In updateTweet:
ffffffffffffffffffffff:
UserID: 12446
IN IF updateHistoricalFollowers
*********************************
99999999999999999999999
upTweet
ID 707297671254384640
In construction account id: 118 ,user id: 54800751
In construction connection id: 170
In updateTweet:
ffffffffffffffffffffff:
UserID: 12446
IN IF updateHistoricalFollowers
*********************************
99999999999999999999999
upTweet
ID 706994342871875584
In construction account id: 118 ,user id: 54800751
In construction connection id: 170
In updateTweet:
ffffffffffffffffffffff:
UserID: 12446
IN IF updateHistoricalFollowers
*********************************
99999999999999999999999
upTweet
ID 706962883675033600
In construction account id: 118 ,user id: 54800751
In construction connection id: 170
In updateTweet:
ffffffffffffffffffffff:
UserID: 12446
IN IF updateHistoricalFollowers
*********************************
99999999999999999999999
upTweet
ID 706947379673505793
In construction account id: 118 ,user id: 54800751
In construction connection id: 170
In updateTweet:
ffffffffffffffffffffff:
UserID: 12446
IN IF updateHistoricalFollowers
*********************************
99999999999999999999999
upTweet
ID 706947052836618240
In construction account id: 118 ,user id: 54800751
In construction connection id: 170
In updateTweet:
ffffffffffffffffffffff:
UserID: 12446
IN IF updateHistoricalFollowers
*********************************
99999999999999999999999
upTweet
ID 706888897423216640
In construction account id: 118 ,user id: 54800751
In construction connection id: 170
In updateTweet:
ffffffffffffffffffffff:
UserID: 12446
IN IF updateHistoricalFollowers
*********************************
99999999999999999999999
upTweet
ID 706623900105322496
In construction account id: 118 ,user id: 54800751
In construction connection id: 170
In updateTweet:
ffffffffffffffffffffff:
UserID: 12446
IN IF updateHistoricalFollowers
*********************************
99999999999999999999999
upTweet
ID 706299515347689472
In construction account id: 118 ,user id: 54800751
In construction connection id: 170
In updateTweet:
ffffffffffffffffffffff:
UserID: 12446
IN IF updateHistoricalFollowers
*********************************
99999999999999999999999
upTweet
ID 705877480993763328
In construction account id: 118 ,user id: 54800751
In construction connection id: 170
In updateTweet:
ffffffffffffffffffffff:
UserID: 12446
IN IF updateHistoricalFollowers
*********************************
99999999999999999999999
upTweet
ID 705863551605288960
In construction account id: 118 ,user id: 54800751
In construction connection id: 170
In updateTweet:
ffffffffffffffffffffff:
UserID: 12446
IN IF updateHistoricalFollowers
*********************************
99999999999999999999999
upTweet
ID 705863288760872960
In construction account id: 118 ,user id: 54800751
In construction connection id: 170
In updateTweet:
ffffffffffffffffffffff:
UserID: 12446
IN IF updateHistoricalFollowers
*********************************
99999999999999999999999
upTweet
ID 705863006081650689
In construction account id: 118 ,user id: 54800751
In construction connection id: 170
In updateTweet:
ffffffffffffffffffffff:
UserID: 12446
IN IF updateHistoricalFollowers
*********************************
99999999999999999999999
upTweet
ID 705828407850864641
In construction account id: 118 ,user id: 54800751
In construction connection id: 170
In updateTweet:
ffffffffffffffffffffff:
UserID: 12446
IN IF updateHistoricalFollowers
*********************************
99999999999999999999999
upTweet
ID 705809898425159680
In construction account id: 118 ,user id: 54800751
In construction connection id: 170
In updateTweet:
ffffffffffffffffffffff:
UserID: 12446
IN IF updateHistoricalFollowers
*********************************
99999999999999999999999
upTweet
ID 705806012054261760
In construction account id: 118 ,user id: 54800751
In construction connection id: 170
In updateTweet:
ffffffffffffffffffffff:
UserID: 12446
IN IF updateHistoricalFollowers
*********************************
99999999999999999999999
upTweet
ID 705587322893443072
In construction account id: 118 ,user id: 54800751
In construction connection id: 170
In updateTweet:
ffffffffffffffffffffff:
UserID: 12446
IN IF updateHistoricalFollowers
*********************************
99999999999999999999999
upTweet
ID 705526669981843458
In construction account id: 118 ,user id: 54800751
In construction connection id: 170
In updateTweet:
ffffffffffffffffffffff:
UserID: 12446
IN IF updateHistoricalFollowers
*********************************
99999999999999999999999
upTweet
ID 705477854016835584
In construction account id: 118 ,user id: 54800751
In construction connection id: 170
In updateTweet:
ffffffffffffffffffffff:
UserID: 12446
IN IF updateHistoricalFollowers
*********************************
99999999999999999999999
upTweet
ID 705448002589057025
In construction account id: 118 ,user id: 54800751
In construction connection id: 170
In updateTweet:
ffffffffffffffffffffff:
UserID: 12446
IN IF updateHistoricalFollowers
*********************************
99999999999999999999999
upTweet
ID 705200413708984320
In construction account id: 118 ,user id: 54800751
In construction connection id: 170
In updateTweet:
ffffffffffffffffffffff:
UserID: 12446
IN IF updateHistoricalFollowers
*********************************
99999999999999999999999
upTweet
ID 705185424780570625
In construction account id: 118 ,user id: 54800751
In construction connection id: 170
In updateTweet:
ffffffffffffffffffffff:
UserID: 12446
IN IF updateHistoricalFollowers
*********************************
99999999999999999999999
upTweet
ID 705153098646425600
In construction account id: 118 ,user id: 54800751
In construction connection id: 170
In updateTweet:
ffffffffffffffffffffff:
UserID: 12446
IN IF updateHistoricalFollowers
*********************************
99999999999999999999999
upTweet
ID 705152642461270018
In construction account id: 118 ,user id: 54800751
In construction connection id: 170
In updateTweet:
ffffffffffffffffffffff:
UserID: 12446
IN IF updateHistoricalFollowers
*********************************
99999999999999999999999
upTweet
ID 705152439591112704
In construction account id: 118 ,user id: 54800751
In construction connection id: 170
In updateTweet:
ffffffffffffffffffffff:
UserID: 12446
IN IF updateHistoricalFollowers
*********************************
99999999999999999999999
upTweet
ID 705135643525931008
In construction account id: 118 ,user id: 54800751
In construction connection id: 170
In updateTweet:
ffffffffffffffffffffff:
UserID: 12446
IN IF updateHistoricalFollowers
*********************************
99999999999999999999999
upTweet
ID 705094321876303872
In construction account id: 118 ,user id: 54800751
In construction connection id: 170
In updateTweet:
ffffffffffffffffffffff:
UserID: 12446
IN IF updateHistoricalFollowers
*********************************
99999999999999999999999
upTweet
ID 704863815226101761
In construction account id: 118 ,user id: 54800751
In construction connection id: 170
In updateTweet:
ffffffffffffffffffffff:
UserID: 12446
IN IF updateHistoricalFollowers
*********************************
99999999999999999999999
upTweet
ID 704832665334128640
In construction account id: 118 ,user id: 54800751
In construction connection id: 170
In updateTweet:
ffffffffffffffffffffff:
UserID: 12446
IN IF updateHistoricalFollowers
*********************************
99999999999999999999999
upTweet
ID 704832470303318016
In construction account id: 118 ,user id: 54800751
In construction connection id: 170
In updateTweet:
ffffffffffffffffffffff:
UserID: 12446
IN IF updateHistoricalFollowers
*********************************
99999999999999999999999
upTweet
ID 704832217973972992
In construction account id: 118 ,user id: 54800751
In construction connection id: 170
In updateTweet:
ffffffffffffffffffffff:
UserID: 12446
IN IF updateHistoricalFollowers
*********************************
99999999999999999999999
upTweet
ID 704774966319947778
In construction account id: 118 ,user id: 54800751
In construction connection id: 170
In updateTweet:
ffffffffffffffffffffff:
UserID: 12446
IN IF updateHistoricalFollowers
*********************************
99999999999999999999999
upTweet
ID 704716331241701376
In construction account id: 118 ,user id: 54800751
In construction connection id: 170
In updateTweet:
ffffffffffffffffffffff:
UserID: 12446
IN IF updateHistoricalFollowers
*********************************
99999999999999999999999
upTweet
ID 704468464509947904
In construction account id: 118 ,user id: 54800751
In construction connection id: 170
In updateTweet:
ffffffffffffffffffffff:
UserID: 12446
IN IF updateHistoricalFollowers
*********************************
99999999999999999999999
upTweet
ID 704437996200677376
In construction account id: 118 ,user id: 54800751
In construction connection id: 170
In updateTweet:
ffffffffffffffffffffff:
UserID: 12446
IN IF updateHistoricalFollowers
*********************************
99999999999999999999999
upTweet
ID 704436648398860288
In construction account id: 118 ,user id: 54800751
In construction connection id: 170
In updateTweet:
ffffffffffffffffffffff:
UserID: 12446
IN IF updateHistoricalFollowers
*********************************
99999999999999999999999
upTweet
ID 704420121301925888
In construction account id: 118 ,user id: 54800751
In construction connection id: 170
In updateTweet:
ffffffffffffffffffffff:
UserID: 12446
IN IF updateHistoricalFollowers
*********************************
99999999999999999999999
upTweet
ID 704419629804859392
In construction account id: 118 ,user id: 54800751
In construction connection id: 170
In updateTweet:
ffffffffffffffffffffff:
UserID: 12446
IN IF updateHistoricalFollowers
*********************************
99999999999999999999999
upTweet
ID 704419362741088256
In construction account id: 118 ,user id: 54800751
In construction connection id: 170
In updateTweet:
ffffffffffffffffffffff:
UserID: 12446
IN IF updateHistoricalFollowers
*********************************
99999999999999999999999
upTweet
ID 704419169370935296
In construction account id: 118 ,user id: 54800751
In construction connection id: 170
In updateTweet:
ffffffffffffffffffffff:
UserID: 12446
IN IF updateHistoricalFollowers
*********************************
99999999999999999999999
upTweet
ID 704381375667810304
In construction account id: 118 ,user id: 54800751
In construction connection id: 170
In updateTweet:
ffffffffffffffffffffff:
UserID: 12446
IN IF updateHistoricalFollowers
*********************************
99999999999999999999999
upTweet
ID 704379321985597440
In construction account id: 118 ,user id: 54800751
In construction connection id: 170
In updateTweet:
ffffffffffffffffffffff:
UserID: 12446
IN IF updateHistoricalFollowers
*********************************
99999999999999999999999
upTweet
ID 704106065864953856
In construction account id: 118 ,user id: 54800751
In construction connection id: 170
In updateTweet:
ffffffffffffffffffffff:
UserID: 12446
IN IF updateHistoricalFollowers
*********************************
99999999999999999999999
upTweet
ID 703683021598101504
In construction account id: 118 ,user id: 54800751
In construction connection id: 170
In updateTweet:
ffffffffffffffffffffff:
UserID: 12446
IN IF updateHistoricalFollowers
*********************************
99999999999999999999999
upTweet
ID 703380628125814784
In construction account id: 118 ,user id: 54800751
In construction connection id: 170
In updateTweet:
ffffffffffffffffffffff:
UserID: 12446
IN IF updateHistoricalFollowers
*********************************
99999999999999999999999
upTweet
ID 703380561721692160
In construction account id: 118 ,user id: 54800751
In construction connection id: 170
In updateTweet:
ffffffffffffffffffffff:
UserID: 12446
IN IF updateHistoricalFollowers
*********************************
99999999999999999999999
upTweet
ID 703380437226291200
In construction account id: 118 ,user id: 54800751
In construction connection id: 170
In updateTweet:
ffffffffffffffffffffff:
UserID: 12446
IN IF updateHistoricalFollowers
*********************************
99999999999999999999999
upTweet
ID 703356236167843841
In construction account id: 118 ,user id: 54800751
In construction connection id: 170
In updateTweet:
ffffffffffffffffffffff:
UserID: 12446
IN IF updateHistoricalFollowers
*********************************
99999999999999999999999
upTweet
ID 703332213480226816
In construction account id: 118 ,user id: 54800751
In construction connection id: 170
In updateTweet:
ffffffffffffffffffffff:
UserID: 12446
IN IF updateHistoricalFollowers
*********************************
99999999999999999999999
upTweet
ID 703330201346813953
In construction account id: 118 ,user id: 54800751
In construction connection id: 170
In updateTweet:
ffffffffffffffffffffff:
UserID: 12446
IN IF updateHistoricalFollowers
*********************************
99999999999999999999999
upTweet
ID 703265269867638784
In construction account id: 118 ,user id: 54800751
In construction connection id: 170
In updateTweet:
ffffffffffffffffffffff:
UserID: 12446
IN IF updateHistoricalFollowers
*********************************
99999999999999999999999
upTweet
ID 702993478670659586
In construction account id: 118 ,user id: 54800751
In construction connection id: 170
In updateTweet:
ffffffffffffffffffffff:
UserID: 12446
IN IF updateHistoricalFollowers
*********************************
99999999999999999999999
upTweet
ID 702972595826601984
In construction account id: 118 ,user id: 54800751
In construction connection id: 170
In updateTweet:
ffffffffffffffffffffff:
UserID: 12446
IN IF updateHistoricalFollowers
*********************************
99999999999999999999999
upTweet
ID 702926288516845568
In construction account id: 118 ,user id: 54800751
In construction connection id: 170
In updateTweet:
ffffffffffffffffffffff:
UserID: 12446
IN IF updateHistoricalFollowers
*********************************
99999999999999999999999
upTweet
ID 702696772553076736
In construction account id: 118 ,user id: 54800751
In construction connection id: 170
In updateTweet:
ffffffffffffffffffffff:
UserID: 12446
IN IF updateHistoricalFollowers
*********************************
99999999999999999999999
upTweet
ID 702632596111364096
In construction account id: 118 ,user id: 54800751
In construction connection id: 170
In updateTweet:
ffffffffffffffffffffff:
UserID: 12446
IN IF updateHistoricalFollowers
*********************************
99999999999999999999999
upTweet
ID 702632219702136832
In construction account id: 118 ,user id: 54800751
In construction connection id: 170
In updateTweet:
ffffffffffffffffffffff:
UserID: 12446
IN IF updateHistoricalFollowers
*********************************
99999999999999999999999
upTweet
ID 702629092135337984
In construction account id: 118 ,user id: 54800751
In construction connection id: 170
In updateTweet:
ffffffffffffffffffffff:
UserID: 12446
IN IF updateHistoricalFollowers
*********************************
99999999999999999999999
upTweet
ID 702574217993154560
In construction account id: 118 ,user id: 54800751
In construction connection id: 170
In updateTweet:
ffffffffffffffffffffff:
UserID: 12446
IN IF updateHistoricalFollowers
*********************************
99999999999999999999999
upTweet
ID 702546831448801280
In construction account id: 118 ,user id: 54800751
In construction connection id: 170
In updateTweet:
ffffffffffffffffffffff:
UserID: 12446
IN IF updateHistoricalFollowers
*********************************
99999999999999999999999
upTweet
ID 702279099306225665
In construction account id: 118 ,user id: 54800751
In construction connection id: 170
In updateTweet:
ffffffffffffffffffffff:
UserID: 12446
IN IF updateHistoricalFollowers
*********************************
99999999999999999999999
upTweet
ID 702278901553188864
In construction account id: 118 ,user id: 54800751
In construction connection id: 170
In updateTweet:
ffffffffffffffffffffff:
UserID: 12446
IN IF updateHistoricalFollowers
*********************************
99999999999999999999999
upTweet
ID 702278700138532864
In construction account id: 118 ,user id: 54800751
In construction connection id: 170
In updateTweet:
ffffffffffffffffffffff:
UserID: 12446
IN IF updateHistoricalFollowers
*********************************
99999999999999999999999
upTweet
ID 702266702990475266
In construction account id: 118 ,user id: 54800751
In construction connection id: 170
In updateTweet:
ffffffffffffffffffffff:
UserID: 12446
IN IF updateHistoricalFollowers
*********************************
99999999999999999999999
upTweet
ID 702252834071285760
In construction account id: 118 ,user id: 54800751
In construction connection id: 170
In updateTweet:
ffffffffffffffffffffff:
UserID: 12446
IN IF updateHistoricalFollowers
*********************************
99999999999999999999999
upTweet
ID 702229192478318592
In construction account id: 118 ,user id: 54800751
In construction connection id: 170
In updateTweet:
ffffffffffffffffffffff:
UserID: 12446
IN IF updateHistoricalFollowers
*********************************
99999999999999999999999
upTweet
ID 702169046561599488
In construction account id: 118 ,user id: 54800751
In construction connection id: 170
In updateTweet:
ffffffffffffffffffffff:
UserID: 12446
IN IF updateHistoricalFollowers
*********************************
99999999999999999999999
upTweet
ID 701943131118276609
In construction account id: 118 ,user id: 54800751
In construction connection id: 170
In updateTweet:
ffffffffffffffffffffff:
UserID: 12446
IN IF updateHistoricalFollowers
*********************************
99999999999999999999999
upTweet
ID 701943018887081984
In construction account id: 118 ,user id: 54800751
In construction connection id: 170
In updateTweet:
ffffffffffffffffffffff:
UserID: 12446
IN IF updateHistoricalFollowers
*********************************
99999999999999999999999
upTweet
ID 701942694675763200
In construction account id: 118 ,user id: 54800751
In construction connection id: 170
In updateTweet:
ffffffffffffffffffffff:
UserID: 12446
IN IF updateHistoricalFollowers
*********************************
99999999999999999999999
upTweet
ID 701925705714520064
In construction account id: 118 ,user id: 54800751
In construction connection id: 170
In updateTweet:
ffffffffffffffffffffff:
UserID: 12446
IN IF updateHistoricalFollowers
*********************************
99999999999999999999999
upTweet
ID 701849214079279104
In construction account id: 118 ,user id: 54800751
In construction connection id: 170
In updateTweet:
ffffffffffffffffffffff:
UserID: 12446
IN IF updateHistoricalFollowers
*********************************
99999999999999999999999
upTweet
ID 701819246020431872
In construction account id: 118 ,user id: 54800751
In construction connection id: 170
In updateTweet:
ffffffffffffffffffffff:
UserID: 12446
IN IF updateHistoricalFollowers
*********************************
99999999999999999999999
upTweet
ID 701553240911904768
In construction account id: 118 ,user id: 54800751
In construction connection id: 170
In updateTweet:
ffffffffffffffffffffff:
UserID: 12446
IN IF updateHistoricalFollowers
*********************************
99999999999999999999999
upTweet
ID 701146810421682176
In construction account id: 118 ,user id: 54800751
In construction connection id: 170
In updateTweet:
ffffffffffffffffffffff:
UserID: 12446
IN IF updateHistoricalFollowers
*********************************
99999999999999999999999
upTweet
ID 701120386503553028
In construction account id: 118 ,user id: 54800751
In construction connection id: 170
In updateTweet:
ffffffffffffffffffffff:
UserID: 12446
IN IF updateHistoricalFollowers
*********************************
99999999999999999999999
upTweet
ID 700857311737163776
In construction account id: 118 ,user id: 54800751
In construction connection id: 170
In updateTweet:
ffffffffffffffffffffff:
UserID: 12446
IN IF updateHistoricalFollowers
*********************************
99999999999999999999999
upTweet
ID 700857158984798208
In construction account id: 118 ,user id: 54800751
In construction connection id: 170
In updateTweet:
ffffffffffffffffffffff:
UserID: 12446
IN IF updateHistoricalFollowers
*********************************
99999999999999999999999
upTweet
ID 700857003388764161
In construction account id: 118 ,user id: 54800751
In construction connection id: 170
In updateTweet:
ffffffffffffffffffffff:
UserID: 12446
IN IF updateHistoricalFollowers
*********************************
99999999999999999999999
upTweet
ID 700828211102363648
In construction account id: 118 ,user id: 54800751
In construction connection id: 170
In updateTweet:
ffffffffffffffffffffff:
UserID: 12446
IN IF updateHistoricalFollowers
*********************************
99999999999999999999999
upTweet
ID 700811001642418177
In construction account id: 118 ,user id: 54800751
In construction connection id: 170
In updateTweet:
ffffffffffffffffffffff:
UserID: 12446
IN IF updateHistoricalFollowers
*********************************
99999999999999999999999
upTweet
ID 700772597860945920
In construction account id: 118 ,user id: 54800751
In construction connection id: 170
In updateTweet:
ffffffffffffffffffffff:
UserID: 12446
IN IF updateHistoricalFollowers
*********************************
99999999999999999999999
upTweet
ID 700512882908200960
In construction account id: 118 ,user id: 54800751
In construction connection id: 170
In updateTweet:
ffffffffffffffffffffff:
UserID: 12446
IN IF updateHistoricalFollowers
*********************************
99999999999999999999999
upTweet
ID 700413983858110464
In construction account id: 118 ,user id: 54800751
In construction connection id: 170
In updateTweet:
ffffffffffffffffffffff:
UserID: 12446
IN IF updateHistoricalFollowers
*********************************
99999999999999999999999
upTweet
ID 700364192927186945
In construction account id: 118 ,user id: 54800751
In construction connection id: 170
In updateTweet:
ffffffffffffffffffffff:
UserID: 12446
IN IF updateHistoricalFollowers
*********************************
99999999999999999999999
upTweet
ID 700164840313126913
In construction account id: 118 ,user id: 54800751
In construction connection id: 170
In updateTweet:
ffffffffffffffffffffff:
UserID: 12446
IN IF updateHistoricalFollowers
*********************************
99999999999999999999999
upTweet
ID 700111869093130240
In construction account id: 118 ,user id: 54800751
In construction connection id: 170
In updateTweet:
ffffffffffffffffffffff:
UserID: 12446
IN IF updateHistoricalFollowers
*********************************
99999999999999999999999
upTweet
ID 700111772074639360
In construction account id: 118 ,user id: 54800751
In construction connection id: 170
In updateTweet:
ffffffffffffffffffffff:
UserID: 12446
IN IF updateHistoricalFollowers
*********************************
99999999999999999999999
upTweet
ID 700111590503284736
In construction account id: 118 ,user id: 54800751
In construction connection id: 170
In updateTweet:
ffffffffffffffffffffff:
UserID: 12446
IN IF updateHistoricalFollowers
*********************************
99999999999999999999999
upTweet
ID 700088335717412864
In construction account id: 118 ,user id: 54800751
In construction connection id: 170
In updateTweet:
ffffffffffffffffffffff:
UserID: 12446
IN IF updateHistoricalFollowers
*********************************
99999999999999999999999
upTweet
ID 700059651895726080
In construction account id: 118 ,user id: 54800751
In construction connection id: 170
In updateTweet:
ffffffffffffffffffffff:
UserID: 12446
IN IF updateHistoricalFollowers
*********************************
99999999999999999999999
upTweet
ID 699740041644363777
In construction account id: 118 ,user id: 54800751
In construction connection id: 170
In updateTweet:
ffffffffffffffffffffff:
UserID: 12446
IN IF updateHistoricalFollowers
*********************************
99999999999999999999999
upTweet
ID 699729734066794497
In construction account id: 118 ,user id: 54800751
In construction connection id: 170
In updateTweet:
ffffffffffffffffffffff:
UserID: 12446
IN IF updateHistoricalFollowers
*********************************
99999999999999999999999
upTweet
ID 699729629284708352
In construction account id: 118 ,user id: 54800751
In construction connection id: 170
In updateTweet:
ffffffffffffffffffffff:
UserID: 12446
IN IF updateHistoricalFollowers
*********************************
99999999999999999999999
upTweet
ID 699727990930845696
In construction account id: 118 ,user id: 54800751
In construction connection id: 170
In updateTweet:
ffffffffffffffffffffff:
UserID: 12446
IN IF updateHistoricalFollowers
*********************************
99999999999999999999999
upTweet
ID 699696210622349312
In construction account id: 118 ,user id: 54800751
In construction connection id: 170
In updateTweet:
ffffffffffffffffffffff:
UserID: 12446
IN IF updateHistoricalFollowers
*********************************
99999999999999999999999
upTweet
ID 699666054994210816
In construction account id: 118 ,user id: 54800751
In construction connection id: 170
In updateTweet:
ffffffffffffffffffffff:
UserID: 12446
IN IF updateHistoricalFollowers
*********************************
99999999999999999999999
upTweet
ID 699415939134033920
In construction account id: 118 ,user id: 54800751
In construction connection id: 170
In updateTweet:
ffffffffffffffffffffff:
UserID: 12446
IN IF updateHistoricalFollowers
*********************************
99999999999999999999999
upTweet
ID 699412129737084928
In construction account id: 118 ,user id: 54800751
In construction connection id: 170
In updateTweet:
ffffffffffffffffffffff:
UserID: 12446
IN IF updateHistoricalFollowers
*********************************
99999999999999999999999
upTweet
ID 699411893153189888
In construction account id: 118 ,user id: 54800751
In construction connection id: 170
In updateTweet:
ffffffffffffffffffffff:
UserID: 12446
IN IF updateHistoricalFollowers
*********************************
99999999999999999999999
upTweet
ID 699411619743272960
In construction account id: 118 ,user id: 54800751
In construction connection id: 170
In updateTweet:
ffffffffffffffffffffff:
UserID: 12446
IN IF updateHistoricalFollowers
*********************************
99999999999999999999999
upTweet
ID 699369601893675008
In construction account id: 118 ,user id: 54800751
In construction connection id: 170
In updateTweet:
ffffffffffffffffffffff:
UserID: 12446
IN IF updateHistoricalFollowers
*********************************
99999999999999999999999
upTweet
ID 699301735194451972
In construction account id: 118 ,user id: 54800751
In construction connection id: 170
In updateTweet:
ffffffffffffffffffffff:
UserID: 12446
IN IF updateHistoricalFollowers
*********************************
99999999999999999999999
upTweet
ID 699284556608729091
In construction account id: 118 ,user id: 54800751
In construction connection id: 170
In updateTweet:
ffffffffffffffffffffff:
UserID: 12446
IN IF updateHistoricalFollowers
*********************************
99999999999999999999999
upTweet
ID 699033892762693633
In construction account id: 118 ,user id: 54800751
In construction connection id: 170
In updateTweet:
ffffffffffffffffffffff:
UserID: 12446
IN IF updateHistoricalFollowers
*********************************
99999999999999999999999
upTweet
ID 698572350439043072
In construction account id: 118 ,user id: 54800751
In construction connection id: 170
In updateTweet:
ffffffffffffffffffffff:
UserID: 12446
IN IF updateHistoricalFollowers
*********************************
99999999999999999999999
upTweet
ID 698310875178926080
In construction account id: 118 ,user id: 54800751
In construction connection id: 170
In updateTweet:
ffffffffffffffffffffff:
UserID: 12446
IN IF updateHistoricalFollowers
*********************************
