99999999999999999999999
upTweet
ID 608995100882960384
In construction account id: 117 ,user id: 478991090
In construction connection id: 169
In updateTweet:
ffffffffffffffffffffff:
UserID: 105327
IN IF updateHistoricalFollowers
*********************************
99999999999999999999999
upTweet
ID 608390365595467777
In construction account id: 117 ,user id: 478991090
In construction connection id: 169
In updateTweet:
ffffffffffffffffffffff:
UserID: 105327
IN IF updateHistoricalFollowers
*********************************
99999999999999999999999
upTweet
ID 605207156996997120
In construction account id: 117 ,user id: 478991090
In construction connection id: 169
In updateTweet:
ffffffffffffffffffffff:
UserID: 105327
IN IF updateHistoricalFollowers
*********************************
99999999999999999999999
upTweet
ID 604349244305072128
In construction account id: 117 ,user id: 478991090
In construction connection id: 169
In updateTweet:
ffffffffffffffffffffff:
UserID: 105327
IN IF updateHistoricalFollowers
*********************************
99999999999999999999999
upTweet
ID 604034919514275840
In construction account id: 117 ,user id: 478991090
In construction connection id: 169
In updateTweet:
ffffffffffffffffffffff:
UserID: 105327
IN IF updateHistoricalFollowers
*********************************
99999999999999999999999
upTweet
ID 603352669030207490
In construction account id: 117 ,user id: 478991090
In construction connection id: 169
In updateTweet:
ffffffffffffffffffffff:
UserID: 105327
IN IF updateHistoricalFollowers
*********************************
99999999999999999999999
upTweet
ID 602851628199186433
In construction account id: 117 ,user id: 478991090
In construction connection id: 169
In updateTweet:
ffffffffffffffffffffff:
UserID: 105327
IN IF updateHistoricalFollowers
*********************************
99999999999999999999999
upTweet
ID 601870250125107201
In construction account id: 117 ,user id: 478991090
In construction connection id: 169
In updateTweet:
ffffffffffffffffffffff:
UserID: 105327
IN IF updateHistoricalFollowers
*********************************
99999999999999999999999
upTweet
ID 601450132538699778
In construction account id: 117 ,user id: 478991090
In construction connection id: 169
In updateTweet:
ffffffffffffffffffffff:
UserID: 105327
IN IF updateHistoricalFollowers
*********************************
99999999999999999999999
upTweet
ID 601117942697172992
In construction account id: 117 ,user id: 478991090
In construction connection id: 169
In updateTweet:
ffffffffffffffffffffff:
UserID: 105327
IN IF updateHistoricalFollowers
*********************************
99999999999999999999999
upTweet
ID 600702708216016896
In construction account id: 117 ,user id: 478991090
In construction connection id: 169
In updateTweet:
ffffffffffffffffffffff:
UserID: 105327
IN IF updateHistoricalFollowers
*********************************
99999999999999999999999
upTweet
ID 600459864419106817
In construction account id: 117 ,user id: 478991090
In construction connection id: 169
In updateTweet:
ffffffffffffffffffffff:
UserID: 105327
IN IF updateHistoricalFollowers
*********************************
99999999999999999999999
upTweet
ID 600360213581942784
In construction account id: 117 ,user id: 478991090
In construction connection id: 169
In updateTweet:
ffffffffffffffffffffff:
UserID: 105327
IN IF updateHistoricalFollowers
*********************************
99999999999999999999999
upTweet
ID 599605231555510274
In construction account id: 117 ,user id: 478991090
In construction connection id: 169
In updateTweet:
ffffffffffffffffffffff:
UserID: 105327
IN IF updateHistoricalFollowers
*********************************
99999999999999999999999
upTweet
ID 599281848729010176
In construction account id: 117 ,user id: 478991090
In construction connection id: 169
In updateTweet:
ffffffffffffffffffffff:
UserID: 105327
IN IF updateHistoricalFollowers
*********************************
99999999999999999999999
upTweet
ID 598599096220299264
In construction account id: 117 ,user id: 478991090
In construction connection id: 169
In updateTweet:
ffffffffffffffffffffff:
UserID: 105327
IN IF updateHistoricalFollowers
*********************************
99999999999999999999999
upTweet
ID 598167974789283840
In construction account id: 117 ,user id: 478991090
In construction connection id: 169
In updateTweet:
ffffffffffffffffffffff:
UserID: 105327
IN IF updateHistoricalFollowers
*********************************
99999999999999999999999
upTweet
ID 597878850404519936
In construction account id: 117 ,user id: 478991090
In construction connection id: 169
In updateTweet:
ffffffffffffffffffffff:
UserID: 105327
IN IF updateHistoricalFollowers
*********************************
99999999999999999999999
upTweet
ID 597590701518430208
In construction account id: 117 ,user id: 478991090
In construction connection id: 169
In updateTweet:
ffffffffffffffffffffff:
UserID: 105327
IN IF updateHistoricalFollowers
*********************************
99999999999999999999999
upTweet
ID 596800998204575744
In construction account id: 117 ,user id: 478991090
In construction connection id: 169
In updateTweet:
ffffffffffffffffffffff:
UserID: 105327
IN IF updateHistoricalFollowers
*********************************
99999999999999999999999
upTweet
ID 596739090789244928
In construction account id: 117 ,user id: 478991090
In construction connection id: 169
In updateTweet:
ffffffffffffffffffffff:
UserID: 105327
IN IF updateHistoricalFollowers
*********************************
99999999999999999999999
upTweet
ID 596475608659431424
In construction account id: 117 ,user id: 478991090
In construction connection id: 169
In updateTweet:
ffffffffffffffffffffff:
UserID: 105327
IN IF updateHistoricalFollowers
*********************************
99999999999999999999999
upTweet
ID 596102646315950080
In construction account id: 117 ,user id: 478991090
In construction connection id: 169
In updateTweet:
ffffffffffffffffffffff:
UserID: 105327
IN IF updateHistoricalFollowers
*********************************
99999999999999999999999
upTweet
ID 596079244683317248
In construction account id: 117 ,user id: 478991090
In construction connection id: 169
In updateTweet:
ffffffffffffffffffffff:
UserID: 105327
IN IF updateHistoricalFollowers
*********************************
99999999999999999999999
upTweet
ID 596029164399906816
In construction account id: 117 ,user id: 478991090
In construction connection id: 169
In updateTweet:
ffffffffffffffffffffff:
UserID: 105327
IN IF updateHistoricalFollowers
*********************************
99999999999999999999999
upTweet
ID 595996726680363009
In construction account id: 117 ,user id: 478991090
In construction connection id: 169
In updateTweet:
ffffffffffffffffffffff:
UserID: 105327
IN IF updateHistoricalFollowers
*********************************
99999999999999999999999
upTweet
ID 595754863063072771
In construction account id: 117 ,user id: 478991090
In construction connection id: 169
In updateTweet:
ffffffffffffffffffffff:
UserID: 105327
IN IF updateHistoricalFollowers
*********************************
99999999999999999999999
upTweet
ID 595685900283211776
In construction account id: 117 ,user id: 478991090
In construction connection id: 169
In updateTweet:
ffffffffffffffffffffff:
UserID: 105327
IN IF updateHistoricalFollowers
*********************************
99999999999999999999999
upTweet
ID 595634076498923520
In construction account id: 117 ,user id: 478991090
In construction connection id: 169
In updateTweet:
ffffffffffffffffffffff:
UserID: 105327
IN IF updateHistoricalFollowers
*********************************
99999999999999999999999
upTweet
ID 595385671985934336
In construction account id: 117 ,user id: 478991090
In construction connection id: 169
In updateTweet:
ffffffffffffffffffffff:
UserID: 105327
IN IF updateHistoricalFollowers
*********************************
99999999999999999999999
upTweet
ID 595353963664314368
In construction account id: 117 ,user id: 478991090
In construction connection id: 169
In updateTweet:
ffffffffffffffffffffff:
UserID: 105327
IN IF updateHistoricalFollowers
*********************************
99999999999999999999999
upTweet
ID 595301905724608512
In construction account id: 117 ,user id: 478991090
In construction connection id: 169
In updateTweet:
ffffffffffffffffffffff:
UserID: 105327
IN IF updateHistoricalFollowers
*********************************
99999999999999999999999
upTweet
ID 595278214294949890
In construction account id: 117 ,user id: 478991090
In construction connection id: 169
In updateTweet:
ffffffffffffffffffffff:
UserID: 105327
IN IF updateHistoricalFollowers
*********************************
99999999999999999999999
upTweet
ID 595051473794301952
In construction account id: 117 ,user id: 478991090
In construction connection id: 169
In updateTweet:
ffffffffffffffffffffff:
UserID: 105327
IN IF updateHistoricalFollowers
*********************************
99999999999999999999999
upTweet
ID 594270071599411200
In construction account id: 117 ,user id: 478991090
In construction connection id: 169
In updateTweet:
ffffffffffffffffffffff:
UserID: 105327
IN IF updateHistoricalFollowers
*********************************
99999999999999999999999
upTweet
ID 594224269984280576
In construction account id: 117 ,user id: 478991090
In construction connection id: 169
In updateTweet:
ffffffffffffffffffffff:
UserID: 105327
IN IF updateHistoricalFollowers
*********************************
99999999999999999999999
upTweet
ID 594174944965107713
In construction account id: 117 ,user id: 478991090
In construction connection id: 169
In updateTweet:
ffffffffffffffffffffff:
UserID: 105327
IN IF updateHistoricalFollowers
*********************************
99999999999999999999999
upTweet
ID 593934358991384576
In construction account id: 117 ,user id: 478991090
In construction connection id: 169
In updateTweet:
ffffffffffffffffffffff:
UserID: 105327
IN IF updateHistoricalFollowers
*********************************
99999999999999999999999
upTweet
ID 593895351800635392
In construction account id: 117 ,user id: 478991090
In construction connection id: 169
In updateTweet:
ffffffffffffffffffffff:
UserID: 105327
IN IF updateHistoricalFollowers
*********************************
99999999999999999999999
upTweet
ID 593822179566845952
In construction account id: 117 ,user id: 478991090
In construction connection id: 169
In updateTweet:
ffffffffffffffffffffff:
UserID: 105327
IN IF updateHistoricalFollowers
*********************************
99999999999999999999999
upTweet
ID 593590845518950400
In construction account id: 117 ,user id: 478991090
In construction connection id: 169
In updateTweet:
ffffffffffffffffffffff:
UserID: 105327
IN IF updateHistoricalFollowers
*********************************
99999999999999999999999
upTweet
ID 593565440850300928
In construction account id: 117 ,user id: 478991090
In construction connection id: 169
In updateTweet:
ffffffffffffffffffffff:
UserID: 105327
IN IF updateHistoricalFollowers
*********************************
99999999999999999999999
upTweet
ID 593499493783314432
In construction account id: 117 ,user id: 478991090
In construction connection id: 169
In updateTweet:
ffffffffffffffffffffff:
UserID: 105327
IN IF updateHistoricalFollowers
*********************************
99999999999999999999999
upTweet
ID 593452435416305665
In construction account id: 117 ,user id: 478991090
In construction connection id: 169
In updateTweet:
ffffffffffffffffffffff:
UserID: 105327
IN IF updateHistoricalFollowers
*********************************
99999999999999999999999
upTweet
ID 593181145921028097
In construction account id: 117 ,user id: 478991090
In construction connection id: 169
In updateTweet:
ffffffffffffffffffffff:
UserID: 105327
IN IF updateHistoricalFollowers
*********************************
99999999999999999999999
upTweet
ID 593159044094799873
In construction account id: 117 ,user id: 478991090
In construction connection id: 169
In updateTweet:
ffffffffffffffffffffff:
UserID: 105327
IN IF updateHistoricalFollowers
*********************************
99999999999999999999999
upTweet
ID 593158798837035008
In construction account id: 117 ,user id: 478991090
In construction connection id: 169
In updateTweet:
ffffffffffffffffffffff:
UserID: 105327
IN IF updateHistoricalFollowers
*********************************
99999999999999999999999
upTweet
ID 593146166205808640
In construction account id: 117 ,user id: 478991090
In construction connection id: 169
In updateTweet:
ffffffffffffffffffffff:
UserID: 105327
IN IF updateHistoricalFollowers
*********************************
99999999999999999999999
upTweet
ID 593091555944108032
In construction account id: 117 ,user id: 478991090
In construction connection id: 169
In updateTweet:
ffffffffffffffffffffff:
UserID: 105327
IN IF updateHistoricalFollowers
*********************************
99999999999999999999999
upTweet
ID 592852485737467904
In construction account id: 117 ,user id: 478991090
In construction connection id: 169
In updateTweet:
ffffffffffffffffffffff:
UserID: 105327
IN IF updateHistoricalFollowers
*********************************
99999999999999999999999
upTweet
ID 592806930218909696
In construction account id: 117 ,user id: 478991090
In construction connection id: 169
In updateTweet:
ffffffffffffffffffffff:
UserID: 105327
IN IF updateHistoricalFollowers
*********************************
99999999999999999999999
upTweet
ID 592800013509632000
In construction account id: 117 ,user id: 478991090
In construction connection id: 169
In updateTweet:
ffffffffffffffffffffff:
UserID: 105327
IN IF updateHistoricalFollowers
*********************************
99999999999999999999999
upTweet
ID 592799695308726272
In construction account id: 117 ,user id: 478991090
In construction connection id: 169
In updateTweet:
ffffffffffffffffffffff:
UserID: 105327
IN IF updateHistoricalFollowers
*********************************
99999999999999999999999
upTweet
ID 592768679785451522
In construction account id: 117 ,user id: 478991090
In construction connection id: 169
In updateTweet:
ffffffffffffffffffffff:
UserID: 105327
IN IF updateHistoricalFollowers
*********************************
99999999999999999999999
upTweet
ID 592508215943802881
In construction account id: 117 ,user id: 478991090
In construction connection id: 169
In updateTweet:
ffffffffffffffffffffff:
UserID: 105327
IN IF updateHistoricalFollowers
*********************************
99999999999999999999999
upTweet
ID 591991315224604672
In construction account id: 117 ,user id: 478991090
In construction connection id: 169
In updateTweet:
ffffffffffffffffffffff:
UserID: 105327
IN IF updateHistoricalFollowers
*********************************
99999999999999999999999
upTweet
ID 591758270051659776
In construction account id: 117 ,user id: 478991090
In construction connection id: 169
In updateTweet:
ffffffffffffffffffffff:
UserID: 105327
IN IF updateHistoricalFollowers
*********************************
99999999999999999999999
upTweet
ID 591747448806080512
In construction account id: 117 ,user id: 478991090
In construction connection id: 169
In updateTweet:
ffffffffffffffffffffff:
UserID: 105327
IN IF updateHistoricalFollowers
*********************************
99999999999999999999999
upTweet
ID 591721024657362944
In construction account id: 117 ,user id: 478991090
In construction connection id: 169
In updateTweet:
ffffffffffffffffffffff:
UserID: 105327
IN IF updateHistoricalFollowers
*********************************
99999999999999999999999
upTweet
ID 591665660570181633
In construction account id: 117 ,user id: 478991090
In construction connection id: 169
In updateTweet:
ffffffffffffffffffffff:
UserID: 105327
IN IF updateHistoricalFollowers
*********************************
99999999999999999999999
upTweet
ID 591390597996384257
In construction account id: 117 ,user id: 478991090
In construction connection id: 169
In updateTweet:
ffffffffffffffffffffff:
UserID: 105327
IN IF updateHistoricalFollowers
*********************************
99999999999999999999999
upTweet
ID 591383161428279296
In construction account id: 117 ,user id: 478991090
In construction connection id: 169
In updateTweet:
ffffffffffffffffffffff:
UserID: 105327
IN IF updateHistoricalFollowers
*********************************
99999999999999999999999
upTweet
ID 591315778915414016
In construction account id: 117 ,user id: 478991090
In construction connection id: 169
In updateTweet:
ffffffffffffffffffffff:
UserID: 105327
IN IF updateHistoricalFollowers
*********************************
99999999999999999999999
upTweet
ID 591284649495691264
In construction account id: 117 ,user id: 478991090
In construction connection id: 169
In updateTweet:
ffffffffffffffffffffff:
UserID: 105327
IN IF updateHistoricalFollowers
*********************************
99999999999999999999999
upTweet
ID 591010343385636864
In construction account id: 117 ,user id: 478991090
In construction connection id: 169
In updateTweet:
ffffffffffffffffffffff:
UserID: 105327
IN IF updateHistoricalFollowers
*********************************
99999999999999999999999
upTweet
ID 590973853087600641
In construction account id: 117 ,user id: 478991090
In construction connection id: 169
In updateTweet:
ffffffffffffffffffffff:
UserID: 105327
IN IF updateHistoricalFollowers
*********************************
99999999999999999999999
upTweet
ID 590918990030995457
In construction account id: 117 ,user id: 478991090
In construction connection id: 169
In updateTweet:
ffffffffffffffffffffff:
UserID: 105327
IN IF updateHistoricalFollowers
*********************************
99999999999999999999999
upTweet
ID 590673136477151235
In construction account id: 117 ,user id: 478991090
In construction connection id: 169
In updateTweet:
ffffffffffffffffffffff:
UserID: 105327
IN IF updateHistoricalFollowers
*********************************
99999999999999999999999
upTweet
ID 590669597730279424
In construction account id: 117 ,user id: 478991090
In construction connection id: 169
In updateTweet:
ffffffffffffffffffffff:
UserID: 105327
IN IF updateHistoricalFollowers
*********************************
99999999999999999999999
upTweet
ID 590641662218600448
In construction account id: 117 ,user id: 478991090
In construction connection id: 169
In updateTweet:
ffffffffffffffffffffff:
UserID: 105327
IN IF updateHistoricalFollowers
*********************************
99999999999999999999999
upTweet
ID 590636515572768769
In construction account id: 117 ,user id: 478991090
In construction connection id: 169
In updateTweet:
ffffffffffffffffffffff:
UserID: 105327
IN IF updateHistoricalFollowers
*********************************
99999999999999999999999
upTweet
ID 590608735124512768
In construction account id: 117 ,user id: 478991090
In construction connection id: 169
In updateTweet:
ffffffffffffffffffffff:
UserID: 105327
IN IF updateHistoricalFollowers
*********************************
99999999999999999999999
upTweet
ID 590578501708832768
In construction account id: 117 ,user id: 478991090
In construction connection id: 169
In updateTweet:
ffffffffffffffffffffff:
UserID: 105327
IN IF updateHistoricalFollowers
*********************************
99999999999999999999999
upTweet
ID 590334140613939200
In construction account id: 117 ,user id: 478991090
In construction connection id: 169
In updateTweet:
ffffffffffffffffffffff:
UserID: 105327
IN IF updateHistoricalFollowers
*********************************
99999999999999999999999
upTweet
ID 590273676618039296
In construction account id: 117 ,user id: 478991090
In construction connection id: 169
In updateTweet:
ffffffffffffffffffffff:
UserID: 105327
IN IF updateHistoricalFollowers
*********************************
99999999999999999999999
upTweet
ID 590267699114053632
In construction account id: 117 ,user id: 478991090
In construction connection id: 169
In updateTweet:
ffffffffffffffffffffff:
UserID: 105327
IN IF updateHistoricalFollowers
*********************************
99999999999999999999999
upTweet
ID 590224415922593792
In construction account id: 117 ,user id: 478991090
In construction connection id: 169
In updateTweet:
ffffffffffffffffffffff:
UserID: 105327
IN IF updateHistoricalFollowers
*********************************
99999999999999999999999
upTweet
ID 589978796322791424
In construction account id: 117 ,user id: 478991090
In construction connection id: 169
In updateTweet:
ffffffffffffffffffffff:
UserID: 105327
IN IF updateHistoricalFollowers
*********************************
99999999999999999999999
upTweet
ID 589446038936690690
In construction account id: 117 ,user id: 478991090
In construction connection id: 169
In updateTweet:
ffffffffffffffffffffff:
UserID: 105327
IN IF updateHistoricalFollowers
*********************************
99999999999999999999999
upTweet
ID 589227092056809472
In construction account id: 117 ,user id: 478991090
In construction connection id: 169
In updateTweet:
ffffffffffffffffffffff:
UserID: 105327
IN IF updateHistoricalFollowers
*********************************
99999999999999999999999
upTweet
ID 589181543756664832
In construction account id: 117 ,user id: 478991090
In construction connection id: 169
In updateTweet:
ffffffffffffffffffffff:
UserID: 105327
IN IF updateHistoricalFollowers
*********************************
99999999999999999999999
upTweet
ID 589174906769657856
In construction account id: 117 ,user id: 478991090
In construction connection id: 169
In updateTweet:
ffffffffffffffffffffff:
UserID: 105327
IN IF updateHistoricalFollowers
*********************************
99999999999999999999999
upTweet
ID 589126187235971073
In construction account id: 117 ,user id: 478991090
In construction connection id: 169
In updateTweet:
ffffffffffffffffffffff:
UserID: 105327
IN IF updateHistoricalFollowers
*********************************
99999999999999999999999
upTweet
ID 588869493541089280
In construction account id: 117 ,user id: 478991090
In construction connection id: 169
In updateTweet:
ffffffffffffffffffffff:
UserID: 105327
IN IF updateHistoricalFollowers
*********************************
99999999999999999999999
upTweet
ID 588824190729392129
In construction account id: 117 ,user id: 478991090
In construction connection id: 169
In updateTweet:
ffffffffffffffffffffff:
UserID: 105327
IN IF updateHistoricalFollowers
*********************************
99999999999999999999999
upTweet
ID 588751457647624193
In construction account id: 117 ,user id: 478991090
In construction connection id: 169
In updateTweet:
ffffffffffffffffffffff:
UserID: 105327
IN IF updateHistoricalFollowers
*********************************
99999999999999999999999
upTweet
ID 588505840572760066
In construction account id: 117 ,user id: 478991090
In construction connection id: 169
In updateTweet:
ffffffffffffffffffffff:
UserID: 105327
IN IF updateHistoricalFollowers
*********************************
99999999999999999999999
upTweet
ID 588444827882127361
In construction account id: 117 ,user id: 478991090
In construction connection id: 169
In updateTweet:
ffffffffffffffffffffff:
UserID: 105327
IN IF updateHistoricalFollowers
*********************************
99999999999999999999999
upTweet
ID 588432861155328000
In construction account id: 117 ,user id: 478991090
In construction connection id: 169
In updateTweet:
ffffffffffffffffffffff:
UserID: 105327
IN IF updateHistoricalFollowers
*********************************
99999999999999999999999
upTweet
ID 588385798430461954
In construction account id: 117 ,user id: 478991090
In construction connection id: 169
In updateTweet:
ffffffffffffffffffffff:
UserID: 105327
IN IF updateHistoricalFollowers
*********************************
99999999999999999999999
upTweet
ID 588130869082112000
In construction account id: 117 ,user id: 478991090
In construction connection id: 169
In updateTweet:
ffffffffffffffffffffff:
UserID: 105327
IN IF updateHistoricalFollowers
*********************************
99999999999999999999999
upTweet
ID 588111616291409920
In construction account id: 117 ,user id: 478991090
In construction connection id: 169
In updateTweet:
ffffffffffffffffffffff:
UserID: 105327
IN IF updateHistoricalFollowers
*********************************
99999999999999999999999
upTweet
ID 588099476658741250
In construction account id: 117 ,user id: 478991090
In construction connection id: 169
In updateTweet:
ffffffffffffffffffffff:
UserID: 105327
IN IF updateHistoricalFollowers
*********************************
99999999999999999999999
upTweet
ID 588057132228026368
In construction account id: 117 ,user id: 478991090
In construction connection id: 169
In updateTweet:
ffffffffffffffffffffff:
UserID: 105327
IN IF updateHistoricalFollowers
*********************************
99999999999999999999999
upTweet
ID 588029954295779329
In construction account id: 117 ,user id: 478991090
In construction connection id: 169
In updateTweet:
ffffffffffffffffffffff:
UserID: 105327
IN IF updateHistoricalFollowers
*********************************
99999999999999999999999
upTweet
ID 587771500654018560
In construction account id: 117 ,user id: 478991090
In construction connection id: 169
In updateTweet:
ffffffffffffffffffffff:
UserID: 105327
IN IF updateHistoricalFollowers
*********************************
99999999999999999999999
upTweet
ID 587746087932301312
In construction account id: 117 ,user id: 478991090
In construction connection id: 169
In updateTweet:
ffffffffffffffffffffff:
UserID: 105327
IN IF updateHistoricalFollowers
*********************************
99999999999999999999999
upTweet
ID 587714425466945536
In construction account id: 117 ,user id: 478991090
In construction connection id: 169
In updateTweet:
ffffffffffffffffffffff:
UserID: 105327
IN IF updateHistoricalFollowers
*********************************
99999999999999999999999
upTweet
ID 587450134323048448
In construction account id: 117 ,user id: 478991090
In construction connection id: 169
In updateTweet:
ffffffffffffffffffffff:
UserID: 105327
IN IF updateHistoricalFollowers
*********************************
99999999999999999999999
upTweet
ID 586912096564224000
In construction account id: 117 ,user id: 478991090
In construction connection id: 169
In updateTweet:
ffffffffffffffffffffff:
UserID: 105327
IN IF updateHistoricalFollowers
*********************************
99999999999999999999999
upTweet
ID 586680723043520513
In construction account id: 117 ,user id: 478991090
In construction connection id: 169
In updateTweet:
ffffffffffffffffffffff:
UserID: 105327
IN IF updateHistoricalFollowers
*********************************
99999999999999999999999
upTweet
ID 586658669195997189
In construction account id: 117 ,user id: 478991090
In construction connection id: 169
In updateTweet:
ffffffffffffffffffffff:
UserID: 105327
IN IF updateHistoricalFollowers
*********************************
99999999999999999999999
upTweet
ID 586598521685458944
In construction account id: 117 ,user id: 478991090
In construction connection id: 169
In updateTweet:
ffffffffffffffffffffff:
UserID: 105327
IN IF updateHistoricalFollowers
*********************************
99999999999999999999999
upTweet
ID 586584063890198528
In construction account id: 117 ,user id: 478991090
In construction connection id: 169
In updateTweet:
ffffffffffffffffffffff:
UserID: 105327
IN IF updateHistoricalFollowers
*********************************
99999999999999999999999
upTweet
ID 586578390854995969
In construction account id: 117 ,user id: 478991090
In construction connection id: 169
In updateTweet:
ffffffffffffffffffffff:
UserID: 105327
IN IF updateHistoricalFollowers
*********************************
99999999999999999999999
upTweet
ID 586329754682298368
In construction account id: 117 ,user id: 478991090
In construction connection id: 169
In updateTweet:
ffffffffffffffffffffff:
UserID: 105327
IN IF updateHistoricalFollowers
*********************************
99999999999999999999999
upTweet
ID 586287478501433347
In construction account id: 117 ,user id: 478991090
In construction connection id: 169
In updateTweet:
ffffffffffffffffffffff:
UserID: 105327
IN IF updateHistoricalFollowers
*********************************
99999999999999999999999
upTweet
ID 586212022443847681
In construction account id: 117 ,user id: 478991090
In construction connection id: 169
In updateTweet:
ffffffffffffffffffffff:
UserID: 105327
IN IF updateHistoricalFollowers
*********************************
99999999999999999999999
upTweet
ID 585989006371856386
In construction account id: 117 ,user id: 478991090
In construction connection id: 169
In updateTweet:
ffffffffffffffffffffff:
UserID: 105327
IN IF updateHistoricalFollowers
*********************************
99999999999999999999999
upTweet
ID 585949816758218752
In construction account id: 117 ,user id: 478991090
In construction connection id: 169
In updateTweet:
ffffffffffffffffffffff:
UserID: 105327
IN IF updateHistoricalFollowers
*********************************
99999999999999999999999
upTweet
ID 585941190408671232
In construction account id: 117 ,user id: 478991090
In construction connection id: 169
In updateTweet:
ffffffffffffffffffffff:
UserID: 105327
IN IF updateHistoricalFollowers
*********************************
99999999999999999999999
upTweet
ID 585882812839890945
In construction account id: 117 ,user id: 478991090
In construction connection id: 169
In updateTweet:
ffffffffffffffffffffff:
UserID: 105327
IN IF updateHistoricalFollowers
*********************************
99999999999999999999999
upTweet
ID 585844724826644480
In construction account id: 117 ,user id: 478991090
In construction connection id: 169
In updateTweet:
ffffffffffffffffffffff:
UserID: 105327
IN IF updateHistoricalFollowers
*********************************
99999999999999999999999
upTweet
ID 585844051787689984
In construction account id: 117 ,user id: 478991090
In construction connection id: 169
In updateTweet:
ffffffffffffffffffffff:
UserID: 105327
IN IF updateHistoricalFollowers
*********************************
99999999999999999999999
upTweet
ID 585598431726559236
In construction account id: 117 ,user id: 478991090
In construction connection id: 169
In updateTweet:
ffffffffffffffffffffff:
UserID: 105327
IN IF updateHistoricalFollowers
*********************************
99999999999999999999999
upTweet
ID 585549861413638144
In construction account id: 117 ,user id: 478991090
In construction connection id: 169
In updateTweet:
ffffffffffffffffffffff:
UserID: 105327
IN IF updateHistoricalFollowers
*********************************
99999999999999999999999
upTweet
ID 585549232473509888
In construction account id: 117 ,user id: 478991090
In construction connection id: 169
In updateTweet:
ffffffffffffffffffffff:
UserID: 105327
IN IF updateHistoricalFollowers
*********************************
99999999999999999999999
upTweet
ID 585496510353276929
In construction account id: 117 ,user id: 478991090
In construction connection id: 169
In updateTweet:
ffffffffffffffffffffff:
UserID: 105327
IN IF updateHistoricalFollowers
*********************************
99999999999999999999999
upTweet
ID 585240851615354881
In construction account id: 117 ,user id: 478991090
In construction connection id: 169
In updateTweet:
ffffffffffffffffffffff:
UserID: 105327
IN IF updateHistoricalFollowers
*********************************
99999999999999999999999
upTweet
ID 585208614081527808
In construction account id: 117 ,user id: 478991090
In construction connection id: 169
In updateTweet:
ffffffffffffffffffffff:
UserID: 105327
IN IF updateHistoricalFollowers
*********************************
99999999999999999999999
upTweet
ID 585147509359517696
In construction account id: 117 ,user id: 478991090
In construction connection id: 169
In updateTweet:
ffffffffffffffffffffff:
UserID: 105327
IN IF updateHistoricalFollowers
*********************************
99999999999999999999999
upTweet
ID 584903856313602050
In construction account id: 117 ,user id: 478991090
In construction connection id: 169
In updateTweet:
ffffffffffffffffffffff:
UserID: 105327
IN IF updateHistoricalFollowers
*********************************
99999999999999999999999
upTweet
ID 584388207237697536
In construction account id: 117 ,user id: 478991090
In construction connection id: 169
In updateTweet:
ffffffffffffffffffffff:
UserID: 105327
IN IF updateHistoricalFollowers
*********************************
99999999999999999999999
upTweet
ID 584171782241783808
In construction account id: 117 ,user id: 478991090
In construction connection id: 169
In updateTweet:
ffffffffffffffffffffff:
UserID: 105327
IN IF updateHistoricalFollowers
*********************************
99999999999999999999999
upTweet
ID 584098801721311232
In construction account id: 117 ,user id: 478991090
In construction connection id: 169
In updateTweet:
ffffffffffffffffffffff:
UserID: 105327
IN IF updateHistoricalFollowers
*********************************
99999999999999999999999
upTweet
ID 584076906682720256
In construction account id: 117 ,user id: 478991090
In construction connection id: 169
In updateTweet:
ffffffffffffffffffffff:
UserID: 105327
IN IF updateHistoricalFollowers
*********************************
99999999999999999999999
upTweet
ID 584038152492359680
In construction account id: 117 ,user id: 478991090
In construction connection id: 169
In updateTweet:
ffffffffffffffffffffff:
UserID: 105327
IN IF updateHistoricalFollowers
*********************************
99999999999999999999999
upTweet
ID 583805871383158784
In construction account id: 117 ,user id: 478991090
In construction connection id: 169
In updateTweet:
ffffffffffffffffffffff:
UserID: 105327
IN IF updateHistoricalFollowers
*********************************
99999999999999999999999
upTweet
ID 583749498804903936
In construction account id: 117 ,user id: 478991090
In construction connection id: 169
In updateTweet:
ffffffffffffffffffffff:
UserID: 105327
IN IF updateHistoricalFollowers
*********************************
99999999999999999999999
upTweet
ID 583693131851243520
In construction account id: 117 ,user id: 478991090
In construction connection id: 169
In updateTweet:
ffffffffffffffffffffff:
UserID: 105327
IN IF updateHistoricalFollowers
*********************************
99999999999999999999999
upTweet
ID 583393911902576640
In construction account id: 117 ,user id: 478991090
In construction connection id: 169
In updateTweet:
ffffffffffffffffffffff:
UserID: 105327
IN IF updateHistoricalFollowers
