99999999999999999999999
upTweet
ID 709042335804305408
In construction account id: 138 ,user id: 15370306
In construction connection id: 188
In updateTweet:
ffffffffffffffffffffff:
UserID: 27354
IN IF updateHistoricalFollowers
*********************************
99999999999999999999999
upTweet
ID 708714428632412160
In construction account id: 138 ,user id: 15370306
In construction connection id: 188
In updateTweet:
ffffffffffffffffffffff:
UserID: 27354
IN IF updateHistoricalFollowers
*********************************
99999999999999999999999
upTweet
ID 708707171794599937
In construction account id: 138 ,user id: 15370306
In construction connection id: 188
In updateTweet:
ffffffffffffffffffffff:
UserID: 27354
IN IF updateHistoricalFollowers
*********************************
99999999999999999999999
upTweet
ID 708498250450341889
In construction account id: 138 ,user id: 15370306
In construction connection id: 188
In updateTweet:
ffffffffffffffffffffff:
UserID: 27354
IN IF updateHistoricalFollowers
*********************************
99999999999999999999999
upTweet
ID 708442402625691648
In construction account id: 138 ,user id: 15370306
In construction connection id: 188
In updateTweet:
ffffffffffffffffffffff:
UserID: 27354
IN IF updateHistoricalFollowers
*********************************
99999999999999999999999
upTweet
ID 708406994865143810
In construction account id: 138 ,user id: 15370306
In construction connection id: 188
In updateTweet:
ffffffffffffffffffffff:
UserID: 27354
IN IF updateHistoricalFollowers
*********************************
99999999999999999999999
upTweet
ID 708406972442353664
In construction account id: 138 ,user id: 15370306
In construction connection id: 188
In updateTweet:
ffffffffffffffffffffff:
UserID: 27354
IN IF updateHistoricalFollowers
*********************************
99999999999999999999999
upTweet
ID 708374940437712902
In construction account id: 138 ,user id: 15370306
In construction connection id: 188
In updateTweet:
ffffffffffffffffffffff:
UserID: 27354
IN IF updateHistoricalFollowers
*********************************
99999999999999999999999
upTweet
ID 708106166597849088
In construction account id: 138 ,user id: 15370306
In construction connection id: 188
In updateTweet:
ffffffffffffffffffffff:
UserID: 27354
IN IF updateHistoricalFollowers
*********************************
99999999999999999999999
upTweet
ID 708030169299070976
In construction account id: 138 ,user id: 15370306
In construction connection id: 188
In updateTweet:
ffffffffffffffffffffff:
UserID: 27354
IN IF updateHistoricalFollowers
*********************************
99999999999999999999999
upTweet
ID 708006087681769472
In construction account id: 138 ,user id: 15370306
In construction connection id: 188
In updateTweet:
ffffffffffffffffffffff:
UserID: 27354
IN IF updateHistoricalFollowers
*********************************
99999999999999999999999
upTweet
ID 707991411493183488
In construction account id: 138 ,user id: 15370306
In construction connection id: 188
In updateTweet:
ffffffffffffffffffffff:
UserID: 27354
IN IF updateHistoricalFollowers
*********************************
99999999999999999999999
upTweet
ID 707977437062111232
In construction account id: 138 ,user id: 15370306
In construction connection id: 188
In updateTweet:
ffffffffffffffffffffff:
UserID: 27354
IN IF updateHistoricalFollowers
*********************************
99999999999999999999999
upTweet
ID 707735734606639104
In construction account id: 138 ,user id: 15370306
In construction connection id: 188
In updateTweet:
ffffffffffffffffffffff:
UserID: 27354
IN IF updateHistoricalFollowers
*********************************
99999999999999999999999
upTweet
ID 707726863880204288
In construction account id: 138 ,user id: 15370306
In construction connection id: 188
In updateTweet:
ffffffffffffffffffffff:
UserID: 27354
IN IF updateHistoricalFollowers
*********************************
99999999999999999999999
upTweet
ID 707712849309777920
In construction account id: 138 ,user id: 15370306
In construction connection id: 188
In updateTweet:
ffffffffffffffffffffff:
UserID: 27354
IN IF updateHistoricalFollowers
*********************************
99999999999999999999999
upTweet
ID 707712805152149504
In construction account id: 138 ,user id: 15370306
In construction connection id: 188
In updateTweet:
ffffffffffffffffffffff:
UserID: 27354
IN IF updateHistoricalFollowers
*********************************
99999999999999999999999
upTweet
ID 707712767826993152
In construction account id: 138 ,user id: 15370306
In construction connection id: 188
In updateTweet:
ffffffffffffffffffffff:
UserID: 27354
IN IF updateHistoricalFollowers
*********************************
99999999999999999999999
upTweet
ID 707710309729959936
In construction account id: 138 ,user id: 15370306
In construction connection id: 188
In updateTweet:
ffffffffffffffffffffff:
UserID: 27354
IN IF updateHistoricalFollowers
*********************************
99999999999999999999999
upTweet
ID 707633306024587264
In construction account id: 138 ,user id: 15370306
In construction connection id: 188
In updateTweet:
ffffffffffffffffffffff:
UserID: 27354
IN IF updateHistoricalFollowers
*********************************
99999999999999999999999
upTweet
ID 707385443566792705
In construction account id: 138 ,user id: 15370306
In construction connection id: 188
In updateTweet:
ffffffffffffffffffffff:
UserID: 27354
IN IF updateHistoricalFollowers
*********************************
99999999999999999999999
upTweet
ID 707341632798990336
In construction account id: 138 ,user id: 15370306
In construction connection id: 188
In updateTweet:
ffffffffffffffffffffff:
UserID: 27354
IN IF updateHistoricalFollowers
*********************************
99999999999999999999999
upTweet
ID 707319918765551616
In construction account id: 138 ,user id: 15370306
In construction connection id: 188
In updateTweet:
ffffffffffffffffffffff:
UserID: 27354
IN IF updateHistoricalFollowers
*********************************
99999999999999999999999
upTweet
ID 707319334914240512
In construction account id: 138 ,user id: 15370306
In construction connection id: 188
In updateTweet:
ffffffffffffffffffffff:
UserID: 27354
IN IF updateHistoricalFollowers
*********************************
99999999999999999999999
upTweet
ID 707279730467164161
In construction account id: 138 ,user id: 15370306
In construction connection id: 188
In updateTweet:
ffffffffffffffffffffff:
UserID: 27354
IN IF updateHistoricalFollowers
*********************************
99999999999999999999999
upTweet
ID 707021268164300800
In construction account id: 138 ,user id: 15370306
In construction connection id: 188
In updateTweet:
ffffffffffffffffffffff:
UserID: 27354
IN IF updateHistoricalFollowers
*********************************
99999999999999999999999
upTweet
ID 706945521869463552
In construction account id: 138 ,user id: 15370306
In construction connection id: 188
In updateTweet:
ffffffffffffffffffffff:
UserID: 27354
IN IF updateHistoricalFollowers
*********************************
99999999999999999999999
upTweet
ID 706885739049517061
In construction account id: 138 ,user id: 15370306
In construction connection id: 188
In updateTweet:
ffffffffffffffffffffff:
UserID: 27354
IN IF updateHistoricalFollowers
*********************************
99999999999999999999999
upTweet
ID 706849641585704960
In construction account id: 138 ,user id: 15370306
In construction connection id: 188
In updateTweet:
ffffffffffffffffffffff:
UserID: 27354
IN IF updateHistoricalFollowers
*********************************
99999999999999999999999
upTweet
ID 706661905197236224
In construction account id: 138 ,user id: 15370306
In construction connection id: 188
In updateTweet:
ffffffffffffffffffffff:
UserID: 27354
IN IF updateHistoricalFollowers
*********************************
99999999999999999999999
upTweet
ID 706631952820867072
In construction account id: 138 ,user id: 15370306
In construction connection id: 188
In updateTweet:
ffffffffffffffffffffff:
UserID: 27354
IN IF updateHistoricalFollowers
*********************************
99999999999999999999999
upTweet
ID 706179473331236864
In construction account id: 138 ,user id: 15370306
In construction connection id: 188
In updateTweet:
ffffffffffffffffffffff:
UserID: 27354
IN IF updateHistoricalFollowers
*********************************
99999999999999999999999
upTweet
ID 706177712952479744
In construction account id: 138 ,user id: 15370306
In construction connection id: 188
In updateTweet:
ffffffffffffffffffffff:
UserID: 27354
IN IF updateHistoricalFollowers
*********************************
99999999999999999999999
upTweet
ID 705884012468903936
In construction account id: 138 ,user id: 15370306
In construction connection id: 188
In updateTweet:
ffffffffffffffffffffff:
UserID: 27354
IN IF updateHistoricalFollowers
*********************************
99999999999999999999999
upTweet
ID 705880756241870849
In construction account id: 138 ,user id: 15370306
In construction connection id: 188
In updateTweet:
ffffffffffffffffffffff:
UserID: 27354
IN IF updateHistoricalFollowers
*********************************
99999999999999999999999
upTweet
ID 705815136351576064
In construction account id: 138 ,user id: 15370306
In construction connection id: 188
In updateTweet:
ffffffffffffffffffffff:
UserID: 27354
IN IF updateHistoricalFollowers
*********************************
99999999999999999999999
upTweet
ID 705812302449217537
In construction account id: 138 ,user id: 15370306
In construction connection id: 188
In updateTweet:
ffffffffffffffffffffff:
UserID: 27354
IN IF updateHistoricalFollowers
*********************************
99999999999999999999999
upTweet
ID 705570459597672448
In construction account id: 138 ,user id: 15370306
In construction connection id: 188
In updateTweet:
ffffffffffffffffffffff:
UserID: 27354
IN IF updateHistoricalFollowers
*********************************
99999999999999999999999
upTweet
ID 705494460822499328
In construction account id: 138 ,user id: 15370306
In construction connection id: 188
In updateTweet:
ffffffffffffffffffffff:
UserID: 27354
IN IF updateHistoricalFollowers
*********************************
99999999999999999999999
upTweet
ID 705445971799339008
In construction account id: 138 ,user id: 15370306
In construction connection id: 188
In updateTweet:
ffffffffffffffffffffff:
UserID: 27354
IN IF updateHistoricalFollowers
*********************************
99999999999999999999999
upTweet
ID 705425510843572224
In construction account id: 138 ,user id: 15370306
In construction connection id: 188
In updateTweet:
ffffffffffffffffffffff:
UserID: 27354
IN IF updateHistoricalFollowers
*********************************
99999999999999999999999
upTweet
ID 705212352937857024
In construction account id: 138 ,user id: 15370306
In construction connection id: 188
In updateTweet:
ffffffffffffffffffffff:
UserID: 27354
IN IF updateHistoricalFollowers
*********************************
99999999999999999999999
upTweet
ID 705141134381576192
In construction account id: 138 ,user id: 15370306
In construction connection id: 188
In updateTweet:
ffffffffffffffffffffff:
UserID: 27354
IN IF updateHistoricalFollowers
*********************************
99999999999999999999999
upTweet
ID 705109069212704768
In construction account id: 138 ,user id: 15370306
In construction connection id: 188
In updateTweet:
ffffffffffffffffffffff:
UserID: 27354
IN IF updateHistoricalFollowers
*********************************
99999999999999999999999
upTweet
ID 705106151109623808
In construction account id: 138 ,user id: 15370306
In construction connection id: 188
In updateTweet:
ffffffffffffffffffffff:
UserID: 27354
IN IF updateHistoricalFollowers
*********************************
99999999999999999999999
upTweet
ID 705104677508001792
In construction account id: 138 ,user id: 15370306
In construction connection id: 188
In updateTweet:
ffffffffffffffffffffff:
UserID: 27354
IN IF updateHistoricalFollowers
*********************************
99999999999999999999999
upTweet
ID 705077876618567680
In construction account id: 138 ,user id: 15370306
In construction connection id: 188
In updateTweet:
ffffffffffffffffffffff:
UserID: 27354
IN IF updateHistoricalFollowers
*********************************
99999999999999999999999
upTweet
ID 704848731347103745
In construction account id: 138 ,user id: 15370306
In construction connection id: 188
In updateTweet:
ffffffffffffffffffffff:
UserID: 27354
IN IF updateHistoricalFollowers
*********************************
99999999999999999999999
upTweet
ID 704807934589403136
In construction account id: 138 ,user id: 15370306
In construction connection id: 188
In updateTweet:
ffffffffffffffffffffff:
UserID: 27354
IN IF updateHistoricalFollowers
*********************************
99999999999999999999999
upTweet
ID 704734198649630720
In construction account id: 138 ,user id: 15370306
In construction connection id: 188
In updateTweet:
ffffffffffffffffffffff:
UserID: 27354
IN IF updateHistoricalFollowers
*********************************
99999999999999999999999
upTweet
ID 704473480494915584
In construction account id: 138 ,user id: 15370306
In construction connection id: 188
In updateTweet:
ffffffffffffffffffffff:
UserID: 27354
IN IF updateHistoricalFollowers
*********************************
99999999999999999999999
upTweet
ID 704430701207166976
In construction account id: 138 ,user id: 15370306
In construction connection id: 188
In updateTweet:
ffffffffffffffffffffff:
UserID: 27354
IN IF updateHistoricalFollowers
*********************************
99999999999999999999999
upTweet
ID 704365770994638848
In construction account id: 138 ,user id: 15370306
In construction connection id: 188
In updateTweet:
ffffffffffffffffffffff:
UserID: 27354
IN IF updateHistoricalFollowers
*********************************
99999999999999999999999
upTweet
ID 704305376032784385
In construction account id: 138 ,user id: 15370306
In construction connection id: 188
In updateTweet:
ffffffffffffffffffffff:
UserID: 27354
IN IF updateHistoricalFollowers
*********************************
99999999999999999999999
upTweet
ID 704119396873035781
In construction account id: 138 ,user id: 15370306
In construction connection id: 188
In updateTweet:
ffffffffffffffffffffff:
UserID: 27354
IN IF updateHistoricalFollowers
*********************************
99999999999999999999999
upTweet
ID 704018251525656577
In construction account id: 138 ,user id: 15370306
In construction connection id: 188
In updateTweet:
ffffffffffffffffffffff:
UserID: 27354
IN IF updateHistoricalFollowers
*********************************
99999999999999999999999
upTweet
ID 703713471695683584
In construction account id: 138 ,user id: 15370306
In construction connection id: 188
In updateTweet:
ffffffffffffffffffffff:
UserID: 27354
IN IF updateHistoricalFollowers
*********************************
99999999999999999999999
upTweet
ID 703640778082381825
In construction account id: 138 ,user id: 15370306
In construction connection id: 188
In updateTweet:
ffffffffffffffffffffff:
UserID: 27354
IN IF updateHistoricalFollowers
*********************************
99999999999999999999999
upTweet
ID 703342534697717761
In construction account id: 138 ,user id: 15370306
In construction connection id: 188
In updateTweet:
ffffffffffffffffffffff:
UserID: 27354
IN IF updateHistoricalFollowers
*********************************
99999999999999999999999
upTweet
ID 703308582146584576
In construction account id: 138 ,user id: 15370306
In construction connection id: 188
In updateTweet:
ffffffffffffffffffffff:
UserID: 27354
IN IF updateHistoricalFollowers
*********************************
99999999999999999999999
upTweet
ID 703290187976036352
In construction account id: 138 ,user id: 15370306
In construction connection id: 188
In updateTweet:
ffffffffffffffffffffff:
UserID: 27354
IN IF updateHistoricalFollowers
*********************************
99999999999999999999999
upTweet
ID 703051867387854848
In construction account id: 138 ,user id: 15370306
In construction connection id: 188
In updateTweet:
ffffffffffffffffffffff:
UserID: 27354
IN IF updateHistoricalFollowers
*********************************
99999999999999999999999
upTweet
ID 703006590211899392
In construction account id: 138 ,user id: 15370306
In construction connection id: 188
In updateTweet:
ffffffffffffffffffffff:
UserID: 27354
IN IF updateHistoricalFollowers
*********************************
99999999999999999999999
upTweet
ID 702928299677192193
In construction account id: 138 ,user id: 15370306
In construction connection id: 188
In updateTweet:
ffffffffffffffffffffff:
UserID: 27354
IN IF updateHistoricalFollowers
*********************************
99999999999999999999999
upTweet
ID 702671358191206400
In construction account id: 138 ,user id: 15370306
In construction connection id: 188
In updateTweet:
ffffffffffffffffffffff:
UserID: 27354
IN IF updateHistoricalFollowers
*********************************
99999999999999999999999
upTweet
ID 702641912658817024
In construction account id: 138 ,user id: 15370306
In construction connection id: 188
In updateTweet:
ffffffffffffffffffffff:
UserID: 27354
IN IF updateHistoricalFollowers
*********************************
99999999999999999999999
upTweet
ID 702565659410980864
In construction account id: 138 ,user id: 15370306
In construction connection id: 188
In updateTweet:
ffffffffffffffffffffff:
UserID: 27354
IN IF updateHistoricalFollowers
*********************************
99999999999999999999999
upTweet
ID 702299152072314880
In construction account id: 138 ,user id: 15370306
In construction connection id: 188
In updateTweet:
ffffffffffffffffffffff:
UserID: 27354
IN IF updateHistoricalFollowers
*********************************
99999999999999999999999
upTweet
ID 702245047052283904
In construction account id: 138 ,user id: 15370306
In construction connection id: 188
In updateTweet:
ffffffffffffffffffffff:
UserID: 27354
IN IF updateHistoricalFollowers
*********************************
99999999999999999999999
upTweet
ID 702193204091719681
In construction account id: 138 ,user id: 15370306
In construction connection id: 188
In updateTweet:
ffffffffffffffffffffff:
UserID: 27354
IN IF updateHistoricalFollowers
*********************************
99999999999999999999999
upTweet
ID 701961427473420290
In construction account id: 138 ,user id: 15370306
In construction connection id: 188
In updateTweet:
ffffffffffffffffffffff:
UserID: 27354
IN IF updateHistoricalFollowers
*********************************
99999999999999999999999
upTweet
ID 701951170172948480
In construction account id: 138 ,user id: 15370306
In construction connection id: 188
In updateTweet:
ffffffffffffffffffffff:
UserID: 27354
IN IF updateHistoricalFollowers
*********************************
99999999999999999999999
upTweet
ID 701943878601969666
In construction account id: 138 ,user id: 15370306
In construction connection id: 188
In updateTweet:
ffffffffffffffffffffff:
UserID: 27354
IN IF updateHistoricalFollowers
*********************************
99999999999999999999999
upTweet
ID 701916068822933504
In construction account id: 138 ,user id: 15370306
In construction connection id: 188
In updateTweet:
ffffffffffffffffffffff:
UserID: 27354
IN IF updateHistoricalFollowers
*********************************
99999999999999999999999
upTweet
ID 701884923834081280
In construction account id: 138 ,user id: 15370306
In construction connection id: 188
In updateTweet:
ffffffffffffffffffffff:
UserID: 27354
IN IF updateHistoricalFollowers
*********************************
99999999999999999999999
upTweet
ID 701851449425145856
In construction account id: 138 ,user id: 15370306
In construction connection id: 188
In updateTweet:
ffffffffffffffffffffff:
UserID: 27354
IN IF updateHistoricalFollowers
*********************************
99999999999999999999999
upTweet
ID 701840886750031872
In construction account id: 138 ,user id: 15370306
In construction connection id: 188
In updateTweet:
ffffffffffffffffffffff:
UserID: 27354
IN IF updateHistoricalFollowers
*********************************
99999999999999999999999
upTweet
ID 701833145704787968
In construction account id: 138 ,user id: 15370306
In construction connection id: 188
In updateTweet:
ffffffffffffffffffffff:
UserID: 27354
IN IF updateHistoricalFollowers
*********************************
99999999999999999999999
upTweet
ID 701828818344898562
In construction account id: 138 ,user id: 15370306
In construction connection id: 188
