99999999999999999999999
upTweet
ID 709197363210924033
In construction account id: 119 ,user id: 54818890
In construction connection id: 172
In updateTweet:
ffffffffffffffffffffff:
UserID: 12571
IN IF updateHistoricalFollowers
*********************************
99999999999999999999999
upTweet
ID 709070273304088577
In construction account id: 119 ,user id: 54818890
In construction connection id: 172
In updateTweet:
ffffffffffffffffffffff:
UserID: 12571
IN IF updateHistoricalFollowers
*********************************
99999999999999999999999
upTweet
ID 708757462493503488
In construction account id: 119 ,user id: 54818890
In construction connection id: 172
In updateTweet:
ffffffffffffffffffffff:
UserID: 12571
IN IF updateHistoricalFollowers
*********************************
99999999999999999999999
upTweet
ID 708699117027864577
In construction account id: 119 ,user id: 54818890
In construction connection id: 172
In updateTweet:
ffffffffffffffffffffff:
UserID: 12571
IN IF updateHistoricalFollowers
*********************************
99999999999999999999999
upTweet
ID 708414196455636992
In construction account id: 119 ,user id: 54818890
In construction connection id: 172
In updateTweet:
ffffffffffffffffffffff:
UserID: 12571
IN IF updateHistoricalFollowers
*********************************
99999999999999999999999
upTweet
ID 708370159052828672
In construction account id: 119 ,user id: 54818890
In construction connection id: 172
In updateTweet:
ffffffffffffffffffffff:
UserID: 12571
IN IF updateHistoricalFollowers
*********************************
99999999999999999999999
upTweet
ID 708081758068051968
In construction account id: 119 ,user id: 54818890
In construction connection id: 172
In updateTweet:
ffffffffffffffffffffff:
UserID: 12571
IN IF updateHistoricalFollowers
*********************************
99999999999999999999999
upTweet
ID 708040740815777792
In construction account id: 119 ,user id: 54818890
In construction connection id: 172
In updateTweet:
ffffffffffffffffffffff:
UserID: 12571
IN IF updateHistoricalFollowers
*********************************
99999999999999999999999
upTweet
ID 707988141412462592
In construction account id: 119 ,user id: 54818890
In construction connection id: 172
In updateTweet:
ffffffffffffffffffffff:
UserID: 12571
IN IF updateHistoricalFollowers
*********************************
99999999999999999999999
upTweet
ID 707762911368900610
In construction account id: 119 ,user id: 54818890
In construction connection id: 172
In updateTweet:
ffffffffffffffffffffff:
UserID: 12571
IN IF updateHistoricalFollowers
*********************************
99999999999999999999999
upTweet
ID 707716095134674944
In construction account id: 119 ,user id: 54818890
In construction connection id: 172
In updateTweet:
ffffffffffffffffffffff:
UserID: 12571
IN IF updateHistoricalFollowers
*********************************
99999999999999999999999
upTweet
ID 707698484648943616
In construction account id: 119 ,user id: 54818890
In construction connection id: 172
In updateTweet:
ffffffffffffffffffffff:
UserID: 12571
IN IF updateHistoricalFollowers
*********************************
99999999999999999999999
upTweet
ID 707643619893575680
In construction account id: 119 ,user id: 54818890
In construction connection id: 172
In updateTweet:
ffffffffffffffffffffff:
UserID: 12571
IN IF updateHistoricalFollowers
*********************************
99999999999999999999999
upTweet
ID 707403537005686788
In construction account id: 119 ,user id: 54818890
In construction connection id: 172
In updateTweet:
ffffffffffffffffffffff:
UserID: 12571
IN IF updateHistoricalFollowers
*********************************
99999999999999999999999
upTweet
ID 707376360151363584
In construction account id: 119 ,user id: 54818890
In construction connection id: 172
In updateTweet:
ffffffffffffffffffffff:
UserID: 12571
IN IF updateHistoricalFollowers
*********************************
99999999999999999999999
upTweet
ID 707331898993823744
In construction account id: 119 ,user id: 54818890
In construction connection id: 172
In updateTweet:
ffffffffffffffffffffff:
UserID: 12571
IN IF updateHistoricalFollowers
*********************************
99999999999999999999999
upTweet
ID 707290046232002561
In construction account id: 119 ,user id: 54818890
In construction connection id: 172
In updateTweet:
ffffffffffffffffffffff:
UserID: 12571
IN IF updateHistoricalFollowers
*********************************
99999999999999999999999
upTweet
ID 706985784927068160
In construction account id: 119 ,user id: 54818890
In construction connection id: 172
In updateTweet:
ffffffffffffffffffffff:
UserID: 12571
IN IF updateHistoricalFollowers
*********************************
99999999999999999999999
upTweet
ID 706962238456725504
In construction account id: 119 ,user id: 54818890
In construction connection id: 172
In updateTweet:
ffffffffffffffffffffff:
UserID: 12571
IN IF updateHistoricalFollowers
*********************************
99999999999999999999999
upTweet
ID 706950318450466816
In construction account id: 119 ,user id: 54818890
In construction connection id: 172
In updateTweet:
ffffffffffffffffffffff:
UserID: 12571
IN IF updateHistoricalFollowers
*********************************
99999999999999999999999
upTweet
ID 706911799325499392
In construction account id: 119 ,user id: 54818890
In construction connection id: 172
In updateTweet:
ffffffffffffffffffffff:
UserID: 12571
IN IF updateHistoricalFollowers
*********************************
99999999999999999999999
upTweet
ID 706675749726466048
In construction account id: 119 ,user id: 54818890
In construction connection id: 172
In updateTweet:
ffffffffffffffffffffff:
UserID: 12571
IN IF updateHistoricalFollowers
*********************************
99999999999999999999999
upTweet
ID 706571309447143424
In construction account id: 119 ,user id: 54818890
In construction connection id: 172
In updateTweet:
ffffffffffffffffffffff:
UserID: 12571
IN IF updateHistoricalFollowers
*********************************
99999999999999999999999
upTweet
ID 706250441743446016
In construction account id: 119 ,user id: 54818890
In construction connection id: 172
In updateTweet:
ffffffffffffffffffffff:
UserID: 12571
IN IF updateHistoricalFollowers
*********************************
99999999999999999999999
upTweet
ID 706147278730321920
In construction account id: 119 ,user id: 54818890
In construction connection id: 172
In updateTweet:
ffffffffffffffffffffff:
UserID: 12571
IN IF updateHistoricalFollowers
*********************************
99999999999999999999999
upTweet
ID 705886765995810816
In construction account id: 119 ,user id: 54818890
In construction connection id: 172
In updateTweet:
ffffffffffffffffffffff:
UserID: 12571
IN IF updateHistoricalFollowers
*********************************
99999999999999999999999
upTweet
ID 705881259277352961
In construction account id: 119 ,user id: 54818890
In construction connection id: 172
In updateTweet:
ffffffffffffffffffffff:
UserID: 12571
IN IF updateHistoricalFollowers
*********************************
99999999999999999999999
upTweet
ID 705832940836515841
In construction account id: 119 ,user id: 54818890
In construction connection id: 172
In updateTweet:
ffffffffffffffffffffff:
UserID: 12571
IN IF updateHistoricalFollowers
*********************************
99999999999999999999999
upTweet
ID 705824888452358144
In construction account id: 119 ,user id: 54818890
In construction connection id: 172
In updateTweet:
ffffffffffffffffffffff:
UserID: 12571
IN IF updateHistoricalFollowers
*********************************
99999999999999999999999
upTweet
ID 705571467325378560
In construction account id: 119 ,user id: 54818890
In construction connection id: 172
In updateTweet:
ffffffffffffffffffffff:
UserID: 12571
IN IF updateHistoricalFollowers
*********************************
99999999999999999999999
upTweet
ID 705505784684224514
In construction account id: 119 ,user id: 54818890
In construction connection id: 172
In updateTweet:
ffffffffffffffffffffff:
UserID: 12571
IN IF updateHistoricalFollowers
*********************************
99999999999999999999999
upTweet
ID 705470552723488768
In construction account id: 119 ,user id: 54818890
In construction connection id: 172
In updateTweet:
ffffffffffffffffffffff:
UserID: 12571
IN IF updateHistoricalFollowers
*********************************
99999999999999999999999
upTweet
ID 705211344451022848
In construction account id: 119 ,user id: 54818890
In construction connection id: 172
In updateTweet:
ffffffffffffffffffffff:
UserID: 12571
IN IF updateHistoricalFollowers
*********************************
99999999999999999999999
upTweet
ID 705197545450962945
In construction account id: 119 ,user id: 54818890
In construction connection id: 172
In updateTweet:
ffffffffffffffffffffff:
UserID: 12571
IN IF updateHistoricalFollowers
*********************************
99999999999999999999999
upTweet
ID 705187059506376704
In construction account id: 119 ,user id: 54818890
In construction connection id: 172
In updateTweet:
ffffffffffffffffffffff:
UserID: 12571
IN IF updateHistoricalFollowers
*********************************
99999999999999999999999
upTweet
ID 705138865758023680
In construction account id: 119 ,user id: 54818890
In construction connection id: 172
In updateTweet:
ffffffffffffffffffffff:
UserID: 12571
IN IF updateHistoricalFollowers
*********************************
99999999999999999999999
upTweet
ID 705112692869042176
In construction account id: 119 ,user id: 54818890
In construction connection id: 172
In updateTweet:
ffffffffffffffffffffff:
UserID: 12571
IN IF updateHistoricalFollowers
*********************************
99999999999999999999999
upTweet
ID 704812968878321664
In construction account id: 119 ,user id: 54818890
In construction connection id: 172
In updateTweet:
ffffffffffffffffffffff:
UserID: 12571
IN IF updateHistoricalFollowers
*********************************
99999999999999999999999
upTweet
ID 704773209351032832
In construction account id: 119 ,user id: 54818890
In construction connection id: 172
In updateTweet:
ffffffffffffffffffffff:
UserID: 12571
IN IF updateHistoricalFollowers
*********************************
99999999999999999999999
upTweet
ID 704707777323610112
In construction account id: 119 ,user id: 54818890
In construction connection id: 172
In updateTweet:
ffffffffffffffffffffff:
UserID: 12571
IN IF updateHistoricalFollowers
*********************************
99999999999999999999999
upTweet
ID 704484804817866752
In construction account id: 119 ,user id: 54818890
In construction connection id: 172
In updateTweet:
ffffffffffffffffffffff:
UserID: 12571
IN IF updateHistoricalFollowers
*********************************
99999999999999999999999
upTweet
ID 704404782488793088
In construction account id: 119 ,user id: 54818890
In construction connection id: 172
In updateTweet:
ffffffffffffffffffffff:
UserID: 12571
IN IF updateHistoricalFollowers
*********************************
99999999999999999999999
upTweet
ID 704376853411172352
In construction account id: 119 ,user id: 54818890
In construction connection id: 172
In updateTweet:
ffffffffffffffffffffff:
UserID: 12571
IN IF updateHistoricalFollowers
*********************************
99999999999999999999999
upTweet
ID 704139039356522496
In construction account id: 119 ,user id: 54818890
In construction connection id: 172
In updateTweet:
ffffffffffffffffffffff:
UserID: 12571
IN IF updateHistoricalFollowers
*********************************
99999999999999999999999
upTweet
ID 704024020803411968
In construction account id: 119 ,user id: 54818890
In construction connection id: 172
In updateTweet:
ffffffffffffffffffffff:
UserID: 12571
IN IF updateHistoricalFollowers
*********************************
99999999999999999999999
upTweet
ID 703716250015236096
In construction account id: 119 ,user id: 54818890
In construction connection id: 172
In updateTweet:
ffffffffffffffffffffff:
UserID: 12571
IN IF updateHistoricalFollowers
*********************************
99999999999999999999999
upTweet
ID 703621875448967168
In construction account id: 119 ,user id: 54818890
In construction connection id: 172
In updateTweet:
ffffffffffffffffffffff:
UserID: 12571
IN IF updateHistoricalFollowers
*********************************
99999999999999999999999
upTweet
ID 703366210046414849
In construction account id: 119 ,user id: 54818890
In construction connection id: 172
In updateTweet:
ffffffffffffffffffffff:
UserID: 12571
IN IF updateHistoricalFollowers
*********************************
99999999999999999999999
upTweet
ID 703343288124882944
In construction account id: 119 ,user id: 54818890
In construction connection id: 172
In updateTweet:
ffffffffffffffffffffff:
UserID: 12571
IN IF updateHistoricalFollowers
*********************************
99999999999999999999999
upTweet
ID 703324252351561728
In construction account id: 119 ,user id: 54818890
In construction connection id: 172
In updateTweet:
ffffffffffffffffffffff:
UserID: 12571
IN IF updateHistoricalFollowers
*********************************
99999999999999999999999
upTweet
ID 703323939393683456
In construction account id: 119 ,user id: 54818890
In construction connection id: 172
In updateTweet:
ffffffffffffffffffffff:
UserID: 12571
IN IF updateHistoricalFollowers
*********************************
99999999999999999999999
upTweet
ID 703290939519823873
In construction account id: 119 ,user id: 54818890
In construction connection id: 172
In updateTweet:
ffffffffffffffffffffff:
UserID: 12571
IN IF updateHistoricalFollowers
*********************************
99999999999999999999999
upTweet
ID 703025943758000128
In construction account id: 119 ,user id: 54818890
In construction connection id: 172
In updateTweet:
ffffffffffffffffffffff:
UserID: 12571
IN IF updateHistoricalFollowers
*********************************
99999999999999999999999
upTweet
ID 702976389511643137
In construction account id: 119 ,user id: 54818890
In construction connection id: 172
In updateTweet:
ffffffffffffffffffffff:
UserID: 12571
IN IF updateHistoricalFollowers
*********************************
99999999999999999999999
upTweet
ID 702921007485419520
In construction account id: 119 ,user id: 54818890
In construction connection id: 172
In updateTweet:
ffffffffffffffffffffff:
UserID: 12571
IN IF updateHistoricalFollowers
*********************************
99999999999999999999999
upTweet
ID 702653328304386048
In construction account id: 119 ,user id: 54818890
In construction connection id: 172
In updateTweet:
ffffffffffffffffffffff:
UserID: 12571
IN IF updateHistoricalFollowers
*********************************
99999999999999999999999
upTweet
ID 702650975098515458
In construction account id: 119 ,user id: 54818890
In construction connection id: 172
In updateTweet:
ffffffffffffffffffffff:
UserID: 12571
IN IF updateHistoricalFollowers
*********************************
99999999999999999999999
upTweet
ID 702594351809974272
In construction account id: 119 ,user id: 54818890
In construction connection id: 172
In updateTweet:
ffffffffffffffffffffff:
UserID: 12571
IN IF updateHistoricalFollowers
*********************************
99999999999999999999999
upTweet
ID 702548079942070272
In construction account id: 119 ,user id: 54818890
In construction connection id: 172
In updateTweet:
ffffffffffffffffffffff:
UserID: 12571
IN IF updateHistoricalFollowers
*********************************
99999999999999999999999
upTweet
ID 702547828808114176
In construction account id: 119 ,user id: 54818890
In construction connection id: 172
In updateTweet:
ffffffffffffffffffffff:
UserID: 12571
IN IF updateHistoricalFollowers
*********************************
99999999999999999999999
upTweet
ID 702538524319330304
In construction account id: 119 ,user id: 54818890
In construction connection id: 172
In updateTweet:
ffffffffffffffffffffff:
UserID: 12571
IN IF updateHistoricalFollowers
*********************************
99999999999999999999999
upTweet
ID 702269463408672768
In construction account id: 119 ,user id: 54818890
In construction connection id: 172
In updateTweet:
ffffffffffffffffffffff:
UserID: 12571
IN IF updateHistoricalFollowers
*********************************
99999999999999999999999
upTweet
ID 702263627554750465
In construction account id: 119 ,user id: 54818890
In construction connection id: 172
In updateTweet:
ffffffffffffffffffffff:
UserID: 12571
IN IF updateHistoricalFollowers
*********************************
99999999999999999999999
upTweet
ID 702263465956634625
In construction account id: 119 ,user id: 54818890
In construction connection id: 172
In updateTweet:
ffffffffffffffffffffff:
UserID: 12571
IN IF updateHistoricalFollowers
*********************************
99999999999999999999999
upTweet
ID 702231960668639232
In construction account id: 119 ,user id: 54818890
In construction connection id: 172
In updateTweet:
ffffffffffffffffffffff:
UserID: 12571
IN IF updateHistoricalFollowers
*********************************
99999999999999999999999
upTweet
ID 702172824325083136
In construction account id: 119 ,user id: 54818890
In construction connection id: 172
In updateTweet:
ffffffffffffffffffffff:
UserID: 12571
IN IF updateHistoricalFollowers
*********************************
99999999999999999999999
upTweet
ID 701955893911375872
In construction account id: 119 ,user id: 54818890
In construction connection id: 172
In updateTweet:
ffffffffffffffffffffff:
UserID: 12571
IN IF updateHistoricalFollowers
*********************************
99999999999999999999999
upTweet
ID 701918782004985856
In construction account id: 119 ,user id: 54818890
In construction connection id: 172
In updateTweet:
ffffffffffffffffffffff:
UserID: 12571
IN IF updateHistoricalFollowers
*********************************
99999999999999999999999
upTweet
ID 701898516705050624
In construction account id: 119 ,user id: 54818890
In construction connection id: 172
In updateTweet:
ffffffffffffffffffffff:
UserID: 12571
IN IF updateHistoricalFollowers
*********************************
99999999999999999999999
upTweet
ID 701859032915521536
In construction account id: 119 ,user id: 54818890
In construction connection id: 172
In updateTweet:
ffffffffffffffffffffff:
UserID: 12571
IN IF updateHistoricalFollowers
*********************************
99999999999999999999999
upTweet
ID 701596526003380224
In construction account id: 119 ,user id: 54818890
In construction connection id: 172
In updateTweet:
ffffffffffffffffffffff:
UserID: 12571
IN IF updateHistoricalFollowers
*********************************
99999999999999999999999
upTweet
ID 701487054274703360
In construction account id: 119 ,user id: 54818890
In construction connection id: 172
In updateTweet:
ffffffffffffffffffffff:
UserID: 12571
IN IF updateHistoricalFollowers
*********************************
99999999999999999999999
upTweet
ID 701172988159234048
In construction account id: 119 ,user id: 54818890
In construction connection id: 172
In updateTweet:
ffffffffffffffffffffff:
UserID: 12571
IN IF updateHistoricalFollowers
*********************************
99999999999999999999999
upTweet
ID 701089005211770880
In construction account id: 119 ,user id: 54818890
In construction connection id: 172
In updateTweet:
ffffffffffffffffffffff:
UserID: 12571
IN IF updateHistoricalFollowers
*********************************
99999999999999999999999
upTweet
ID 700795747764084738
In construction account id: 119 ,user id: 54818890
In construction connection id: 172
In updateTweet:
ffffffffffffffffffffff:
UserID: 12571
IN IF updateHistoricalFollowers
*********************************
99999999999999999999999
upTweet
ID 700764541559255040
In construction account id: 119 ,user id: 54818890
In construction connection id: 172
In updateTweet:
ffffffffffffffffffffff:
UserID: 12571
IN IF updateHistoricalFollowers
*********************************
99999999999999999999999
upTweet
ID 700740384788328449
In construction account id: 119 ,user id: 54818890
In construction connection id: 172
In updateTweet:
ffffffffffffffffffffff:
UserID: 12571
IN IF updateHistoricalFollowers
*********************************
99999999999999999999999
upTweet
ID 700495518695182336
In construction account id: 119 ,user id: 54818890
In construction connection id: 172
In updateTweet:
ffffffffffffffffffffff:
UserID: 12571
IN IF updateHistoricalFollowers
*********************************
99999999999999999999999
upTweet
ID 700445188091588608
In construction account id: 119 ,user id: 54818890
In construction connection id: 172
In updateTweet:
ffffffffffffffffffffff:
UserID: 12571
IN IF updateHistoricalFollowers
*********************************
99999999999999999999999
upTweet
ID 700404421696425984
In construction account id: 119 ,user id: 54818890
In construction connection id: 172
In updateTweet:
ffffffffffffffffffffff:
UserID: 12571
IN IF updateHistoricalFollowers
*********************************
99999999999999999999999
upTweet
ID 700138667751256065
In construction account id: 119 ,user id: 54818890
In construction connection id: 172
In updateTweet:
ffffffffffffffffffffff:
UserID: 12571
IN IF updateHistoricalFollowers
*********************************
99999999999999999999999
upTweet
ID 700105450495176705
In construction account id: 119 ,user id: 54818890
In construction connection id: 172
In updateTweet:
ffffffffffffffffffffff:
UserID: 12571
IN IF updateHistoricalFollowers
*********************************
99999999999999999999999
upTweet
ID 700095159984197632
In construction account id: 119 ,user id: 54818890
In construction connection id: 172
In updateTweet:
ffffffffffffffffffffff:
UserID: 12571
IN IF updateHistoricalFollowers
*********************************
99999999999999999999999
upTweet
ID 700055374024445952
In construction account id: 119 ,user id: 54818890
In construction connection id: 172
In updateTweet:
ffffffffffffffffffffff:
UserID: 12571
IN IF updateHistoricalFollowers
*********************************
99999999999999999999999
upTweet
ID 699775778917998592
In construction account id: 119 ,user id: 54818890
In construction connection id: 172
In updateTweet:
ffffffffffffffffffffff:
UserID: 12571
IN IF updateHistoricalFollowers
*********************************
99999999999999999999999
upTweet
ID 699738508231979008
In construction account id: 119 ,user id: 54818890
In construction connection id: 172
In updateTweet:
ffffffffffffffffffffff:
UserID: 12571
IN IF updateHistoricalFollowers
*********************************
99999999999999999999999
upTweet
ID 699672598511165440
In construction account id: 119 ,user id: 54818890
In construction connection id: 172
In updateTweet:
ffffffffffffffffffffff:
UserID: 12571
IN IF updateHistoricalFollowers
*********************************
99999999999999999999999
upTweet
ID 699639131689725952
In construction account id: 119 ,user id: 54818890
In construction connection id: 172
In updateTweet:
ffffffffffffffffffffff:
UserID: 12571
IN IF updateHistoricalFollowers
*********************************
99999999999999999999999
upTweet
ID 699427993068838912
In construction account id: 119 ,user id: 54818890
In construction connection id: 172
In updateTweet:
ffffffffffffffffffffff:
UserID: 12571
IN IF updateHistoricalFollowers
*********************************
99999999999999999999999
upTweet
ID 699379872364244993
In construction account id: 119 ,user id: 54818890
In construction connection id: 172
In updateTweet:
ffffffffffffffffffffff:
UserID: 12571
IN IF updateHistoricalFollowers
*********************************
99999999999999999999999
upTweet
ID 699351986764795904
In construction account id: 119 ,user id: 54818890
In construction connection id: 172
In updateTweet:
ffffffffffffffffffffff:
UserID: 12571
IN IF updateHistoricalFollowers
*********************************
99999999999999999999999
upTweet
ID 699319503520305152
In construction account id: 119 ,user id: 54818890
In construction connection id: 172
In updateTweet:
ffffffffffffffffffffff:
UserID: 12571
IN IF updateHistoricalFollowers
*********************************
99999999999999999999999
upTweet
ID 699319296028069888
In construction account id: 119 ,user id: 54818890
In construction connection id: 172
In updateTweet:
ffffffffffffffffffffff:
UserID: 12571
IN IF updateHistoricalFollowers
*********************************
99999999999999999999999
upTweet
ID 699262400055279616
In construction account id: 119 ,user id: 54818890
In construction connection id: 172
In updateTweet:
ffffffffffffffffffffff:
UserID: 12571
IN IF updateHistoricalFollowers
*********************************
99999999999999999999999
upTweet
ID 698926437349195776
In construction account id: 119 ,user id: 54818890
In construction connection id: 172
In updateTweet:
ffffffffffffffffffffff:
UserID: 12571
IN IF updateHistoricalFollowers
*********************************
99999999999999999999999
upTweet
ID 698899759638011904
In construction account id: 119 ,user id: 54818890
In construction connection id: 172
In updateTweet:
ffffffffffffffffffffff:
UserID: 12571
IN IF updateHistoricalFollowers
*********************************
99999999999999999999999
upTweet
ID 698604565235572736
In construction account id: 119 ,user id: 54818890
In construction connection id: 172
In updateTweet:
ffffffffffffffffffffff:
UserID: 12571
IN IF updateHistoricalFollowers
*********************************
99999999999999999999999
upTweet
ID 698537132432842752
In construction account id: 119 ,user id: 54818890
In construction connection id: 172
In updateTweet:
ffffffffffffffffffffff:
UserID: 12571
IN IF updateHistoricalFollowers
*********************************
99999999999999999999999
upTweet
ID 698297396262936576
In construction account id: 119 ,user id: 54818890
In construction connection id: 172
In updateTweet:
ffffffffffffffffffffff:
UserID: 12571
IN IF updateHistoricalFollowers
*********************************
99999999999999999999999
upTweet
ID 698281433958211584
In construction account id: 119 ,user id: 54818890
In construction connection id: 172
In updateTweet:
ffffffffffffffffffffff:
UserID: 12571
IN IF updateHistoricalFollowers
*********************************
99999999999999999999999
upTweet
ID 698235883468754945
In construction account id: 119 ,user id: 54818890
In construction connection id: 172
In updateTweet:
ffffffffffffffffffffff:
UserID: 12571
IN IF updateHistoricalFollowers
*********************************
99999999999999999999999
upTweet
ID 698206943400189952
In construction account id: 119 ,user id: 54818890
In construction connection id: 172
In updateTweet:
ffffffffffffffffffffff:
UserID: 12571
IN IF updateHistoricalFollowers
*********************************
99999999999999999999999
upTweet
ID 697962079026675712
In construction account id: 119 ,user id: 54818890
In construction connection id: 172
In updateTweet:
ffffffffffffffffffffff:
UserID: 12571
IN IF updateHistoricalFollowers
*********************************
99999999999999999999999
upTweet
ID 697855878855143424
In construction account id: 119 ,user id: 54818890
In construction connection id: 172
In updateTweet:
ffffffffffffffffffffff:
UserID: 12571
IN IF updateHistoricalFollowers
*********************************
99999999999999999999999
upTweet
ID 697812846093045760
In construction account id: 119 ,user id: 54818890
In construction connection id: 172
In updateTweet:
ffffffffffffffffffffff:
UserID: 12571
IN IF updateHistoricalFollowers
*********************************
99999999999999999999999
upTweet
ID 697594151932530688
In construction account id: 119 ,user id: 54818890
In construction connection id: 172
In updateTweet:
ffffffffffffffffffffff:
UserID: 12571
IN IF updateHistoricalFollowers
*********************************
99999999999999999999999
upTweet
ID 697582417578594304
In construction account id: 119 ,user id: 54818890
In construction connection id: 172
In updateTweet:
ffffffffffffffffffffff:
UserID: 12571
IN IF updateHistoricalFollowers
*********************************
99999999999999999999999
upTweet
ID 697579085740904448
In construction account id: 119 ,user id: 54818890
In construction connection id: 172
In updateTweet:
ffffffffffffffffffffff:
UserID: 12571
IN IF updateHistoricalFollowers
*********************************
99999999999999999999999
upTweet
ID 697536023400570880
In construction account id: 119 ,user id: 54818890
In construction connection id: 172
In updateTweet:
ffffffffffffffffffffff:
UserID: 12571
IN IF updateHistoricalFollowers
*********************************
99999999999999999999999
upTweet
ID 697528222318112768
In construction account id: 119 ,user id: 54818890
In construction connection id: 172
In updateTweet:
ffffffffffffffffffffff:
UserID: 12571
IN IF updateHistoricalFollowers
*********************************
99999999999999999999999
upTweet
ID 697515198060441601
In construction account id: 119 ,user id: 54818890
In construction connection id: 172
In updateTweet:
ffffffffffffffffffffff:
UserID: 12571
IN IF updateHistoricalFollowers
*********************************
99999999999999999999999
upTweet
ID 697513862321434624
In construction account id: 119 ,user id: 54818890
In construction connection id: 172
In updateTweet:
ffffffffffffffffffffff:
UserID: 12571
IN IF updateHistoricalFollowers
*********************************
99999999999999999999999
upTweet
ID 697225977013768192
In construction account id: 119 ,user id: 54818890
In construction connection id: 172
In updateTweet:
ffffffffffffffffffffff:
UserID: 12571
IN IF updateHistoricalFollowers
*********************************
99999999999999999999999
upTweet
ID 697212301405872129
In construction account id: 119 ,user id: 54818890
In construction connection id: 172
In updateTweet:
ffffffffffffffffffffff:
UserID: 12571
IN IF updateHistoricalFollowers
*********************************
99999999999999999999999
upTweet
ID 697171634050891776
In construction account id: 119 ,user id: 54818890
In construction connection id: 172
In updateTweet:
ffffffffffffffffffffff:
UserID: 12571
IN IF updateHistoricalFollowers
*********************************
99999999999999999999999
upTweet
ID 697165832770617344
In construction account id: 119 ,user id: 54818890
In construction connection id: 172
In updateTweet:
ffffffffffffffffffffff:
UserID: 12571
IN IF updateHistoricalFollowers
*********************************
99999999999999999999999
upTweet
ID 697098137450577920
In construction account id: 119 ,user id: 54818890
In construction connection id: 172
In updateTweet:
ffffffffffffffffffffff:
UserID: 12571
IN IF updateHistoricalFollowers
*********************************
99999999999999999999999
upTweet
ID 696844262986502145
In construction account id: 119 ,user id: 54818890
In construction connection id: 172
In updateTweet:
ffffffffffffffffffffff:
UserID: 12571
IN IF updateHistoricalFollowers
*********************************
99999999999999999999999
upTweet
ID 696835908650151936
In construction account id: 119 ,user id: 54818890
In construction connection id: 172
In updateTweet:
ffffffffffffffffffffff:
UserID: 12571
IN IF updateHistoricalFollowers
*********************************
99999999999999999999999
upTweet
ID 696829218466852864
In construction account id: 119 ,user id: 54818890
In construction connection id: 172
In updateTweet:
ffffffffffffffffffffff:
UserID: 12571
IN IF updateHistoricalFollowers
