99999999999999999999999
upTweet
ID 709152071380033537
In construction account id: 137 ,user id: 65533212
In construction connection id: 187
In updateTweet:
ffffffffffffffffffffff:
UserID: 105335
IN IF updateHistoricalFollowers
*********************************
99999999999999999999999
upTweet
ID 709026483277135872
In construction account id: 137 ,user id: 65533212
In construction connection id: 187
In updateTweet:
ffffffffffffffffffffff:
UserID: 105335
IN IF updateHistoricalFollowers
*********************************
99999999999999999999999
upTweet
ID 708789674408448000
In construction account id: 137 ,user id: 65533212
In construction connection id: 187
In updateTweet:
ffffffffffffffffffffff:
UserID: 105335
IN IF updateHistoricalFollowers
*********************************
99999999999999999999999
upTweet
ID 708709645578215424
In construction account id: 137 ,user id: 65533212
In construction connection id: 187
In updateTweet:
ffffffffffffffffffffff:
UserID: 105335
IN IF updateHistoricalFollowers
*********************************
99999999999999999999999
upTweet
ID 708424073907294208
In construction account id: 137 ,user id: 65533212
In construction connection id: 187
In updateTweet:
ffffffffffffffffffffff:
UserID: 105335
IN IF updateHistoricalFollowers
*********************************
99999999999999999999999
upTweet
ID 708345494892720128
In construction account id: 137 ,user id: 65533212
In construction connection id: 187
In updateTweet:
ffffffffffffffffffffff:
UserID: 105335
IN IF updateHistoricalFollowers
*********************************
99999999999999999999999
upTweet
ID 698225311247437826
In construction account id: 137 ,user id: 65533212
In construction connection id: 187
In updateTweet:
ffffffffffffffffffffff:
UserID: 105335
IN IF updateHistoricalFollowers
*********************************
99999999999999999999999
upTweet
ID 697897131105890304
In construction account id: 137 ,user id: 65533212
In construction connection id: 187
In updateTweet:
ffffffffffffffffffffff:
UserID: 105335
IN IF updateHistoricalFollowers
*********************************
99999999999999999999999
upTweet
ID 695761290749345792
In construction account id: 137 ,user id: 65533212
In construction connection id: 187
In updateTweet:
ffffffffffffffffffffff:
UserID: 105335
IN IF updateHistoricalFollowers
*********************************
99999999999999999999999
upTweet
ID 695294157691047936
In construction account id: 137 ,user id: 65533212
In construction connection id: 187
In updateTweet:
ffffffffffffffffffffff:
UserID: 105335
IN IF updateHistoricalFollowers
*********************************
99999999999999999999999
upTweet
ID 695006862526156801
In construction account id: 137 ,user id: 65533212
In construction connection id: 187
In updateTweet:
ffffffffffffffffffffff:
UserID: 105335
IN IF updateHistoricalFollowers
*********************************
99999999999999999999999
upTweet
ID 695006842640961536
In construction account id: 137 ,user id: 65533212
In construction connection id: 187
In updateTweet:
ffffffffffffffffffffff:
UserID: 105335
IN IF updateHistoricalFollowers
*********************************
99999999999999999999999
upTweet
ID 688138094453760000
In construction account id: 137 ,user id: 65533212
In construction connection id: 187
In updateTweet:
ffffffffffffffffffffff:
UserID: 105335
IN IF updateHistoricalFollowers
*********************************
99999999999999999999999
upTweet
ID 687819750244659200
In construction account id: 137 ,user id: 65533212
In construction connection id: 187
In updateTweet:
ffffffffffffffffffffff:
UserID: 105335
IN IF updateHistoricalFollowers
*********************************
99999999999999999999999
upTweet
ID 687747017385197569
In construction account id: 137 ,user id: 65533212
In construction connection id: 187
In updateTweet:
ffffffffffffffffffffff:
UserID: 105335
IN IF updateHistoricalFollowers
*********************************
99999999999999999999999
upTweet
ID 687423903992557568
In construction account id: 137 ,user id: 65533212
In construction connection id: 187
In updateTweet:
ffffffffffffffffffffff:
UserID: 105335
IN IF updateHistoricalFollowers
*********************************
99999999999999999999999
upTweet
ID 687353172260569092
In construction account id: 137 ,user id: 65533212
In construction connection id: 187
In updateTweet:
ffffffffffffffffffffff:
UserID: 105335
IN IF updateHistoricalFollowers
*********************************
99999999999999999999999
upTweet
ID 687076605039001600
In construction account id: 137 ,user id: 65533212
In construction connection id: 187
In updateTweet:
ffffffffffffffffffffff:
UserID: 105335
IN IF updateHistoricalFollowers
*********************************
99999999999999999999999
upTweet
ID 687005386625318912
In construction account id: 137 ,user id: 65533212
In construction connection id: 187
In updateTweet:
ffffffffffffffffffffff:
UserID: 105335
IN IF updateHistoricalFollowers
*********************************
99999999999999999999999
upTweet
ID 686686822483677188
In construction account id: 137 ,user id: 65533212
In construction connection id: 187
In updateTweet:
ffffffffffffffffffffff:
UserID: 105335
IN IF updateHistoricalFollowers
*********************************
99999999999999999999999
upTweet
ID 686651328861356032
In construction account id: 137 ,user id: 65533212
In construction connection id: 187
In updateTweet:
ffffffffffffffffffffff:
UserID: 105335
IN IF updateHistoricalFollowers
*********************************
99999999999999999999999
upTweet
ID 686276361095282688
In construction account id: 137 ,user id: 65533212
In construction connection id: 187
In updateTweet:
ffffffffffffffffffffff:
UserID: 105335
IN IF updateHistoricalFollowers
*********************************
99999999999999999999999
upTweet
ID 686027499340365824
In construction account id: 137 ,user id: 65533212
In construction connection id: 187
In updateTweet:
ffffffffffffffffffffff:
UserID: 105335
IN IF updateHistoricalFollowers
*********************************
99999999999999999999999
upTweet
ID 685855302973956096
In construction account id: 137 ,user id: 65533212
In construction connection id: 187
In updateTweet:
ffffffffffffffffffffff:
UserID: 105335
IN IF updateHistoricalFollowers
*********************************
99999999999999999999999
upTweet
ID 685628810084024320
In construction account id: 137 ,user id: 65533212
In construction connection id: 187
In updateTweet:
ffffffffffffffffffffff:
UserID: 105335
IN IF updateHistoricalFollowers
*********************************
99999999999999999999999
upTweet
ID 685598111817809921
In construction account id: 137 ,user id: 65533212
In construction connection id: 187
In updateTweet:
ffffffffffffffffffffff:
UserID: 105335
IN IF updateHistoricalFollowers
*********************************
99999999999999999999999
upTweet
ID 685589509778485248
In construction account id: 137 ,user id: 65533212
In construction connection id: 187
In updateTweet:
ffffffffffffffffffffff:
UserID: 105335
IN IF updateHistoricalFollowers
*********************************
99999999999999999999999
upTweet
ID 685574610763395072
In construction account id: 137 ,user id: 65533212
In construction connection id: 187
In updateTweet:
ffffffffffffffffffffff:
UserID: 105335
IN IF updateHistoricalFollowers
*********************************
99999999999999999999999
upTweet
ID 685568160913702913
In construction account id: 137 ,user id: 65533212
In construction connection id: 187
In updateTweet:
ffffffffffffffffffffff:
UserID: 105335
IN IF updateHistoricalFollowers
*********************************
99999999999999999999999
upTweet
ID 685525673759252480
In construction account id: 137 ,user id: 65533212
In construction connection id: 187
In updateTweet:
ffffffffffffffffffffff:
UserID: 105335
IN IF updateHistoricalFollowers
*********************************
99999999999999999999999
upTweet
ID 685521439986814976
In construction account id: 137 ,user id: 65533212
In construction connection id: 187
In updateTweet:
ffffffffffffffffffffff:
UserID: 105335
IN IF updateHistoricalFollowers
*********************************
99999999999999999999999
upTweet
ID 685251377518391296
In construction account id: 137 ,user id: 65533212
In construction connection id: 187
In updateTweet:
ffffffffffffffffffffff:
UserID: 105335
IN IF updateHistoricalFollowers
*********************************
99999999999999999999999
upTweet
ID 685243019260342272
In construction account id: 137 ,user id: 65533212
In construction connection id: 187
In updateTweet:
ffffffffffffffffffffff:
UserID: 105335
IN IF updateHistoricalFollowers
*********************************
99999999999999999999999
upTweet
ID 685189231195521025
In construction account id: 137 ,user id: 65533212
In construction connection id: 187
In updateTweet:
ffffffffffffffffffffff:
UserID: 105335
IN IF updateHistoricalFollowers
*********************************
99999999999999999999999
upTweet
ID 684913847870701568
In construction account id: 137 ,user id: 65533212
In construction connection id: 187
In updateTweet:
ffffffffffffffffffffff:
UserID: 105335
IN IF updateHistoricalFollowers
*********************************
99999999999999999999999
upTweet
ID 684882760612237312
In construction account id: 137 ,user id: 65533212
In construction connection id: 187
In updateTweet:
ffffffffffffffffffffff:
UserID: 105335
IN IF updateHistoricalFollowers
*********************************
99999999999999999999999
upTweet
ID 684882597076287488
In construction account id: 137 ,user id: 65533212
In construction connection id: 187
In updateTweet:
ffffffffffffffffffffff:
UserID: 105335
IN IF updateHistoricalFollowers
*********************************
99999999999999999999999
upTweet
ID 684882473801486336
In construction account id: 137 ,user id: 65533212
In construction connection id: 187
In updateTweet:
ffffffffffffffffffffff:
UserID: 105335
IN IF updateHistoricalFollowers
*********************************
99999999999999999999999
upTweet
ID 684882364095332353
In construction account id: 137 ,user id: 65533212
In construction connection id: 187
In updateTweet:
ffffffffffffffffffffff:
UserID: 105335
IN IF updateHistoricalFollowers
*********************************
99999999999999999999999
upTweet
ID 684882313029681156
In construction account id: 137 ,user id: 65533212
In construction connection id: 187
In updateTweet:
ffffffffffffffffffffff:
UserID: 105335
IN IF updateHistoricalFollowers
*********************************
99999999999999999999999
upTweet
ID 684882210273427457
In construction account id: 137 ,user id: 65533212
In construction connection id: 187
In updateTweet:
ffffffffffffffffffffff:
UserID: 105335
IN IF updateHistoricalFollowers
*********************************
99999999999999999999999
upTweet
ID 684867797822771200
In construction account id: 137 ,user id: 65533212
In construction connection id: 187
In updateTweet:
ffffffffffffffffffffff:
UserID: 105335
IN IF updateHistoricalFollowers
*********************************
99999999999999999999999
upTweet
ID 684853616453156864
In construction account id: 137 ,user id: 65533212
In construction connection id: 187
In updateTweet:
ffffffffffffffffffffff:
UserID: 105335
IN IF updateHistoricalFollowers
*********************************
99999999999999999999999
upTweet
ID 684826811918729216
In construction account id: 137 ,user id: 65533212
In construction connection id: 187
In updateTweet:
ffffffffffffffffffffff:
UserID: 105335
IN IF updateHistoricalFollowers
*********************************
99999999999999999999999
upTweet
ID 684815954379841536
In construction account id: 137 ,user id: 65533212
In construction connection id: 187
In updateTweet:
ffffffffffffffffffffff:
UserID: 105335
IN IF updateHistoricalFollowers
*********************************
99999999999999999999999
upTweet
ID 684576123527675904
In construction account id: 137 ,user id: 65533212
In construction connection id: 187
In updateTweet:
ffffffffffffffffffffff:
UserID: 105335
IN IF updateHistoricalFollowers
*********************************
99999999999999999999999
upTweet
ID 684539916546539520
In construction account id: 137 ,user id: 65533212
In construction connection id: 187
In updateTweet:
ffffffffffffffffffffff:
UserID: 105335
IN IF updateHistoricalFollowers
*********************************
99999999999999999999999
upTweet
ID 684523903901765632
In construction account id: 137 ,user id: 65533212
In construction connection id: 187
In updateTweet:
ffffffffffffffffffffff:
UserID: 105335
IN IF updateHistoricalFollowers
*********************************
99999999999999999999999
upTweet
ID 684522274033041408
In construction account id: 137 ,user id: 65533212
In construction connection id: 187
In updateTweet:
ffffffffffffffffffffff:
UserID: 105335
IN IF updateHistoricalFollowers
*********************************
99999999999999999999999
upTweet
ID 684521341567909888
In construction account id: 137 ,user id: 65533212
In construction connection id: 187
In updateTweet:
ffffffffffffffffffffff:
UserID: 105335
IN IF updateHistoricalFollowers
*********************************
99999999999999999999999
upTweet
ID 684519720242954240
In construction account id: 137 ,user id: 65533212
In construction connection id: 187
In updateTweet:
ffffffffffffffffffffff:
UserID: 105335
IN IF updateHistoricalFollowers
*********************************
99999999999999999999999
upTweet
ID 684519592773828608
In construction account id: 137 ,user id: 65533212
In construction connection id: 187
In updateTweet:
ffffffffffffffffffffff:
UserID: 105335
IN IF updateHistoricalFollowers
*********************************
99999999999999999999999
upTweet
ID 684519310790799360
In construction account id: 137 ,user id: 65533212
In construction connection id: 187
In updateTweet:
ffffffffffffffffffffff:
UserID: 105335
IN IF updateHistoricalFollowers
*********************************
99999999999999999999999
upTweet
ID 684519059644272640
In construction account id: 137 ,user id: 65533212
In construction connection id: 187
In updateTweet:
ffffffffffffffffffffff:
UserID: 105335
IN IF updateHistoricalFollowers
*********************************
99999999999999999999999
upTweet
ID 684515728754524160
In construction account id: 137 ,user id: 65533212
In construction connection id: 187
In updateTweet:
ffffffffffffffffffffff:
UserID: 105335
IN IF updateHistoricalFollowers
*********************************
99999999999999999999999
upTweet
ID 684486889739436032
In construction account id: 137 ,user id: 65533212
In construction connection id: 187
In updateTweet:
ffffffffffffffffffffff:
UserID: 105335
IN IF updateHistoricalFollowers
*********************************
99999999999999999999999
upTweet
ID 684469926124359680
In construction account id: 137 ,user id: 65533212
In construction connection id: 187
In updateTweet:
ffffffffffffffffffffff:
UserID: 105335
IN IF updateHistoricalFollowers
*********************************
99999999999999999999999
upTweet
ID 684185800670461952
In construction account id: 137 ,user id: 65533212
In construction connection id: 187
In updateTweet:
ffffffffffffffffffffff:
UserID: 105335
IN IF updateHistoricalFollowers
*********************************
99999999999999999999999
upTweet
ID 684171425351991296
In construction account id: 137 ,user id: 65533212
In construction connection id: 187
In updateTweet:
ffffffffffffffffffffff:
UserID: 105335
IN IF updateHistoricalFollowers
*********************************
99999999999999999999999
upTweet
ID 684156061113188352
In construction account id: 137 ,user id: 65533212
In construction connection id: 187
In updateTweet:
ffffffffffffffffffffff:
UserID: 105335
IN IF updateHistoricalFollowers
*********************************
99999999999999999999999
upTweet
ID 684147185429032960
In construction account id: 137 ,user id: 65533212
In construction connection id: 187
In updateTweet:
ffffffffffffffffffffff:
UserID: 105335
IN IF updateHistoricalFollowers
*********************************
99999999999999999999999
upTweet
ID 684144031949979648
In construction account id: 137 ,user id: 65533212
In construction connection id: 187
In updateTweet:
ffffffffffffffffffffff:
UserID: 105335
IN IF updateHistoricalFollowers
*********************************
99999999999999999999999
upTweet
ID 684113238745731072
In construction account id: 137 ,user id: 65533212
In construction connection id: 187
In updateTweet:
ffffffffffffffffffffff:
UserID: 105335
IN IF updateHistoricalFollowers
*********************************
99999999999999999999999
upTweet
ID 684113153538392064
In construction account id: 137 ,user id: 65533212
In construction connection id: 187
In updateTweet:
ffffffffffffffffffffff:
UserID: 105335
IN IF updateHistoricalFollowers
*********************************
99999999999999999999999
upTweet
ID 684112910008729600
In construction account id: 137 ,user id: 65533212
In construction connection id: 187
In updateTweet:
ffffffffffffffffffffff:
UserID: 105335
IN IF updateHistoricalFollowers
*********************************
99999999999999999999999
upTweet
ID 684098233669320704
In construction account id: 137 ,user id: 65533212
In construction connection id: 187
In updateTweet:
ffffffffffffffffffffff:
UserID: 105335
IN IF updateHistoricalFollowers
*********************************
99999999999999999999999
upTweet
ID 683664125570854912
In construction account id: 137 ,user id: 65533212
In construction connection id: 187
In updateTweet:
ffffffffffffffffffffff:
UserID: 105335
IN IF updateHistoricalFollowers
*********************************
99999999999999999999999
upTweet
ID 683352310748037120
In construction account id: 137 ,user id: 65533212
In construction connection id: 187
In updateTweet:
ffffffffffffffffffffff:
UserID: 105335
IN IF updateHistoricalFollowers
*********************************
99999999999999999999999
upTweet
ID 682944132692586497
In construction account id: 137 ,user id: 65533212
In construction connection id: 187
In updateTweet:
ffffffffffffffffffffff:
UserID: 105335
IN IF updateHistoricalFollowers
*********************************
99999999999999999999999
upTweet
ID 682682654114775042
In construction account id: 137 ,user id: 65533212
In construction connection id: 187
In updateTweet:
ffffffffffffffffffffff:
UserID: 105335
IN IF updateHistoricalFollowers
*********************************
99999999999999999999999
upTweet
ID 682489375003914241
In construction account id: 137 ,user id: 65533212
In construction connection id: 187
In updateTweet:
ffffffffffffffffffffff:
UserID: 105335
IN IF updateHistoricalFollowers
*********************************
99999999999999999999999
upTweet
ID 682384936523948033
In construction account id: 137 ,user id: 65533212
In construction connection id: 187
In updateTweet:
ffffffffffffffffffffff:
UserID: 105335
IN IF updateHistoricalFollowers
*********************************
99999999999999999999999
upTweet
ID 682338127025803266
In construction account id: 137 ,user id: 65533212
In construction connection id: 187
In updateTweet:
ffffffffffffffffffffff:
UserID: 105335
IN IF updateHistoricalFollowers
*********************************
99999999999999999999999
upTweet
ID 682321464364797953
In construction account id: 137 ,user id: 65533212
In construction connection id: 187
In updateTweet:
ffffffffffffffffffffff:
UserID: 105335
IN IF updateHistoricalFollowers
*********************************
99999999999999999999999
upTweet
ID 682278738684297217
In construction account id: 137 ,user id: 65533212
In construction connection id: 187
In updateTweet:
ffffffffffffffffffffff:
UserID: 105335
IN IF updateHistoricalFollowers
*********************************
99999999999999999999999
upTweet
ID 682003424003526658
In construction account id: 137 ,user id: 65533212
In construction connection id: 187
In updateTweet:
ffffffffffffffffffffff:
UserID: 105335
IN IF updateHistoricalFollowers
*********************************
99999999999999999999999
upTweet
ID 681971209039286272
In construction account id: 137 ,user id: 65533212
In construction connection id: 187
In updateTweet:
ffffffffffffffffffffff:
UserID: 105335
IN IF updateHistoricalFollowers
*********************************
99999999999999999999999
upTweet
ID 681951059242135552
In construction account id: 137 ,user id: 65533212
In construction connection id: 187
In updateTweet:
ffffffffffffffffffffff:
UserID: 105335
IN IF updateHistoricalFollowers
*********************************
99999999999999999999999
upTweet
ID 681947708756627457
In construction account id: 137 ,user id: 65533212
In construction connection id: 187
In updateTweet:
ffffffffffffffffffffff:
UserID: 105335
IN IF updateHistoricalFollowers
*********************************
99999999999999999999999
upTweet
ID 681947642142699520
In construction account id: 137 ,user id: 65533212
In construction connection id: 187
In updateTweet:
ffffffffffffffffffffff:
UserID: 105335
IN IF updateHistoricalFollowers
*********************************
99999999999999999999999
upTweet
ID 681912323695591424
In construction account id: 137 ,user id: 65533212
In construction connection id: 187
In updateTweet:
ffffffffffffffffffffff:
UserID: 105335
