99999999999999999999999
upTweet
ID 709148404404846593
In construction account id: 128 ,user id: 61309816
In construction connection id: 184
In updateTweet:
ffffffffffffffffffffff:
UserID: 20860
IN IF updateHistoricalFollowers
*********************************
99999999999999999999999
upTweet
ID 708899275883810816
In construction account id: 128 ,user id: 61309816
In construction connection id: 184
In updateTweet:
ffffffffffffffffffffff:
UserID: 20860
IN IF updateHistoricalFollowers
*********************************
99999999999999999999999
upTweet
ID 708754671918120960
In construction account id: 128 ,user id: 61309816
In construction connection id: 184
In updateTweet:
ffffffffffffffffffffff:
UserID: 20860
IN IF updateHistoricalFollowers
*********************************
99999999999999999999999
upTweet
ID 708754622782021632
In construction account id: 128 ,user id: 61309816
In construction connection id: 184
In updateTweet:
ffffffffffffffffffffff:
UserID: 20860
IN IF updateHistoricalFollowers
*********************************
99999999999999999999999
upTweet
ID 708749304702197761
In construction account id: 128 ,user id: 61309816
In construction connection id: 184
In updateTweet:
ffffffffffffffffffffff:
UserID: 20860
IN IF updateHistoricalFollowers
*********************************
99999999999999999999999
upTweet
ID 708715767991296000
In construction account id: 128 ,user id: 61309816
In construction connection id: 184
In updateTweet:
ffffffffffffffffffffff:
UserID: 20860
IN IF updateHistoricalFollowers
*********************************
99999999999999999999999
upTweet
ID 708441571662761985
In construction account id: 128 ,user id: 61309816
In construction connection id: 184
In updateTweet:
ffffffffffffffffffffff:
UserID: 20860
IN IF updateHistoricalFollowers
*********************************
99999999999999999999999
upTweet
ID 708436108409970688
In construction account id: 128 ,user id: 61309816
In construction connection id: 184
In updateTweet:
ffffffffffffffffffffff:
UserID: 20860
IN IF updateHistoricalFollowers
*********************************
99999999999999999999999
upTweet
ID 708351638214479872
In construction account id: 128 ,user id: 61309816
In construction connection id: 184
In updateTweet:
ffffffffffffffffffffff:
UserID: 20860
IN IF updateHistoricalFollowers
*********************************
99999999999999999999999
upTweet
ID 708331730898436096
In construction account id: 128 ,user id: 61309816
In construction connection id: 184
In updateTweet:
ffffffffffffffffffffff:
UserID: 20860
IN IF updateHistoricalFollowers
*********************************
99999999999999999999999
upTweet
ID 708116063448207360
In construction account id: 128 ,user id: 61309816
In construction connection id: 184
In updateTweet:
ffffffffffffffffffffff:
UserID: 20860
IN IF updateHistoricalFollowers
*********************************
99999999999999999999999
upTweet
ID 707319609943134209
In construction account id: 128 ,user id: 61309816
In construction connection id: 184
In updateTweet:
ffffffffffffffffffffff:
UserID: 20860
IN IF updateHistoricalFollowers
*********************************
99999999999999999999999
upTweet
ID 707253525462429696
In construction account id: 128 ,user id: 61309816
In construction connection id: 184
In updateTweet:
ffffffffffffffffffffff:
UserID: 20860
IN IF updateHistoricalFollowers
*********************************
99999999999999999999999
upTweet
ID 707014248992362496
In construction account id: 128 ,user id: 61309816
In construction connection id: 184
In updateTweet:
ffffffffffffffffffffff:
UserID: 20860
IN IF updateHistoricalFollowers
*********************************
99999999999999999999999
upTweet
ID 706620389493862400
In construction account id: 128 ,user id: 61309816
In construction connection id: 184
In updateTweet:
ffffffffffffffffffffff:
UserID: 20860
IN IF updateHistoricalFollowers
*********************************
99999999999999999999999
upTweet
ID 706536438813167616
In construction account id: 128 ,user id: 61309816
In construction connection id: 184
In updateTweet:
ffffffffffffffffffffff:
UserID: 20860
IN IF updateHistoricalFollowers
*********************************
99999999999999999999999
upTweet
ID 705902579201544192
In construction account id: 128 ,user id: 61309816
In construction connection id: 184
In updateTweet:
ffffffffffffffffffffff:
UserID: 20860
IN IF updateHistoricalFollowers
*********************************
99999999999999999999999
upTweet
ID 705891092244246528
In construction account id: 128 ,user id: 61309816
In construction connection id: 184
In updateTweet:
ffffffffffffffffffffff:
UserID: 20860
IN IF updateHistoricalFollowers
*********************************
99999999999999999999999
upTweet
ID 705830387935608832
In construction account id: 128 ,user id: 61309816
In construction connection id: 184
In updateTweet:
ffffffffffffffffffffff:
UserID: 20860
IN IF updateHistoricalFollowers
*********************************
99999999999999999999999
upTweet
ID 705571131407802369
In construction account id: 128 ,user id: 61309816
In construction connection id: 184
In updateTweet:
ffffffffffffffffffffff:
UserID: 20860
IN IF updateHistoricalFollowers
*********************************
99999999999999999999999
upTweet
ID 705528633797025793
In construction account id: 128 ,user id: 61309816
In construction connection id: 184
In updateTweet:
ffffffffffffffffffffff:
UserID: 20860
IN IF updateHistoricalFollowers
*********************************
99999999999999999999999
upTweet
ID 705157133415772160
In construction account id: 128 ,user id: 61309816
In construction connection id: 184
In updateTweet:
ffffffffffffffffffffff:
UserID: 20860
IN IF updateHistoricalFollowers
*********************************
99999999999999999999999
upTweet
ID 705145351032799232
In construction account id: 128 ,user id: 61309816
In construction connection id: 184
In updateTweet:
ffffffffffffffffffffff:
UserID: 20860
IN IF updateHistoricalFollowers
*********************************
99999999999999999999999
upTweet
ID 705102587545128960
In construction account id: 128 ,user id: 61309816
In construction connection id: 184
In updateTweet:
ffffffffffffffffffffff:
UserID: 20860
IN IF updateHistoricalFollowers
*********************************
99999999999999999999999
upTweet
ID 704714848140185600
In construction account id: 128 ,user id: 61309816
In construction connection id: 184
In updateTweet:
ffffffffffffffffffffff:
UserID: 20860
IN IF updateHistoricalFollowers
*********************************
99999999999999999999999
upTweet
ID 704448918285725697
In construction account id: 128 ,user id: 61309816
In construction connection id: 184
In updateTweet:
ffffffffffffffffffffff:
UserID: 20860
IN IF updateHistoricalFollowers
*********************************
99999999999999999999999
upTweet
ID 704037159624273921
In construction account id: 128 ,user id: 61309816
In construction connection id: 184
In updateTweet:
ffffffffffffffffffffff:
UserID: 20860
IN IF updateHistoricalFollowers
*********************************
99999999999999999999999
upTweet
ID 703771469776613376
In construction account id: 128 ,user id: 61309816
In construction connection id: 184
In updateTweet:
ffffffffffffffffffffff:
UserID: 20860
IN IF updateHistoricalFollowers
*********************************
99999999999999999999999
upTweet
ID 703398875256766464
In construction account id: 128 ,user id: 61309816
In construction connection id: 184
In updateTweet:
ffffffffffffffffffffff:
UserID: 20860
IN IF updateHistoricalFollowers
*********************************
99999999999999999999999
upTweet
ID 703389504900452352
In construction account id: 128 ,user id: 61309816
In construction connection id: 184
In updateTweet:
ffffffffffffffffffffff:
UserID: 20860
IN IF updateHistoricalFollowers
*********************************
99999999999999999999999
upTweet
ID 703304413453164544
In construction account id: 128 ,user id: 61309816
In construction connection id: 184
In updateTweet:
ffffffffffffffffffffff:
UserID: 20860
IN IF updateHistoricalFollowers
*********************************
99999999999999999999999
upTweet
ID 703273983639166977
In construction account id: 128 ,user id: 61309816
In construction connection id: 184
In updateTweet:
ffffffffffffffffffffff:
UserID: 20860
IN IF updateHistoricalFollowers
*********************************
99999999999999999999999
upTweet
ID 703090089283420160
In construction account id: 128 ,user id: 61309816
In construction connection id: 184
In updateTweet:
ffffffffffffffffffffff:
UserID: 20860
IN IF updateHistoricalFollowers
*********************************
99999999999999999999999
upTweet
ID 703076095814307840
In construction account id: 128 ,user id: 61309816
In construction connection id: 184
In updateTweet:
ffffffffffffffffffffff:
UserID: 20860
IN IF updateHistoricalFollowers
*********************************
99999999999999999999999
upTweet
ID 702960734892920833
In construction account id: 128 ,user id: 61309816
In construction connection id: 184
In updateTweet:
ffffffffffffffffffffff:
UserID: 20860
IN IF updateHistoricalFollowers
*********************************
99999999999999999999999
upTweet
ID 702905838210383875
In construction account id: 128 ,user id: 61309816
In construction connection id: 184
In updateTweet:
ffffffffffffffffffffff:
UserID: 20860
IN IF updateHistoricalFollowers
*********************************
99999999999999999999999
upTweet
ID 702652166129909760
In construction account id: 128 ,user id: 61309816
In construction connection id: 184
In updateTweet:
ffffffffffffffffffffff:
UserID: 20860
IN IF updateHistoricalFollowers
*********************************
99999999999999999999999
upTweet
ID 702629231692529664
In construction account id: 128 ,user id: 61309816
In construction connection id: 184
In updateTweet:
ffffffffffffffffffffff:
UserID: 20860
IN IF updateHistoricalFollowers
*********************************
99999999999999999999999
upTweet
ID 701989205082247168
In construction account id: 128 ,user id: 61309816
In construction connection id: 184
In updateTweet:
ffffffffffffffffffffff:
UserID: 20860
IN IF updateHistoricalFollowers
*********************************
99999999999999999999999
upTweet
ID 701988566163988480
In construction account id: 128 ,user id: 61309816
In construction connection id: 184
In updateTweet:
ffffffffffffffffffffff:
UserID: 20860
IN IF updateHistoricalFollowers
*********************************
99999999999999999999999
upTweet
ID 701831059126661120
In construction account id: 128 ,user id: 61309816
In construction connection id: 184
In updateTweet:
ffffffffffffffffffffff:
UserID: 20860
IN IF updateHistoricalFollowers
*********************************
99999999999999999999999
upTweet
ID 701822749564469249
In construction account id: 128 ,user id: 61309816
In construction connection id: 184
In updateTweet:
ffffffffffffffffffffff:
UserID: 20860
IN IF updateHistoricalFollowers
*********************************
99999999999999999999999
upTweet
ID 701819654700830721
In construction account id: 128 ,user id: 61309816
In construction connection id: 184
In updateTweet:
ffffffffffffffffffffff:
UserID: 20860
IN IF updateHistoricalFollowers
*********************************
99999999999999999999999
upTweet
ID 701538987501076480
In construction account id: 128 ,user id: 61309816
In construction connection id: 184
In updateTweet:
ffffffffffffffffffffff:
UserID: 20860
IN IF updateHistoricalFollowers
*********************************
99999999999999999999999
upTweet
ID 701167340306583553
In construction account id: 128 ,user id: 61309816
In construction connection id: 184
In updateTweet:
ffffffffffffffffffffff:
UserID: 20860
IN IF updateHistoricalFollowers
*********************************
99999999999999999999999
upTweet
ID 701162926766428161
In construction account id: 128 ,user id: 61309816
In construction connection id: 184
In updateTweet:
ffffffffffffffffffffff:
UserID: 20860
IN IF updateHistoricalFollowers
*********************************
99999999999999999999999
upTweet
ID 701100299398721536
In construction account id: 128 ,user id: 61309816
In construction connection id: 184
In updateTweet:
ffffffffffffffffffffff:
UserID: 20860
IN IF updateHistoricalFollowers
*********************************
99999999999999999999999
upTweet
ID 700846533588099072
In construction account id: 128 ,user id: 61309816
In construction connection id: 184
In updateTweet:
ffffffffffffffffffffff:
UserID: 20860
IN IF updateHistoricalFollowers
*********************************
99999999999999999999999
upTweet
ID 700832449203462144
In construction account id: 128 ,user id: 61309816
In construction connection id: 184
In updateTweet:
ffffffffffffffffffffff:
UserID: 20860
IN IF updateHistoricalFollowers
*********************************
99999999999999999999999
upTweet
ID 700803279102599170
In construction account id: 128 ,user id: 61309816
In construction connection id: 184
In updateTweet:
ffffffffffffffffffffff:
UserID: 20860
IN IF updateHistoricalFollowers
*********************************
99999999999999999999999
upTweet
ID 700791935104061440
In construction account id: 128 ,user id: 61309816
In construction connection id: 184
In updateTweet:
ffffffffffffffffffffff:
UserID: 20860
IN IF updateHistoricalFollowers
*********************************
99999999999999999999999
upTweet
ID 700791822910513153
In construction account id: 128 ,user id: 61309816
In construction connection id: 184
In updateTweet:
ffffffffffffffffffffff:
UserID: 20860
IN IF updateHistoricalFollowers
*********************************
99999999999999999999999
upTweet
ID 700791689598922753
In construction account id: 128 ,user id: 61309816
In construction connection id: 184
In updateTweet:
ffffffffffffffffffffff:
UserID: 20860
IN IF updateHistoricalFollowers
*********************************
99999999999999999999999
upTweet
ID 700766564178497536
In construction account id: 128 ,user id: 61309816
In construction connection id: 184
In updateTweet:
ffffffffffffffffffffff:
UserID: 20860
IN IF updateHistoricalFollowers
*********************************
99999999999999999999999
upTweet
ID 700764750309777408
In construction account id: 128 ,user id: 61309816
In construction connection id: 184
In updateTweet:
ffffffffffffffffffffff:
UserID: 20860
IN IF updateHistoricalFollowers
*********************************
99999999999999999999999
upTweet
ID 700756636432879616
In construction account id: 128 ,user id: 61309816
In construction connection id: 184
In updateTweet:
ffffffffffffffffffffff:
UserID: 20860
IN IF updateHistoricalFollowers
*********************************
99999999999999999999999
upTweet
ID 700733705464127488
In construction account id: 128 ,user id: 61309816
In construction connection id: 184
In updateTweet:
ffffffffffffffffffffff:
UserID: 20860
IN IF updateHistoricalFollowers
*********************************
99999999999999999999999
upTweet
ID 700470999653883904
In construction account id: 128 ,user id: 61309816
In construction connection id: 184
In updateTweet:
ffffffffffffffffffffff:
UserID: 20860
IN IF updateHistoricalFollowers
*********************************
99999999999999999999999
upTweet
ID 700469561192087552
In construction account id: 128 ,user id: 61309816
In construction connection id: 184
In updateTweet:
ffffffffffffffffffffff:
UserID: 20860
IN IF updateHistoricalFollowers
*********************************
99999999999999999999999
upTweet
ID 700468194910347264
In construction account id: 128 ,user id: 61309816
In construction connection id: 184
In updateTweet:
ffffffffffffffffffffff:
UserID: 20860
IN IF updateHistoricalFollowers
*********************************
99999999999999999999999
upTweet
ID 700444701279830016
In construction account id: 128 ,user id: 61309816
In construction connection id: 184
In updateTweet:
ffffffffffffffffffffff:
UserID: 20860
IN IF updateHistoricalFollowers
*********************************
99999999999999999999999
upTweet
ID 700134903384567808
In construction account id: 128 ,user id: 61309816
In construction connection id: 184
In updateTweet:
ffffffffffffffffffffff:
UserID: 20860
IN IF updateHistoricalFollowers
*********************************
99999999999999999999999
upTweet
ID 700102404507897856
In construction account id: 128 ,user id: 61309816
In construction connection id: 184
In updateTweet:
ffffffffffffffffffffff:
UserID: 20860
IN IF updateHistoricalFollowers
*********************************
99999999999999999999999
upTweet
ID 700017506384089088
In construction account id: 128 ,user id: 61309816
In construction connection id: 184
In updateTweet:
ffffffffffffffffffffff:
UserID: 20860
IN IF updateHistoricalFollowers
*********************************
99999999999999999999999
upTweet
ID 699691030900301824
In construction account id: 128 ,user id: 61309816
In construction connection id: 184
In updateTweet:
ffffffffffffffffffffff:
UserID: 20860
IN IF updateHistoricalFollowers
*********************************
99999999999999999999999
upTweet
ID 699455551491567616
In construction account id: 128 ,user id: 61309816
In construction connection id: 184
In updateTweet:
ffffffffffffffffffffff:
UserID: 20860
IN IF updateHistoricalFollowers
*********************************
99999999999999999999999
upTweet
ID 699450787173371905
In construction account id: 128 ,user id: 61309816
In construction connection id: 184
In updateTweet:
ffffffffffffffffffffff:
UserID: 20860
IN IF updateHistoricalFollowers
*********************************
99999999999999999999999
upTweet
ID 699043641348599808
In construction account id: 128 ,user id: 61309816
In construction connection id: 184
In updateTweet:
ffffffffffffffffffffff:
UserID: 20860
IN IF updateHistoricalFollowers
*********************************
99999999999999999999999
upTweet
ID 698338662162022400
In construction account id: 128 ,user id: 61309816
In construction connection id: 184
In updateTweet:
ffffffffffffffffffffff:
UserID: 20860
IN IF updateHistoricalFollowers
*********************************
99999999999999999999999
upTweet
ID 698259535853543424
In construction account id: 128 ,user id: 61309816
In construction connection id: 184
In updateTweet:
ffffffffffffffffffffff:
UserID: 20860
IN IF updateHistoricalFollowers
*********************************
99999999999999999999999
upTweet
ID 697913360377970690
In construction account id: 128 ,user id: 61309816
In construction connection id: 184
In updateTweet:
ffffffffffffffffffffff:
UserID: 20860
IN IF updateHistoricalFollowers
*********************************
99999999999999999999999
upTweet
ID 697874262883856384
In construction account id: 128 ,user id: 61309816
In construction connection id: 184
In updateTweet:
ffffffffffffffffffffff:
UserID: 20860
IN IF updateHistoricalFollowers
*********************************
99999999999999999999999
upTweet
ID 697492745913507840
In construction account id: 128 ,user id: 61309816
In construction connection id: 184
In updateTweet:
ffffffffffffffffffffff:
UserID: 20860
IN IF updateHistoricalFollowers
*********************************
99999999999999999999999
upTweet
ID 696805491251421185
In construction account id: 128 ,user id: 61309816
In construction connection id: 184
In updateTweet:
ffffffffffffffffffffff:
UserID: 20860
IN IF updateHistoricalFollowers
*********************************
99999999999999999999999
upTweet
ID 696754883123347460
In construction account id: 128 ,user id: 61309816
In construction connection id: 184
In updateTweet:
ffffffffffffffffffffff:
UserID: 20860
IN IF updateHistoricalFollowers
*********************************
99999999999999999999999
upTweet
ID 696455670502129666
In construction account id: 128 ,user id: 61309816
In construction connection id: 184
In updateTweet:
ffffffffffffffffffffff:
UserID: 20860
IN IF updateHistoricalFollowers
*********************************
99999999999999999999999
upTweet
ID 696020402741481472
In construction account id: 128 ,user id: 61309816
In construction connection id: 184
In updateTweet:
ffffffffffffffffffffff:
UserID: 20860
IN IF updateHistoricalFollowers
*********************************
99999999999999999999999
upTweet
ID 695404468821569536
In construction account id: 128 ,user id: 61309816
In construction connection id: 184
In updateTweet:
ffffffffffffffffffffff:
UserID: 20860
IN IF updateHistoricalFollowers
*********************************
99999999999999999999999
upTweet
ID 695069917436108800
In construction account id: 128 ,user id: 61309816
In construction connection id: 184
In updateTweet:
ffffffffffffffffffffff:
UserID: 20860
IN IF updateHistoricalFollowers
*********************************
99999999999999999999999
upTweet
ID 695011172135915526
In construction account id: 128 ,user id: 61309816
In construction connection id: 184
In updateTweet:
ffffffffffffffffffffff:
UserID: 20860
IN IF updateHistoricalFollowers
*********************************
99999999999999999999999
upTweet
ID 694938278387171328
In construction account id: 128 ,user id: 61309816
In construction connection id: 184
In updateTweet:
ffffffffffffffffffffff:
UserID: 20860
IN IF updateHistoricalFollowers
*********************************
99999999999999999999999
upTweet
ID 694610622424551424
In construction account id: 128 ,user id: 61309816
In construction connection id: 184
In updateTweet:
ffffffffffffffffffffff:
UserID: 20860
IN IF updateHistoricalFollowers
*********************************
99999999999999999999999
upTweet
ID 693848199694385152
In construction account id: 128 ,user id: 61309816
In construction connection id: 184
In updateTweet:
ffffffffffffffffffffff:
UserID: 20860
IN IF updateHistoricalFollowers
*********************************
99999999999999999999999
upTweet
ID 693611579292528640
In construction account id: 128 ,user id: 61309816
In construction connection id: 184
In updateTweet:
ffffffffffffffffffffff:
UserID: 20860
IN IF updateHistoricalFollowers
*********************************
99999999999999999999999
upTweet
ID 693585460061413376
In construction account id: 128 ,user id: 61309816
In construction connection id: 184
In updateTweet:
ffffffffffffffffffffff:
UserID: 20860
IN IF updateHistoricalFollowers
*********************************
99999999999999999999999
upTweet
ID 693482687445610496
In construction account id: 128 ,user id: 61309816
In construction connection id: 184
In updateTweet:
ffffffffffffffffffffff:
UserID: 20860
IN IF updateHistoricalFollowers
*********************************
99999999999999999999999
upTweet
ID 693200205026430976
In construction account id: 128 ,user id: 61309816
In construction connection id: 184
In updateTweet:
ffffffffffffffffffffff:
UserID: 20860
IN IF updateHistoricalFollowers
*********************************
99999999999999999999999
upTweet
ID 693197492452655104
In construction account id: 128 ,user id: 61309816
In construction connection id: 184
In updateTweet:
ffffffffffffffffffffff:
UserID: 20860
IN IF updateHistoricalFollowers
