99999999999999999999999
upTweet
ID 707994616386039808
In construction account id: 130 ,user id: 369045159
In construction connection id: 179
In updateTweet:
ffffffffffffffffffffff:
UserID: 105331
IN IF updateHistoricalFollowers
*********************************
99999999999999999999999
upTweet
ID 707648411223269377
In construction account id: 130 ,user id: 369045159
In construction connection id: 179
In updateTweet:
ffffffffffffffffffffff:
UserID: 105331
IN IF updateHistoricalFollowers
*********************************
99999999999999999999999
upTweet
ID 707266123469688833
In construction account id: 130 ,user id: 369045159
In construction connection id: 179
In updateTweet:
ffffffffffffffffffffff:
UserID: 105331
IN IF updateHistoricalFollowers
*********************************
99999999999999999999999
upTweet
ID 705814984098328576
In construction account id: 130 ,user id: 369045159
In construction connection id: 179
In updateTweet:
ffffffffffffffffffffff:
UserID: 105331
IN IF updateHistoricalFollowers
*********************************
99999999999999999999999
upTweet
ID 705479582787330049
In construction account id: 130 ,user id: 369045159
In construction connection id: 179
In updateTweet:
ffffffffffffffffffffff:
UserID: 105331
IN IF updateHistoricalFollowers
*********************************
99999999999999999999999
upTweet
ID 705169596316127232
In construction account id: 130 ,user id: 369045159
In construction connection id: 179
In updateTweet:
ffffffffffffffffffffff:
UserID: 105331
IN IF updateHistoricalFollowers
*********************************
99999999999999999999999
upTweet
ID 704751137518260224
In construction account id: 130 ,user id: 369045159
In construction connection id: 179
In updateTweet:
ffffffffffffffffffffff:
UserID: 105331
IN IF updateHistoricalFollowers
*********************************
99999999999999999999999
upTweet
ID 704736344652718080
In construction account id: 130 ,user id: 369045159
In construction connection id: 179
In updateTweet:
ffffffffffffffffffffff:
UserID: 105331
IN IF updateHistoricalFollowers
*********************************
99999999999999999999999
upTweet
ID 704448862044364800
In construction account id: 130 ,user id: 369045159
In construction connection id: 179
In updateTweet:
ffffffffffffffffffffff:
UserID: 105331
IN IF updateHistoricalFollowers
*********************************
99999999999999999999999
upTweet
ID 702940128818270208
In construction account id: 130 ,user id: 369045159
In construction connection id: 179
In updateTweet:
ffffffffffffffffffffff:
UserID: 105331
IN IF updateHistoricalFollowers
*********************************
99999999999999999999999
upTweet
ID 702565201120350209
In construction account id: 130 ,user id: 369045159
In construction connection id: 179
In updateTweet:
ffffffffffffffffffffff:
UserID: 105331
IN IF updateHistoricalFollowers
*********************************
99999999999999999999999
upTweet
ID 702211428279685120
In construction account id: 130 ,user id: 369045159
In construction connection id: 179
In updateTweet:
ffffffffffffffffffffff:
UserID: 105331
IN IF updateHistoricalFollowers
*********************************
99999999999999999999999
upTweet
ID 701835513280344064
In construction account id: 130 ,user id: 369045159
In construction connection id: 179
In updateTweet:
ffffffffffffffffffffff:
UserID: 105331
IN IF updateHistoricalFollowers
*********************************
99999999999999999999999
upTweet
ID 700751160542523392
In construction account id: 130 ,user id: 369045159
In construction connection id: 179
In updateTweet:
ffffffffffffffffffffff:
UserID: 105331
IN IF updateHistoricalFollowers
*********************************
99999999999999999999999
upTweet
ID 700749933536636928
In construction account id: 130 ,user id: 369045159
In construction connection id: 179
In updateTweet:
ffffffffffffffffffffff:
UserID: 105331
IN IF updateHistoricalFollowers
*********************************
99999999999999999999999
upTweet
ID 700526120462974976
In construction account id: 130 ,user id: 369045159
In construction connection id: 179
In updateTweet:
ffffffffffffffffffffff:
UserID: 105331
IN IF updateHistoricalFollowers
*********************************
99999999999999999999999
upTweet
ID 700395339166056448
In construction account id: 130 ,user id: 369045159
In construction connection id: 179
In updateTweet:
ffffffffffffffffffffff:
UserID: 105331
IN IF updateHistoricalFollowers
*********************************
99999999999999999999999
upTweet
ID 700028999263621121
In construction account id: 130 ,user id: 369045159
In construction connection id: 179
In updateTweet:
ffffffffffffffffffffff:
UserID: 105331
IN IF updateHistoricalFollowers
*********************************
99999999999999999999999
upTweet
ID 699617479400632322
In construction account id: 130 ,user id: 369045159
In construction connection id: 179
In updateTweet:
ffffffffffffffffffffff:
UserID: 105331
IN IF updateHistoricalFollowers
*********************************
99999999999999999999999
upTweet
ID 698218566684794880
In construction account id: 130 ,user id: 369045159
In construction connection id: 179
In updateTweet:
ffffffffffffffffffffff:
UserID: 105331
IN IF updateHistoricalFollowers
*********************************
99999999999999999999999
upTweet
ID 697861058380193793
In construction account id: 130 ,user id: 369045159
In construction connection id: 179
In updateTweet:
ffffffffffffffffffffff:
UserID: 105331
IN IF updateHistoricalFollowers
*********************************
99999999999999999999999
upTweet
ID 697828866765664256
In construction account id: 130 ,user id: 369045159
In construction connection id: 179
In updateTweet:
ffffffffffffffffffffff:
UserID: 105331
IN IF updateHistoricalFollowers
*********************************
99999999999999999999999
upTweet
ID 697512079461208064
In construction account id: 130 ,user id: 369045159
In construction connection id: 179
In updateTweet:
ffffffffffffffffffffff:
UserID: 105331
IN IF updateHistoricalFollowers
*********************************
99999999999999999999999
upTweet
ID 697189949653651456
In construction account id: 130 ,user id: 369045159
In construction connection id: 179
In updateTweet:
ffffffffffffffffffffff:
UserID: 105331
IN IF updateHistoricalFollowers
*********************************
99999999999999999999999
upTweet
ID 696819464080240640
In construction account id: 130 ,user id: 369045159
In construction connection id: 179
In updateTweet:
ffffffffffffffffffffff:
UserID: 105331
IN IF updateHistoricalFollowers
*********************************
99999999999999999999999
upTweet
ID 696169966668615680
In construction account id: 130 ,user id: 369045159
In construction connection id: 179
In updateTweet:
ffffffffffffffffffffff:
UserID: 105331
IN IF updateHistoricalFollowers
*********************************
99999999999999999999999
upTweet
ID 696169152852025346
In construction account id: 130 ,user id: 369045159
In construction connection id: 179
In updateTweet:
ffffffffffffffffffffff:
UserID: 105331
IN IF updateHistoricalFollowers
*********************************
99999999999999999999999
upTweet
ID 695746455986790400
In construction account id: 130 ,user id: 369045159
In construction connection id: 179
In updateTweet:
ffffffffffffffffffffff:
UserID: 105331
IN IF updateHistoricalFollowers
*********************************
99999999999999999999999
upTweet
ID 695314558139797506
In construction account id: 130 ,user id: 369045159
In construction connection id: 179
In updateTweet:
ffffffffffffffffffffff:
UserID: 105331
IN IF updateHistoricalFollowers
*********************************
99999999999999999999999
upTweet
ID 694949846801739776
In construction account id: 130 ,user id: 369045159
In construction connection id: 179
In updateTweet:
ffffffffffffffffffffff:
UserID: 105331
IN IF updateHistoricalFollowers
*********************************
99999999999999999999999
upTweet
ID 694578321699409920
In construction account id: 130 ,user id: 369045159
In construction connection id: 179
In updateTweet:
ffffffffffffffffffffff:
UserID: 105331
IN IF updateHistoricalFollowers
*********************************
99999999999999999999999
upTweet
ID 694274305090154496
In construction account id: 130 ,user id: 369045159
In construction connection id: 179
In updateTweet:
ffffffffffffffffffffff:
UserID: 105331
IN IF updateHistoricalFollowers
*********************************
99999999999999999999999
upTweet
ID 692793781091827712
In construction account id: 130 ,user id: 369045159
In construction connection id: 179
In updateTweet:
ffffffffffffffffffffff:
UserID: 105331
IN IF updateHistoricalFollowers
*********************************
99999999999999999999999
upTweet
ID 692455424176603136
In construction account id: 130 ,user id: 369045159
In construction connection id: 179
In updateTweet:
ffffffffffffffffffffff:
UserID: 105331
IN IF updateHistoricalFollowers
*********************************
99999999999999999999999
upTweet
ID 692055069311705088
In construction account id: 130 ,user id: 369045159
In construction connection id: 179
In updateTweet:
ffffffffffffffffffffff:
UserID: 105331
IN IF updateHistoricalFollowers
*********************************
99999999999999999999999
upTweet
ID 691721400252403713
In construction account id: 130 ,user id: 369045159
In construction connection id: 179
In updateTweet:
ffffffffffffffffffffff:
UserID: 105331
IN IF updateHistoricalFollowers
*********************************
99999999999999999999999
upTweet
ID 690574877573550081
In construction account id: 130 ,user id: 369045159
In construction connection id: 179
In updateTweet:
ffffffffffffffffffffff:
UserID: 105331
IN IF updateHistoricalFollowers
*********************************
99999999999999999999999
upTweet
ID 690237770514636800
In construction account id: 130 ,user id: 369045159
In construction connection id: 179
In updateTweet:
ffffffffffffffffffffff:
UserID: 105331
IN IF updateHistoricalFollowers
*********************************
99999999999999999999999
upTweet
ID 689893933095096320
In construction account id: 130 ,user id: 369045159
In construction connection id: 179
In updateTweet:
ffffffffffffffffffffff:
UserID: 105331
IN IF updateHistoricalFollowers
*********************************
99999999999999999999999
upTweet
ID 689866875019272192
In construction account id: 130 ,user id: 369045159
In construction connection id: 179
In updateTweet:
ffffffffffffffffffffff:
UserID: 105331
IN IF updateHistoricalFollowers
*********************************
99999999999999999999999
upTweet
ID 689535574621876224
In construction account id: 130 ,user id: 369045159
In construction connection id: 179
In updateTweet:
ffffffffffffffffffffff:
UserID: 105331
IN IF updateHistoricalFollowers
*********************************
99999999999999999999999
upTweet
ID 689137699874209792
In construction account id: 130 ,user id: 369045159
In construction connection id: 179
In updateTweet:
ffffffffffffffffffffff:
UserID: 105331
IN IF updateHistoricalFollowers
*********************************
99999999999999999999999
upTweet
ID 688085920306728960
In construction account id: 130 ,user id: 369045159
In construction connection id: 179
In updateTweet:
ffffffffffffffffffffff:
UserID: 105331
IN IF updateHistoricalFollowers
*********************************
99999999999999999999999
upTweet
ID 687732346481541120
In construction account id: 130 ,user id: 369045159
In construction connection id: 179
In updateTweet:
ffffffffffffffffffffff:
UserID: 105331
IN IF updateHistoricalFollowers
*********************************
99999999999999999999999
upTweet
ID 687356815273623552
In construction account id: 130 ,user id: 369045159
In construction connection id: 179
In updateTweet:
ffffffffffffffffffffff:
UserID: 105331
IN IF updateHistoricalFollowers
*********************************
99999999999999999999999
upTweet
ID 687355726700793856
In construction account id: 130 ,user id: 369045159
In construction connection id: 179
In updateTweet:
ffffffffffffffffffffff:
UserID: 105331
IN IF updateHistoricalFollowers
*********************************
99999999999999999999999
upTweet
ID 686986637922848769
In construction account id: 130 ,user id: 369045159
In construction connection id: 179
In updateTweet:
ffffffffffffffffffffff:
UserID: 105331
IN IF updateHistoricalFollowers
*********************************
99999999999999999999999
upTweet
ID 686617340784414721
In construction account id: 130 ,user id: 369045159
In construction connection id: 179
In updateTweet:
ffffffffffffffffffffff:
UserID: 105331
IN IF updateHistoricalFollowers
*********************************
99999999999999999999999
upTweet
ID 685540762436517888
In construction account id: 130 ,user id: 369045159
In construction connection id: 179
In updateTweet:
ffffffffffffffffffffff:
UserID: 105331
IN IF updateHistoricalFollowers
*********************************
99999999999999999999999
upTweet
ID 685538923154505728
In construction account id: 130 ,user id: 369045159
In construction connection id: 179
In updateTweet:
ffffffffffffffffffffff:
UserID: 105331
IN IF updateHistoricalFollowers
*********************************
99999999999999999999999
upTweet
ID 685152920812191744
In construction account id: 130 ,user id: 369045159
In construction connection id: 179
In updateTweet:
ffffffffffffffffffffff:
UserID: 105331
IN IF updateHistoricalFollowers
*********************************
99999999999999999999999
upTweet
ID 684966497802797056
In construction account id: 130 ,user id: 369045159
In construction connection id: 179
In updateTweet:
ffffffffffffffffffffff:
UserID: 105331
IN IF updateHistoricalFollowers
*********************************
99999999999999999999999
upTweet
ID 684797337449828352
In construction account id: 130 ,user id: 369045159
In construction connection id: 179
In updateTweet:
ffffffffffffffffffffff:
UserID: 105331
IN IF updateHistoricalFollowers
*********************************
99999999999999999999999
upTweet
ID 684467441234128896
In construction account id: 130 ,user id: 369045159
In construction connection id: 179
In updateTweet:
ffffffffffffffffffffff:
UserID: 105331
IN IF updateHistoricalFollowers
*********************************
99999999999999999999999
upTweet
ID 684467151353151488
In construction account id: 130 ,user id: 369045159
In construction connection id: 179
In updateTweet:
ffffffffffffffffffffff:
UserID: 105331
IN IF updateHistoricalFollowers
*********************************
99999999999999999999999
upTweet
ID 684104237094060032
In construction account id: 130 ,user id: 369045159
In construction connection id: 179
In updateTweet:
ffffffffffffffffffffff:
UserID: 105331
IN IF updateHistoricalFollowers
*********************************
99999999999999999999999
upTweet
ID 683011356346322944
In construction account id: 130 ,user id: 369045159
In construction connection id: 179
In updateTweet:
ffffffffffffffffffffff:
UserID: 105331
IN IF updateHistoricalFollowers
*********************************
99999999999999999999999
upTweet
ID 682631468598865920
In construction account id: 130 ,user id: 369045159
In construction connection id: 179
In updateTweet:
ffffffffffffffffffffff:
UserID: 105331
IN IF updateHistoricalFollowers
*********************************
99999999999999999999999
upTweet
ID 682630160160583682
In construction account id: 130 ,user id: 369045159
In construction connection id: 179
In updateTweet:
ffffffffffffffffffffff:
UserID: 105331
IN IF updateHistoricalFollowers
*********************************
99999999999999999999999
upTweet
ID 682626850884055040
In construction account id: 130 ,user id: 369045159
In construction connection id: 179
In updateTweet:
ffffffffffffffffffffff:
UserID: 105331
IN IF updateHistoricalFollowers
*********************************
99999999999999999999999
upTweet
ID 682626302147477504
In construction account id: 130 ,user id: 369045159
In construction connection id: 179
In updateTweet:
ffffffffffffffffffffff:
UserID: 105331
IN IF updateHistoricalFollowers
*********************************
99999999999999999999999
upTweet
ID 682626027013713921
In construction account id: 130 ,user id: 369045159
In construction connection id: 179
In updateTweet:
ffffffffffffffffffffff:
UserID: 105331
IN IF updateHistoricalFollowers
*********************************
99999999999999999999999
upTweet
ID 682337905558212608
In construction account id: 130 ,user id: 369045159
In construction connection id: 179
In updateTweet:
ffffffffffffffffffffff:
UserID: 105331
IN IF updateHistoricalFollowers
*********************************
99999999999999999999999
upTweet
ID 682325630973771777
In construction account id: 130 ,user id: 369045159
In construction connection id: 179
In updateTweet:
ffffffffffffffffffffff:
UserID: 105331
IN IF updateHistoricalFollowers
*********************************
99999999999999999999999
upTweet
ID 681913643923996672
In construction account id: 130 ,user id: 369045159
In construction connection id: 179
In updateTweet:
ffffffffffffffffffffff:
UserID: 105331
IN IF updateHistoricalFollowers
*********************************
99999999999999999999999
upTweet
ID 681538288591622145
In construction account id: 130 ,user id: 369045159
In construction connection id: 179
In updateTweet:
ffffffffffffffffffffff:
UserID: 105331
IN IF updateHistoricalFollowers
*********************************
99999999999999999999999
upTweet
ID 680426924674424832
In construction account id: 130 ,user id: 369045159
In construction connection id: 179
In updateTweet:
ffffffffffffffffffffff:
UserID: 105331
IN IF updateHistoricalFollowers
*********************************
99999999999999999999999
upTweet
ID 680133491967692800
In construction account id: 130 ,user id: 369045159
In construction connection id: 179
In updateTweet:
ffffffffffffffffffffff:
UserID: 105331
IN IF updateHistoricalFollowers
*********************************
99999999999999999999999
upTweet
ID 679735482847113216
In construction account id: 130 ,user id: 369045159
In construction connection id: 179
In updateTweet:
ffffffffffffffffffffff:
UserID: 105331
IN IF updateHistoricalFollowers
*********************************
99999999999999999999999
upTweet
ID 679365952069210114
In construction account id: 130 ,user id: 369045159
In construction connection id: 179
In updateTweet:
ffffffffffffffffffffff:
UserID: 105331
IN IF updateHistoricalFollowers
*********************************
99999999999999999999999
upTweet
ID 679360705212973056
In construction account id: 130 ,user id: 369045159
In construction connection id: 179
In updateTweet:
ffffffffffffffffffffff:
UserID: 105331
IN IF updateHistoricalFollowers
*********************************
99999999999999999999999
upTweet
ID 679007129244598273
In construction account id: 130 ,user id: 369045159
In construction connection id: 179
In updateTweet:
ffffffffffffffffffffff:
UserID: 105331
IN IF updateHistoricalFollowers
*********************************
99999999999999999999999
upTweet
ID 677957102720028672
In construction account id: 130 ,user id: 369045159
In construction connection id: 179
In updateTweet:
ffffffffffffffffffffff:
UserID: 105331
IN IF updateHistoricalFollowers
*********************************
99999999999999999999999
upTweet
ID 677567630924902400
In construction account id: 130 ,user id: 369045159
In construction connection id: 179
In updateTweet:
ffffffffffffffffffffff:
UserID: 105331
IN IF updateHistoricalFollowers
*********************************
99999999999999999999999
upTweet
ID 677180606233493504
In construction account id: 130 ,user id: 369045159
In construction connection id: 179
In updateTweet:
ffffffffffffffffffffff:
UserID: 105331
IN IF updateHistoricalFollowers
*********************************
99999999999999999999999
upTweet
ID 676818334340374528
In construction account id: 130 ,user id: 369045159
In construction connection id: 179
In updateTweet:
ffffffffffffffffffffff:
UserID: 105331
IN IF updateHistoricalFollowers
*********************************
99999999999999999999999
upTweet
ID 676467023065387008
In construction account id: 130 ,user id: 369045159
In construction connection id: 179
In updateTweet:
ffffffffffffffffffffff:
UserID: 105331
IN IF updateHistoricalFollowers
*********************************
99999999999999999999999
upTweet
ID 675720323040317440
In construction account id: 130 ,user id: 369045159
In construction connection id: 179
In updateTweet:
ffffffffffffffffffffff:
UserID: 105331
IN IF updateHistoricalFollowers
*********************************
99999999999999999999999
upTweet
ID 675400129042448385
In construction account id: 130 ,user id: 369045159
In construction connection id: 179
In updateTweet:
ffffffffffffffffffffff:
UserID: 105331
IN IF updateHistoricalFollowers
*********************************
99999999999999999999999
upTweet
ID 675013907493208065
In construction account id: 130 ,user id: 369045159
In construction connection id: 179
In updateTweet:
ffffffffffffffffffffff:
UserID: 105331
IN IF updateHistoricalFollowers
*********************************
99999999999999999999999
upTweet
ID 675013840061403136
In construction account id: 130 ,user id: 369045159
In construction connection id: 179
In updateTweet:
ffffffffffffffffffffff:
UserID: 105331
IN IF updateHistoricalFollowers
*********************************
99999999999999999999999
upTweet
ID 675012723931922434
In construction account id: 130 ,user id: 369045159
In construction connection id: 179
In updateTweet:
ffffffffffffffffffffff:
UserID: 105331
IN IF updateHistoricalFollowers
*********************************
99999999999999999999999
upTweet
ID 674644050431991809
In construction account id: 130 ,user id: 369045159
In construction connection id: 179
In updateTweet:
ffffffffffffffffffffff:
UserID: 105331
IN IF updateHistoricalFollowers
*********************************
99999999999999999999999
upTweet
ID 674278312550666240
In construction account id: 130 ,user id: 369045159
In construction connection id: 179
In updateTweet:
ffffffffffffffffffffff:
UserID: 105331
IN IF updateHistoricalFollowers
*********************************
99999999999999999999999
upTweet
ID 673980234975219712
In construction account id: 130 ,user id: 369045159
In construction connection id: 179
In updateTweet:
ffffffffffffffffffffff:
UserID: 105331
IN IF updateHistoricalFollowers
*********************************
99999999999999999999999
upTweet
ID 672835755874500608
In construction account id: 130 ,user id: 369045159
In construction connection id: 179
In updateTweet:
ffffffffffffffffffffff:
UserID: 105331
IN IF updateHistoricalFollowers
*********************************
99999999999999999999999
upTweet
ID 671509686013693952
In construction account id: 130 ,user id: 369045159
In construction connection id: 179
In updateTweet:
ffffffffffffffffffffff:
UserID: 105331
IN IF updateHistoricalFollowers
*********************************
99999999999999999999999
upTweet
ID 671383764702904320
In construction account id: 130 ,user id: 369045159
In construction connection id: 179
In updateTweet:
ffffffffffffffffffffff:
UserID: 105331
IN IF updateHistoricalFollowers
*********************************
99999999999999999999999
upTweet
ID 666315164451545089
In construction account id: 130 ,user id: 369045159
In construction connection id: 179
In updateTweet:
ffffffffffffffffffffff:
UserID: 105331
IN IF updateHistoricalFollowers
*********************************
99999999999999999999999
upTweet
ID 665657947997913088
In construction account id: 130 ,user id: 369045159
In construction connection id: 179
In updateTweet:
ffffffffffffffffffffff:
UserID: 105331
IN IF updateHistoricalFollowers
*********************************
99999999999999999999999
upTweet
ID 664875569297797120
In construction account id: 130 ,user id: 369045159
In construction connection id: 179
In updateTweet:
ffffffffffffffffffffff:
UserID: 105331
IN IF updateHistoricalFollowers
*********************************
99999999999999999999999
upTweet
ID 663882656128462848
In construction account id: 130 ,user id: 369045159
In construction connection id: 179
In updateTweet:
ffffffffffffffffffffff:
UserID: 105331
IN IF updateHistoricalFollowers
*********************************
99999999999999999999999
upTweet
ID 662342190027288581
In construction account id: 130 ,user id: 369045159
In construction connection id: 179
In updateTweet:
ffffffffffffffffffffff:
UserID: 105331
IN IF updateHistoricalFollowers
*********************************
99999999999999999999999
upTweet
ID 662342153272619008
In construction account id: 130 ,user id: 369045159
In construction connection id: 179
In updateTweet:
ffffffffffffffffffffff:
UserID: 105331
IN IF updateHistoricalFollowers
*********************************
99999999999999999999999
upTweet
ID 661605427986042880
In construction account id: 130 ,user id: 369045159
In construction connection id: 179
In updateTweet:
ffffffffffffffffffffff:
UserID: 105331
IN IF updateHistoricalFollowers
*********************************
99999999999999999999999
upTweet
ID 657709130107322368
In construction account id: 130 ,user id: 369045159
In construction connection id: 179
In updateTweet:
ffffffffffffffffffffff:
