99999999999999999999999
upTweet
ID 632334438089682945
In construction account id: 124 ,user id: 32778917
In construction connection id: 193
In updateTweet:
ffffffffffffffffffffff:
UserID: 105170
IN IF updateHistoricalFollowers
*********************************
99999999999999999999999
upTweet
ID 328755278382260225
In construction account id: 124 ,user id: 32778917
In construction connection id: 193
In updateTweet:
ffffffffffffffffffffff:
UserID: 105170
IN IF updateHistoricalFollowers
*********************************
99999999999999999999999
upTweet
ID 312850932683649024
In construction account id: 124 ,user id: 32778917
In construction connection id: 193
In updateTweet:
ffffffffffffffffffffff:
UserID: 105170
IN IF updateHistoricalFollowers
*********************************
99999999999999999999999
upTweet
ID 308369353995341825
In construction account id: 124 ,user id: 32778917
In construction connection id: 193
In updateTweet:
ffffffffffffffffffffff:
UserID: 105170
IN IF updateHistoricalFollowers
*********************************
99999999999999999999999
upTweet
ID 308132779252662272
In construction account id: 124 ,user id: 32778917
In construction connection id: 193
In updateTweet:
ffffffffffffffffffffff:
UserID: 105170
IN IF updateHistoricalFollowers
*********************************
99999999999999999999999
upTweet
ID 306970664361922560
In construction account id: 124 ,user id: 32778917
In construction connection id: 193
In updateTweet:
ffffffffffffffffffffff:
UserID: 105170
IN IF updateHistoricalFollowers
*********************************
99999999999999999999999
upTweet
ID 272203207890067456
In construction account id: 124 ,user id: 32778917
In construction connection id: 193
In updateTweet:
ffffffffffffffffffffff:
UserID: 105170
IN IF updateHistoricalFollowers
*********************************
